/local_datasets/hi-vae
/data/kayoung/anaconda3/envs/hi-vae/bin/python
augi2
Using device:  cuda
-----------------SETTINGS-------------------
f : None
max_remove_count : 5
new_num_per_origin : 100
epochs : 100000
val_size : 0.2
test_size : 0.1
random_state : 328
H : 512
H2 : 256
latent_dim : 3
batch_size : 1024
device : cuda
--------------------------------------------
the number of parameters: 414298
----------------------------------------------------
step_size: 5000
gamma: 0.8
----------------------------------------------------
====> Epoch: 100 Average loss: 1.6537
====> Epoch: 200 Average loss: 1.1646
====> Epoch: 300 Average loss: 0.8983
====> Epoch: 400 Average loss: 0.7289
====> Epoch: 500 Average loss: 0.5057
====> Epoch: 600 Average loss: 0.4687
====> Epoch: 700 Average loss: 0.4084
====> Epoch: 800 Average loss: 0.3919
====> Epoch: 900 Average loss: 0.4450
====> Epoch: 1000 Average loss: 0.4546
====> Epoch: 1100 Average loss: 0.3625
====> Epoch: 1200 Average loss: 0.3072
====> Epoch: 1300 Average loss: 0.2560
====> Epoch: 1400 Average loss: 0.3059
====> Epoch: 1500 Average loss: 0.2269
====> Epoch: 1600 Average loss: 0.2439
====> Epoch: 1700 Average loss: 0.1923
====> Epoch: 1800 Average loss: 0.2102
====> Epoch: 1900 Average loss: 0.1984
====> Epoch: 2000 Average loss: 0.1717
====> Epoch: 2100 Average loss: 0.2072
====> Epoch: 2200 Average loss: 0.1812
====> Epoch: 2300 Average loss: 0.1733
====> Epoch: 2400 Average loss: 0.1874
====> Epoch: 2500 Average loss: 0.1512
====> Epoch: 2600 Average loss: 0.1594
====> Epoch: 2700 Average loss: 0.1623
====> Epoch: 2800 Average loss: 0.1560
====> Epoch: 2900 Average loss: 0.2179
====> Epoch: 3000 Average loss: 0.1795
====> Epoch: 3100 Average loss: 0.1430
====> Epoch: 3200 Average loss: 0.1634
====> Epoch: 3300 Average loss: 0.1666
====> Epoch: 3400 Average loss: 0.1613
====> Epoch: 3500 Average loss: 0.1571
====> Epoch: 3600 Average loss: 0.1506
====> Epoch: 3700 Average loss: 0.2053
====> Epoch: 3800 Average loss: 0.1409
====> Epoch: 3900 Average loss: 0.1548
====> Epoch: 4000 Average loss: 0.1227
====> Epoch: 4100 Average loss: 0.2347
====> Epoch: 4200 Average loss: 0.1313
====> Epoch: 4300 Average loss: 0.1424
====> Epoch: 4400 Average loss: 0.1232
====> Epoch: 4500 Average loss: 0.1398
====> Epoch: 4600 Average loss: 0.1361
====> Epoch: 4700 Average loss: 0.1417
====> Epoch: 4800 Average loss: 0.1394
====> Epoch: 4900 Average loss: 0.1032
====> Epoch: 5000 Average loss: 0.1532
====> Epoch: 5100 Average loss: 0.1261
====> Epoch: 5200 Average loss: 0.1060
====> Epoch: 5300 Average loss: 0.0937
====> Epoch: 5400 Average loss: 0.0871
====> Epoch: 5500 Average loss: 0.0989
====> Epoch: 5600 Average loss: 0.0823
====> Epoch: 5700 Average loss: 0.1083
====> Epoch: 5800 Average loss: 0.0968
====> Epoch: 5900 Average loss: 0.0994
====> Epoch: 6000 Average loss: 0.1163
====> Epoch: 6100 Average loss: 0.0837
====> Epoch: 6200 Average loss: 0.0879
====> Epoch: 6300 Average loss: 0.1291
====> Epoch: 6400 Average loss: 0.0933
====> Epoch: 6500 Average loss: 0.0926
====> Epoch: 6600 Average loss: 0.0896
====> Epoch: 6700 Average loss: 0.0631
====> Epoch: 6800 Average loss: 0.0842
====> Epoch: 6900 Average loss: 0.0948
====> Epoch: 7000 Average loss: 0.0813
====> Epoch: 7100 Average loss: 0.0985
====> Epoch: 7200 Average loss: 0.0689
====> Epoch: 7300 Average loss: 0.0873
====> Epoch: 7400 Average loss: 0.0971
====> Epoch: 7500 Average loss: 0.0973
====> Epoch: 7600 Average loss: 0.0861
====> Epoch: 7700 Average loss: 0.0882
====> Epoch: 7800 Average loss: 0.1085
====> Epoch: 7900 Average loss: 0.0847
====> Epoch: 8000 Average loss: 0.0645
====> Epoch: 8100 Average loss: 0.0848
====> Epoch: 8200 Average loss: 0.1151
====> Epoch: 8300 Average loss: 0.0848
====> Epoch: 8400 Average loss: 0.0927
====> Epoch: 8500 Average loss: 0.0752
====> Epoch: 8600 Average loss: 0.0836
====> Epoch: 8700 Average loss: 0.0812
====> Epoch: 8800 Average loss: 0.0943
====> Epoch: 8900 Average loss: 0.0841
====> Epoch: 9000 Average loss: 0.0753
====> Epoch: 9100 Average loss: 0.1096
====> Epoch: 9200 Average loss: 0.0951
====> Epoch: 9300 Average loss: 0.0844
====> Epoch: 9400 Average loss: 0.0753
====> Epoch: 9500 Average loss: 0.0913
====> Epoch: 9600 Average loss: 0.0850
====> Epoch: 9700 Average loss: 0.0709
====> Epoch: 9800 Average loss: 0.0775
====> Epoch: 9900 Average loss: 0.0772
====> Epoch: 10000 Average loss: 0.0743
----------------------------------------------------
I:  tensor([-1.4584, -0.5533,  0.0000,  0.0000, -0.9648,  0.3283, -0.3908,  0.0656, 0.0000,  0.0000, -0.0766, -0.2425, -1.0569], device='cuda:0')
R:  tensor([-1.2030, -0.6905, -1.8498, -0.0412, -0.8508,  0.3643, -0.3015,  0.0757,-0.2965, -1.1759, -0.2103, -0.2306, -0.9470], device='cuda:0', grad_fn=<UnbindBackward0>)
G:  tensor([-1.4584e+00, -5.5327e-01, -1.7784e+00,  1.5183e-03, -9.6484e-01, 3.2830e-01, -3.9081e-01,  6.5639e-02, -2.9943e-01, -1.2969e+00,
        -7.6557e-02, -2.4250e-01, -1.0569e+00], device='cuda:0')
----------------------------------------------------
I:  tensor([-0.3466,  0.0000,  0.0000,  0.0000, -1.1053, -1.4663, -0.2703,  0.9520, 0.0685, -0.7605, -0.3398,  0.0000,  0.0000], device='cuda:0')
R:  tensor([-0.1857, -0.0671, -0.7213,  0.3375, -1.1026, -1.3377, -0.3810,  1.0098,-0.4317, -0.7718, -0.5012, -0.2966, -0.8977], device='cuda:0', grad_fn=<UnbindBackward0>)
G:  tensor([-0.3466, -0.5263, -0.3162,  0.9024, -1.1053, -1.4663, -0.2703,  0.9520, 0.0685, -0.7605, -0.3398, -0.2707, -0.8244], device='cuda:0')
----------------------------------------------------
I:  tensor([-0.8778,  0.4431,  0.0000, -0.4489,  0.0000,  0.2482,  0.2216, -0.9013, 0.0000, -1.2580,  0.0000,  0.9722,  0.0000], device='cuda:0')
R:  tensor([-0.7458,  0.2637, -0.5581, -0.4419, -0.6994,  0.2874,  0.2440, -0.7489, 0.8347, -1.1361,  0.8007,  0.8307, -1.3159], device='cuda:0', grad_fn=<UnbindBackward0>)
G:  tensor([-0.8778,  0.4431, -0.5356, -0.4489, -0.8244,  0.2482,  0.2216, -0.9013, 0.6993, -1.2580,  0.8448,  0.9722, -1.4550], device='cuda:0')
----------------------------------------------------
I:  tensor([ 1.5063,  0.0000,  0.5245,  0.0000,  1.9841,  1.1295,  1.0147, -1.3042, 0.8569,  0.0181, -0.2959,  0.0000,  0.0000], device='cuda:0')
R:  tensor([ 1.4346,  1.2785,  0.5484, -1.9324,  2.0265,  1.2711,  1.0288, -1.2590, 0.8936,  0.1059, -0.2355,  1.2511,  0.1986], device='cuda:0', grad_fn=<UnbindBackward0>)
G:  tensor([ 1.5063,  1.4844,  0.5245, -1.8903,  1.9841,  1.1295,  1.0147, -1.3042, 0.8569,  0.0181, -0.2959,  1.2971,  0.0417], device='cuda:0')
----------------------------------------------------
I:  tensor([ 0.0000,  1.4844,  0.0000, -1.8903,  1.9841,  1.1295,  1.0147,  0.0000, 0.8569,  0.0181, -0.2959,  1.2971,  0.0000], device='cuda:0')
R:  tensor([ 1.4494,  1.3083,  0.5262, -1.9619,  2.0322,  1.2541,  1.0297, -1.2666, 0.8730,  0.1163, -0.2482,  1.2320,  0.1753], device='cuda:0', grad_fn=<UnbindBackward0>)
G:  tensor([ 1.5063,  1.4844,  0.5245, -1.8903,  1.9841,  1.1295,  1.0147, -1.3042, 0.8569,  0.0181, -0.2959,  1.2971,  0.0417], device='cuda:0')
----------------------------------------------------
I:  tensor([ 1.3580, -0.2840,  0.1224, -0.2087,  0.0000,  0.7289,  0.0000, -0.3373, 1.3826,  0.0000,  0.4938,  0.1954,  0.9971], device='cuda:0')
R:  tensor([ 1.3382, -0.3411,  0.1174, -0.2135,  0.3146,  0.7646,  0.9364, -0.3574, 1.4578,  0.5940,  0.4648,  0.1844,  1.1072], device='cuda:0', grad_fn=<UnbindBackward0>)
G:  tensor([ 1.3580, -0.2840,  0.1224, -0.2087,  0.2288,  0.7289,  0.8943, -0.3373, 1.3826,  0.4940,  0.4938,  0.1954,  0.9971], device='cuda:0')
----------------------------------------------------
I:  tensor([ 0.0610, -0.5443,  0.0000,  0.0000, -0.5436,  0.6808,  1.2457,  0.0000, 0.0000,  0.0000,  0.7132,  0.4214,  1.2837], device='cuda:0')
R:  tensor([ 1.0993, -0.6848,  0.2028, -1.2507,  0.0754,  1.2302,  1.3041, -1.4546, 0.5235,  0.6486, -0.1657,  1.1331,  1.1172], device='cuda:0', grad_fn=<UnbindBackward0>)
G:  tensor([ 0.0610, -0.5443, -1.1935, -2.1305, -0.5436,  0.6808,  1.2457, -1.5459, 2.3112,  0.9265,  0.7132,  0.4214,  1.2837], device='cuda:0')
----------------------------------------------------
I:  tensor([ 0.0000, -0.6071, -0.0238, -0.1186,  0.4394,  0.9051,  0.0000,  0.0000, 0.6292,  0.0000,  0.5815,  0.3790,  2.4460], device='cuda:0')
R:  tensor([ 0.7515, -0.6997, -0.0202, -0.0556,  0.5830,  0.9254,  1.1645, -1.1023, 0.7673,  0.8177,  0.5478,  0.3006,  2.5376], device='cuda:0', grad_fn=<UnbindBackward0>)
G:  tensor([ 0.7157, -0.6071, -0.0238, -0.1186,  0.4394,  0.9051,  1.1653, -1.1430, 0.6292,  0.7968,  0.5815,  0.3790,  2.4460], device='cuda:0')
----------------------------------------------------
I:  tensor([-2.4342,  0.0000, -0.6087,  0.6021, -1.0351,  0.2642,  0.1413,  1.2743, 0.7343,  0.0000,  0.0000,  0.3649, -1.0824], device='cuda:0')
R:  tensor([-2.2298, -0.7824, -0.5496,  0.5441, -0.9066,  0.2118,  0.2009,  1.2877, 0.8142, -1.2007,  3.1541,  0.2390, -0.9552], device='cuda:0', grad_fn=<UnbindBackward0>)
G:  tensor([-2.4342, -0.7418, -0.6087,  0.6021, -1.0351,  0.2642,  0.1413,  1.2743, 0.7343, -1.3661,  3.3017,  0.3649, -1.0824], device='cuda:0')
----------------------------------------------------
I:  tensor([ 0.0000,  0.0000, -0.3162, -1.0495,  0.0000,  1.1295,  0.0000, -0.9819, 0.8920,  0.2560,  0.5815,  0.0000,  0.1054], device='cuda:0')
R:  tensor([ 0.9812, -0.7212, -0.3619, -1.0903,  1.4509,  1.2872,  1.2055, -0.5394, 1.2142,  0.4016,  0.1921,  1.1403,  0.3446], device='cuda:0', grad_fn=<UnbindBackward0>)
G:  tensor([ 1.3086, -0.6341, -0.3162, -1.0495,  1.8437,  1.1295,  1.1453, -0.9819, 0.8920,  0.2560,  0.5815,  1.5513,  0.1054], device='cuda:0')
====> Epoch: 10100 Average loss: 0.0736
====> Epoch: 10200 Average loss: 0.0925
====> Epoch: 10300 Average loss: 0.0638
====> Epoch: 10400 Average loss: 0.0660
====> Epoch: 10500 Average loss: 0.0669
====> Epoch: 10600 Average loss: 0.0961
====> Epoch: 10700 Average loss: 0.0650
====> Epoch: 10800 Average loss: 0.0863
====> Epoch: 10900 Average loss: 0.0579
====> Epoch: 11000 Average loss: 0.0548
====> Epoch: 11100 Average loss: 0.0633
====> Epoch: 11200 Average loss: 0.0746
====> Epoch: 11300 Average loss: 0.0634
====> Epoch: 11400 Average loss: 0.0705
====> Epoch: 11500 Average loss: 0.0563
====> Epoch: 11600 Average loss: 0.0705
====> Epoch: 11700 Average loss: 0.0671
====> Epoch: 11800 Average loss: 0.0687
====> Epoch: 11900 Average loss: 0.0613
====> Epoch: 12000 Average loss: 0.0722
====> Epoch: 12100 Average loss: 0.0617
====> Epoch: 12200 Average loss: 0.0686
====> Epoch: 12300 Average loss: 0.0695
====> Epoch: 12400 Average loss: 0.0580
====> Epoch: 12500 Average loss: 0.0694
====> Epoch: 12600 Average loss: 0.0654
====> Epoch: 12700 Average loss: 0.0774
====> Epoch: 12800 Average loss: 0.0763
====> Epoch: 12900 Average loss: 0.0693
====> Epoch: 13000 Average loss: 0.0593
====> Epoch: 13100 Average loss: 0.0692
====> Epoch: 13200 Average loss: 0.0664
====> Epoch: 13300 Average loss: 0.0743
====> Epoch: 13400 Average loss: 0.0565
====> Epoch: 13500 Average loss: 0.0701
====> Epoch: 13600 Average loss: 0.0649
====> Epoch: 13700 Average loss: 0.0589
====> Epoch: 13800 Average loss: 0.0770
====> Epoch: 13900 Average loss: 0.0667
====> Epoch: 14000 Average loss: 0.0835
====> Epoch: 14100 Average loss: 0.0833
====> Epoch: 14200 Average loss: 0.0749
====> Epoch: 14300 Average loss: 0.0524
====> Epoch: 14400 Average loss: 0.0581
====> Epoch: 14500 Average loss: 0.0771
====> Epoch: 14600 Average loss: 0.0589
====> Epoch: 14700 Average loss: 0.0785
====> Epoch: 14800 Average loss: 0.0568
====> Epoch: 14900 Average loss: 0.0730
====> Epoch: 15000 Average loss: 0.0821
====> Epoch: 15100 Average loss: 0.0923
====> Epoch: 15200 Average loss: 0.0564
====> Epoch: 15300 Average loss: 0.0656
====> Epoch: 15400 Average loss: 0.0559
====> Epoch: 15500 Average loss: 0.0775
====> Epoch: 15600 Average loss: 0.0547
====> Epoch: 15700 Average loss: 0.0577
====> Epoch: 15800 Average loss: 0.0508
====> Epoch: 15900 Average loss: 0.0608
====> Epoch: 16000 Average loss: 0.0553
====> Epoch: 16100 Average loss: 0.0514
====> Epoch: 16200 Average loss: 0.0536
====> Epoch: 16300 Average loss: 0.0564
====> Epoch: 16400 Average loss: 0.0459
====> Epoch: 16500 Average loss: 0.0607
====> Epoch: 16600 Average loss: 0.0556
====> Epoch: 16700 Average loss: 0.0523
====> Epoch: 16800 Average loss: 0.0586
====> Epoch: 16900 Average loss: 0.0639
====> Epoch: 17000 Average loss: 0.0570
====> Epoch: 17100 Average loss: 0.0533
====> Epoch: 17200 Average loss: 0.0807
====> Epoch: 17300 Average loss: 0.0493
====> Epoch: 17400 Average loss: 0.0573
====> Epoch: 17500 Average loss: 0.0630
====> Epoch: 17600 Average loss: 0.0533
====> Epoch: 17700 Average loss: 0.0597
====> Epoch: 17800 Average loss: 0.0483
====> Epoch: 17900 Average loss: 0.0433
====> Epoch: 18000 Average loss: 0.0779
====> Epoch: 18100 Average loss: 0.0563
====> Epoch: 18200 Average loss: 0.0571
====> Epoch: 18300 Average loss: 0.0699
====> Epoch: 18400 Average loss: 0.0633
====> Epoch: 18500 Average loss: 0.0499
====> Epoch: 18600 Average loss: 0.0601
====> Epoch: 18700 Average loss: 0.0599
====> Epoch: 18800 Average loss: 0.0499
====> Epoch: 18900 Average loss: 0.0588
====> Epoch: 19000 Average loss: 0.0483
====> Epoch: 19100 Average loss: 0.0489
====> Epoch: 19200 Average loss: 0.0493
====> Epoch: 19300 Average loss: 0.0612
====> Epoch: 19400 Average loss: 0.0568
====> Epoch: 19500 Average loss: 0.0616
====> Epoch: 19600 Average loss: 0.0442
====> Epoch: 19700 Average loss: 0.0438
====> Epoch: 19800 Average loss: 0.0576
====> Epoch: 19900 Average loss: 0.0611
====> Epoch: 20000 Average loss: 0.0579
----------------------------------------------------
I:  tensor([ 0.0000e+00,  0.0000e+00, -6.4523e-01,  1.5183e-03,  0.0000e+00,-1.0818e+00, -1.5554e+00,  1.7578e+00, -1.2456e+00,  2.7767e-01,
        -6.4691e-01, -1.1182e+00, -5.3147e-01], device='cuda:0')
R:  tensor([ 0.6475,  1.3470, -0.6669,  0.0946, -0.9680, -1.1406, -1.6164,  1.9067,-1.3520,  0.3075, -0.6541, -1.1973, -0.6680], device='cuda:0', grad_fn=<UnbindBackward0>)
G:  tensor([ 6.0452e-01,  1.1254e+00, -6.4523e-01,  1.5183e-03, -8.2442e-01,-1.0818e+00, -1.5554e+00,  1.7578e+00, -1.2456e+00,  2.7767e-01,
        -6.4691e-01, -1.1182e+00, -5.3147e-01], device='cuda:0')
----------------------------------------------------
I:  tensor([-0.7172,  1.8794,  1.3287,  0.0000,  0.1586,  0.0000,  0.1011,  0.0000, 0.0000,  0.0000, -0.1643,  0.7180, -1.2161], device='cuda:0')
R:  tensor([-0.7119,  2.1503,  1.2970,  2.3259,  0.0936, -0.2293,  0.0322,  0.5458, 0.0503, -1.2733, -0.2065,  0.6966, -1.2872], device='cuda:0', grad_fn=<UnbindBackward0>)
G:  tensor([-0.7172,  1.8794,  1.3287,  2.1035,  0.1586, -0.1524,  0.1011,  0.5491, 0.2087, -1.2882, -0.1643,  0.7180, -1.2161], device='cuda:0')
----------------------------------------------------
I:  tensor([ 0.0000, -0.7418,  1.1093,  0.0000,  0.0000,  1.0493,  0.8340, -1.2236, 0.4890, -0.7259,  1.7661,  0.7745,  0.0000], device='cuda:0')
R:  tensor([ 1.0998, -0.6471,  1.1108,  1.6976, -1.0444,  0.9833,  0.8452, -1.1766, 0.3116, -0.6869,  1.6611,  0.6368, -1.1608], device='cuda:0', grad_fn=<UnbindBackward0>)
G:  tensor([ 1.0616, -0.7418,  1.1093,  1.6531, -0.9648,  1.0493,  0.8340, -1.2236, 0.4890, -0.7259,  1.7661,  0.7745, -1.0728], device='cuda:0')
----------------------------------------------------
I:  tensor([ 0.0000,  0.0000,  3.1563,  2.7041,  0.0000,  0.0000,  3.0628,  0.8714, 0.4890,  0.4074,  0.0000,  1.5231, -0.8977], device='cuda:0')
R:  tensor([-1.5947, -0.2173,  3.0653,  2.8615,  1.2485,  1.3607,  2.9491,  0.9009, 0.3225,  0.3740, -0.2023,  1.4500, -1.0136], device='cuda:0', grad_fn=<UnbindBackward0>)
G:  tensor([-1.7795, -0.2570,  3.1563,  2.7041,  1.3522,  1.4179,  3.0628,  0.8714, 0.4890,  0.4074, -0.1204,  1.5231, -0.8977], device='cuda:0')
----------------------------------------------------
I:  tensor([ 0.0000,  1.3677, -0.1700,  0.9024, -1.0351, -1.0337, -0.4410,  1.9995, 0.0510, -0.1116, -0.5153,  0.0000, -0.7385], device='cuda:0')
R:  tensor([ 0.0657,  1.5677, -0.2212,  1.0209, -1.1136, -1.0176, -0.4546,  2.1067,-0.1177, -0.1028, -0.5210, -0.9125, -0.8471], device='cuda:0', grad_fn=<UnbindBackward0>)
G:  tensor([ 0.0610,  1.3677, -0.1700,  0.9024, -1.0351, -1.0337, -0.4410,  1.9995, 0.0510, -0.1116, -0.5153, -0.8498, -0.7385], device='cuda:0')
----------------------------------------------------
I:  tensor([ 0.0000,  0.0000,  0.1955,  0.1517, -0.2627,  0.9692,  0.0000, -0.3373, 0.4189,  0.0000, -0.6908,  1.0993, -0.3882], device='cuda:0')
R:  tensor([-1.7334,  0.2219,  0.1717,  0.1567, -0.3463,  0.8471,  0.5862, -0.2991, 0.1484, -0.8138, -0.7384,  1.0848, -0.5574], device='cuda:0', grad_fn=<UnbindBackward0>)
G:  tensor([-1.9154,  0.0571,  0.1955,  0.1517, -0.2627,  0.9692,  0.7637, -0.3373, 0.4189, -0.7821, -0.6908,  1.0993, -0.3882], device='cuda:0')
----------------------------------------------------
I:  tensor([ 0.6910, -0.5622, -0.2066, -0.9894,  0.0000,  0.0000,  0.0000, -0.1761, 1.3125,  0.0000, -0.0327,  1.0852,  0.0000], device='cuda:0')
R:  tensor([ 0.6673, -0.5138, -0.2460, -1.0834,  1.1222,  1.2395,  1.1858, -0.1847, 1.1180,  0.4536,  0.0041,  1.0864,  0.0341], device='cuda:0', grad_fn=<UnbindBackward0>)
G:  tensor([ 0.6910, -0.5622, -0.2066, -0.9894,  1.2118,  1.3698,  1.2657, -0.1761, 1.3125,  0.4637, -0.0327,  1.0852,  0.1532], device='cuda:0')
----------------------------------------------------
I:  tensor([-2.4342,  0.0000,  0.0000,  0.0000,  0.0000,  0.2642,  0.1413,  1.2743, 0.7343, -1.3661,  3.3017,  0.3649, -1.0824], device='cuda:0')
R:  tensor([-2.3200, -0.7419, -0.6964,  0.6275, -1.1080,  0.2004,  0.0831,  1.2872, 0.6217, -1.3882,  3.2723,  0.2778, -1.1748], device='cuda:0', grad_fn=<UnbindBackward0>)
G:  tensor([-2.4342, -0.7418, -0.6087,  0.6021, -1.0351,  0.2642,  0.1413,  1.2743, 0.7343, -1.3661,  3.3017,  0.3649, -1.0824], device='cuda:0')
----------------------------------------------------
I:  tensor([ 0.0000,  3.1092, -0.8645,  0.0000,  0.0000,  0.0000,  0.6232,  0.0000, 0.7343, -1.0633, -0.9979,  0.6897, -1.1684], device='cuda:0')
R:  tensor([ 0.1016,  3.4125, -0.8771,  0.5327, -1.0413,  0.4629,  0.5980, -0.4739, 0.4907, -1.0353, -1.0177,  0.6257, -1.2982], device='cuda:0', grad_fn=<UnbindBackward0>)
G:  tensor([ 0.0610,  3.1092, -0.8645,  0.6021, -0.9648,  0.5206,  0.6232, -0.4984, 0.7343, -1.0633, -0.9979,  0.6897, -1.1684], device='cuda:0')
----------------------------------------------------
I:  tensor([-1.1372,  0.0000, -0.2431,  1.2327,  0.0000, -0.1524, -0.4410,  0.4685,-0.3695,  0.0000,  0.0000,  0.8451, -0.3882], device='cuda:0')
R:  tensor([-1.1206, -0.9336, -0.1729,  1.3839, -2.0294, -0.3377, -0.5346,  0.4799,-0.4992, -1.3337,  0.5988,  0.6495, -0.4654], device='cuda:0', grad_fn=<UnbindBackward0>)
G:  tensor([-1.1372, -0.9034, -0.2431,  1.2327, -2.0883, -0.1524, -0.4410,  0.4685,-0.3695, -1.4353,  0.4938,  0.8451, -0.3882], device='cuda:0')
====> Epoch: 20100 Average loss: 0.0489
====> Epoch: 20200 Average loss: 0.0447
====> Epoch: 20300 Average loss: 0.0492
====> Epoch: 20400 Average loss: 0.0518
====> Epoch: 20500 Average loss: 0.0542
====> Epoch: 20600 Average loss: 0.0446
====> Epoch: 20700 Average loss: 0.0518
====> Epoch: 20800 Average loss: 0.0636
====> Epoch: 20900 Average loss: 0.0504
====> Epoch: 21000 Average loss: 0.0633
====> Epoch: 21100 Average loss: 0.0627
====> Epoch: 21200 Average loss: 0.0421
====> Epoch: 21300 Average loss: 0.0494
====> Epoch: 21400 Average loss: 0.0508
====> Epoch: 21500 Average loss: 0.0423
====> Epoch: 21600 Average loss: 0.0470
====> Epoch: 21700 Average loss: 0.0403
====> Epoch: 21800 Average loss: 0.0548
====> Epoch: 21900 Average loss: 0.0445
====> Epoch: 22000 Average loss: 0.0535
====> Epoch: 22100 Average loss: 0.0422
====> Epoch: 22200 Average loss: 0.0572
====> Epoch: 22300 Average loss: 0.0522
====> Epoch: 22400 Average loss: 0.0510
====> Epoch: 22500 Average loss: 0.0404
====> Epoch: 22600 Average loss: 0.0500
====> Epoch: 22700 Average loss: 0.0442
====> Epoch: 22800 Average loss: 0.0442
====> Epoch: 22900 Average loss: 0.0428
====> Epoch: 23000 Average loss: 0.0564
====> Epoch: 23100 Average loss: 0.0417
====> Epoch: 23200 Average loss: 0.0467
====> Epoch: 23300 Average loss: 0.0391
====> Epoch: 23400 Average loss: 0.0484
====> Epoch: 23500 Average loss: 0.0456
====> Epoch: 23600 Average loss: 0.0480
====> Epoch: 23700 Average loss: 0.0438
====> Epoch: 23800 Average loss: 0.0706
====> Epoch: 23900 Average loss: 0.0440
====> Epoch: 24000 Average loss: 0.0655
====> Epoch: 24100 Average loss: 0.0468
====> Epoch: 24200 Average loss: 0.0380
====> Epoch: 24300 Average loss: 0.0557
====> Epoch: 24400 Average loss: 0.0569
====> Epoch: 24500 Average loss: 0.0386
====> Epoch: 24600 Average loss: 0.0546
====> Epoch: 24700 Average loss: 0.0575
====> Epoch: 24800 Average loss: 0.0418
====> Epoch: 24900 Average loss: 0.0453
====> Epoch: 25000 Average loss: 0.0492
====> Epoch: 25100 Average loss: 0.0446
====> Epoch: 25200 Average loss: 0.0586
====> Epoch: 25300 Average loss: 0.0432
====> Epoch: 25400 Average loss: 0.0486
====> Epoch: 25500 Average loss: 0.0511
====> Epoch: 25600 Average loss: 0.0399
====> Epoch: 25700 Average loss: 0.0426
====> Epoch: 25800 Average loss: 0.0452
====> Epoch: 25900 Average loss: 0.0427
====> Epoch: 26000 Average loss: 0.0440
====> Epoch: 26100 Average loss: 0.0385
====> Epoch: 26200 Average loss: 0.0420
====> Epoch: 26300 Average loss: 0.0461
====> Epoch: 26400 Average loss: 0.0437
====> Epoch: 26500 Average loss: 0.0461
====> Epoch: 26600 Average loss: 0.0457
====> Epoch: 26700 Average loss: 0.0588
====> Epoch: 26800 Average loss: 0.0383
====> Epoch: 26900 Average loss: 0.0444
====> Epoch: 27000 Average loss: 0.0529
====> Epoch: 27100 Average loss: 0.0407
====> Epoch: 27200 Average loss: 0.0399
====> Epoch: 27300 Average loss: 0.0446
====> Epoch: 27400 Average loss: 0.0415
====> Epoch: 27500 Average loss: 0.0498
====> Epoch: 27600 Average loss: 0.0382
====> Epoch: 27700 Average loss: 0.0458
====> Epoch: 27800 Average loss: 0.0461
====> Epoch: 27900 Average loss: 0.0539
====> Epoch: 28000 Average loss: 0.0509
====> Epoch: 28100 Average loss: 0.0417
====> Epoch: 28200 Average loss: 0.0383
====> Epoch: 28300 Average loss: 0.0470
====> Epoch: 28400 Average loss: 0.0376
====> Epoch: 28500 Average loss: 0.0346
====> Epoch: 28600 Average loss: 0.0457
====> Epoch: 28700 Average loss: 0.0409
====> Epoch: 28800 Average loss: 0.0455
====> Epoch: 28900 Average loss: 0.0434
====> Epoch: 29000 Average loss: 0.0499
====> Epoch: 29100 Average loss: 0.0481
====> Epoch: 29200 Average loss: 0.0474
====> Epoch: 29300 Average loss: 0.0465
====> Epoch: 29400 Average loss: 0.0366
====> Epoch: 29500 Average loss: 0.0462
====> Epoch: 29600 Average loss: 0.0325
====> Epoch: 29700 Average loss: 0.0408
====> Epoch: 29800 Average loss: 0.0538
====> Epoch: 29900 Average loss: 0.0446
====> Epoch: 30000 Average loss: 0.0471
----------------------------------------------------
I:  tensor([ 1.3827, -0.7687, -0.1700, -0.8093, -0.3329,  0.0000,  0.4023,  0.0000,-0.0366, -0.0251,  0.9325,  0.2942,  1.6977], device='cuda:0')
R:  tensor([ 1.3340, -0.7629, -0.2671, -0.9074, -0.2046, -0.0618,  0.4545, -0.9403, 0.0975, -0.0137,  0.7845,  0.3329,  1.7550], device='cuda:0', grad_fn=<UnbindBackward0>)
G:  tensor([ 1.3827, -0.7687, -0.1700, -0.8093, -0.3329, -0.1524,  0.4023, -0.8207,-0.0366, -0.0251,  0.9325,  0.2942,  1.6977], device='cuda:0')
----------------------------------------------------
I:  tensor([ 0.0000,  0.0571,  0.1955,  0.0000, -0.2627,  0.9692,  0.0000, -0.3373, 0.4189,  0.0000, -0.6908,  1.0993,  0.0000], device='cuda:0')
R:  tensor([-1.5800, -0.7052,  0.4459, -0.0432, -0.8143,  0.6425,  0.9783, -0.6824, 1.6607, -1.1812,  0.3356,  0.7770, -0.5237], device='cuda:0', grad_fn=<UnbindBackward0>)
G:  tensor([-1.9154,  0.0571,  0.1955,  0.1517, -0.2627,  0.9692,  0.7637, -0.3373, 0.4189, -0.7821, -0.6908,  1.0993, -0.3882], device='cuda:0')
----------------------------------------------------
I:  tensor([ 0.0000,  0.6227,  0.9997,  2.2537, -0.1925,  0.0000, -1.4550,  2.1607, 0.0000,  1.0563, -1.2611,  0.0000,  0.4239], device='cuda:0')
R:  tensor([-0.6525,  0.6872,  0.8669,  2.2682, -0.1996, -0.5454, -1.4222,  2.1980,-0.6757,  1.2044, -1.3297, -1.1321,  0.4775], device='cuda:0', grad_fn=<UnbindBackward0>)
G:  tensor([-0.6802,  0.6227,  0.9997,  2.2537, -0.1925, -0.6331, -1.4550,  2.1607,-0.7900,  1.0563, -1.2611, -1.2453,  0.4239], device='cuda:0')
----------------------------------------------------
I:  tensor([-0.9272,  0.0000,  0.6341,  0.0000, -0.7542, -1.4663,  0.0000,  1.3549, 0.0000, -0.5226, -0.9102, -1.8951, -0.0856], device='cuda:0')
R:  tensor([-0.7948,  2.1297,  0.5217,  0.5073, -0.7217, -1.5313, -1.5463,  1.2112,-1.2023, -0.4930, -1.0362, -1.7870, -0.2148], device='cuda:0', grad_fn=<UnbindBackward0>)
G:  tensor([-0.9272,  2.1397,  0.6341,  0.4519, -0.7542, -1.4663, -1.5655,  1.3549,-1.3857, -0.5226, -0.9102, -1.8951, -0.0856], device='cuda:0')
----------------------------------------------------
I:  tensor([-1.2360,  0.9817, -1.3397, -0.1486,  0.0000,  0.0000, -0.3908,  0.0656, 0.0000,  0.0000, -0.1204,  0.6191,  0.0000], device='cuda:0')
R:  tensor([-1.2954,  0.9141, -1.3672, -0.2165, -0.8388, -0.4748, -0.3523,  0.0973, 0.6083, -1.6254, -0.2210,  0.6378, -0.6282], device='cuda:0', grad_fn=<UnbindBackward0>)
G:  tensor([-1.2360,  0.9817, -1.3397, -0.1486, -0.8946, -0.4729, -0.3908,  0.0656, 0.4890, -1.6343, -0.1204,  0.6191, -0.5824], device='cuda:0')
----------------------------------------------------
I:  tensor([ 0.0000,  0.0000,  3.1198,  0.0000,  1.7033,  0.5366,  0.6533,  0.8714, 0.5766, -0.6394,  0.7570,  0.8310,  0.2647], device='cuda:0')
R:  tensor([ 0.1290, -0.3658,  3.1132,  1.7574,  1.7825,  0.6154,  0.7150,  0.8528, 0.7576, -0.6554,  0.6572,  0.8927,  0.3357], device='cuda:0', grad_fn=<UnbindBackward0>)
G:  tensor([ 0.0610, -0.2570,  3.1198,  1.6531,  1.7033,  0.5366,  0.6533,  0.8714, 0.5766, -0.6394,  0.7570,  0.8310,  0.2647], device='cuda:0')
----------------------------------------------------
I:  tensor([ 0.0000,  0.0000,  1.0362, -0.2687,  0.0000,  0.0000,  0.0000, -0.9013, 0.6817, -0.2414,  0.3183,  1.2829,  0.0736], device='cuda:0')
R:  tensor([-0.0695,  1.3047,  0.8718, -0.3583,  0.2681,  0.3017,  0.4841, -1.0457, 0.8141, -0.2700,  0.3152,  1.2643,  0.0742], device='cuda:0', grad_fn=<UnbindBackward0>)
G:  tensor([-0.0872,  1.3139,  1.0362, -0.2687,  0.1586,  0.1841,  0.3822, -0.9013, 0.6817, -0.2414,  0.3183,  1.2829,  0.0736], device='cuda:0')
----------------------------------------------------
I:  tensor([-0.8778, -0.6520,  0.0000,  0.0000,  0.2288, -1.9150, -1.0133,  0.0656,-0.2293,  0.0000,  0.0000, -1.1182,  0.3920], device='cuda:0')
R:  tensor([-0.8469, -0.7363, -0.5806,  0.2673,  0.2600, -1.9144, -0.9759,  0.0336,-0.1417, -0.7552, -0.2365, -1.0599,  0.4922], device='cuda:0', grad_fn=<UnbindBackward0>)
G:  tensor([-0.8778, -0.6520, -0.5721,  0.2718,  0.2288, -1.9150, -1.0133,  0.0656,-0.2293, -0.8686, -0.2257, -1.1182,  0.3920], device='cuda:0')
----------------------------------------------------
I:  tensor([ 0.0000,  0.0000,  0.0000,  2.2537, -0.1925, -0.6331, -1.4550,  0.0000,-0.7900,  1.0563, -1.2611, -1.2453,  0.4239], device='cuda:0')
R:  tensor([-0.6316,  0.6840,  0.8724,  2.2631, -0.2036, -0.5433, -1.4190,  2.1903,-0.6801,  1.2160, -1.3332, -1.1362,  0.4651], device='cuda:0', grad_fn=<UnbindBackward0>)
G:  tensor([-0.6802,  0.6227,  0.9997,  2.2537, -0.1925, -0.6331, -1.4550,  2.1607,-0.7900,  1.0563, -1.2611, -1.2453,  0.4239], device='cuda:0')
----------------------------------------------------
I:  tensor([ 0.0000,  0.0000, -0.4625, -0.4489,  0.0000, -0.1524,  0.0000, -0.4984,-0.2293, -1.0546,  1.1958,  0.0000, -0.9455], device='cuda:0')
R:  tensor([-0.4725, -1.3051, -0.6529, -0.5053, -0.0897,  0.0158,  0.0778, -0.6845,-0.0878, -0.9929,  1.2298,  0.7436, -1.0012], device='cuda:0', grad_fn=<UnbindBackward0>)
G:  tensor([-0.4084, -1.2175, -0.4625, -0.4489, -0.0521, -0.1524, -0.0896, -0.4984,-0.2293, -1.0546,  1.1958,  0.7745, -0.9455], device='cuda:0')
====> Epoch: 30100 Average loss: 0.0334
====> Epoch: 30200 Average loss: 0.0435
====> Epoch: 30300 Average loss: 0.0382
====> Epoch: 30400 Average loss: 0.0443
====> Epoch: 30500 Average loss: 0.0309
====> Epoch: 30600 Average loss: 0.0422
====> Epoch: 30700 Average loss: 0.0501
====> Epoch: 30800 Average loss: 0.0355
====> Epoch: 30900 Average loss: 0.0376
====> Epoch: 31000 Average loss: 0.0397
====> Epoch: 31100 Average loss: 0.0372
====> Epoch: 31200 Average loss: 0.0395
====> Epoch: 31300 Average loss: 0.0439
====> Epoch: 31400 Average loss: 0.0321
====> Epoch: 31500 Average loss: 0.0472
====> Epoch: 31600 Average loss: 0.0413
====> Epoch: 31700 Average loss: 0.0383
====> Epoch: 31800 Average loss: 0.0498
====> Epoch: 31900 Average loss: 0.0480
====> Epoch: 32000 Average loss: 0.0356
====> Epoch: 32100 Average loss: 0.0368
====> Epoch: 32200 Average loss: 0.0393
====> Epoch: 32300 Average loss: 0.0382
====> Epoch: 32400 Average loss: 0.0674
====> Epoch: 32500 Average loss: 0.0331
====> Epoch: 32600 Average loss: 0.0398
====> Epoch: 32700 Average loss: 0.0469
====> Epoch: 32800 Average loss: 0.0346
====> Epoch: 32900 Average loss: 0.0482
====> Epoch: 33000 Average loss: 0.0359
====> Epoch: 33100 Average loss: 0.0389
====> Epoch: 33200 Average loss: 0.0384
====> Epoch: 33300 Average loss: 0.0374
====> Epoch: 33400 Average loss: 0.0368
====> Epoch: 33500 Average loss: 0.0482
====> Epoch: 33600 Average loss: 0.0381
====> Epoch: 33700 Average loss: 0.0343
====> Epoch: 33800 Average loss: 0.0380
====> Epoch: 33900 Average loss: 0.0495
====> Epoch: 34000 Average loss: 0.0360
====> Epoch: 34100 Average loss: 0.0395
====> Epoch: 34200 Average loss: 0.0385
====> Epoch: 34300 Average loss: 0.0474
====> Epoch: 34400 Average loss: 0.0385
====> Epoch: 34500 Average loss: 0.0506
====> Epoch: 34600 Average loss: 0.0340
====> Epoch: 34700 Average loss: 0.0361
====> Epoch: 34800 Average loss: 0.0393
====> Epoch: 34900 Average loss: 0.0295
====> Epoch: 35000 Average loss: 0.0458
====> Epoch: 35100 Average loss: 0.0355
====> Epoch: 35200 Average loss: 0.0306
====> Epoch: 35300 Average loss: 0.0414
====> Epoch: 35400 Average loss: 0.0373
====> Epoch: 35500 Average loss: 0.0331
====> Epoch: 35600 Average loss: 0.0316
====> Epoch: 35700 Average loss: 0.0356
====> Epoch: 35800 Average loss: 0.0387
====> Epoch: 35900 Average loss: 0.0348
====> Epoch: 36000 Average loss: 0.0360
====> Epoch: 36100 Average loss: 0.0415
====> Epoch: 36200 Average loss: 0.0405
====> Epoch: 36300 Average loss: 0.0353
====> Epoch: 36400 Average loss: 0.0419
====> Epoch: 36500 Average loss: 0.0407
====> Epoch: 36600 Average loss: 0.0433
====> Epoch: 36700 Average loss: 0.0282
====> Epoch: 36800 Average loss: 0.0348
====> Epoch: 36900 Average loss: 0.0401
====> Epoch: 37000 Average loss: 0.0304
====> Epoch: 37100 Average loss: 0.0332
====> Epoch: 37200 Average loss: 0.0435
====> Epoch: 37300 Average loss: 0.0458
====> Epoch: 37400 Average loss: 0.0413
====> Epoch: 37500 Average loss: 0.0404
====> Epoch: 37600 Average loss: 0.0410
====> Epoch: 37700 Average loss: 0.0395
====> Epoch: 37800 Average loss: 0.0340
====> Epoch: 37900 Average loss: 0.0390
====> Epoch: 38000 Average loss: 0.0321
====> Epoch: 38100 Average loss: 0.0436
====> Epoch: 38200 Average loss: 0.0410
====> Epoch: 38300 Average loss: 0.0379
====> Epoch: 38400 Average loss: 0.0300
====> Epoch: 38500 Average loss: 0.0370
====> Epoch: 38600 Average loss: 0.0393
====> Epoch: 38700 Average loss: 0.0359
====> Epoch: 38800 Average loss: 0.0365
====> Epoch: 38900 Average loss: 0.0361
====> Epoch: 39000 Average loss: 0.0470
====> Epoch: 39100 Average loss: 0.0469
====> Epoch: 39200 Average loss: 0.0485
====> Epoch: 39300 Average loss: 0.0316
====> Epoch: 39400 Average loss: 0.0405
====> Epoch: 39500 Average loss: 0.0389
====> Epoch: 39600 Average loss: 0.0348
====> Epoch: 39700 Average loss: 0.0473
====> Epoch: 39800 Average loss: 0.0282
====> Epoch: 39900 Average loss: 0.0341
====> Epoch: 40000 Average loss: 0.0347
----------------------------------------------------
I:  tensor([ 0.3575, -0.3289,  1.1459, -0.8093,  0.0000,  1.1295,  0.0000, -0.4178, 0.0000,  0.4074,  0.4938,  0.3225,  1.6658], device='cuda:0')
R:  tensor([ 0.3765, -0.4197,  1.2759, -0.7885,  0.2959,  1.1574,  1.2091, -0.4580,-0.0259,  0.4879,  0.4732,  0.2717,  1.5758], device='cuda:0', grad_fn=<UnbindBackward0>)
G:  tensor([ 0.3575, -0.3289,  1.1459, -0.8093,  0.1586,  1.1295,  1.2055, -0.4178, 0.1211,  0.4074,  0.4938,  0.3225,  1.6658], device='cuda:0')
----------------------------------------------------
I:  tensor([ 0.0000,  0.0000, -0.4259, -0.9294,  0.0000,  0.4885,  0.8742, -1.2236, 0.0510,  0.0000, -0.1643,  0.0000,  0.9971], device='cuda:0')
R:  tensor([ 0.8327, -0.6534, -0.4474, -0.9052,  1.3052,  0.4037,  0.8779, -1.2239,-0.0559,  0.4223, -0.2339,  0.7867,  0.9589], device='cuda:0', grad_fn=<UnbindBackward0>)
G:  tensor([ 0.9133, -0.5982, -0.4259, -0.9294,  1.2820,  0.4885,  0.8742, -1.2236, 0.0510,  0.3426, -0.1643,  0.8310,  0.9971], device='cuda:0')
----------------------------------------------------
I:  tensor([-0.8160,  0.1020,  0.3417,  0.4519,  0.0000,  0.0000,  0.0000,  0.0000,-0.4922, -0.9768, -0.6908,  1.0852, -0.9837], device='cuda:0')
R:  tensor([-0.8336,  0.0594,  0.4203,  0.5343, -0.1045,  0.4420,  0.0725, -0.1465,-0.5878, -0.9328, -0.7627,  1.0476, -1.0235], device='cuda:0', grad_fn=<UnbindBackward0>)
G:  tensor([-0.8160,  0.1020,  0.3417,  0.4519, -0.1223,  0.4244,  0.0811, -0.1761,-0.4922, -0.9768, -0.6908,  1.0852, -0.9837], device='cuda:0')
----------------------------------------------------
I:  tensor([ 0.0000, -0.4276, -0.0238,  0.0000,  0.0000,  0.0000,  0.0000, -0.7401, 0.1736, -0.5442,  0.6693,  1.9609,  0.9175], device='cuda:0')
R:  tensor([ 0.7402, -0.4795,  0.1424, -0.8015,  0.1295,  0.5952,  0.8940, -0.7013, 0.1327, -0.4700,  0.5826,  1.8465,  0.7969], device='cuda:0', grad_fn=<UnbindBackward0>)
G:  tensor([ 0.8763, -0.4276, -0.0238, -0.8693,  0.0884,  0.5046,  0.8541, -0.7401, 0.1736, -0.5442,  0.6693,  1.9609,  0.9175], device='cuda:0')
----------------------------------------------------
I:  tensor([-1.4337,  0.4970,  0.0000,  0.0000,  0.8607, -0.9215, -0.7121,  0.5491,-1.1229,  0.0000,  0.0000, -0.1295, -0.7862], device='cuda:0')
R:  tensor([-1.3146,  0.3559, -0.3519, -0.5068,  0.9413, -1.0884, -0.8222,  0.5530,-1.1719, -0.9162, -0.1773, -0.2755, -0.7792], device='cuda:0', grad_fn=<UnbindBackward0>)
G:  tensor([-1.4337,  0.4970, -0.4990, -0.4489,  0.8607, -0.9215, -0.7121,  0.5491,-1.1229, -1.0417,  0.0112, -0.1295, -0.7862], device='cuda:0')
----------------------------------------------------
I:  tensor([-1.0260, -0.7956,  0.0000, -0.1486,  0.2990, -0.6491,  0.0000,  0.7103,-0.9827, -0.9119,  2.1610,  0.0000, -1.2480], device='cuda:0')
R:  tensor([-1.0373, -0.8751,  0.7954, -0.0351,  0.3224, -0.7037, -0.3463,  0.7483,-1.1357, -0.8675,  2.1232, -0.6481, -1.3287], device='cuda:0', grad_fn=<UnbindBackward0>)
G:  tensor([-1.0260, -0.7956,  0.5976, -0.1486,  0.2990, -0.6491, -0.2804,  0.7103,-0.9827, -0.9119,  2.1610, -0.5391, -1.2480], device='cuda:0')
----------------------------------------------------
I:  tensor([-0.5196, -0.9393, -0.9742,  0.1517,  0.2288,  0.0000,  0.0000,  1.3549, 0.0000,  1.0996,  0.0000, -1.4996, -0.3404], device='cuda:0')
R:  tensor([-0.5400, -0.7806, -0.7079,  0.1564,  0.1002, -1.4738, -1.6104,  1.3276,-0.6929,  1.2651, -1.6035, -1.5813, -0.4592], device='cuda:0', grad_fn=<UnbindBackward0>)
G:  tensor([-0.5196, -0.9393, -0.9742,  0.1517,  0.2288, -1.3061, -1.4550,  1.3549,-0.3345,  1.0996, -1.6560, -1.4996, -0.3404], device='cuda:0')
----------------------------------------------------
I:  tensor([-1.3966,  1.7717,  0.0000,  0.4519, -1.2457,  0.0000,  1.0047, -1.2236, 0.0000,  0.0000, -0.9102,  1.4524, -1.1684], device='cuda:0')
R:  tensor([-1.3925,  1.8043,  0.1937,  0.5135, -1.1824,  0.9087,  1.0274, -1.2349, 2.3091, -0.8717, -0.9902,  1.4693, -1.1705], device='cuda:0', grad_fn=<UnbindBackward0>)
G:  tensor([-1.3966,  1.7717,  0.0858,  0.4519, -1.2457,  0.9051,  1.0047, -1.2236, 2.3112, -0.9768, -0.9102,  1.4524, -1.1684], device='cuda:0')
----------------------------------------------------
I:  tensor([ 1.5186, -0.5622,  0.2321,  0.0000,  1.9139,  0.8090,  0.0000, -0.6596, 1.2249,  0.0000,  0.3622,  1.8479,  1.0130], device='cuda:0')
R:  tensor([ 1.5162, -0.5719,  0.2663, -1.2112,  1.9157,  0.8441,  1.0720, -0.6973, 1.1470,  0.3336,  0.2494,  1.9278,  0.9260], device='cuda:0', grad_fn=<UnbindBackward0>)
G:  tensor([ 1.5186, -0.5622,  0.2321, -1.1696,  1.9139,  0.8090,  1.0348, -0.6596, 1.2249,  0.2517,  0.3622,  1.8479,  1.0130], device='cuda:0')
----------------------------------------------------
I:  tensor([ 0.4810,  0.0000,  0.9266, -1.0195, -0.4733,  0.0000,  0.9143, -0.1761,-0.2469, -0.1116, -0.1643,  0.8592,  0.0000], device='cuda:0')
R:  tensor([ 0.4878, -0.5844,  1.0470, -0.8514, -0.2919,  0.7943,  0.9307, -0.2266,-0.3233, -0.0408, -0.1351,  0.7779,  1.2824], device='cuda:0', grad_fn=<UnbindBackward0>)
G:  tensor([ 0.4810, -0.5084,  0.9266, -1.0195, -0.4733,  0.8891,  0.9143, -0.1761,-0.2469, -0.1116, -0.1643,  0.8592,  1.4270], device='cuda:0')
====> Epoch: 40100 Average loss: 0.0364
====> Epoch: 40200 Average loss: 0.0296
====> Epoch: 40300 Average loss: 0.0427
====> Epoch: 40400 Average loss: 0.0361
====> Epoch: 40500 Average loss: 0.0523
====> Epoch: 40600 Average loss: 0.0380
====> Epoch: 40700 Average loss: 0.0319
====> Epoch: 40800 Average loss: 0.0385
====> Epoch: 40900 Average loss: 0.0351
====> Epoch: 41000 Average loss: 0.0376
====> Epoch: 41100 Average loss: 0.0376
====> Epoch: 41200 Average loss: 0.0413
====> Epoch: 41300 Average loss: 0.0385
====> Epoch: 41400 Average loss: 0.0549
====> Epoch: 41500 Average loss: 0.0304
====> Epoch: 41600 Average loss: 0.0422
====> Epoch: 41700 Average loss: 0.0309
====> Epoch: 41800 Average loss: 0.0329
====> Epoch: 41900 Average loss: 0.0346
====> Epoch: 42000 Average loss: 0.0366
====> Epoch: 42100 Average loss: 0.0334
====> Epoch: 42200 Average loss: 0.0325
====> Epoch: 42300 Average loss: 0.0369
====> Epoch: 42400 Average loss: 0.0485
====> Epoch: 42500 Average loss: 0.0396
====> Epoch: 42600 Average loss: 0.0335
====> Epoch: 42700 Average loss: 0.0289
====> Epoch: 42800 Average loss: 0.0394
====> Epoch: 42900 Average loss: 0.0275
====> Epoch: 43000 Average loss: 0.0378
====> Epoch: 43100 Average loss: 0.0324
====> Epoch: 43200 Average loss: 0.0322
====> Epoch: 43300 Average loss: 0.0340
====> Epoch: 43400 Average loss: 0.0336
====> Epoch: 43500 Average loss: 0.0303
====> Epoch: 43600 Average loss: 0.0288
====> Epoch: 43700 Average loss: 0.0367
====> Epoch: 43800 Average loss: 0.0308
====> Epoch: 43900 Average loss: 0.0443
====> Epoch: 44000 Average loss: 0.0458
====> Epoch: 44100 Average loss: 0.0312
====> Epoch: 44200 Average loss: 0.0378
====> Epoch: 44300 Average loss: 0.0385
====> Epoch: 44400 Average loss: 0.0304
====> Epoch: 44500 Average loss: 0.0362
====> Epoch: 44600 Average loss: 0.0307
====> Epoch: 44700 Average loss: 0.0424
====> Epoch: 44800 Average loss: 0.0336
====> Epoch: 44900 Average loss: 0.0341
====> Epoch: 45000 Average loss: 0.0307
====> Epoch: 45100 Average loss: 0.0307
====> Epoch: 45200 Average loss: 0.0265
====> Epoch: 45300 Average loss: 0.0444
====> Epoch: 45400 Average loss: 0.0275
====> Epoch: 45500 Average loss: 0.0341
====> Epoch: 45600 Average loss: 0.0382
====> Epoch: 45700 Average loss: 0.0280
====> Epoch: 45800 Average loss: 0.0337
====> Epoch: 45900 Average loss: 0.0361
====> Epoch: 46000 Average loss: 0.0271
====> Epoch: 46100 Average loss: 0.0335
====> Epoch: 46200 Average loss: 0.0340
====> Epoch: 46300 Average loss: 0.0276
====> Epoch: 46400 Average loss: 0.0332
====> Epoch: 46500 Average loss: 0.0369
====> Epoch: 46600 Average loss: 0.0328
====> Epoch: 46700 Average loss: 0.0312
====> Epoch: 46800 Average loss: 0.0389
====> Epoch: 46900 Average loss: 0.0344
====> Epoch: 47000 Average loss: 0.0265
====> Epoch: 47100 Average loss: 0.0314
====> Epoch: 47200 Average loss: 0.0440
====> Epoch: 47300 Average loss: 0.0340
====> Epoch: 47400 Average loss: 0.0355
====> Epoch: 47500 Average loss: 0.0402
====> Epoch: 47600 Average loss: 0.0327
====> Epoch: 47700 Average loss: 0.0321
====> Epoch: 47800 Average loss: 0.0326
====> Epoch: 47900 Average loss: 0.0376
====> Epoch: 48000 Average loss: 0.0302
====> Epoch: 48100 Average loss: 0.0312
====> Epoch: 48200 Average loss: 0.0243
====> Epoch: 48300 Average loss: 0.0299
====> Epoch: 48400 Average loss: 0.0378
====> Epoch: 48500 Average loss: 0.0376
====> Epoch: 48600 Average loss: 0.0463
====> Epoch: 48700 Average loss: 0.0301
====> Epoch: 48800 Average loss: 0.0353
====> Epoch: 48900 Average loss: 0.0319
====> Epoch: 49000 Average loss: 0.0358
====> Epoch: 49100 Average loss: 0.0331
====> Epoch: 49200 Average loss: 0.0298
====> Epoch: 49300 Average loss: 0.0429
====> Epoch: 49400 Average loss: 0.0289
====> Epoch: 49500 Average loss: 0.0353
====> Epoch: 49600 Average loss: 0.0326
====> Epoch: 49700 Average loss: 0.0357
====> Epoch: 49800 Average loss: 0.0306
====> Epoch: 49900 Average loss: 0.0323
====> Epoch: 50000 Average loss: 0.0256
----------------------------------------------------
I:  tensor([ 1.3827, -0.7687, -0.1700, -0.8093,  0.0000, -0.1524,  0.0000,  0.0000,-0.0366, -0.0251,  0.9325,  0.2942,  0.0000], device='cuda:0')
R:  tensor([ 0.9696, -0.7093,  0.0582, -1.0626, -0.7624,  0.5508,  0.7882, -0.6594, 0.2719,  0.1689,  0.9015,  0.4480,  1.7914], device='cuda:0', grad_fn=<UnbindBackward0>)
G:  tensor([ 1.3827, -0.7687, -0.1700, -0.8093, -0.3329, -0.1524,  0.4023, -0.8207,-0.0366, -0.0251,  0.9325,  0.2942,  1.6977], device='cuda:0')
----------------------------------------------------
I:  tensor([ 0.0000,  0.0000,  0.0000,  1.6531, -0.9648,  1.0493,  0.0000, -1.2236, 0.0000, -0.7259,  1.7661,  0.7745, -1.0728], device='cuda:0')
R:  tensor([ 1.0201, -0.8779,  1.1866,  1.6286, -0.9620,  1.1219,  0.8675, -1.2173, 0.4496, -0.7444,  1.6671,  0.7648, -1.1152], device='cuda:0', grad_fn=<UnbindBackward0>)
G:  tensor([ 1.0616, -0.7418,  1.1093,  1.6531, -0.9648,  1.0493,  0.8340, -1.2236, 0.4890, -0.7259,  1.7661,  0.7745, -1.0728], device='cuda:0')
----------------------------------------------------
I:  tensor([ 1.3086, -0.1673,  0.0000,  0.0000,  1.4926,  0.4885,  0.4826, -0.4178, 0.0000, -0.0035,  0.0000,  1.3677,  0.0000], device='cuda:0')
R:  tensor([ 1.2478, -0.2277,  0.8815, -0.6087,  1.3058,  0.5435,  0.4766, -0.4261,-0.6186, -0.0369,  0.4142,  1.2591,  1.8154], device='cuda:0', grad_fn=<UnbindBackward0>)
G:  tensor([ 1.3086, -0.1673,  0.8900, -0.5690,  1.4926,  0.4885,  0.4826, -0.4178,-0.5973, -0.0035,  0.4499,  1.3677,  1.7454], device='cuda:0')
----------------------------------------------------
I:  tensor([ 0.0000,  0.8291,  0.6341,  0.1517,  0.5096, -0.7453, -1.4751,  1.1132,-1.3857,  0.3555,  0.0112,  0.0000, -0.2130], device='cuda:0')
R:  tensor([ 0.7923,  0.6756,  0.5573,  0.1043,  0.3936, -0.7840, -1.4961,  1.0720,-1.5151,  0.3058, -0.0445, -1.0846, -0.1871], device='cuda:0', grad_fn=<UnbindBackward0>)
G:  tensor([ 0.8516,  0.8291,  0.6341,  0.1517,  0.5096, -0.7453, -1.4751,  1.1132,-1.3857,  0.3555,  0.0112, -1.1182, -0.2130], device='cuda:0')
----------------------------------------------------
I:  tensor([-0.9766,  0.0000, -2.2536,  0.0000,  0.0000, -0.7132, -0.7522,  0.0000, 1.5928, -0.9552,  1.4151,  0.0000, -0.0920], device='cuda:0')
R:  tensor([-1.0252, -1.0556, -2.2172, -0.8715,  3.3779, -0.7343, -0.7185, -1.6650, 1.5879, -0.9304,  1.3827,  0.4727, -0.1235], device='cuda:0', grad_fn=<UnbindBackward0>)
G:  tensor([-0.9766, -1.0290, -2.2536, -0.8093,  3.5990, -0.7132, -0.7522, -1.7877, 1.5928, -0.9552,  1.4151,  0.6473, -0.0920], device='cuda:0')
----------------------------------------------------
I:  tensor([ 0.0000,  0.0000,  0.0000,  0.0000,  0.0000, -1.8348, -0.9430, -0.7401,-1.3332,  0.2777, -1.3050, -1.7679, -0.5952], device='cuda:0')
R:  tensor([-0.2263, -0.0958,  0.1297,  1.3054, -0.1369, -1.8956, -0.9549, -0.6679,-1.4395,  0.3012, -1.2711, -1.7225, -0.6377], device='cuda:0', grad_fn=<UnbindBackward0>)
G:  tensor([-0.2355, -0.0237,  0.1224,  1.3528, -0.1223, -1.8348, -0.9430, -0.7401,-1.3332,  0.2777, -1.3050, -1.7679, -0.5952], device='cuda:0')
----------------------------------------------------
I:  tensor([ 0.0000,  0.0000,  0.6341,  0.1517,  0.5096,  0.0000, -1.4751,  0.0000,-1.3857,  0.3555,  0.0112, -1.1182, -0.2130], device='cuda:0')
R:  tensor([ 0.7883,  0.6841,  0.5654,  0.1186,  0.3711, -0.7783, -1.4886,  1.0628,-1.5067,  0.3006, -0.0482, -1.0951, -0.1939], device='cuda:0', grad_fn=<UnbindBackward0>)
G:  tensor([ 0.8516,  0.8291,  0.6341,  0.1517,  0.5096, -0.7453, -1.4751,  1.1132,-1.3857,  0.3555,  0.0112, -1.1182, -0.2130], device='cuda:0')
----------------------------------------------------
I:  tensor([ 0.0000, -1.2086, -1.5225,  0.0000,  2.5458, -0.6331, -0.1800, -0.0955, 0.0000, -0.7172,  0.0000,  0.0000,  0.0099], device='cuda:0')
R:  tensor([-0.8714, -1.2104, -1.6341, -1.4813,  2.4776, -0.6607, -0.2241, -0.1100, 2.0888, -0.7555,  0.5009, -0.4149,  0.0152], device='cuda:0', grad_fn=<UnbindBackward0>)
G:  tensor([-0.8284, -1.2086, -1.5225, -1.4098,  2.5458, -0.6331, -0.1800, -0.0955, 2.0484, -0.7172,  0.4499, -0.4261,  0.0099], device='cuda:0')
----------------------------------------------------
I:  tensor([-1.6684,  0.0000,  0.0000,  1.9534, -0.8244, -0.6011,  0.0000,  0.3074, 0.0000, -1.0633,  1.7661,  0.0000, -0.5888], device='cuda:0')
R:  tensor([-1.6672, -0.6448,  0.9261,  2.0364, -0.8657, -0.6088, -0.3956,  0.2858,-0.5200, -1.0689,  1.7855,  0.7953, -0.6102], device='cuda:0', grad_fn=<UnbindBackward0>)
G:  tensor([-1.6684, -0.5982,  0.9266,  1.9534, -0.8244, -0.6011, -0.4209,  0.3074,-0.4396, -1.0633,  1.7661,  0.8451, -0.5888], device='cuda:0')
----------------------------------------------------
I:  tensor([ 0.0363, -1.2894, -2.3998,  0.0000, -0.9648, -0.5530,  0.0000, -0.9819,-0.2293, -0.1982,  1.0203,  0.0000,  0.0000], device='cuda:0')
R:  tensor([ 0.0275, -1.3507, -2.3486, -1.0472, -0.9239, -0.5208, -0.0084, -0.9272,-0.2604, -0.2271,  1.0108, -0.2338, -1.1804], device='cuda:0', grad_fn=<UnbindBackward0>)
G:  tensor([ 3.6295e-02, -1.2894e+00, -2.3998e+00, -1.0495e+00, -9.6484e-01,-5.5298e-01,  7.3323e-04, -9.8188e-01, -2.2935e-01, -1.9816e-01, 1.0203e+00, -1.8600e-01, -1.1302e+00], device='cuda:0')
====> Epoch: 50100 Average loss: 0.0290
====> Epoch: 50200 Average loss: 0.0284
====> Epoch: 50300 Average loss: 0.0252
====> Epoch: 50400 Average loss: 0.0337
====> Epoch: 50500 Average loss: 0.0415
====> Epoch: 50600 Average loss: 0.0309
====> Epoch: 50700 Average loss: 0.0309
====> Epoch: 50800 Average loss: 0.0308
====> Epoch: 50900 Average loss: 0.0319
====> Epoch: 51000 Average loss: 0.0217
====> Epoch: 51100 Average loss: 0.0311
====> Epoch: 51200 Average loss: 0.0290
====> Epoch: 51300 Average loss: 0.0372
====> Epoch: 51400 Average loss: 0.0302
====> Epoch: 51500 Average loss: 0.0307
====> Epoch: 51600 Average loss: 0.0522
====> Epoch: 51700 Average loss: 0.0278
====> Epoch: 51800 Average loss: 0.0246
====> Epoch: 51900 Average loss: 0.0287
====> Epoch: 52000 Average loss: 0.0340
====> Epoch: 52100 Average loss: 0.0334
====> Epoch: 52200 Average loss: 0.0265
====> Epoch: 52300 Average loss: 0.0350
====> Epoch: 52400 Average loss: 0.0275
====> Epoch: 52500 Average loss: 0.0272
====> Epoch: 52600 Average loss: 0.0400
====> Epoch: 52700 Average loss: 0.0351
====> Epoch: 52800 Average loss: 0.0355
====> Epoch: 52900 Average loss: 0.0387
====> Epoch: 53000 Average loss: 0.0264
====> Epoch: 53100 Average loss: 0.0273
====> Epoch: 53200 Average loss: 0.0420
====> Epoch: 53300 Average loss: 0.0290
====> Epoch: 53400 Average loss: 0.0425
====> Epoch: 53500 Average loss: 0.0307
====> Epoch: 53600 Average loss: 0.0325
====> Epoch: 53700 Average loss: 0.0363
====> Epoch: 53800 Average loss: 0.0272
====> Epoch: 53900 Average loss: 0.0440
====> Epoch: 54000 Average loss: 0.0278
====> Epoch: 54100 Average loss: 0.0288
====> Epoch: 54200 Average loss: 0.0306
====> Epoch: 54300 Average loss: 0.0352
====> Epoch: 54400 Average loss: 0.0305
====> Epoch: 54500 Average loss: 0.0345
====> Epoch: 54600 Average loss: 0.0415
====> Epoch: 54700 Average loss: 0.0292
====> Epoch: 54800 Average loss: 0.0360
====> Epoch: 54900 Average loss: 0.0466
====> Epoch: 55000 Average loss: 0.0312
====> Epoch: 55100 Average loss: 0.0311
====> Epoch: 55200 Average loss: 0.0333
====> Epoch: 55300 Average loss: 0.0316
====> Epoch: 55400 Average loss: 0.0295
====> Epoch: 55500 Average loss: 0.0259
====> Epoch: 55600 Average loss: 0.0304
====> Epoch: 55700 Average loss: 0.0433
====> Epoch: 55800 Average loss: 0.0355
====> Epoch: 55900 Average loss: 0.0264
====> Epoch: 56000 Average loss: 0.0355
====> Epoch: 56100 Average loss: 0.0298
====> Epoch: 56200 Average loss: 0.0444
====> Epoch: 56300 Average loss: 0.0287
====> Epoch: 56400 Average loss: 0.0296
====> Epoch: 56500 Average loss: 0.0308
====> Epoch: 56600 Average loss: 0.0286
====> Epoch: 56700 Average loss: 0.0317
====> Epoch: 56800 Average loss: 0.0279
====> Epoch: 56900 Average loss: 0.0357
====> Epoch: 57000 Average loss: 0.0328
====> Epoch: 57100 Average loss: 0.0298
====> Epoch: 57200 Average loss: 0.0386
====> Epoch: 57300 Average loss: 0.0274
====> Epoch: 57400 Average loss: 0.0251
====> Epoch: 57500 Average loss: 0.0313
====> Epoch: 57600 Average loss: 0.0288
====> Epoch: 57700 Average loss: 0.0325
====> Epoch: 57800 Average loss: 0.0301
====> Epoch: 57900 Average loss: 0.0309
====> Epoch: 58000 Average loss: 0.0317
====> Epoch: 58100 Average loss: 0.0289
====> Epoch: 58200 Average loss: 0.0263
====> Epoch: 58300 Average loss: 0.0282
====> Epoch: 58400 Average loss: 0.0294
====> Epoch: 58500 Average loss: 0.0232
====> Epoch: 58600 Average loss: 0.0348
====> Epoch: 58700 Average loss: 0.0308
====> Epoch: 58800 Average loss: 0.0291
====> Epoch: 58900 Average loss: 0.0266
====> Epoch: 59000 Average loss: 0.0227
====> Epoch: 59100 Average loss: 0.0248
====> Epoch: 59200 Average loss: 0.0287
====> Epoch: 59300 Average loss: 0.0282
====> Epoch: 59400 Average loss: 0.0257
====> Epoch: 59500 Average loss: 0.0241
====> Epoch: 59600 Average loss: 0.0260
====> Epoch: 59700 Average loss: 0.0310
====> Epoch: 59800 Average loss: 0.0339
====> Epoch: 59900 Average loss: 0.0452
====> Epoch: 60000 Average loss: 0.0287
----------------------------------------------------
I:  tensor([ 0.0000,  0.0000,  1.1459, -0.8093,  0.1586,  0.0000,  0.0000, -0.4178, 0.1211,  0.4074,  0.0000,  0.3225,  1.6658], device='cuda:0')
R:  tensor([ 0.4614, -0.2658,  1.2195, -0.8951,  0.3067,  1.2261,  1.2308, -0.4441, 0.0525,  0.6713,  0.5198,  0.3622,  1.5912], device='cuda:0', grad_fn=<UnbindBackward0>)
G:  tensor([ 0.3575, -0.3289,  1.1459, -0.8093,  0.1586,  1.1295,  1.2055, -0.4178, 0.1211,  0.4074,  0.4938,  0.3225,  1.6658], device='cuda:0')
----------------------------------------------------
I:  tensor([-0.0872,  0.4252,  1.2190,  0.0000,  0.0000, -1.2099, -1.5353,  1.3549,-1.4733, -0.1982,  0.0000, -0.4261,  0.0000], device='cuda:0')
R:  tensor([-0.0850,  0.4406,  1.2864,  0.3976, -0.2394, -1.1783, -1.6113,  1.3070,-1.4198, -0.1056, -0.8439, -0.4249, -0.4067], device='cuda:0', grad_fn=<UnbindBackward0>)
G:  tensor([-0.0872,  0.4252,  1.2190,  0.4519, -0.2627, -1.2099, -1.5353,  1.3549,-1.4733, -0.1982, -0.8224, -0.4261, -0.4678], device='cuda:0')
----------------------------------------------------
I:  tensor([ 0.0000,  1.4036,  0.0000,  0.0000,  0.9309, -1.4182, -0.6418,  0.0000,-0.7900,  1.8782, -1.6999,  0.0000, -0.6270], device='cuda:0')
R:  tensor([ 0.1091,  1.4855, -0.0514,  0.4935,  0.8519, -1.4141, -0.6354, -0.1295,-0.7687,  2.2854, -1.8144, -1.8082, -0.6239], device='cuda:0', grad_fn=<UnbindBackward0>)
G:  tensor([ 0.0981,  1.4036, -0.0238,  0.6021,  0.9309, -1.4182, -0.6418, -0.1761,-0.7900,  1.8782, -1.6999, -1.8103, -0.6270], device='cuda:0')
----------------------------------------------------
I:  tensor([-0.2849,  0.9817, -1.4129,  0.0000, -1.3861, -1.0657, -0.7824,  0.5491, 0.0000,  0.0000, -1.1295,  0.0000, -1.1938], device='cuda:0')
R:  tensor([-0.2537,  1.0231, -1.3836, -0.9909, -1.3417, -1.1094, -0.8542,  0.5301,-1.2153, -0.7388, -1.1904, -0.6064, -1.1746], device='cuda:0', grad_fn=<UnbindBackward0>)
G:  tensor([-0.2849,  0.9817, -1.4129, -1.0495, -1.3861, -1.0657, -0.7824,  0.5491,-1.3332, -0.7172, -1.1295, -0.6945, -1.1938], device='cuda:0')
----------------------------------------------------
I:  tensor([ 0.0000, -0.6520,  0.0000,  0.9925, -0.6840,  0.0000,  0.0000,  0.5491,-0.0541, -1.1282,  1.6345,  0.0000, -0.8022], device='cuda:0')
R:  tensor([-1.1123, -0.6114, -0.1379,  0.9430, -0.6803, -0.8268, -0.3590,  0.5397,-0.0731, -1.2439,  1.7389, -0.4688, -0.7810], device='cuda:0', grad_fn=<UnbindBackward0>)
G:  tensor([-1.0384, -0.6520, -0.2066,  0.9925, -0.6840, -0.8254, -0.3406,  0.5491,-0.0541, -1.1282,  1.6345, -0.4967, -0.8022], device='cuda:0')
----------------------------------------------------
I:  tensor([ 1.5186,  0.0000,  0.2321, -1.1696,  1.9139,  0.0000,  1.0348,  0.0000, 1.2249,  0.0000,  0.3622,  1.8479,  0.0000], device='cuda:0')
R:  tensor([ 1.5022, -0.5166,  0.2698, -1.1706,  1.7938,  0.8505,  1.0457, -0.6072, 1.2191,  0.4059,  0.3084,  1.8754,  1.0012], device='cuda:0', grad_fn=<UnbindBackward0>)
G:  tensor([ 1.5186, -0.5622,  0.2321, -1.1696,  1.9139,  0.8090,  1.0348, -0.6596, 1.2249,  0.2517,  0.3622,  1.8479,  1.0130], device='cuda:0')
----------------------------------------------------
I:  tensor([-0.0131, -0.5982,  0.0000,  0.0000,  2.7565,  0.0000,  0.8641, -1.2236, 0.6467, -0.7389,  1.5468,  1.2547,  0.0000], device='cuda:0')
R:  tensor([-0.0055, -0.5995,  0.8693,  3.0483,  2.6032,  1.6407,  0.8194, -1.2124, 0.6802, -0.7600,  1.5346,  1.2766,  0.7857], device='cuda:0', grad_fn=<UnbindBackward0>)
G:  tensor([-0.0131, -0.5982,  0.8535,  3.1545,  2.7565,  1.6102,  0.8641, -1.2236, 0.6467, -0.7389,  1.5468,  1.2547,  0.7582], device='cuda:0')
----------------------------------------------------
I:  tensor([ 0.6910, -0.5622,  0.0000, -0.9894,  1.2118,  1.3698,  0.0000,  0.0000, 1.3125,  0.0000,  0.0000,  1.0852,  0.1532], device='cuda:0')
R:  tensor([ 0.9320, -0.6458, -0.2035, -0.9954,  1.1660,  1.4111,  1.1539, -0.3293, 1.1311,  0.6781, -0.1415,  1.0948,  0.3178], device='cuda:0', grad_fn=<UnbindBackward0>)
G:  tensor([ 0.6910, -0.5622, -0.2066, -0.9894,  1.2118,  1.3698,  1.2657, -0.1761, 1.3125,  0.4637, -0.0327,  1.0852,  0.1532], device='cuda:0')
----------------------------------------------------
I:  tensor([ 0.0000,  0.0000,  0.8535,  3.1545,  2.7565,  1.6102,  0.8641,  0.0000, 0.0000, -0.7389,  0.0000,  1.2547,  0.7582], device='cuda:0')
R:  tensor([-0.0138, -0.5940,  0.8334,  3.0424,  2.5827,  1.6477,  0.8080, -1.2075, 0.6675, -0.7794,  1.5262,  1.3138,  0.7972], device='cuda:0', grad_fn=<UnbindBackward0>)
G:  tensor([-0.0131, -0.5982,  0.8535,  3.1545,  2.7565,  1.6102,  0.8641, -1.2236, 0.6467, -0.7389,  1.5468,  1.2547,  0.7582], device='cuda:0')
----------------------------------------------------
I:  tensor([ 0.0000,  0.3085,  0.0000,  0.0000,  0.2288, -0.8735,  0.0000,  1.9189,-0.9477, -0.5442,  1.1958, -0.1577, -0.4455], device='cuda:0')
R:  tensor([-1.5382,  0.3684,  1.9536,  0.1417,  0.2420, -0.8307, -0.1170,  1.8866,-0.9700, -0.5833,  1.2492, -0.1405, -0.4025], device='cuda:0', grad_fn=<UnbindBackward0>)
G:  tensor([-1.5325e+00,  3.0848e-01,  2.0232e+00,  1.5166e-01,  2.2879e-01,-8.7345e-01,  7.3323e-04,  1.9189e+00, -9.4770e-01, -5.4421e-01,
         1.1958e+00, -1.5775e-01, -4.4549e-01], device='cuda:0')
====> Epoch: 60100 Average loss: 0.0265
====> Epoch: 60200 Average loss: 0.0234
====> Epoch: 60300 Average loss: 0.0265
====> Epoch: 60400 Average loss: 0.0252
====> Epoch: 60500 Average loss: 0.0268
====> Epoch: 60600 Average loss: 0.0288
====> Epoch: 60700 Average loss: 0.0348
====> Epoch: 60800 Average loss: 0.0254
====> Epoch: 60900 Average loss: 0.0279
====> Epoch: 61000 Average loss: 0.0275
====> Epoch: 61100 Average loss: 0.0321
====> Epoch: 61200 Average loss: 0.0292
====> Epoch: 61300 Average loss: 0.0301
====> Epoch: 61400 Average loss: 0.0271
====> Epoch: 61500 Average loss: 0.0333
====> Epoch: 61600 Average loss: 0.0377
====> Epoch: 61700 Average loss: 0.0232
====> Epoch: 61800 Average loss: 0.0303
====> Epoch: 61900 Average loss: 0.0291
====> Epoch: 62000 Average loss: 0.0328
====> Epoch: 62100 Average loss: 0.0249
====> Epoch: 62200 Average loss: 0.0307
====> Epoch: 62300 Average loss: 0.0358
====> Epoch: 62400 Average loss: 0.0355
====> Epoch: 62500 Average loss: 0.0332
====> Epoch: 62600 Average loss: 0.0426
====> Epoch: 62700 Average loss: 0.0295
====> Epoch: 62800 Average loss: 0.0290
====> Epoch: 62900 Average loss: 0.0341
====> Epoch: 63000 Average loss: 0.0279
====> Epoch: 63100 Average loss: 0.0242
====> Epoch: 63200 Average loss: 0.0320
====> Epoch: 63300 Average loss: 0.0264
====> Epoch: 63400 Average loss: 0.0294
====> Epoch: 63500 Average loss: 0.0243
====> Epoch: 63600 Average loss: 0.0324
====> Epoch: 63700 Average loss: 0.0268
====> Epoch: 63800 Average loss: 0.0276
====> Epoch: 63900 Average loss: 0.0357
====> Epoch: 64000 Average loss: 0.0263
====> Epoch: 64100 Average loss: 0.0362
====> Epoch: 64200 Average loss: 0.0294
====> Epoch: 64300 Average loss: 0.0320
====> Epoch: 64400 Average loss: 0.0260
====> Epoch: 64500 Average loss: 0.0331
====> Epoch: 64600 Average loss: 0.0264
====> Epoch: 64700 Average loss: 0.0301
====> Epoch: 64800 Average loss: 0.0317
====> Epoch: 64900 Average loss: 0.0370
====> Epoch: 65000 Average loss: 0.0291
====> Epoch: 65100 Average loss: 0.0250
====> Epoch: 65200 Average loss: 0.0285
====> Epoch: 65300 Average loss: 0.0316
====> Epoch: 65400 Average loss: 0.0305
====> Epoch: 65500 Average loss: 0.0307
====> Epoch: 65600 Average loss: 0.0268
====> Epoch: 65700 Average loss: 0.0299
====> Epoch: 65800 Average loss: 0.0303
====> Epoch: 65900 Average loss: 0.0232
====> Epoch: 66000 Average loss: 0.0313
====> Epoch: 66100 Average loss: 0.0226
====> Epoch: 66200 Average loss: 0.0304
====> Epoch: 66300 Average loss: 0.0335
====> Epoch: 66400 Average loss: 0.0486
====> Epoch: 66500 Average loss: 0.0242
====> Epoch: 66600 Average loss: 0.0305
====> Epoch: 66700 Average loss: 0.0303
====> Epoch: 66800 Average loss: 0.0266
====> Epoch: 66900 Average loss: 0.0356
====> Epoch: 67000 Average loss: 0.0259
====> Epoch: 67100 Average loss: 0.0264
====> Epoch: 67200 Average loss: 0.0305
====> Epoch: 67300 Average loss: 0.0365
====> Epoch: 67400 Average loss: 0.0270
====> Epoch: 67500 Average loss: 0.0323
====> Epoch: 67600 Average loss: 0.0236
====> Epoch: 67700 Average loss: 0.0289
====> Epoch: 67800 Average loss: 0.0274
====> Epoch: 67900 Average loss: 0.0328
====> Epoch: 68000 Average loss: 0.0302
====> Epoch: 68100 Average loss: 0.0282
====> Epoch: 68200 Average loss: 0.0322
====> Epoch: 68300 Average loss: 0.0248
====> Epoch: 68400 Average loss: 0.0284
====> Epoch: 68500 Average loss: 0.0241
====> Epoch: 68600 Average loss: 0.0330
====> Epoch: 68700 Average loss: 0.0216
====> Epoch: 68800 Average loss: 0.0311
====> Epoch: 68900 Average loss: 0.0327
====> Epoch: 69000 Average loss: 0.0299
====> Epoch: 69100 Average loss: 0.0362
====> Epoch: 69200 Average loss: 0.0259
====> Epoch: 69300 Average loss: 0.0282
====> Epoch: 69400 Average loss: 0.0257
====> Epoch: 69500 Average loss: 0.0265
====> Epoch: 69600 Average loss: 0.0300
====> Epoch: 69700 Average loss: 0.0332
====> Epoch: 69800 Average loss: 0.0294
====> Epoch: 69900 Average loss: 0.0382
====> Epoch: 70000 Average loss: 0.0352
----------------------------------------------------
I:  tensor([-1.1372, -1.0829,  0.0000,  0.0000,  0.0000, -0.4729, -0.4511,  0.0000,-0.3345,  0.0000,  1.5468,  0.1530, -0.3722], device='cuda:0')
R:  tensor([-1.1154, -1.0782,  0.3387,  1.2447, -1.7749, -0.4103, -0.4077,  0.1990,-0.3772, -1.2934,  1.1852,  0.2986, -0.2847], device='cuda:0', grad_fn=<UnbindBackward0>)
G:  tensor([-1.1372, -1.0829,  0.5245,  1.3528, -1.5265, -0.4729, -0.4511,  0.3074,-0.3345, -1.2363,  1.5468,  0.1530, -0.3722], device='cuda:0')
----------------------------------------------------
I:  tensor([-1.5325e+00,  3.0848e-01,  0.0000e+00,  1.5166e-01,  2.2879e-01,-8.7345e-01,  7.3323e-04,  0.0000e+00, -9.4770e-01,  0.0000e+00,
         1.1958e+00,  0.0000e+00,  0.0000e+00], device='cuda:0')
R:  tensor([-1.3772, -0.1492,  0.8689,  0.0360,  0.5352, -0.9594, -0.1783,  1.2744,-1.0018, -0.4549,  1.0281, -0.4512, -0.6957], device='cuda:0', grad_fn=<UnbindBackward0>)
G:  tensor([-1.5325e+00,  3.0848e-01,  2.0232e+00,  1.5166e-01,  2.2879e-01,-8.7345e-01,  7.3323e-04,  1.9189e+00, -9.4770e-01, -5.4421e-01,
         1.1958e+00, -1.5775e-01, -4.4549e-01], device='cuda:0')
----------------------------------------------------
I:  tensor([ 0.0000, -0.8495,  0.0000,  0.9024, -1.1053,  0.0000,  0.2618,  0.5491,-0.9652, -0.9335,  0.0000,  0.8168, -1.1524], device='cuda:0')
R:  tensor([-1.1141, -0.8411,  0.5036,  0.9037, -1.1074,  0.4991,  0.2871,  0.4515,-1.0259, -0.9169, -0.0964,  0.8665, -1.1276], device='cuda:0', grad_fn=<UnbindBackward0>)
G:  tensor([-1.1372, -0.8495,  0.4879,  0.9024, -1.1053,  0.4244,  0.2618,  0.5491,-0.9652, -0.9335, -0.1204,  0.8168, -1.1524], device='cuda:0')
----------------------------------------------------
I:  tensor([ 0.0000,  0.0000, -0.4990,  0.1517, -1.3861, -2.1072, -1.6960,  0.3074,-1.5960,  0.0000, -1.6560,  0.0000,  0.0000], device='cuda:0')
R:  tensor([ 1.0770,  2.3294, -0.4022,  0.1152, -1.3747, -1.9074, -1.6277,  0.2085,-1.6711, -0.1305, -1.4848, -1.6928, -1.0111], device='cuda:0', grad_fn=<UnbindBackward0>)
G:  tensor([ 1.0863,  2.4270, -0.4990,  0.1517, -1.3861, -2.1072, -1.6960,  0.3074,-1.5960, -0.0684, -1.6560, -1.8103, -1.0569], device='cuda:0')
----------------------------------------------------
I:  tensor([-0.5937,  0.0841,  0.0000,  0.4519,  0.0000,  0.4084,  0.2417, -0.8207, 0.0000, -1.3228, -0.2521,  0.2377, -1.3435], device='cuda:0')
R:  tensor([-0.5999,  0.0113, -0.7604,  0.4376, -0.8544,  0.4483,  0.2824, -0.9081,-0.6752, -1.2682, -0.2835,  0.2916, -1.3674], device='cuda:0', grad_fn=<UnbindBackward0>)
G:  tensor([-0.5937,  0.0841, -0.7183,  0.4519, -0.8244,  0.4084,  0.2417, -0.8207,-0.6498, -1.3228, -0.2521,  0.2377, -1.3435], device='cuda:0')
----------------------------------------------------
I:  tensor([ 1.0245,  0.0000,  0.8535,  0.0000,  0.0000,  0.2482,  0.9645, -1.1430, 0.0000,  0.0000,  1.2396,  1.0711,  1.6499], device='cuda:0')
R:  tensor([ 0.9473, -0.6350,  0.8553, -0.6042, -0.3667,  0.3042,  1.0328, -1.1668, 1.2422,  0.2286,  1.1601,  1.1460,  1.6680], device='cuda:0', grad_fn=<UnbindBackward0>)
G:  tensor([ 1.0245, -0.6161,  0.8535, -0.6891, -0.4031,  0.2482,  0.9645, -1.1430, 1.2249,  0.2344,  1.2396,  1.0711,  1.6499], device='cuda:0')
----------------------------------------------------
I:  tensor([ 0.2092,  0.2277,  0.0127,  0.0000,  1.4224,  0.0000,  0.0000,  0.0000,-0.2293,  1.8349,  0.0000, -1.4007,  0.2965], device='cuda:0')
R:  tensor([ 0.2459,  0.3762,  0.2644,  0.2963,  1.5991, -0.9648, -1.2227,  1.0085,-0.2926,  1.6788, -1.4587, -1.3052,  0.2058], device='cuda:0', grad_fn=<UnbindBackward0>)
G:  tensor([ 0.2092,  0.2277,  0.0127,  0.1517,  1.4224, -1.0337, -1.3546,  1.3549,-0.2293,  1.8349, -1.5683, -1.4007,  0.2965], device='cuda:0')
----------------------------------------------------
I:  tensor([-0.1613,  0.0000,  0.4148,  0.6021, -0.9648,  0.0000,  0.0000,  0.8714, 0.0000,  1.1212, -1.8315,  0.0000, -0.3882], device='cuda:0')
R:  tensor([-0.1756,  1.9092,  0.4199,  0.5824, -0.9321, -0.8358, -1.3593,  0.8409,-1.2530,  1.1373, -1.7686, -1.0325, -0.3811], device='cuda:0', grad_fn=<UnbindBackward0>)
G:  tensor([-0.1613,  2.0410,  0.4148,  0.6021, -0.9648, -0.9536, -1.3847,  0.8714,-1.2806,  1.1212, -1.8315, -1.0617, -0.3882], device='cuda:0')
----------------------------------------------------
I:  tensor([ 0.6045,  0.0000, -0.4625,  1.3528, -0.8946,  0.0000,  0.0000, -0.7401, 0.0000, -0.5702,  0.0989,  0.2377,  0.0000], device='cuda:0')
R:  tensor([ 0.6038, -0.6523, -0.4462,  1.2768, -0.8353, -0.5599, -0.0945, -0.8037,-1.0026, -0.5271,  0.0844,  0.2904, -0.8448], device='cuda:0', grad_fn=<UnbindBackward0>)
G:  tensor([ 0.6045, -0.6071, -0.4625,  1.3528, -0.8946, -0.6651, -0.1900, -0.7401,-0.9827, -0.5702,  0.0989,  0.2377, -0.8754], device='cuda:0')
----------------------------------------------------
I:  tensor([-0.8778,  0.0000,  0.0000,  0.0000, -0.8244,  0.0000,  0.2216, -0.9013, 0.6993, -1.2580,  0.8448,  0.9722, -1.4550], device='cuda:0')
R:  tensor([-0.9084,  0.3636, -0.5123, -0.4294, -0.7808,  0.3122,  0.2395, -1.0113, 0.7250, -1.1850,  0.7754,  1.0819, -1.4263], device='cuda:0', grad_fn=<UnbindBackward0>)
G:  tensor([-0.8778,  0.4431, -0.5356, -0.4489, -0.8244,  0.2482,  0.2216, -0.9013, 0.6993, -1.2580,  0.8448,  0.9722, -1.4550], device='cuda:0')
====> Epoch: 70100 Average loss: 0.0316
====> Epoch: 70200 Average loss: 0.0233
====> Epoch: 70300 Average loss: 0.0336
====> Epoch: 70400 Average loss: 0.0270
====> Epoch: 70500 Average loss: 0.0238
====> Epoch: 70600 Average loss: 0.0312
====> Epoch: 70700 Average loss: 0.0257
====> Epoch: 70800 Average loss: 0.0284
====> Epoch: 70900 Average loss: 0.0388
====> Epoch: 71000 Average loss: 0.0285
====> Epoch: 71100 Average loss: 0.0275
====> Epoch: 71200 Average loss: 0.0255
====> Epoch: 71300 Average loss: 0.0305
====> Epoch: 71400 Average loss: 0.0255
====> Epoch: 71500 Average loss: 0.0348
====> Epoch: 71600 Average loss: 0.0277
====> Epoch: 71700 Average loss: 0.0322
====> Epoch: 71800 Average loss: 0.0287
====> Epoch: 71900 Average loss: 0.0249
====> Epoch: 72000 Average loss: 0.0283
====> Epoch: 72100 Average loss: 0.0306
====> Epoch: 72200 Average loss: 0.0251
====> Epoch: 72300 Average loss: 0.0233
====> Epoch: 72400 Average loss: 0.0224
====> Epoch: 72500 Average loss: 0.0333
====> Epoch: 72600 Average loss: 0.0328
====> Epoch: 72700 Average loss: 0.0271
====> Epoch: 72800 Average loss: 0.0273
====> Epoch: 72900 Average loss: 0.0268
====> Epoch: 73000 Average loss: 0.0270
====> Epoch: 73100 Average loss: 0.0320
====> Epoch: 73200 Average loss: 0.0257
====> Epoch: 73300 Average loss: 0.0283
====> Epoch: 73400 Average loss: 0.0311
====> Epoch: 73500 Average loss: 0.0376
====> Epoch: 73600 Average loss: 0.0309
====> Epoch: 73700 Average loss: 0.0331
====> Epoch: 73800 Average loss: 0.0341
====> Epoch: 73900 Average loss: 0.0301
====> Epoch: 74000 Average loss: 0.0269
====> Epoch: 74100 Average loss: 0.0325
====> Epoch: 74200 Average loss: 0.0295
====> Epoch: 74300 Average loss: 0.0310
====> Epoch: 74400 Average loss: 0.0316
====> Epoch: 74500 Average loss: 0.0332
====> Epoch: 74600 Average loss: 0.0305
====> Epoch: 74700 Average loss: 0.0253
====> Epoch: 74800 Average loss: 0.0293
====> Epoch: 74900 Average loss: 0.0329
====> Epoch: 75000 Average loss: 0.0268
====> Epoch: 75100 Average loss: 0.0285
====> Epoch: 75200 Average loss: 0.0254
====> Epoch: 75300 Average loss: 0.0262
====> Epoch: 75400 Average loss: 0.0361
====> Epoch: 75500 Average loss: 0.0295
====> Epoch: 75600 Average loss: 0.0277
====> Epoch: 75700 Average loss: 0.0246
====> Epoch: 75800 Average loss: 0.0292
====> Epoch: 75900 Average loss: 0.0315
====> Epoch: 76000 Average loss: 0.0233
====> Epoch: 76100 Average loss: 0.0347
====> Epoch: 76200 Average loss: 0.0289
====> Epoch: 76300 Average loss: 0.0292
====> Epoch: 76400 Average loss: 0.0371
====> Epoch: 76500 Average loss: 0.0212
====> Epoch: 76600 Average loss: 0.0312
====> Epoch: 76700 Average loss: 0.0294
====> Epoch: 76800 Average loss: 0.0266
====> Epoch: 76900 Average loss: 0.0262
====> Epoch: 77000 Average loss: 0.0241
====> Epoch: 77100 Average loss: 0.0259
====> Epoch: 77200 Average loss: 0.0268
====> Epoch: 77300 Average loss: 0.0300
====> Epoch: 77400 Average loss: 0.0222
====> Epoch: 77500 Average loss: 0.0283
====> Epoch: 77600 Average loss: 0.0299
====> Epoch: 77700 Average loss: 0.0228
====> Epoch: 77800 Average loss: 0.0426
====> Epoch: 77900 Average loss: 0.0212
====> Epoch: 78000 Average loss: 0.0238
====> Epoch: 78100 Average loss: 0.0277
====> Epoch: 78200 Average loss: 0.0238
====> Epoch: 78300 Average loss: 0.0272
====> Epoch: 78400 Average loss: 0.0261
====> Epoch: 78500 Average loss: 0.0290
====> Epoch: 78600 Average loss: 0.0260
====> Epoch: 78700 Average loss: 0.0253
====> Epoch: 78800 Average loss: 0.0247
====> Epoch: 78900 Average loss: 0.0319
====> Epoch: 79000 Average loss: 0.0234
====> Epoch: 79100 Average loss: 0.0247
====> Epoch: 79200 Average loss: 0.0304
====> Epoch: 79300 Average loss: 0.0329
====> Epoch: 79400 Average loss: 0.0368
====> Epoch: 79500 Average loss: 0.0309
====> Epoch: 79600 Average loss: 0.0342
====> Epoch: 79700 Average loss: 0.0219
====> Epoch: 79800 Average loss: 0.0276
====> Epoch: 79900 Average loss: 0.0286
====> Epoch: 80000 Average loss: 0.0270
----------------------------------------------------
I:  tensor([ 1.0739,  0.0000,  1.5845,  0.0000,  0.5096,  0.0000,  0.0000,  0.0656, 0.2963, -0.2414,  1.2835,  0.0000,  0.5353], device='cuda:0')
R:  tensor([ 1.1620, -0.2765,  1.5717, -0.0828,  0.5715,  1.1367,  0.9961,  0.1536, 0.2500, -0.1953,  1.1770,  1.0230,  0.5933], device='cuda:0', grad_fn=<UnbindBackward0>)
G:  tensor([ 1.0739, -0.3917,  1.5845, -0.0285,  0.5096,  1.0493,  0.9445,  0.0656, 0.2963, -0.2414,  1.2835,  1.1134,  0.5353], device='cuda:0')
----------------------------------------------------
I:  tensor([ 1.3086, -0.1673,  0.8900, -0.5690,  1.4926,  0.0000,  0.4826, -0.4178,-0.5973, -0.0035,  0.4499,  0.0000,  1.7454], device='cuda:0')
R:  tensor([ 1.4501, -0.0075,  0.9517, -0.5931,  1.4620,  0.5038,  0.4624, -0.3932,-0.6331,  0.0983,  0.4066,  1.3475,  1.8625], device='cuda:0', grad_fn=<UnbindBackward0>)
G:  tensor([ 1.3086, -0.1673,  0.8900, -0.5690,  1.4926,  0.4885,  0.4826, -0.4178,-0.5973, -0.0035,  0.4499,  1.3677,  1.7454], device='cuda:0')
----------------------------------------------------
I:  tensor([ 0.1351,  0.0000, -2.4363, -1.3498, -1.5265,  1.0974,  1.1553,  0.0000, 0.0000,  0.1046,  0.0000,  0.0000, -0.7799], device='cuda:0')
R:  tensor([ 0.2184, -1.1622, -2.2659, -1.3226, -1.3421,  1.0459,  1.1236, -0.7407, 1.0642,  0.2312,  0.7354,  0.7398, -0.6485], device='cuda:0', grad_fn=<UnbindBackward0>)
G:  tensor([ 0.1351, -1.1906, -2.4363, -1.3498, -1.5265,  1.0974,  1.1553, -0.8207, 1.2074,  0.1046,  0.7132,  0.8027, -0.7799], device='cuda:0')
----------------------------------------------------
I:  tensor([ 0.8886,  0.0000,  0.4879, -0.8393,  0.5799,  0.0000,  0.0000, -1.3848, 0.0000,  0.7535, -0.2959,  0.0000,  1.7136], device='cuda:0')
R:  tensor([ 1.0474, -0.7839,  0.5075, -0.8827,  0.5686,  1.8356,  1.7241, -1.3757, 0.7092,  0.8689, -0.5194,  0.4471,  1.8552], device='cuda:0', grad_fn=<UnbindBackward0>)
G:  tensor([ 0.8886, -0.8136,  0.4879, -0.8393,  0.5799,  1.7704,  1.6472, -1.3848, 0.7869,  0.7535, -0.2959,  0.3649,  1.7136], device='cuda:0')
----------------------------------------------------
I:  tensor([ 0.0000, -0.4545, -0.0238,  0.0000,  0.2990,  0.0000,  0.6634,  0.4685, 0.0000, -0.5269,  0.0000,  0.3649,  0.7742], device='cuda:0')
R:  tensor([ 0.8730, -0.3413,  0.1255, -0.7577,  0.4568,  0.2541,  0.7099,  0.4425, 0.4533, -0.4503,  1.1382,  0.2806,  0.8207], device='cuda:0', grad_fn=<UnbindBackward0>)
G:  tensor([ 0.8392, -0.4545, -0.0238, -0.6891,  0.2990,  0.2001,  0.6634,  0.4685, 0.6642, -0.5269,  1.1958,  0.3649,  0.7742], device='cuda:0')
----------------------------------------------------
I:  tensor([ 0.1351, -0.3917,  1.4018,  0.0000,  1.1416, -0.1524, -0.7522,  0.0000,-0.0541,  0.0000,  0.0000, -1.8103, -1.0251], device='cuda:0')
R:  tensor([ 0.2345, -0.2592,  1.4199,  1.7956,  1.0488, -0.1943, -0.7945, -0.7775,-0.1555,  1.0336, -1.6959, -1.8742, -0.9665], device='cuda:0', grad_fn=<UnbindBackward0>)
G:  tensor([ 0.1351, -0.3917,  1.4018,  1.8032,  1.1416, -0.1524, -0.7522, -0.8207,-0.0541,  0.8833, -1.5244, -1.8103, -1.0251], device='cuda:0')
----------------------------------------------------
I:  tensor([ 1.2592,  0.0000,  0.0000,  0.0000, -0.2627,  0.5686,  0.3019, -0.8207, 0.6817,  0.0000,  0.3622,  0.0000,  0.9175], device='cuda:0')
R:  tensor([ 1.4195, -0.5295, -0.5517, -1.0785, -0.1827,  0.6322,  0.2971, -0.7722, 0.5764, -0.0641,  0.2272,  1.3580,  1.0309], device='cuda:0', grad_fn=<UnbindBackward0>)
G:  tensor([ 1.2592, -0.5892, -0.5721, -1.0495, -0.2627,  0.5686,  0.3019, -0.8207, 0.6817, -0.1549,  0.3622,  1.3818,  0.9175], device='cuda:0')
----------------------------------------------------
I:  tensor([ 0.0000, -0.5892,  0.0000,  0.0000, -0.2627,  0.5686,  0.3019, -0.8207, 0.6817, -0.1549,  0.3622,  1.3818,  0.0000], device='cuda:0')
R:  tensor([ 1.2578, -0.3959, -0.3393, -1.0129, -0.1340,  0.6193,  0.4882, -0.7556, 0.4431, -0.2245,  0.3248,  1.5202,  1.0580], device='cuda:0', grad_fn=<UnbindBackward0>)
G:  tensor([ 1.2592, -0.5892, -0.5721, -1.0495, -0.2627,  0.5686,  0.3019, -0.8207, 0.6817, -0.1549,  0.3622,  1.3818,  0.9175], device='cuda:0')
----------------------------------------------------
I:  tensor([ 0.0000,  0.0000,  0.0493,  0.0000, -0.8244,  0.0078,  0.0000,  1.1132,-0.9652,  1.1212, -1.7437, -1.4572,  0.0000], device='cuda:0')
R:  tensor([-0.6609,  1.6342,  0.1049,  0.4537, -0.7549, -0.0665, -1.2351,  1.0521,-0.9964,  1.2052, -1.9085, -1.5193, -0.5897], device='cuda:0', grad_fn=<UnbindBackward0>)
G:  tensor([-0.7913,  1.3408,  0.0493,  0.4519, -0.8244,  0.0078, -1.1137,  1.1132,-0.9652,  1.1212, -1.7437, -1.4572, -0.7225], device='cuda:0')
----------------------------------------------------
I:  tensor([-1.6684,  0.0000,  0.0000,  0.0000, -0.8244, -0.6011,  0.0000,  0.0000,-0.4396, -1.0633,  1.7661,  0.8451, -0.5888], device='cuda:0')
R:  tensor([-1.5216, -0.5233,  0.8915,  1.9538, -0.7700, -0.6093, -0.4279,  0.3389,-0.3918, -1.0219,  1.6095,  0.7291, -0.5276], device='cuda:0', grad_fn=<UnbindBackward0>)
G:  tensor([-1.6684, -0.5982,  0.9266,  1.9534, -0.8244, -0.6011, -0.4209,  0.3074,-0.4396, -1.0633,  1.7661,  0.8451, -0.5888], device='cuda:0')
====> Epoch: 80100 Average loss: 0.0360
====> Epoch: 80200 Average loss: 0.0260
====> Epoch: 80300 Average loss: 0.0302
====> Epoch: 80400 Average loss: 0.0258
====> Epoch: 80500 Average loss: 0.0291
====> Epoch: 80600 Average loss: 0.0420
====> Epoch: 80700 Average loss: 0.0257
====> Epoch: 80800 Average loss: 0.0253
====> Epoch: 80900 Average loss: 0.0281
====> Epoch: 81000 Average loss: 0.0261
====> Epoch: 81100 Average loss: 0.0330
====> Epoch: 81200 Average loss: 0.0286
====> Epoch: 81300 Average loss: 0.0288
====> Epoch: 81400 Average loss: 0.0271
====> Epoch: 81500 Average loss: 0.0327
====> Epoch: 81600 Average loss: 0.0291
====> Epoch: 81700 Average loss: 0.0239
====> Epoch: 81800 Average loss: 0.0235
====> Epoch: 81900 Average loss: 0.0260
====> Epoch: 82000 Average loss: 0.0254
====> Epoch: 82100 Average loss: 0.0246
====> Epoch: 82200 Average loss: 0.0319
====> Epoch: 82300 Average loss: 0.0322
====> Epoch: 82400 Average loss: 0.0268
====> Epoch: 82500 Average loss: 0.0302
====> Epoch: 82600 Average loss: 0.0288
====> Epoch: 82700 Average loss: 0.0278
====> Epoch: 82800 Average loss: 0.0312
====> Epoch: 82900 Average loss: 0.0227
====> Epoch: 83000 Average loss: 0.0278
====> Epoch: 83100 Average loss: 0.0272
====> Epoch: 83200 Average loss: 0.0246
====> Epoch: 83300 Average loss: 0.0280
====> Epoch: 83400 Average loss: 0.0302
====> Epoch: 83500 Average loss: 0.0212
====> Epoch: 83600 Average loss: 0.0290
====> Epoch: 83700 Average loss: 0.0301
====> Epoch: 83800 Average loss: 0.0204
====> Epoch: 83900 Average loss: 0.0318
====> Epoch: 84000 Average loss: 0.0339
====> Epoch: 84100 Average loss: 0.0300
====> Epoch: 84200 Average loss: 0.0228
====> Epoch: 84300 Average loss: 0.0284
====> Epoch: 84400 Average loss: 0.0348
====> Epoch: 84500 Average loss: 0.0234
====> Epoch: 84600 Average loss: 0.0241
====> Epoch: 84700 Average loss: 0.0286
====> Epoch: 84800 Average loss: 0.0256
====> Epoch: 84900 Average loss: 0.0261
====> Epoch: 85000 Average loss: 0.0291
====> Epoch: 85100 Average loss: 0.0223
====> Epoch: 85200 Average loss: 0.0248
====> Epoch: 85300 Average loss: 0.0280
====> Epoch: 85400 Average loss: 0.0295
====> Epoch: 85500 Average loss: 0.0263
====> Epoch: 85600 Average loss: 0.0257
====> Epoch: 85700 Average loss: 0.0359
====> Epoch: 85800 Average loss: 0.0256
====> Epoch: 85900 Average loss: 0.0229
====> Epoch: 86000 Average loss: 0.0303
====> Epoch: 86100 Average loss: 0.0271
====> Epoch: 86200 Average loss: 0.0309
====> Epoch: 86300 Average loss: 0.0349
====> Epoch: 86400 Average loss: 0.0326
====> Epoch: 86500 Average loss: 0.0239
====> Epoch: 86600 Average loss: 0.0293
====> Epoch: 86700 Average loss: 0.0257
====> Epoch: 86800 Average loss: 0.0257
====> Epoch: 86900 Average loss: 0.0252
====> Epoch: 87000 Average loss: 0.0258
====> Epoch: 87100 Average loss: 0.0300
====> Epoch: 87200 Average loss: 0.0266
====> Epoch: 87300 Average loss: 0.0249
====> Epoch: 87400 Average loss: 0.0279
====> Epoch: 87500 Average loss: 0.0253
====> Epoch: 87600 Average loss: 0.0295
====> Epoch: 87700 Average loss: 0.0371
====> Epoch: 87800 Average loss: 0.0256
====> Epoch: 87900 Average loss: 0.0221
====> Epoch: 88000 Average loss: 0.0220
====> Epoch: 88100 Average loss: 0.0310
====> Epoch: 88200 Average loss: 0.0228
====> Epoch: 88300 Average loss: 0.0351
====> Epoch: 88400 Average loss: 0.0309
====> Epoch: 88500 Average loss: 0.0222
====> Epoch: 88600 Average loss: 0.0265
====> Epoch: 88700 Average loss: 0.0281
====> Epoch: 88800 Average loss: 0.0281
====> Epoch: 88900 Average loss: 0.0287
====> Epoch: 89000 Average loss: 0.0294
====> Epoch: 89100 Average loss: 0.0327
====> Epoch: 89200 Average loss: 0.0265
====> Epoch: 89300 Average loss: 0.0217
====> Epoch: 89400 Average loss: 0.0260
====> Epoch: 89500 Average loss: 0.0276
====> Epoch: 89600 Average loss: 0.0313
====> Epoch: 89700 Average loss: 0.0256
====> Epoch: 89800 Average loss: 0.0320
====> Epoch: 89900 Average loss: 0.0223
====> Epoch: 90000 Average loss: 0.0285
----------------------------------------------------
I:  tensor([-1.0260, -0.7956,  0.0000,  0.0000,  0.2990, -0.6491,  0.0000,  0.7103,-0.9827, -0.9119,  2.1610, -0.5391,  0.0000], device='cuda:0')
R:  tensor([-1.0521, -0.7543,  0.5842, -0.2626,  0.3955, -0.5726, -0.1835,  0.5973,-0.9795, -0.8727,  2.1765, -0.4624, -1.2300], device='cuda:0', grad_fn=<UnbindBackward0>)
G:  tensor([-1.0260, -0.7956,  0.5976, -0.1486,  0.2990, -0.6491, -0.2804,  0.7103,-0.9827, -0.9119,  2.1610, -0.5391, -1.2480], device='cuda:0')
----------------------------------------------------
I:  tensor([ 0.0000,  0.0000,  0.4879,  0.4519, -0.8244,  0.2963,  0.0000,  0.0000,-0.2644, -0.8557,  0.0000, -0.4261, -0.9964], device='cuda:0')
R:  tensor([-1.7855, -1.2952,  0.4256,  0.5541, -0.7739,  0.2985,  0.0734,  0.2913,-0.2635, -0.7993,  0.7162, -0.2454, -0.9387], device='cuda:0', grad_fn=<UnbindBackward0>)
G:  tensor([-1.9648, -1.4330,  0.4879,  0.4519, -0.8244,  0.2963, -0.0193,  0.4685,-0.2644, -0.8557,  0.6254, -0.4261, -0.9964], device='cuda:0')
----------------------------------------------------
I:  tensor([ 0.0000,  0.0000,  1.2190,  1.6531, -0.1223,  0.0000, -0.7221,  1.3549, 1.9432,  0.0000, -1.6999, -0.9205,  0.0000], device='cuda:0')
R:  tensor([ 1.6824, -0.5514,  1.2565,  1.5362, -0.0345,  0.8678, -0.6529,  1.2346, 1.9272,  3.2990, -1.5023, -0.8520, -0.1867], device='cuda:0', grad_fn=<UnbindBackward0>)
G:  tensor([ 1.6545, -0.5892,  1.2190,  1.6531, -0.1223,  0.8090, -0.7221,  1.3549, 1.9432,  3.4354, -1.6999, -0.9205, -0.2767], device='cuda:0')
----------------------------------------------------
I:  tensor([ 1.7163, -0.4186,  0.3052, -1.4699,  0.0000,  0.0000,  0.s, -0.4984, 0.6817,  0.0830,  0.2744,  1.3677,  1.7295], device='cuda:0')
R:  tensor([ 1.7881, -0.4666,  0.3270, -1.5674, -0.0760,  0.4672,  0.7052, -0.5848, 0.7309,  0.0727,  0.3523,  1.3081,  1.8428], device='cuda:0', grad_fn=<UnbindBackward0>)
G:  tensor([ 1.7163, -0.4186,  0.3052, -1.4699, -0.2627,  0.3283,  0.4927, -0.4984, 0.6817,  0.0830,  0.2744,  1.3677,  1.7295], device='cuda:0')
----------------------------------------------------
I:  tensor([ 1.5063,  1.4844,  0.0000,  0.0000,  1.9841,  1.1295,  1.0147,  0.0000, 0.8569,  0.0000, -0.2959,  0.0000,  0.0417], device='cuda:0')
R:  tensor([ 1.5778,  1.3963,  0.5044, -1.9507,  2.0867,  1.2281,  1.1118, -1.4154, 0.8822,  0.0035, -0.1816,  1.3866,  0.0907], device='cuda:0', grad_fn=<UnbindBackward0>)
G:  tensor([ 1.5063,  1.4844,  0.5245, -1.8903,  1.9841,  1.1295,  1.0147, -1.3042, 0.8569,  0.0181, -0.2959,  1.2971,  0.0417], device='cuda:0')
----------------------------------------------------
I:  tensor([-1.6684, -0.5982,  0.0000,  1.9534,  0.0000,  0.0000, -0.4209,  0.3074, 0.0000, -1.0633,  1.7661,  0.8451,  0.0000], device='cuda:0')
R:  tensor([-1.7368, -0.5618,  0.9362,  1.8404, -0.7334, -0.4933, -0.3390,  0.1938,-0.3990, -1.0782,  1.7966,  0.9165, -0.5802], device='cuda:0', grad_fn=<UnbindBackward0>)
G:  tensor([-1.6684, -0.5982,  0.9266,  1.9534, -0.8244, -0.6011, -0.4209,  0.3074,-0.4396, -1.0633,  1.7661,  0.8451, -0.5888], device='cuda:0')
----------------------------------------------------
I:  tensor([-0.7172,  0.0000, -0.3528,  0.7522,  0.0000,  0.0000, -0.1900,  2.4024,-0.2994,  0.0000, -0.4275,  0.0000, -1.3754], device='cuda:0')
R:  tensor([-0.6669,  0.2121, -0.2729,  0.6967, -0.6080, -0.8527, -0.0870,  2.3906,-0.2684, -0.9830, -0.2797,  1.0202, -1.3566], device='cuda:0', grad_fn=<UnbindBackward0>)
G:  tensor([-0.7172,  0.1918, -0.3528,  0.7522, -0.6840, -0.9856, -0.1900,  2.4024,-0.2994, -1.0200, -0.4275,  0.9722, -1.3754], device='cuda:0')
----------------------------------------------------
I:  tensor([ 0.0000, -0.6341, -0.3162, -1.0495,  1.8437,  1.1295,  1.1453,  0.0000, 0.0000,  0.2560,  0.5815,  0.0000,  0.1054], device='cuda:0')
R:  tensor([ 1.4315, -0.5960, -0.2693, -1.0968,  1.9526,  1.2653,  1.2633, -1.0337, 0.9523,  0.2046,  0.6448,  1.6286,  0.1300], device='cuda:0', grad_fn=<UnbindBackward0>)
G:  tensor([ 1.3086, -0.6341, -0.3162, -1.0495,  1.8437,  1.1295,  1.1453, -0.9819, 0.8920,  0.2560,  0.5815,  1.5513,  0.1054], device='cuda:0')
----------------------------------------------------
I:  tensor([ 0.0000, -0.5443,  0.3417,  0.3018,  1.1416,  0.0000,  0.0000, -1.3042, 1.5052,  0.5156,  0.0989,  0.5908,  0.0000], device='cuda:0')
R:  tensor([ 0.7432, -0.5683,  0.3651,  0.2061,  1.3722,  1.1237,  0.8390, -1.3657, 1.5787,  0.4975,  0.1987,  0.6547,  1.3255], device='cuda:0', grad_fn=<UnbindBackward0>)
G:  tensor([ 0.6910, -0.5443,  0.3417,  0.3018,  1.1416,  1.0654,  0.7537, -1.3042, 1.5052,  0.5156,  0.0989,  0.5908,  1.1882], device='cuda:0')
----------------------------------------------------
I:  tensor([-1.2360, -1.2714,  0.0000,  0.0000, -0.9648,  0.0000,  0.0000, -0.4984, 0.0000, -1.1066,  1.8539,  0.7180, -1.4932], device='cuda:0')
R:  tensor([-1.2418, -1.2151, -1.3529, -0.2268, -0.9057,  0.2981,  0.3577, -0.5725,-0.2387, -1.1557,  1.9693,  0.8031, -1.4798], device='cuda:0', grad_fn=<UnbindBackward0>)
G:  tensor([-1.2360, -1.2714, -1.3397, -0.1486, -0.9648,  0.2001,  0.2316, -0.4984,-0.2819, -1.1066,  1.8539,  0.7180, -1.4932], device='cuda:0')
====> Epoch: 90100 Average loss: 0.0237
====> Epoch: 90200 Average loss: 0.0235
====> Epoch: 90300 Average loss: 0.0238
====> Epoch: 90400 Average loss: 0.0285
====> Epoch: 90500 Average loss: 0.0250
====> Epoch: 90600 Average loss: 0.0248
====> Epoch: 90700 Average loss: 0.0271
====> Epoch: 90800 Average loss: 0.0226
====> Epoch: 90900 Average loss: 0.0260
====> Epoch: 91000 Average loss: 0.0236
====> Epoch: 91100 Average loss: 0.0222
====> Epoch: 91200 Average loss: 0.0248
====> Epoch: 91300 Average loss: 0.0312
====> Epoch: 91400 Average loss: 0.0284
====> Epoch: 91500 Average loss: 0.0262
====> Epoch: 91600 Average loss: 0.0269
====> Epoch: 91700 Average loss: 0.0215
====> Epoch: 91800 Average loss: 0.0326
====> Epoch: 91900 Average loss: 0.0290
====> Epoch: 92000 Average loss: 0.0268
====> Epoch: 92100 Average loss: 0.0298
====> Epoch: 92200 Average loss: 0.0245
====> Epoch: 92300 Average loss: 0.0272
====> Epoch: 92400 Average loss: 0.0285
====> Epoch: 92500 Average loss: 0.0308
====> Epoch: 92600 Average loss: 0.0259
====> Epoch: 92700 Average loss: 0.0260
====> Epoch: 92800 Average loss: 0.0341
====> Epoch: 92900 Average loss: 0.0300
====> Epoch: 93000 Average loss: 0.0386
====> Epoch: 93100 Average loss: 0.0309
====> Epoch: 93200 Average loss: 0.0229
====> Epoch: 93300 Average loss: 0.0305
====> Epoch: 93400 Average loss: 0.0354
====> Epoch: 93500 Average loss: 0.0204
====> Epoch: 93600 Average loss: 0.0191
====> Epoch: 93700 Average loss: 0.0257
====> Epoch: 93800 Average loss: 0.0261
====> Epoch: 93900 Average loss: 0.0260
====> Epoch: 94000 Average loss: 0.0326
====> Epoch: 94100 Average loss: 0.0314
====> Epoch: 94200 Average loss: 0.0272
====> Epoch: 94300 Average loss: 0.0278
====> Epoch: 94400 Average loss: 0.0267
====> Epoch: 94500 Average loss: 0.0290
====> Epoch: 94600 Average loss: 0.0269
====> Epoch: 94700 Average loss: 0.0267
====> Epoch: 94800 Average loss: 0.0374
====> Epoch: 94900 Average loss: 0.0310
====> Epoch: 95000 Average loss: 0.0298
====> Epoch: 95100 Average loss: 0.0249
====> Epoch: 95200 Average loss: 0.0252
====> Epoch: 95300 Average loss: 0.0421
====> Epoch: 95400 Average loss: 0.0256
====> Epoch: 95500 Average loss: 0.0279
====> Epoch: 95600 Average loss: 0.0244
====> Epoch: 95700 Average loss: 0.0243
====> Epoch: 95800 Average loss: 0.0274
====> Epoch: 95900 Average loss: 0.0360
====> Epoch: 96000 Average loss: 0.0239
====> Epoch: 96100 Average loss: 0.0316
====> Epoch: 96200 Average loss: 0.0241
====> Epoch: 96300 Average loss: 0.0248
====> Epoch: 96400 Average loss: 0.0246
====> Epoch: 96500 Average loss: 0.0294
====> Epoch: 96600 Average loss: 0.0245
====> Epoch: 96700 Average loss: 0.0295
====> Epoch: 96800 Average loss: 0.0250
====> Epoch: 96900 Average loss: 0.0333
====> Epoch: 97000 Average loss: 0.0265
====> Epoch: 97100 Average loss: 0.0291
====> Epoch: 97200 Average loss: 0.0262
====> Epoch: 97300 Average loss: 0.0286
====> Epoch: 97400 Average loss: 0.0340
====> Epoch: 97500 Average loss: 0.0256
====> Epoch: 97600 Average loss: 0.0252
====> Epoch: 97700 Average loss: 0.0219
====> Epoch: 97800 Average loss: 0.0263
====> Epoch: 97900 Average loss: 0.0192
====> Epoch: 98000 Average loss: 0.0306
====> Epoch: 98100 Average loss: 0.0244
====> Epoch: 98200 Average loss: 0.0257
====> Epoch: 98300 Average loss: 0.0208
====> Epoch: 98400 Average loss: 0.0252
====> Epoch: 98500 Average loss: 0.0524
====> Epoch: 98600 Average loss: 0.0295
====> Epoch: 98700 Average loss: 0.0298
====> Epoch: 98800 Average loss: 0.0265
====> Epoch: 98900 Average loss: 0.0303
====> Epoch: 99000 Average loss: 0.0234
====> Epoch: 99100 Average loss: 0.0486
====> Epoch: 99200 Average loss: 0.0257
====> Epoch: 99300 Average loss: 0.0230
====> Epoch: 99400 Average loss: 0.0223
====> Epoch: 99500 Average loss: 0.0310
====> Epoch: 99600 Average loss: 0.0208
====> Epoch: 99700 Average loss: 0.0249
====> Epoch: 99800 Average loss: 0.0265
====> Epoch: 99900 Average loss: 0.0257
====> Epoch: 100000 Average loss: 0.0318/data/kayoung/anaconda3/envs/hi-vae/lib/python3.7/site-packages/torch/optim/lr_scheduler.py:143: UserWarning: Detected call of `lr_scheduler.step()` before `optimizer.step()`. In PyTorch 1.1.0 and later, you should call them in the opposite order: `optimizer.step()` before `lr_scheduler.step()`.  Failure to do this will result in PyTorch skipping the first value of the learning rate schedule. See more details at https://pytorch.org/docs/stable/optim.html#how-to-adjust-learning-rate
  "https://pytorch.org/docs/stable/optim.html#how-to-adjust-learning-rate", UserWarning)

----------------------------------------------------
I:  tensor([ 1.6051, -0.3737,  1.2921,  0.0000,  1.4224,  0.8090,  1.1151, -0.2567, 0.0000,  0.4940,  0.4938,  0.0541,  1.6977], device='cuda:0')
R:  tensor([ 1.5702, -0.3010,  1.3557,  0.1787,  1.3758,  0.7614,  1.0315, -0.1499, 0.7023,  0.6874,  0.4036,  0.0334,  1.6158], device='cuda:0', grad_fn=<UnbindBackward0>)
G:  tensor([ 1.6051, -0.3737,  1.2921,  0.1517,  1.4224,  0.8090,  1.1151, -0.2567, 0.6642,  0.4940,  0.4938,  0.0541,  1.6977], device='cuda:0')
----------------------------------------------------
I:  tensor([-0.7790, -1.1368, -0.9742, -0.2988,  0.0000,  0.0000,  0.0000, -0.9819, 0.6292,  0.0000,  0.3622,  0.0000, -0.2767], device='cuda:0')
R:  tensor([-0.8203, -1.2088, -1.0033, -0.1612, -0.7560,  1.8563,  1.3959, -1.0171, 0.5811, -0.2944,  0.3523,  0.2324, -0.3458], device='cuda:0',grad_fn=<UnbindBackward0>)
G:  tensor([-0.7790, -1.1368, -0.9742, -0.2988, -0.8244,  1.9627,  1.7276, -0.9819, 0.6292, -0.2414,  0.3622,  0.2236, -0.2767], device='cuda:0')
----------------------------------------------------
I:  tensor([-1.1372,  0.0000,  0.0000,  1.3528, -1.5265, -0.4729, -0.4511,  0.0000, -0.3345, -1.2363,  1.5468,  0.0000, -0.3722], device='cuda:0')
R:  tensor([-1.2025, -0.9846,  0.4644,  1.3975, -1.6222, -0.4438, -0.5086,  0.4214, -0.3734, -1.4348,  1.5358,  0.3455, -0.4650], device='cuda:0', grad_fn=<UnbindBackward0>)
G:  tensor([-1.1372, -1.0829,  0.5245,  1.3528, -1.5265, -0.4729, -0.4511,  0.3074, -0.3345, -1.2363,  1.5468,  0.1530, -0.3722], device='cuda:0')
----------------------------------------------------
I:  tensor([-0.0502,  0.9997, -0.0604,  0.0000,  0.4394, -1.4503,  0.0000,  0.3074, -1.1404,  0.0960, -1.2173, -1.2171, -0.2289], device='cuda:0')
R:  tensor([-0.1354,  1.1008, -0.0071, -0.1326,  0.4607, -1.5585, -1.3900,  0.2569, -1.0625,  0.3607, -1.4068, -1.2643, -0.1757], device='cuda:0', grad_fn=<UnbindBackward0>)
G:  tensor([-0.0502,  0.9997, -0.0604, -0.2988,  0.4394, -1.4503, -1.3345,  0.3074, -1.1404,  0.0960, -1.2173, -1.2171, -0.2289], device='cuda:0')
----------------------------------------------------
I:  tensor([ 0.5057,  1.3498,  0.0000,  0.0000,  0.0000,  0.2482,  0.6533, -0.7401, -0.1943,  0.0000,  0.0000,  0.5485,  0.9175], device='cuda:0')
R:  tensor([ 0.4670,  1.5604, -0.8623, -0.1204, -0.6827,  0.2842,  0.5833, -0.5914, -0.0428, -0.2753, -0.4078,  0.5118,  0.6190], device='cuda:0', grad_fn=<UnbindBackward0>)
G:  tensor([ 0.5057,  1.3498, -0.9011, -0.2087, -0.6840,  0.2482,  0.6533, -0.7401, -0.1943, -0.3366, -0.2082,  0.5485,  0.9175], device='cuda:0')
----------------------------------------------------
I:  tensor([-0.4455,  0.0000,  0.0000, -0.8093,  0.0000, -0.4408, -0.6217,  0.0000, -1.7011,  0.2993,  0.0989,  0.0000, -0.9455], device='cuda:0')
R:  tensor([-0.4484, -0.8131, -1.2876, -0.7509, -0.0096, -0.4983, -0.6523,  1.4062, -1.6258,  0.4029,  0.0099, -1.4897, -1.0000], device='cuda:0', grad_fn=<UnbindBackward0>)
G:  tensor([-0.4455, -0.8764, -1.2666, -0.8093,  0.0181, -0.4408, -0.6217,  1.3549, -1.7011,  0.2993,  0.0989, -1.4431, -0.9455], device='cuda:0')
----------------------------------------------------
I:  tensor([ 0.0000, -0.4815,  1.0362,  0.0000,  0.7203,  0.0879,  0.5027, -0.5790, -0.0892,  0.0000,  0.0000,  0.3649,  1.1085], device='cuda:0')
R:  tensor([ 0.5629, -0.4170,  0.9749,  0.0080,  0.6680, -0.0117,  0.4445, -0.5485, 0.0113, -0.3493,  0.5735,  0.4806,  0.9556], device='cuda:0', grad_fn=<UnbindBackward0>)
G:  tensor([ 0.6292, -0.4815,  1.0362, -0.1486,  0.7203,  0.0879,  0.5027, -0.5790, -0.0892, -0.3712,  0.6254,  0.3649,  1.1085], device='cuda:0')
----------------------------------------------------
I:  tensor([ 0.3698, -0.5533,  0.0000,  0.0000, -0.4031,  0.1681,  0.1614,  0.0000, -0.4221, -0.4793,  0.2744,  0.0000,  0.0000], device='cuda:0')
R:  tensor([ 0.3096, -0.5208, -0.7965, -0.6704, -0.3900,  0.1540,  0.1170, -0.7027, -0.3738, -0.3561,  0.1888,  0.1339,  1.5606], device='cuda:0', grad_fn=<UnbindBackward0>)
G:  tensor([ 0.3698, -0.5533, -0.8280, -0.7492, -0.4031,  0.1681,  0.1614, -0.7401, -0.4221, -0.4793,  0.2744,  0.2236,  1.7136], device='cuda:0')
----------------------------------------------------
I:  tensor([-0.4949, -0.8944, -1.7053, -0.2988,  0.0000,  0.0000, -0.6719, -0.5790, -0.4221,  0.0000,  0.0000,  0.0000, -0.5888], device='cuda:0')
R:  tensor([-0.6224, -0.8297, -1.7130, -0.1993, -0.8304, -1.3466, -0.6922, -0.5265, -0.4340, -1.2835,  0.3669,  0.3609, -0.6928], device='cuda:0', grad_fn=<UnbindBackward0>)
G:  tensor([-0.4949, -0.8944, -1.7053, -0.2988, -0.8244, -1.3542, -0.6719, -0.5790, -0.4221, -1.1282,  0.3622,  0.2236, -0.5888], device='cuda:0')
----------------------------------------------------
I:  tensor([ 0.3698, -0.5533, -0.8280, -0.7492, -0.4031,  0.0000,  0.1614, -0.7401, -0.4221,  0.0000,  0.2744,  0.2236,  1.7136], device='cuda:0')
R:  tensor([ 0.3271, -0.4664, -0.8302, -0.6580, -0.3601,  0.0872,  0.0867, -0.7031, -0.3792, -0.3687,  0.2094,  0.1688,  1.5406], device='cuda:0', grad_fn=<UnbindBackward0>)
G:  tensor([ 0.3698, -0.5533, -0.8280, -0.7492, -0.4031,  0.1681,  0.1614, -0.7401, -0.4221, -0.4793,  0.2744,  0.2236,  1.7136], device='cuda:0')
