/local_datasets/hi-vae
/data/kayoung/anaconda3/envs/hi-vae/bin/python
augi2
Using device:  cuda
-----------------SETTINGS-------------------
f : None
max_remove_count : 5
new_num_per_origin : 100
epochs : 100000
val_size : 0.2
test_size : 0.1
random_state : 328
H : 1024
H2 : 512
latent_dim : 5
batch_size : 1024
device : cuda
--------------------------------------------
the number of parameters: 1617050
----------------------------------------------------
step_size: 5000
gamma: 0.8
----------------------------------------------------
====> Epoch: 100 Average loss: 0.4567
====> Epoch: 200 Average loss: 0.1597
====> Epoch: 300 Average loss: 0.1355
====> Epoch: 400 Average loss: 0.1394
====> Epoch: 500 Average loss: 0.1658
====> Epoch: 600 Average loss: 0.0853
====> Epoch: 700 Average loss: 0.0833
====> Epoch: 800 Average loss: 0.0892
====> Epoch: 900 Average loss: 0.0909
====> Epoch: 1000 Average loss: 0.0812
====> Epoch: 1100 Average loss: 0.0596
====> Epoch: 1200 Average loss: 0.0600
====> Epoch: 1300 Average loss: 0.0496
====> Epoch: 1400 Average loss: 0.0490
====> Epoch: 1500 Average loss: 0.0863
====> Epoch: 1600 Average loss: 0.0655
====> Epoch: 1700 Average loss: 0.0650
====> Epoch: 1800 Average loss: 0.0600
====> Epoch: 1900 Average loss: 0.0620
====> Epoch: 2000 Average loss: 0.0658
====> Epoch: 2100 Average loss: 0.0545
====> Epoch: 2200 Average loss: 0.0443
====> Epoch: 2300 Average loss: 0.0579
====> Epoch: 2400 Average loss: 0.0637
====> Epoch: 2500 Average loss: 0.1098
====> Epoch: 2600 Average loss: 0.0467
====> Epoch: 2700 Average loss: 0.0423
====> Epoch: 2800 Average loss: 0.0589
====> Epoch: 2900 Average loss: 0.0602
====> Epoch: 3000 Average loss: 0.0449
====> Epoch: 3100 Average loss: 0.0481
====> Epoch: 3200 Average loss: 0.0519
====> Epoch: 3300 Average loss: 0.0397
====> Epoch: 3400 Average loss: 0.0697
====> Epoch: 3500 Average loss: 0.0634
====> Epoch: 3600 Average loss: 0.0624
====> Epoch: 3700 Average loss: 0.0458
====> Epoch: 3800 Average loss: 0.0437
====> Epoch: 3900 Average loss: 0.0553
====> Epoch: 4000 Average loss: 0.0466
====> Epoch: 4100 Average loss: 0.0505
====> Epoch: 4200 Average loss: 0.0441
====> Epoch: 4300 Average loss: 0.0363
====> Epoch: 4400 Average loss: 0.0522
====> Epoch: 4500 Average loss: 0.0417
====> Epoch: 4600 Average loss: 0.0449
====> Epoch: 4700 Average loss: 0.0419
====> Epoch: 4800 Average loss: 0.0481
====> Epoch: 4900 Average loss: 0.0540
====> Epoch: 5000 Average loss: 0.0594
====> Epoch: 5100 Average loss: 0.0561
====> Epoch: 5200 Average loss: 0.0466
====> Epoch: 5300 Average loss: 0.0480
====> Epoch: 5400 Average loss: 0.0361
====> Epoch: 5500 Average loss: 0.0406
====> Epoch: 5600 Average loss: 0.0393
====> Epoch: 5700 Average loss: 0.0338
====> Epoch: 5800 Average loss: 0.0434
====> Epoch: 5900 Average loss: 0.0475
====> Epoch: 6000 Average loss: 0.0443
====> Epoch: 6100 Average loss: 0.0495
====> Epoch: 6200 Average loss: 0.0539
====> Epoch: 6300 Average loss: 0.0511
====> Epoch: 6400 Average loss: 0.0574
====> Epoch: 6500 Average loss: 0.0596
====> Epoch: 6600 Average loss: 0.0461
====> Epoch: 6700 Average loss: 0.0408
====> Epoch: 6800 Average loss: 0.0361
====> Epoch: 6900 Average loss: 0.0344
====> Epoch: 7000 Average loss: 0.0434
====> Epoch: 7100 Average loss: 0.0482
====> Epoch: 7200 Average loss: 0.0454
====> Epoch: 7300 Average loss: 0.0399
====> Epoch: 7400 Average loss: 0.0460
====> Epoch: 7500 Average loss: 0.0350
====> Epoch: 7600 Average loss: 0.0416
====> Epoch: 7700 Average loss: 0.0534
====> Epoch: 7800 Average loss: 0.0339
====> Epoch: 7900 Average loss: 0.0405
====> Epoch: 8000 Average loss: 0.0436
====> Epoch: 8100 Average loss: 0.0513
====> Epoch: 8200 Average loss: 0.0469
====> Epoch: 8300 Average loss: 0.0458
====> Epoch: 8400 Average loss: 0.0310
====> Epoch: 8500 Average loss: 0.0419
====> Epoch: 8600 Average loss: 0.0386
====> Epoch: 8700 Average loss: 0.0415
====> Epoch: 8800 Average loss: 0.0500
====> Epoch: 8900 Average loss: 0.0521
====> Epoch: 9000 Average loss: 0.0383
====> Epoch: 9100 Average loss: 0.0449
====> Epoch: 9200 Average loss: 0.0345
====> Epoch: 9300 Average loss: 0.0368
====> Epoch: 9400 Average loss: 0.0424
====> Epoch: 9500 Average loss: 0.0391
====> Epoch: 9600 Average loss: 0.0743
====> Epoch: 9700 Average loss: 0.0563
====> Epoch: 9800 Average loss: 0.0556
====> Epoch: 9900 Average loss: 0.0380
====> Epoch: 10000 Average loss: 0.0411
----------------------------------------------------
I:  tensor([-1.2360, -1.2714, -1.3397, -0.1486, -0.9648,  0.2001,  0.2316, -0.4984,
        -0.2819,  0.0000,  1.8539,  0.7180, -1.4932], device='cuda:0')
R:  tensor([-1.2234, -1.2492, -1.4171, -0.0869, -1.0446,  0.1414,  0.2158, -0.5432,
        -0.2536, -1.0826,  1.9762,  0.7078, -1.5302], device='cuda:0',
       grad_fn=<UnbindBackward0>)
G:  tensor([-1.2360, -1.2714, -1.3397, -0.1486, -0.9648,  0.2001,  0.2316, -0.4984,
        -0.2819, -1.1066,  1.8539,  0.7180, -1.4932], device='cuda:0')
----------------------------------------------------
I:  tensor([-0.3466, -0.4725, -0.6087,  0.0000, -0.9648,  0.0000,  0.5027, -0.8207,
         0.3138,  0.0000,  0.8887,  0.7462, -0.1047], device='cuda:0')
R:  tensor([-0.3478, -0.4761, -0.6057, -0.1699, -1.0266, -0.1881,  0.4659, -0.8605,
         0.3321, -0.4492,  0.9675,  0.7193, -0.0894], device='cuda:0',
       grad_fn=<UnbindBackward0>)
G:  tensor([-0.3466, -0.4725, -0.6087, -0.2087, -0.9648, -0.1524,  0.5027, -0.8207,
         0.3138, -0.5010,  0.8887,  0.7462, -0.1047], device='cuda:0')
----------------------------------------------------
I:  tensor([-0.7172,  0.0000,  1.3287,  0.0000,  0.1586, -0.1524,  0.0000,  0.5491,
         0.0000, -1.2882, -0.1643,  0.0000, -1.2161], device='cuda:0')
R:  tensor([-0.6875,  1.8923,  1.4236,  2.1349,  0.1832, -0.2124,  0.0602,  0.5445,
         0.2172, -1.2746, -0.2112,  0.7189, -1.2525], device='cuda:0',
       grad_fn=<UnbindBackward0>)
G:  tensor([-0.7172,  1.8794,  1.3287,  2.1035,  0.1586, -0.1524,  0.1011,  0.5491,
         0.2087, -1.2882, -0.1643,  0.7180, -1.2161], device='cuda:0')
----------------------------------------------------
I:  tensor([ 0.0000,  0.9817, -1.3397,  0.0000, -0.8946, -0.4729, -0.3908,  0.0656,
         0.4890,  0.0000, -0.1204,  0.0000,  0.0000], device='cuda:0')
R:  tensor([-1.2567,  0.9908, -1.3891, -0.0858, -0.9500, -0.5050, -0.4211,  0.0638,
         0.5002, -1.5990, -0.1572,  0.6060, -0.6018], device='cuda:0',
       grad_fn=<UnbindBackward0>)
G:  tensor([-1.2360,  0.9817, -1.3397, -0.1486, -0.8946, -0.4729, -0.3908,  0.0656,
         0.4890, -1.6343, -0.1204,  0.6191, -0.5824], device='cuda:0')
----------------------------------------------------
I:  tensor([ 0.5922, -0.4725,  0.1589,  0.3018,  0.0000,  0.0000,  0.9545, -0.8207,
         0.4715,  0.0181,  0.3622,  1.2123,  0.5513], device='cuda:0')
R:  tensor([ 0.6760, -0.4522,  0.1602,  0.3628, -0.0279,  0.5972,  0.9325, -0.8878,
         0.4789,  0.1087,  0.3881,  1.2427,  0.5654], device='cuda:0',
       grad_fn=<UnbindBackward0>)
G:  tensor([ 0.5922, -0.4725,  0.1589,  0.3018,  0.0181,  0.6488,  0.9545, -0.8207,
         0.4715,  0.0181,  0.3622,  1.2123,  0.5513], device='cuda:0')
----------------------------------------------------
I:  tensor([ 0.0000,  0.0212,  1.1093,  0.0000,  0.0000,  0.0000,  1.2155, -0.4984,
         2.1360,  0.2690,  0.3183,  0.0000,  1.3951], device='cuda:0')
R:  tensor([ 0.2244,  0.0376,  1.1871, -0.2120,  0.0989,  0.7585,  1.2033, -0.5652,
         2.1579,  0.3687,  0.3507,  0.7603,  1.4512], device='cuda:0',
       grad_fn=<UnbindBackward0>)
G:  tensor([ 0.1969,  0.0212,  1.1093, -0.2687,  0.0884,  0.8090,  1.2155, -0.4984,
         2.1360,  0.2690,  0.3183,  0.7886,  1.3951], device='cuda:0')
----------------------------------------------------
I:  tensor([-0.6060,  0.0000, -0.4259, -0.5991, -1.0351, -0.4729, -1.4550,  0.0000,
         0.0000,  0.1695,  0.0000, -1.5561,  0.0000], device='cuda:0')
R:  tensor([-0.5897, -0.9743, -0.4229, -0.5509, -1.1232, -0.5022, -1.4986,  1.9861,
        -0.5695,  0.2767, -1.0040, -1.6488, -0.3302], device='cuda:0',
       grad_fn=<UnbindBackward0>)
G:  tensor([-0.6060, -0.9842, -0.4259, -0.5991, -1.0351, -0.4729, -1.4550,  1.9189,
        -0.5973,  0.1695, -0.9102, -1.5561, -0.3086], device='cuda:0')
----------------------------------------------------
I:  tensor([ 1.0739, -0.3917,  1.5845,  0.0000,  0.5096,  0.0000,  0.0000,  0.0656,
         0.2963, -0.2414,  0.0000,  0.0000,  0.5353], device='cuda:0')
R:  tensor([ 1.1674, -0.3805,  1.7155,  0.0422,  0.5426,  1.0143,  0.9539,  0.0595,
         0.3061, -0.1834,  1.3777,  1.1266,  0.5624], device='cuda:0',
       grad_fn=<UnbindBackward0>)
G:  tensor([ 1.0739, -0.3917,  1.5845, -0.0285,  0.5096,  1.0493,  0.9445,  0.0656,
         0.2963, -0.2414,  1.2835,  1.1134,  0.5353], device='cuda:0')
----------------------------------------------------
I:  tensor([-1.4584, -0.7777, -1.3763,  0.0000,  0.0000,  0.0000, -0.4310, -0.4984,
        -0.1067, -1.3445, -0.0327,  1.0146, -0.8022], device='cuda:0')
R:  tensor([-1.4785, -0.7819, -1.4484,  0.4433, -1.0348, -0.5510, -0.4843, -0.5406,
        -0.1022, -1.3173, -0.0716,  1.0249, -0.8393], device='cuda:0',
       grad_fn=<UnbindBackward0>)
G:  tensor([-1.4584, -0.7777, -1.3763,  0.3919, -0.9648, -0.5049, -0.4310, -0.4984,
        -0.1067, -1.3445, -0.0327,  1.0146, -0.8022], device='cuda:0')
----------------------------------------------------
I:  tensor([ 0.0610, -0.6161,  0.6707,  0.0000,  0.0000,  0.2482,  0.4023,  0.0000,
        -0.2644, -0.3496,  0.0000, -0.1436,  0.0000], device='cuda:0')
R:  tensor([ 0.0952, -0.5875,  0.7111, -0.3894, -0.1276,  0.2203,  0.3909, -0.6209,
        -0.2240, -0.2746,  0.7748, -0.1906,  1.1932], device='cuda:0',
       grad_fn=<UnbindBackward0>)
G:  tensor([ 0.0610, -0.6161,  0.6707, -0.4489, -0.1223,  0.2482,  0.4023, -0.5790,
        -0.2644, -0.3496,  0.7132, -0.1436,  1.1404], device='cuda:0')
====> Epoch: 10100 Average loss: 0.0394
====> Epoch: 10200 Average loss: 0.0423
====> Epoch: 10300 Average loss: 0.0310
====> Epoch: 10400 Average loss: 0.0520
====> Epoch: 10500 Average loss: 0.0266
====> Epoch: 10600 Average loss: 0.0373
====> Epoch: 10700 Average loss: 0.0459
====> Epoch: 10800 Average loss: 0.0325
====> Epoch: 10900 Average loss: 0.0297
====> Epoch: 11000 Average loss: 0.0537
====> Epoch: 11100 Average loss: 0.0383
====> Epoch: 11200 Average loss: 0.0309
====> Epoch: 11300 Average loss: 0.0399
====> Epoch: 11400 Average loss: 0.0328
====> Epoch: 11500 Average loss: 0.0469
====> Epoch: 11600 Average loss: 0.0404
====> Epoch: 11700 Average loss: 0.0413
====> Epoch: 11800 Average loss: 0.0334
====> Epoch: 11900 Average loss: 0.0420
====> Epoch: 12000 Average loss: 0.0490
====> Epoch: 12100 Average loss: 0.0357
====> Epoch: 12200 Average loss: 0.0318
====> Epoch: 12300 Average loss: 0.0331
====> Epoch: 12400 Average loss: 0.0317
====> Epoch: 12500 Average loss: 0.0498
====> Epoch: 12600 Average loss: 0.0561
====> Epoch: 12700 Average loss: 0.0323
====> Epoch: 12800 Average loss: 0.0362
====> Epoch: 12900 Average loss: 0.0342
====> Epoch: 13000 Average loss: 0.0335
====> Epoch: 13100 Average loss: 0.0374
====> Epoch: 13200 Average loss: 0.0378
====> Epoch: 13300 Average loss: 0.0409
====> Epoch: 13400 Average loss: 0.0364
====> Epoch: 13500 Average loss: 0.0266
====> Epoch: 13600 Average loss: 0.0361
====> Epoch: 13700 Average loss: 0.0350
====> Epoch: 13800 Average loss: 0.0331
====> Epoch: 13900 Average loss: 0.0451
====> Epoch: 14000 Average loss: 0.0360
====> Epoch: 14100 Average loss: 0.0307
====> Epoch: 14200 Average loss: 0.0343
====> Epoch: 14300 Average loss: 0.0336
====> Epoch: 14400 Average loss: 0.0395
====> Epoch: 14500 Average loss: 0.0357
====> Epoch: 14600 Average loss: 0.0445
====> Epoch: 14700 Average loss: 0.0379
====> Epoch: 14800 Average loss: 0.0483
====> Epoch: 14900 Average loss: 0.0410
====> Epoch: 15000 Average loss: 0.0310
====> Epoch: 15100 Average loss: 0.0367
====> Epoch: 15200 Average loss: 0.0366
====> Epoch: 15300 Average loss: 0.0364
====> Epoch: 15400 Average loss: 0.0316
====> Epoch: 15500 Average loss: 0.0385
====> Epoch: 15600 Average loss: 0.0332
====> Epoch: 15700 Average loss: 0.0222
====> Epoch: 15800 Average loss: 0.0322
====> Epoch: 15900 Average loss: 0.0266
====> Epoch: 16000 Average loss: 0.0385
====> Epoch: 16100 Average loss: 0.0355
====> Epoch: 16200 Average loss: 0.0328
====> Epoch: 16300 Average loss: 0.0340
====> Epoch: 16400 Average loss: 0.0436
====> Epoch: 16500 Average loss: 0.0298
====> Epoch: 16600 Average loss: 0.0343
====> Epoch: 16700 Average loss: 0.0406
====> Epoch: 16800 Average loss: 0.0341
====> Epoch: 16900 Average loss: 0.0304
====> Epoch: 17000 Average loss: 0.0328
====> Epoch: 17100 Average loss: 0.0306
====> Epoch: 17200 Average loss: 0.0334
====> Epoch: 17300 Average loss: 0.0321
====> Epoch: 17400 Average loss: 0.0325
====> Epoch: 17500 Average loss: 0.0292
====> Epoch: 17600 Average loss: 0.0335
====> Epoch: 17700 Average loss: 0.0416
====> Epoch: 17800 Average loss: 0.0357
====> Epoch: 17900 Average loss: 0.0528
====> Epoch: 18000 Average loss: 0.0301
====> Epoch: 18100 Average loss: 0.0335
====> Epoch: 18200 Average loss: 0.0345
====> Epoch: 18300 Average loss: 0.0284
====> Epoch: 18400 Average loss: 0.0404
====> Epoch: 18500 Average loss: 0.0309
====> Epoch: 18600 Average loss: 0.0371
====> Epoch: 18700 Average loss: 0.0380
====> Epoch: 18800 Average loss: 0.0370
====> Epoch: 18900 Average loss: 0.0321
====> Epoch: 19000 Average loss: 0.0426
====> Epoch: 19100 Average loss: 0.0277
====> Epoch: 19200 Average loss: 0.0407
====> Epoch: 19300 Average loss: 0.0336
====> Epoch: 19400 Average loss: 0.0403
====> Epoch: 19500 Average loss: 0.0402
====> Epoch: 19600 Average loss: 0.0245
====> Epoch: 19700 Average loss: 0.0409
====> Epoch: 19800 Average loss: 0.0338
====> Epoch: 19900 Average loss: 0.0315
====> Epoch: 20000 Average loss: 0.0443
----------------------------------------------------
I:  tensor([ 0.0000,  1.3857,  0.0000,  0.0000,  0.0000, -1.4663, -1.2542, -0.5790,
         0.0000,  1.3634, -1.3489, -0.8640,  0.3443], device='cuda:0')
R:  tensor([-0.8817,  1.3059, -0.5640, -0.4565,  0.8380, -1.3090, -1.0459, -0.8110,
        -0.6422,  1.2066, -1.1954, -0.6427,  0.5224], device='cuda:0',
       grad_fn=<UnbindBackward0>)
G:  tensor([-0.9272,  1.3857, -0.6087, -0.2988,  0.8607, -1.4663, -1.2542, -0.5790,
        -0.7900,  1.3634, -1.3489, -0.8640,  0.3443], device='cuda:0')
----------------------------------------------------
I:  tensor([ 0.1351, -0.3917,  1.4018,  0.0000,  0.0000, -0.1524, -0.7522, -0.8207,
        -0.0541,  0.0000, -1.5244,  0.0000, -1.0251], device='cuda:0')
R:  tensor([ 0.3356, -0.2738,  1.3052,  1.6062,  1.1736,  0.0397, -0.5136, -1.0369,
         0.0328,  0.7277, -1.2478, -1.3560, -0.8297], device='cuda:0',
       grad_fn=<UnbindBackward0>)
G:  tensor([ 0.1351, -0.3917,  1.4018,  1.8032,  1.1416, -0.1524, -0.7522, -0.8207,
        -0.0541,  0.8833, -1.5244, -1.8103, -1.0251], device='cuda:0')
----------------------------------------------------
I:  tensor([-0.8778,  0.0000, -0.5721, -0.4489,  0.0000,  0.8891,  0.0000,  0.7103,
         0.0000, -1.1931,  2.0294,  0.0000, -1.0856], device='cuda:0')
R:  tensor([-0.8747,  0.6568, -0.5597, -0.5817, -0.7614,  1.1202,  1.1022,  0.5152,
         2.1505, -1.2176,  2.0012,  0.5150, -1.0848], device='cuda:0',
       grad_fn=<UnbindBackward0>)
G:  tensor([-0.8778,  0.7483, -0.5721, -0.4489, -0.8244,  0.8891,  0.9645,  0.7103,
         2.1360, -1.1931,  2.0294,  0.3084, -1.0856], device='cuda:0')
----------------------------------------------------
I:  tensor([-1.9648, -1.4330,  0.0000,  0.4519, -0.8244,  0.2963, -0.0193,  0.0000,
        -0.2644,  0.0000,  0.0000,  0.0000, -0.9964], device='cuda:0')
R:  tensor([-1.9267, -1.4286,  0.4760,  0.1616, -0.6804,  0.4536,  0.2276,  0.0544,
         0.0956, -0.9183,  0.4688, -0.0081, -0.8910], device='cuda:0',
       grad_fn=<UnbindBackward0>)
G:  tensor([-1.9648, -1.4330,  0.4879,  0.4519, -0.8244,  0.2963, -0.0193,  0.4685,
        -0.2644, -0.8557,  0.6254, -0.4261, -0.9964], device='cuda:0')
----------------------------------------------------
I:  tensor([ 0.0000, -0.5622,  0.2321, -1.1696,  1.9139,  0.0000,  1.0348, -0.6596,
         1.2249,  0.0000,  0.0000,  1.8479,  1.0130], device='cuda:0')
R:  tensor([ 1.6624, -0.6324,  0.2069, -1.3286,  1.8311,  1.0038,  1.1437, -0.8498,
         1.2819,  0.1826,  0.3852,  2.0709,  1.2454], device='cuda:0',
       grad_fn=<UnbindBackward0>)
G:  tensor([ 1.5186, -0.5622,  0.2321, -1.1696,  1.9139,  0.8090,  1.0348, -0.6596,
         1.2249,  0.2517,  0.3622,  1.8479,  1.0130], device='cuda:0')
----------------------------------------------------
I:  tensor([ 0.3698,  0.0000, -0.8280, -0.7492, -0.4031,  0.1681,  0.0000, -0.7401,
        -0.4221,  0.0000,  0.2744,  0.0000,  1.7136], device='cuda:0')
R:  tensor([ 0.4423, -0.6468, -0.7521, -0.8880, -0.3934,  0.3635,  0.2966, -0.9720,
        -0.2865, -0.5454,  0.3703,  0.4802,  1.9276], device='cuda:0',
       grad_fn=<UnbindBackward0>)
G:  tensor([ 0.3698, -0.5533, -0.8280, -0.7492, -0.4031,  0.1681,  0.1614, -0.7401,
        -0.4221, -0.4793,  0.2744,  0.2236,  1.7136], device='cuda:0')
----------------------------------------------------
I:  tensor([ 0.0000e+00,  0.0000e+00,  2.0232e+00,  0.0000e+00,  2.2879e-01,
         0.0000e+00,  7.3323e-04,  1.9189e+00, -9.4770e-01, -5.4421e-01,
         1.1958e+00, -1.5775e-01, -4.4549e-01], device='cuda:0')
R:  tensor([-1.5070,  0.0952,  1.6637,  0.0233,  0.2038, -0.5396,  0.1171,  1.4619,
        -0.8465, -0.6342,  1.3546,  0.1278, -0.4536], device='cuda:0',
       grad_fn=<UnbindBackward0>)
G:  tensor([-1.5325e+00,  3.0848e-01,  2.0232e+00,  1.5166e-01,  2.2879e-01,
        -8.7345e-01,  7.3323e-04,  1.9189e+00, -9.4770e-01, -5.4421e-01,
         1.1958e+00, -1.5775e-01, -4.4549e-01], device='cuda:0')
----------------------------------------------------
I:  tensor([ 0.0000,  0.4252,  1.2190,  0.4519, -0.2627,  0.0000,  0.0000,  0.0000,
        -1.4733, -0.1982,  0.0000, -0.4261, -0.4678], device='cuda:0')
R:  tensor([-0.0662,  0.3338,  1.0852,  0.3922, -0.1992, -1.0281, -1.2426,  1.0620,
        -1.2844, -0.2681, -0.5820, -0.1865, -0.3443], device='cuda:0',
       grad_fn=<UnbindBackward0>)
G:  tensor([-0.0872,  0.4252,  1.2190,  0.4519, -0.2627, -1.2099, -1.5353,  1.3549,
        -1.4733, -0.1982, -0.8224, -0.4261, -0.4678], device='cuda:0')
----------------------------------------------------
I:  tensor([ 0.0000,  0.8112,  0.0493,  0.0000, -0.5436, -0.5850, -1.2743,  0.0000,
        -0.5973,  0.0000, -1.7876, -1.4007,  0.0000], device='cuda:0')
R:  tensor([ 0.4680,  0.7778, -0.0094,  0.4821, -0.5023, -0.3684, -1.0073,  0.4693,
        -0.4304,  1.3253, -1.5783, -1.1416, -0.2412], device='cuda:0',
       grad_fn=<UnbindBackward0>)
G:  tensor([ 0.3945,  0.8112,  0.0493,  0.6021, -0.5436, -0.5850, -1.2743,  0.7103,
        -0.5973,  1.4543, -1.7876, -1.4007, -0.3086], device='cuda:0')
----------------------------------------------------
I:  tensor([ 0.9010,  1.8166,  0.0000,  0.9024,  0.0000, -1.6265, -1.5655,  0.0000,
        -0.7725,  0.6756,  0.0000, -1.2171,  0.0000], device='cuda:0')
R:  tensor([ 1.0651,  1.7435, -0.3608,  0.7867, -0.7492, -1.4430, -1.3176,  1.0327,
        -0.6533,  0.5747, -0.6513, -0.9418, -0.6702], device='cuda:0',
       grad_fn=<UnbindBackward0>)
G:  tensor([ 0.9010,  1.8166, -0.3894,  0.9024, -0.8244, -1.6265, -1.5655,  1.2743,
        -0.7725,  0.6756, -0.7785, -1.2171, -0.7225], device='cuda:0')
====> Epoch: 20100 Average loss: 0.0307
====> Epoch: 20200 Average loss: 0.0259
====> Epoch: 20300 Average loss: 0.0322
====> Epoch: 20400 Average loss: 0.0291
====> Epoch: 20500 Average loss: 0.0347
====> Epoch: 20600 Average loss: 0.0424
====> Epoch: 20700 Average loss: 0.0297
====> Epoch: 20800 Average loss: 0.0279
====> Epoch: 20900 Average loss: 0.0343
====> Epoch: 21000 Average loss: 0.0422
====> Epoch: 21100 Average loss: 0.0413
====> Epoch: 21200 Average loss: 0.0310
====> Epoch: 21300 Average loss: 0.0220
====> Epoch: 21400 Average loss: 0.0287
====> Epoch: 21500 Average loss: 0.0368
====> Epoch: 21600 Average loss: 0.0300
====> Epoch: 21700 Average loss: 0.0405
====> Epoch: 21800 Average loss: 0.0325
====> Epoch: 21900 Average loss: 0.0262
====> Epoch: 22000 Average loss: 0.0373
====> Epoch: 22100 Average loss: 0.0312
====> Epoch: 22200 Average loss: 0.0302
====> Epoch: 22300 Average loss: 0.0338
====> Epoch: 22400 Average loss: 0.0336
====> Epoch: 22500 Average loss: 0.0352
====> Epoch: 22600 Average loss: 0.0331
====> Epoch: 22700 Average loss: 0.0317
====> Epoch: 22800 Average loss: 0.0309
====> Epoch: 22900 Average loss: 0.0324
====> Epoch: 23000 Average loss: 0.0264
====> Epoch: 23100 Average loss: 0.0286
====> Epoch: 23200 Average loss: 0.0316
====> Epoch: 23300 Average loss: 0.0353
====> Epoch: 23400 Average loss: 0.0294
====> Epoch: 23500 Average loss: 0.0271
====> Epoch: 23600 Average loss: 0.0332
====> Epoch: 23700 Average loss: 0.0325
====> Epoch: 23800 Average loss: 0.0328
====> Epoch: 23900 Average loss: 0.0386
====> Epoch: 24000 Average loss: 0.0407
====> Epoch: 24100 Average loss: 0.0317
====> Epoch: 24200 Average loss: 0.0260
====> Epoch: 24300 Average loss: 0.0286
====> Epoch: 24400 Average loss: 0.0289
====> Epoch: 24500 Average loss: 0.0361
====> Epoch: 24600 Average loss: 0.0349
====> Epoch: 24700 Average loss: 0.0310
====> Epoch: 24800 Average loss: 0.0348
====> Epoch: 24900 Average loss: 0.0262
====> Epoch: 25000 Average loss: 0.0342
====> Epoch: 25100 Average loss: 0.0264
====> Epoch: 25200 Average loss: 0.0350
====> Epoch: 25300 Average loss: 0.0305
====> Epoch: 25400 Average loss: 0.0273
====> Epoch: 25500 Average loss: 0.0240
====> Epoch: 25600 Average loss: 0.0299
====> Epoch: 25700 Average loss: 0.0218
====> Epoch: 25800 Average loss: 0.0306
====> Epoch: 25900 Average loss: 0.0297
====> Epoch: 26000 Average loss: 0.0281
====> Epoch: 26100 Average loss: 0.0260
====> Epoch: 26200 Average loss: 0.0315
====> Epoch: 26300 Average loss: 0.0343
====> Epoch: 26400 Average loss: 0.0268
====> Epoch: 26500 Average loss: 0.0282
====> Epoch: 26600 Average loss: 0.0206
====> Epoch: 26700 Average loss: 0.0271
====> Epoch: 26800 Average loss: 0.0288
====> Epoch: 26900 Average loss: 0.0312
====> Epoch: 27000 Average loss: 0.0268
====> Epoch: 27100 Average loss: 0.0244
====> Epoch: 27200 Average loss: 0.0271
====> Epoch: 27300 Average loss: 0.0273
====> Epoch: 27400 Average loss: 0.0331
====> Epoch: 27500 Average loss: 0.0290
====> Epoch: 27600 Average loss: 0.0295
====> Epoch: 27700 Average loss: 0.0244
====> Epoch: 27800 Average loss: 0.0245
====> Epoch: 27900 Average loss: 0.0301
====> Epoch: 28000 Average loss: 0.0271
====> Epoch: 28100 Average loss: 0.0292
====> Epoch: 28200 Average loss: 0.0384
====> Epoch: 28300 Average loss: 0.0294
====> Epoch: 28400 Average loss: 0.0251
====> Epoch: 28500 Average loss: 0.0287
====> Epoch: 28600 Average loss: 0.0313
====> Epoch: 28700 Average loss: 0.0235
====> Epoch: 28800 Average loss: 0.0321
====> Epoch: 28900 Average loss: 0.0300
====> Epoch: 29000 Average loss: 0.0284
====> Epoch: 29100 Average loss: 0.0412
====> Epoch: 29200 Average loss: 0.0282
====> Epoch: 29300 Average loss: 0.0237
====> Epoch: 29400 Average loss: 0.0300
====> Epoch: 29500 Average loss: 0.0230
====> Epoch: 29600 Average loss: 0.0340
====> Epoch: 29700 Average loss: 0.0260
====> Epoch: 29800 Average loss: 0.0213
====> Epoch: 29900 Average loss: 0.0391
====> Epoch: 30000 Average loss: 0.0266
----------------------------------------------------
I:  tensor([-1.4707, -0.1942,  0.0000,  0.6021,  2.4054,  0.0000,  0.0000, -1.7877,
        -0.0541, -1.1066,  0.0000, -0.4967,  0.0000], device='cuda:0')
R:  tensor([-1.5169, -0.1016,  1.2362,  0.5559,  2.4318, -1.0306, -0.9263, -1.7153,
         0.0382, -1.2505,  0.0968, -0.2964, -0.3403], device='cuda:0',
       grad_fn=<UnbindBackward0>)
G:  tensor([-1.4707, -0.1942,  1.3652,  0.6021,  2.4054, -1.1138, -1.0434, -1.7877,
        -0.0541, -1.1066, -0.0327, -0.4967, -0.3882], device='cuda:0')
----------------------------------------------------
I:  tensor([ 0.6045,  1.1254, -0.6452,  0.0000, -0.8244, -1.0818, -1.5554,  1.7578,
         0.0000,  0.2777,  0.0000,  0.0000, -0.5315], device='cuda:0')
R:  tensor([ 0.6140,  1.2221, -0.6911, -0.0668, -0.8638, -1.0159, -1.4167,  1.6664,
        -1.2259,  0.1503, -0.5334, -1.0096, -0.4896], device='cuda:0',
       grad_fn=<UnbindBackward0>)
G:  tensor([ 6.0452e-01,  1.1254e+00, -6.4523e-01,  1.5183e-03, -8.2442e-01,
        -1.0818e+00, -1.5554e+00,  1.7578e+00, -1.2456e+00,  2.7767e-01,
        -6.4691e-01, -1.1182e+00, -5.3147e-01], device='cuda:0')
----------------------------------------------------
I:  tensor([ 1.6915,  0.0000,  0.0000, -0.8093,  0.9309,  0.0000,  1.4665, -0.9819,
         0.0000,  1.1861, -0.4275,  0.0000,  2.3346], device='cuda:0')
R:  tensor([ 1.6804, -0.3756,  0.4118, -0.8959,  0.9525,  2.5360,  1.5354, -0.9181,
         1.2040,  1.0618, -0.2986,  1.2963,  2.4455], device='cuda:0',
       grad_fn=<UnbindBackward0>)
G:  tensor([ 1.6915, -0.3468,  0.4879, -0.8093,  0.9309,  2.4914,  1.4665, -0.9819,
         1.0322,  1.1861, -0.4275,  1.1841,  2.3346], device='cuda:0')
----------------------------------------------------
I:  tensor([ 0.0000, -0.7956,  0.5976, -0.1486,  0.2990, -0.6491, -0.2804,  0.0000,
        -0.9827,  0.0000,  2.1610, -0.5391,  0.0000], device='cuda:0')
R:  tensor([-1.0764, -0.7864,  0.4310, -0.2388,  0.2504, -0.5417, -0.1422,  0.6818,
        -0.8423, -1.0508,  2.2498, -0.3680, -1.1891], device='cuda:0',
       grad_fn=<UnbindBackward0>)
G:  tensor([-1.0260, -0.7956,  0.5976, -0.1486,  0.2990, -0.6491, -0.2804,  0.7103,
        -0.9827, -0.9119,  2.1610, -0.5391, -1.2480], device='cuda:0')
----------------------------------------------------
I:  tensor([ 1.3951,  1.5832,  0.0000,  1.5029,  0.0000, -0.3928, -1.2743,  0.0000,
        -0.4221,  1.7917,  0.0000,  0.0000, -0.5952], device='cuda:0')
R:  tensor([ 1.4131,  1.7056,  1.2462,  1.4420, -0.2730, -0.3429, -1.1489,  1.5164,
        -0.3585,  1.6397, -1.4174, -1.2794, -0.5524], device='cuda:0',
       grad_fn=<UnbindBackward0>)
G:  tensor([ 1.3951,  1.5832,  1.3652,  1.5029, -0.2627, -0.3928, -1.2743,  1.5966,
        -0.4221,  1.7917, -1.5244, -1.4289, -0.5952], device='cuda:0')
----------------------------------------------------
I:  tensor([-0.5196, -0.9393, -0.9742,  0.0000,  0.2288, -1.3061, -1.4550,  0.0000,
        -0.3345,  1.0996,  0.0000, -1.4996,  0.0000], device='cuda:0')
R:  tensor([-0.4963, -0.9655, -1.0214,  0.0467,  0.2245, -1.2369, -1.2952,  1.2640,
        -0.3031,  0.9642, -1.5061, -1.3404, -0.2988], device='cuda:0',
       grad_fn=<UnbindBackward0>)
G:  tensor([-0.5196, -0.9393, -0.9742,  0.1517,  0.2288, -1.3061, -1.4550,  1.3549,
        -0.3345,  1.0996, -1.6560, -1.4996, -0.3404], device='cuda:0')
----------------------------------------------------
I:  tensor([ 0.0000, -0.5443, -0.3528, -0.6291,  0.5799,  0.0000,  1.5167, -0.3373,
         0.8569,  0.0000,  0.0000,  0.6897,  0.0000], device='cuda:0')
R:  tensor([ 1.1013, -0.5885, -0.4103, -0.6981,  0.5962,  0.9933,  1.5890, -0.3664,
         1.0285,  1.5254,  0.8060,  0.7976,  1.7402], device='cuda:0',
       grad_fn=<UnbindBackward0>)
G:  tensor([ 1.1604, -0.5443, -0.3528, -0.6291,  0.5799,  0.9372,  1.5167, -0.3373,
         0.8569,  1.6619,  0.7132,  0.6897,  1.6340], device='cuda:0')
----------------------------------------------------
I:  tensor([-0.4949, -0.8944,  0.0000,  0.0000,  0.0000, -1.3542, -0.6719, -0.5790,
        -0.4221,  0.0000,  0.3622,  0.0000, -0.5888], device='cuda:0')
R:  tensor([-0.4934, -0.8865, -1.7309, -0.3734, -0.8626, -1.2672, -0.5585, -0.5743,
        -0.3671, -1.2568,  0.4561,  0.3353, -0.5364], device='cuda:0',
       grad_fn=<UnbindBackward0>)
G:  tensor([-0.4949, -0.8944, -1.7053, -0.2988, -0.8244, -1.3542, -0.6719, -0.5790,
        -0.4221, -1.1282,  0.3622,  0.2236, -0.5888], device='cuda:0')
----------------------------------------------------
I:  tensor([ 0.0000,  0.0000,  0.0000, -0.5991, -1.0351,  0.0000, -1.4550,  1.9189,
        -0.5973,  0.1695, -0.9102,  0.0000, -0.3086], device='cuda:0')
R:  tensor([-0.5994, -0.9854, -0.4755, -0.6632, -1.0697, -0.3992, -1.3274,  1.8004,
        -0.5669,  0.0510, -0.7988, -1.4085, -0.2415], device='cuda:0',
       grad_fn=<UnbindBackward0>)
G:  tensor([-0.6060, -0.9842, -0.4259, -0.5991, -1.0351, -0.4729, -1.4550,  1.9189,
        -0.5973,  0.1695, -0.9102, -1.5561, -0.3086], device='cuda:0')
----------------------------------------------------
I:  tensor([ 0.2833,  0.0000, -0.3162, -0.2988,  0.0000, -0.7933, -1.2040,  0.0000,
         0.0000,  2.3627, -1.7437,  0.0000, -0.2289], device='cuda:0')
R:  tensor([ 0.3106,  0.9185, -0.3752, -0.3419, -0.1049, -0.7400, -1.0827,  1.8702,
         0.6200,  2.2463, -1.6259, -1.4117, -0.1905], device='cuda:0',
       grad_fn=<UnbindBackward0>)
G:  tensor([ 0.2833,  0.8650, -0.3162, -0.2988, -0.1223, -0.7933, -1.2040,  1.9995,
         0.4890,  2.3627, -1.7437, -1.5561, -0.2289], device='cuda:0')
====> Epoch: 30100 Average loss: 0.0238
====> Epoch: 30200 Average loss: 0.0277
====> Epoch: 30300 Average loss: 0.0289
====> Epoch: 30400 Average loss: 0.0257
====> Epoch: 30500 Average loss: 0.0230
====> Epoch: 30600 Average loss: 0.0269
====> Epoch: 30700 Average loss: 0.0325
====> Epoch: 30800 Average loss: 0.0263
====> Epoch: 30900 Average loss: 0.0298
====> Epoch: 31000 Average loss: 0.0248
====> Epoch: 31100 Average loss: 0.0332
====> Epoch: 31200 Average loss: 0.0207
====> Epoch: 31300 Average loss: 0.0215
====> Epoch: 31400 Average loss: 0.0310
====> Epoch: 31500 Average loss: 0.0279
====> Epoch: 31600 Average loss: 0.0275
====> Epoch: 31700 Average loss: 0.0322
====> Epoch: 31800 Average loss: 0.0267
====> Epoch: 31900 Average loss: 0.0277
====> Epoch: 32000 Average loss: 0.0293
====> Epoch: 32100 Average loss: 0.0367
====> Epoch: 32200 Average loss: 0.0284
====> Epoch: 32300 Average loss: 0.0218
====> Epoch: 32400 Average loss: 0.0266
====> Epoch: 32500 Average loss: 0.0273
====> Epoch: 32600 Average loss: 0.0282
====> Epoch: 32700 Average loss: 0.0337
====> Epoch: 32800 Average loss: 0.0290
====> Epoch: 32900 Average loss: 0.0413
====> Epoch: 33000 Average loss: 0.0338
====> Epoch: 33100 Average loss: 0.0264
====> Epoch: 33200 Average loss: 0.0250
====> Epoch: 33300 Average loss: 0.0265
====> Epoch: 33400 Average loss: 0.0334
====> Epoch: 33500 Average loss: 0.0239
====> Epoch: 33600 Average loss: 0.0241
====> Epoch: 33700 Average loss: 0.0271
====> Epoch: 33800 Average loss: 0.0329
====> Epoch: 33900 Average loss: 0.0319
====> Epoch: 34000 Average loss: 0.0261
====> Epoch: 34100 Average loss: 0.0252
====> Epoch: 34200 Average loss: 0.0289
====> Epoch: 34300 Average loss: 0.0282
====> Epoch: 34400 Average loss: 0.0306
====> Epoch: 34500 Average loss: 0.0258
====> Epoch: 34600 Average loss: 0.0291
====> Epoch: 34700 Average loss: 0.0300
====> Epoch: 34800 Average loss: 0.0282
====> Epoch: 34900 Average loss: 0.0252
====> Epoch: 35000 Average loss: 0.0280
====> Epoch: 35100 Average loss: 0.0259
====> Epoch: 35200 Average loss: 0.0250
====> Epoch: 35300 Average loss: 0.0274
====> Epoch: 35400 Average loss: 0.0239
====> Epoch: 35500 Average loss: 0.0286
====> Epoch: 35600 Average loss: 0.0273
====> Epoch: 35700 Average loss: 0.0262
====> Epoch: 35800 Average loss: 0.0260
====> Epoch: 35900 Average loss: 0.0301
====> Epoch: 36000 Average loss: 0.0234
====> Epoch: 36100 Average loss: 0.0244
====> Epoch: 36200 Average loss: 0.0219
====> Epoch: 36300 Average loss: 0.0340
====> Epoch: 36400 Average loss: 0.0243
====> Epoch: 36500 Average loss: 0.0245
====> Epoch: 36600 Average loss: 0.0247
====> Epoch: 36700 Average loss: 0.0261
====> Epoch: 36800 Average loss: 0.0260
====> Epoch: 36900 Average loss: 0.0327
====> Epoch: 37000 Average loss: 0.0252
====> Epoch: 37100 Average loss: 0.0330
====> Epoch: 37200 Average loss: 0.0264
====> Epoch: 37300 Average loss: 0.0276
====> Epoch: 37400 Average loss: 0.0233
====> Epoch: 37500 Average loss: 0.0261
====> Epoch: 37600 Average loss: 0.0256
====> Epoch: 37700 Average loss: 0.0245
====> Epoch: 37800 Average loss: 0.0225
====> Epoch: 37900 Average loss: 0.0261
====> Epoch: 38000 Average loss: 0.0194
====> Epoch: 38100 Average loss: 0.0275
====> Epoch: 38200 Average loss: 0.0216
====> Epoch: 38300 Average loss: 0.0269
====> Epoch: 38400 Average loss: 0.0270
====> Epoch: 38500 Average loss: 0.0199
====> Epoch: 38600 Average loss: 0.0275
====> Epoch: 38700 Average loss: 0.0242
====> Epoch: 38800 Average loss: 0.0254
====> Epoch: 38900 Average loss: 0.0236
====> Epoch: 39000 Average loss: 0.0291
====> Epoch: 39100 Average loss: 0.0258
====> Epoch: 39200 Average loss: 0.0209
====> Epoch: 39300 Average loss: 0.0234
====> Epoch: 39400 Average loss: 0.0279
====> Epoch: 39500 Average loss: 0.0247
====> Epoch: 39600 Average loss: 0.0244
====> Epoch: 39700 Average loss: 0.0217
====> Epoch: 39800 Average loss: 0.0242
====> Epoch: 39900 Average loss: 0.0255
====> Epoch: 40000 Average loss: 0.0277
----------------------------------------------------
I:  tensor([-1.1866,  1.7627,  0.0000,  0.0000,  0.0000,  0.0000, -0.2804,  0.4685,
        -0.4221,  0.0000, -0.7347, -0.0589, -0.5315], device='cuda:0')
R:  tensor([-1.0791,  1.9572,  0.0193,  0.6746, -1.3879, -0.3355, -0.3163,  0.3389,
        -0.4467, -1.0988, -0.7017, -0.0536, -0.5889], device='cuda:0',
       grad_fn=<UnbindBackward0>)
G:  tensor([-1.1866,  1.7627,  0.0493,  0.7522, -1.3861, -0.3126, -0.2804,  0.4685,
        -0.4221, -1.0633, -0.7347, -0.0589, -0.5315], device='cuda:0')
----------------------------------------------------
I:  tensor([-0.9272, -0.5443,  0.0000, -0.1486,  0.0000, -1.0337,  0.0000,  0.0656,
         0.0685, -0.7172,  0.0000,  0.0000, -0.7544], device='cuda:0')
R:  tensor([-0.8009, -0.5736, -0.8399, -0.1330, -1.4106, -0.9984, -0.0561, -0.0554,
         0.0131, -0.7492,  0.2015,  0.8015, -0.8352], device='cuda:0',
       grad_fn=<UnbindBackward0>)
G:  tensor([-9.2721e-01, -5.4430e-01, -9.0110e-01, -1.4862e-01, -1.3861e+00,
        -1.0337e+00,  7.3323e-04,  6.5639e-02,  6.8508e-02, -7.1724e-01,
         1.8668e-01,  7.8859e-01, -7.5439e-01], device='cuda:0')
----------------------------------------------------
I:  tensor([ 0.0000,  0.0000, -0.9742, -1.1996,  0.0000,  0.1681,  0.0000, -0.6596,
        -0.3870,  0.0000,  0.9764,  0.1106,  0.8697], device='cuda:0')
R:  tensor([ 0.1451, -0.7986, -0.9464, -1.1473, -0.1154,  0.1196,  0.5245, -0.7668,
        -0.4111, -0.5951,  0.9659,  0.1273,  0.8213], device='cuda:0',
       grad_fn=<UnbindBackward0>)
G:  tensor([ 0.0857, -0.7508, -0.9742, -1.1996, -0.1223,  0.1681,  0.6132, -0.6596,
        -0.3870, -0.5875,  0.9764,  0.1106,  0.8697], device='cuda:0')
----------------------------------------------------
I:  tensor([-1.2360,  0.9817, -1.3397, -0.1486, -0.8946,  0.0000, -0.3908,  0.0656,
         0.0000,  0.0000, -0.1204,  0.6191, -0.5824], device='cuda:0')
R:  tensor([-1.1185,  1.1094, -1.3005, -0.1574, -0.8882, -0.4893, -0.4214, -0.0443,
         0.4966, -1.6613, -0.1000,  0.6385, -0.6277], device='cuda:0',
       grad_fn=<UnbindBackward0>)
G:  tensor([-1.2360,  0.9817, -1.3397, -0.1486, -0.8946, -0.4729, -0.3908,  0.0656,
         0.4890, -1.6343, -0.1204,  0.6191, -0.5824], device='cuda:0')
----------------------------------------------------
I:  tensor([-0.2849,  0.9817, -1.4129, -1.0495, -1.3861, -1.0657,  0.0000,  0.5491,
        -1.3332, -0.7172, -1.1295, -0.6945, -1.1938], device='cuda:0')
R:  tensor([-0.2106,  1.0888, -1.3533, -1.0054, -1.3948, -1.0596, -0.7969,  0.4178,
        -1.3592, -0.7558, -1.0996, -0.7165, -1.2211], device='cuda:0',
       grad_fn=<UnbindBackward0>)
G:  tensor([-0.2849,  0.9817, -1.4129, -1.0495, -1.3861, -1.0657, -0.7824,  0.5491,
        -1.3332, -0.7172, -1.1295, -0.6945, -1.1938], device='cuda:0')
----------------------------------------------------
I:  tensor([ 6.0452e-01,  1.1254e+00, -6.4523e-01,  1.5183e-03, -8.2442e-01,
        -1.0818e+00,  0.0000e+00,  1.7578e+00, -1.2456e+00,  2.7767e-01,
         0.0000e+00,  0.0000e+00,  0.0000e+00], device='cuda:0')
R:  tensor([ 0.6602,  1.2796, -0.6313, -0.0119, -0.8192, -1.0671, -1.5180,  1.6150,
        -1.2806,  0.2480, -0.6219, -1.1712, -0.5791], device='cuda:0',
       grad_fn=<UnbindBackward0>)
G:  tensor([ 6.0452e-01,  1.1254e+00, -6.4523e-01,  1.5183e-03, -8.2442e-01,
        -1.0818e+00, -1.5554e+00,  1.7578e+00, -1.2456e+00,  2.7767e-01,
        -6.4691e-01, -1.1182e+00, -5.3147e-01], device='cuda:0')
----------------------------------------------------
I:  tensor([ 1.6051, -0.3737,  0.0000,  0.0000,  1.4224,  0.8090,  1.1151, -0.2567,
         0.0000,  0.4940,  0.0000,  0.0541,  0.0000], device='cuda:0')
R:  tensor([ 1.6102, -0.3723,  1.1947,  0.1183,  1.5023,  0.7545,  1.0147, -0.3519,
         0.6688,  0.4761,  0.5107,  0.0628,  1.6283], device='cuda:0',
       grad_fn=<UnbindBackward0>)
G:  tensor([ 1.6051, -0.3737,  1.2921,  0.1517,  1.4224,  0.8090,  1.1151, -0.2567,
         0.6642,  0.4940,  0.4938,  0.0541,  1.6977], device='cuda:0')
----------------------------------------------------
I:  tensor([ 0.0000,  0.1020,  0.3417,  0.4519, -0.1223,  0.4244,  0.0000, -0.1761,
        -0.4922, -0.9768, -0.6908,  0.0000, -0.9837], device='cuda:0')
R:  tensor([-0.7179,  0.1288,  0.2850,  0.4136, -0.0840,  0.3610,  0.0307, -0.3105,
        -0.5107, -1.0147, -0.6520,  1.1299, -1.0227], device='cuda:0',
       grad_fn=<UnbindBackward0>)
G:  tensor([-0.8160,  0.1020,  0.3417,  0.4519, -0.1223,  0.4244,  0.0811, -0.1761,
        -0.4922, -0.9768, -0.6908,  1.0852, -0.9837], device='cuda:0')
----------------------------------------------------
I:  tensor([-1.4337,  0.0000,  0.0000, -0.4489,  0.8607, -0.9215,  0.0000,  0.5491,
        -1.1229, -1.0417,  0.0112, -0.1295, -0.7862], device='cuda:0')
R:  tensor([-1.3212,  0.5695, -0.4955, -0.4356,  0.9223, -0.9151, -0.7169,  0.4081,
        -1.1680, -1.0828,  0.0322, -0.1210, -0.8261], device='cuda:0',
       grad_fn=<UnbindBackward0>)
G:  tensor([-1.4337,  0.4970, -0.4990, -0.4489,  0.8607, -0.9215, -0.7121,  0.5491,
        -1.1229, -1.0417,  0.0112, -0.1295, -0.7862], device='cuda:0')
----------------------------------------------------
I:  tensor([ 0.0000, -0.4186,  0.3052, -1.4699,  0.0000,  0.3283,  0.0000, -0.4984,
         0.6817,  0.0830,  0.2744,  0.0000,  1.7295], device='cuda:0')
R:  tensor([ 1.7285, -0.4260,  0.2644, -1.3994, -0.2353,  0.2904,  0.4350, -0.5930,
         0.6609,  0.0634,  0.3063,  1.4399,  1.6613], device='cuda:0',
       grad_fn=<UnbindBackward0>)
G:  tensor([ 1.7163, -0.4186,  0.3052, -1.4699, -0.2627,  0.3283,  0.4927, -0.4984,
         0.6817,  0.0830,  0.2744,  1.3677,  1.7295], device='cuda:0')
====> Epoch: 40100 Average loss: 0.0268
====> Epoch: 40200 Average loss: 0.0298
====> Epoch: 40300 Average loss: 0.0288
====> Epoch: 40400 Average loss: 0.0210
====> Epoch: 40500 Average loss: 0.0242
====> Epoch: 40600 Average loss: 0.0224
====> Epoch: 40700 Average loss: 0.0313
====> Epoch: 40800 Average loss: 0.0268
====> Epoch: 40900 Average loss: 0.0263
====> Epoch: 41000 Average loss: 0.0314
====> Epoch: 41100 Average loss: 0.0236
====> Epoch: 41200 Average loss: 0.0238
====> Epoch: 41300 Average loss: 0.0216
====> Epoch: 41400 Average loss: 0.0179
====> Epoch: 41500 Average loss: 0.0241
====> Epoch: 41600 Average loss: 0.0242
====> Epoch: 41700 Average loss: 0.0221
====> Epoch: 41800 Average loss: 0.0247
====> Epoch: 41900 Average loss: 0.0284
====> Epoch: 42000 Average loss: 0.0274
====> Epoch: 42100 Average loss: 0.0218
====> Epoch: 42200 Average loss: 0.0245
====> Epoch: 42300 Average loss: 0.0215
====> Epoch: 42400 Average loss: 0.0241
====> Epoch: 42500 Average loss: 0.0256
====> Epoch: 42600 Average loss: 0.0238
====> Epoch: 42700 Average loss: 0.0246
====> Epoch: 42800 Average loss: 0.0252
====> Epoch: 42900 Average loss: 0.0216
====> Epoch: 43000 Average loss: 0.0298
====> Epoch: 43100 Average loss: 0.0219
====> Epoch: 43200 Average loss: 0.0225
====> Epoch: 43300 Average loss: 0.0176
====> Epoch: 43400 Average loss: 0.0344
====> Epoch: 43500 Average loss: 0.0189
====> Epoch: 43600 Average loss: 0.0222
====> Epoch: 43700 Average loss: 0.0257
====> Epoch: 43800 Average loss: 0.0258
====> Epoch: 43900 Average loss: 0.0214
====> Epoch: 44000 Average loss: 0.0216
====> Epoch: 44100 Average loss: 0.0200
====> Epoch: 44200 Average loss: 0.0260
====> Epoch: 44300 Average loss: 0.0278
====> Epoch: 44400 Average loss: 0.0257
====> Epoch: 44500 Average loss: 0.0193
====> Epoch: 44600 Average loss: 0.0203
====> Epoch: 44700 Average loss: 0.0255
====> Epoch: 44800 Average loss: 0.0298
====> Epoch: 44900 Average loss: 0.0252
====> Epoch: 45000 Average loss: 0.0217
====> Epoch: 45100 Average loss: 0.0218
====> Epoch: 45200 Average loss: 0.0228
====> Epoch: 45300 Average loss: 0.0228
====> Epoch: 45400 Average loss: 0.0192
====> Epoch: 45500 Average loss: 0.0242
====> Epoch: 45600 Average loss: 0.0224
====> Epoch: 45700 Average loss: 0.0193
====> Epoch: 45800 Average loss: 0.0214
====> Epoch: 45900 Average loss: 0.0255
====> Epoch: 46000 Average loss: 0.0213
====> Epoch: 46100 Average loss: 0.0229
====> Epoch: 46200 Average loss: 0.0208
====> Epoch: 46300 Average loss: 0.0212
====> Epoch: 46400 Average loss: 0.0200
====> Epoch: 46500 Average loss: 0.0237
====> Epoch: 46600 Average loss: 0.0229
====> Epoch: 46700 Average loss: 0.0244
====> Epoch: 46800 Average loss: 0.0233
====> Epoch: 46900 Average loss: 0.0241
====> Epoch: 47000 Average loss: 0.0237
====> Epoch: 47100 Average loss: 0.0176
====> Epoch: 47200 Average loss: 0.0242
====> Epoch: 47300 Average loss: 0.0159
====> Epoch: 47400 Average loss: 0.0220
====> Epoch: 47500 Average loss: 0.0206
====> Epoch: 47600 Average loss: 0.0299
====> Epoch: 47700 Average loss: 0.0288
====> Epoch: 47800 Average loss: 0.0252
====> Epoch: 47900 Average loss: 0.0217
====> Epoch: 48000 Average loss: 0.0210
====> Epoch: 48100 Average loss: 0.0261
====> Epoch: 48200 Average loss: 0.0230
====> Epoch: 48300 Average loss: 0.0381
====> Epoch: 48400 Average loss: 0.0232
====> Epoch: 48500 Average loss: 0.0222
====> Epoch: 48600 Average loss: 0.0229
====> Epoch: 48700 Average loss: 0.0196
====> Epoch: 48800 Average loss: 0.0220
====> Epoch: 48900 Average loss: 0.0275
====> Epoch: 49000 Average loss: 0.0251
====> Epoch: 49100 Average loss: 0.0207
====> Epoch: 49200 Average loss: 0.0195
====> Epoch: 49300 Average loss: 0.0221
====> Epoch: 49400 Average loss: 0.0212
====> Epoch: 49500 Average loss: 0.0221
====> Epoch: 49600 Average loss: 0.0218
====> Epoch: 49700 Average loss: 0.0226
====> Epoch: 49800 Average loss: 0.0259
====> Epoch: 49900 Average loss: 0.0289
====> Epoch: 50000 Average loss: 0.0218
----------------------------------------------------
I:  tensor([ 0.0000,  0.4252,  1.2190,  0.4519,  0.0000, -1.2099, -1.5353,  1.3549,
        -1.4733, -0.1982,  0.0000, -0.4261,  0.0000], device='cuda:0')
R:  tensor([-0.1828,  0.4851,  1.3055,  0.5434, -0.2965, -1.2240, -1.6241,  1.4135,
        -1.4607, -0.1419, -0.9443, -0.4877, -0.4871], device='cuda:0',
       grad_fn=<UnbindBackward0>)
G:  tensor([-0.0872,  0.4252,  1.2190,  0.4519, -0.2627, -1.2099, -1.5353,  1.3549,
        -1.4733, -0.1982, -0.8224, -0.4261, -0.4678], device='cuda:0')
----------------------------------------------------
I:  tensor([ 0.0000,  0.0000,  0.3417,  0.4519, -0.1223,  0.4244,  0.0811, -0.1761,
        -0.4922,  0.0000,  0.0000,  1.0852, -0.9837], device='cuda:0')
R:  tensor([-0.9093,  0.1534,  0.3834,  0.5286, -0.1477,  0.4228,  0.0648, -0.1505,
        -0.4573, -1.0368, -0.8146,  1.0702, -1.0077], device='cuda:0',
       grad_fn=<UnbindBackward0>)
G:  tensor([-0.8160,  0.1020,  0.3417,  0.4519, -0.1223,  0.4244,  0.0811, -0.1761,
        -0.4922, -0.9768, -0.6908,  1.0852, -0.9837], device='cuda:0')
----------------------------------------------------
I:  tensor([ 0.6292,  0.0000,  0.0000,  0.0000,  0.7203,  0.0879,  0.5027, -0.5790,
         0.0000, -0.3712,  0.6254,  0.3649,  0.0000], device='cuda:0')
R:  tensor([ 0.5637, -0.4536,  1.1195, -0.1182,  0.6407,  0.0880,  0.5057, -0.5374,
        -0.0573, -0.3718,  0.5672,  0.3344,  1.0889], device='cuda:0',
       grad_fn=<UnbindBackward0>)
G:  tensor([ 0.6292, -0.4815,  1.0362, -0.1486,  0.7203,  0.0879,  0.5027, -0.5790,
        -0.0892, -0.3712,  0.6254,  0.3649,  1.1085], device='cuda:0')
----------------------------------------------------
I:  tensor([-1.1496, -0.1583, -0.7183,  0.0000,  0.0000,  0.0000,  0.6232,  0.0000,
        -0.4221, -0.9941, -0.4275,  0.9440, -1.1747], device='cuda:0')
R:  tensor([-1.2244, -0.1327, -0.6779,  0.5257, -1.0362,  0.4942,  0.6297,  0.1072,
        -0.3811, -1.0322, -0.5308,  0.9262, -1.1899], device='cuda:0',
       grad_fn=<UnbindBackward0>)
G:  tensor([-1.1496, -0.1583, -0.7183,  0.4519, -1.0351,  0.4885,  0.6232,  0.0656,
        -0.4221, -0.9941, -0.4275,  0.9440, -1.1747], device='cuda:0')
----------------------------------------------------
I:  tensor([ 0.0000e+00, -7.2383e-01,  0.0000e+00,  1.5183e-03,  2.2650e+00,
         0.0000e+00,  7.1355e-01,  1.1132e+00, -4.2208e-01,  1.4790e-01,
         0.0000e+00,  5.4847e-01,  0.0000e+00], device='cuda:0')
R:  tensor([ 0.9120, -0.6546,  1.3066,  0.0569,  2.1403,  1.0719,  0.7353,  1.1642,
        -0.3753,  0.2280,  1.2551,  0.5348,  1.5457], device='cuda:0',
       grad_fn=<UnbindBackward0>)
G:  tensor([ 9.3804e-01, -7.2383e-01,  1.2190e+00,  1.5183e-03,  2.2650e+00,
         1.0493e+00,  7.1355e-01,  1.1132e+00, -4.2208e-01,  1.4790e-01,
         1.2835e+00,  5.4847e-01,  1.5544e+00], device='cuda:0')
----------------------------------------------------
I:  tensor([-0.7790, -1.2535,  0.0000, -2.6710,  0.0000, -0.5049, -1.4651,  0.0000,
        -2.0515, -1.3445,  0.0000,  0.0000, -0.7225], device='cuda:0')
R:  tensor([-0.8861, -1.2141, -3.7018, -2.8126, -0.8621, -0.5335, -1.5735, -0.6225,
        -2.0284, -1.4262,  0.3428, -1.1872, -0.7229], device='cuda:0',
       grad_fn=<UnbindBackward0>)
G:  tensor([-0.7790, -1.2535, -3.6792, -2.6710, -0.8244, -0.5049, -1.4651, -0.6596,
        -2.0515, -1.3445,  0.4061, -1.1182, -0.7225], device='cuda:0')
----------------------------------------------------
I:  tensor([ 0.0000,  0.0000, -0.6452,  0.9024,  0.5799, -0.4729,  0.0610, -0.1761,
         0.0335, -1.2969,  0.4499,  0.4920, -1.2798], device='cuda:0')
R:  tensor([-0.8125, -0.5975, -0.6081,  1.0314,  0.5230, -0.4824,  0.0346, -0.1653,
         0.0636, -1.3914,  0.4076,  0.4689, -1.3057], device='cuda:0',
       grad_fn=<UnbindBackward0>)
G:  tensor([-0.7172, -0.6520, -0.6452,  0.9024,  0.5799, -0.4729,  0.0610, -0.1761,
         0.0335, -1.2969,  0.4499,  0.4920, -1.2798], device='cuda:0')
----------------------------------------------------
I:  tensor([ 0.0000,  3.1092, -0.8645,  0.0000, -0.9648,  0.5206,  0.0000, -0.4984,
         0.7343, -1.0633, -0.9979,  0.0000,  0.0000], device='cuda:0')
R:  tensor([ 2.0125e-03,  3.1654e+00, -8.2974e-01,  7.0109e-01, -9.6809e-01,
         5.2305e-01,  6.3205e-01, -4.7828e-01,  7.7621e-01, -1.1252e+00,
        -1.1378e+00,  6.7496e-01, -1.2110e+00], device='cuda:0',
       grad_fn=<UnbindBackward0>)
G:  tensor([ 0.0610,  3.1092, -0.8645,  0.6021, -0.9648,  0.5206,  0.6232, -0.4984,
         0.7343, -1.0633, -0.9979,  0.6897, -1.1684], device='cuda:0')
----------------------------------------------------
I:  tensor([ 0.7898,  0.0000,  0.0000, -1.2897,  1.1416,  0.6488,  1.0047, -1.5459,
         0.0000,  0.0181,  0.0112,  1.0570,  0.3124], device='cuda:0')
R:  tensor([ 0.7481,  0.7506,  0.7875, -1.3248,  1.0621,  0.6637,  1.0343, -1.5526,
         0.1677,  0.0845, -0.0738,  1.0655,  0.3107], device='cuda:0',
       grad_fn=<UnbindBackward0>)
G:  tensor([ 0.7898,  0.6855,  0.7072, -1.2897,  1.1416,  0.6488,  1.0047, -1.5459,
         0.1211,  0.0181,  0.0112,  1.0570,  0.3124], device='cuda:0')
----------------------------------------------------
I:  tensor([ 1.0863, -0.4007,  0.8169, -1.3498,  0.0000,  0.0000,  0.0000, -1.5459,
         0.0000,  0.0000, -0.3398,  1.3394,  1.1085], device='cuda:0')
R:  tensor([ 1.0650, -0.3466,  0.8864, -1.3909,  0.0782,  1.5598,  1.6000, -1.5405,
         0.2652,  0.2278, -0.4349,  1.3375,  1.1090], device='cuda:0',
       grad_fn=<UnbindBackward0>)
G:  tensor([ 1.0863, -0.4007,  0.8169, -1.3498,  0.0884,  1.5300,  1.5368, -1.5459,
         0.1912,  0.1609, -0.3398,  1.3394,  1.1085], device='cuda:0')
====> Epoch: 50100 Average loss: 0.0195
====> Epoch: 50200 Average loss: 0.0219
====> Epoch: 50300 Average loss: 0.0163
====> Epoch: 50400 Average loss: 0.0251
====> Epoch: 50500 Average loss: 0.0210
====> Epoch: 50600 Average loss: 0.0258
====> Epoch: 50700 Average loss: 0.0198
====> Epoch: 50800 Average loss: 0.0197
====> Epoch: 50900 Average loss: 0.0225
====> Epoch: 51000 Average loss: 0.0200
====> Epoch: 51100 Average loss: 0.0215
====> Epoch: 51200 Average loss: 0.0198
====> Epoch: 51300 Average loss: 0.0221
====> Epoch: 51400 Average loss: 0.0223
====> Epoch: 51500 Average loss: 0.0214
====> Epoch: 51600 Average loss: 0.0260
====> Epoch: 51700 Average loss: 0.0200
====> Epoch: 51800 Average loss: 0.0212
====> Epoch: 51900 Average loss: 0.0296
====> Epoch: 52000 Average loss: 0.0284
====> Epoch: 52100 Average loss: 0.0217
====> Epoch: 52200 Average loss: 0.0237
====> Epoch: 52300 Average loss: 0.0295
====> Epoch: 52400 Average loss: 0.0200
====> Epoch: 52500 Average loss: 0.0187
====> Epoch: 52600 Average loss: 0.0225
====> Epoch: 52700 Average loss: 0.0213
====> Epoch: 52800 Average loss: 0.0220
====> Epoch: 52900 Average loss: 0.0190
====> Epoch: 53000 Average loss: 0.0234
====> Epoch: 53100 Average loss: 0.0234
====> Epoch: 53200 Average loss: 0.0277
====> Epoch: 53300 Average loss: 0.0170
====> Epoch: 53400 Average loss: 0.0192
====> Epoch: 53500 Average loss: 0.0216
====> Epoch: 53600 Average loss: 0.0236
====> Epoch: 53700 Average loss: 0.0246
====> Epoch: 53800 Average loss: 0.0221
====> Epoch: 53900 Average loss: 0.0213
====> Epoch: 54000 Average loss: 0.0234
====> Epoch: 54100 Average loss: 0.0221
====> Epoch: 54200 Average loss: 0.0162
====> Epoch: 54300 Average loss: 0.0297
====> Epoch: 54400 Average loss: 0.0277
====> Epoch: 54500 Average loss: 0.0189
====> Epoch: 54600 Average loss: 0.0199
====> Epoch: 54700 Average loss: 0.0263
====> Epoch: 54800 Average loss: 0.0177
====> Epoch: 54900 Average loss: 0.0263
====> Epoch: 55000 Average loss: 0.0182
====> Epoch: 55100 Average loss: 0.0212
====> Epoch: 55200 Average loss: 0.0257
====> Epoch: 55300 Average loss: 0.0204
====> Epoch: 55400 Average loss: 0.0169
====> Epoch: 55500 Average loss: 0.0175
====> Epoch: 55600 Average loss: 0.0211
====> Epoch: 55700 Average loss: 0.0203
====> Epoch: 55800 Average loss: 0.0196
====> Epoch: 55900 Average loss: 0.0188
====> Epoch: 56000 Average loss: 0.0225
====> Epoch: 56100 Average loss: 0.0270
====> Epoch: 56200 Average loss: 0.0227
====> Epoch: 56300 Average loss: 0.0151
====> Epoch: 56400 Average loss: 0.0193
====> Epoch: 56500 Average loss: 0.0216
====> Epoch: 56600 Average loss: 0.0209
====> Epoch: 56700 Average loss: 0.0185
====> Epoch: 56800 Average loss: 0.0215
====> Epoch: 56900 Average loss: 0.0216
====> Epoch: 57000 Average loss: 0.0323
====> Epoch: 57100 Average loss: 0.0236
====> Epoch: 57200 Average loss: 0.0232
====> Epoch: 57300 Average loss: 0.0209
====> Epoch: 57400 Average loss: 0.0184
====> Epoch: 57500 Average loss: 0.0181
====> Epoch: 57600 Average loss: 0.0259
====> Epoch: 57700 Average loss: 0.0249
====> Epoch: 57800 Average loss: 0.0222
====> Epoch: 57900 Average loss: 0.0224
====> Epoch: 58000 Average loss: 0.0188
====> Epoch: 58100 Average loss: 0.0231
====> Epoch: 58200 Average loss: 0.0229
====> Epoch: 58300 Average loss: 0.0210
====> Epoch: 58400 Average loss: 0.0156
====> Epoch: 58500 Average loss: 0.0183
====> Epoch: 58600 Average loss: 0.0221
====> Epoch: 58700 Average loss: 0.0215
====> Epoch: 58800 Average loss: 0.0190
====> Epoch: 58900 Average loss: 0.0297
====> Epoch: 59000 Average loss: 0.0189
====> Epoch: 59100 Average loss: 0.0259
====> Epoch: 59200 Average loss: 0.0228
====> Epoch: 59300 Average loss: 0.0199
====> Epoch: 59400 Average loss: 0.0180
====> Epoch: 59500 Average loss: 0.0207
====> Epoch: 59600 Average loss: 0.0233
====> Epoch: 59700 Average loss: 0.0188
====> Epoch: 59800 Average loss: 0.0199
====> Epoch: 59900 Average loss: 0.0169
====> Epoch: 60000 Average loss: 0.0213
----------------------------------------------------
I:  tensor([ 0.0000, -1.0829,  0.0000,  1.3528, -1.5265,  0.0000, -0.4511,  0.3074,
        -0.3345, -1.2363,  1.5468,  0.1530,  0.0000], device='cuda:0')
R:  tensor([-1.1587, -1.1085,  0.5063,  1.4074, -1.3886, -0.3540, -0.3426,  0.1926,
        -0.3018, -1.2733,  1.6117,  0.2995, -0.4186], device='cuda:0',
       grad_fn=<UnbindBackward0>)
G:  tensor([-1.1372, -1.0829,  0.5245,  1.3528, -1.5265, -0.4729, -0.4511,  0.3074,
        -0.3345, -1.2363,  1.5468,  0.1530, -0.3722], device='cuda:0')
----------------------------------------------------
I:  tensor([ 0.0000e+00,  1.6011e+00,  4.9285e-02,  1.5183e-03, -7.5420e-01,
        -7.9333e-01, -1.2040e+00,  9.5200e-01, -5.4137e-02,  1.7095e+00,
        -1.6999e+00,  0.0000e+00, -8.4992e-01], device='cuda:0')
R:  tensor([ 1.0550,  1.4824,  0.0662,  0.0444, -0.7198, -0.6922, -1.1279,  0.9234,
        -0.0383,  1.6336, -1.6179, -1.2908, -0.8836], device='cuda:0',
       grad_fn=<UnbindBackward0>)
G:  tensor([ 1.0369e+00,  1.6011e+00,  4.9285e-02,  1.5183e-03, -7.5420e-01,
        -7.9333e-01, -1.2040e+00,  9.5200e-01, -5.4137e-02,  1.7095e+00,
        -1.6999e+00, -1.3724e+00, -8.4992e-01], device='cuda:0')
----------------------------------------------------
I:  tensor([-1.9031e+00,  1.2600e+00, -1.9977e+00,  1.5183e-03,  0.0000e+00,
         1.4179e+00,  0.0000e+00, -9.8188e-01,  3.4851e+00, -9.3352e-01,
         0.0000e+00,  0.0000e+00, -5.8879e-01], device='cuda:0')
R:  tensor([-1.9510,  1.1478, -2.0061,  0.0496,  0.3981,  1.4390,  0.6220, -1.0471,
         3.1394, -0.9692, -0.8136,  0.3697, -0.6102], device='cuda:0',
       grad_fn=<UnbindBackward0>)
G:  tensor([-1.9031e+00,  1.2600e+00, -1.9977e+00,  1.5183e-03,  5.0964e-01,
         1.4179e+00,  5.5291e-01, -9.8188e-01,  3.4851e+00, -9.3352e-01,
        -9.1015e-01,  2.8011e-01, -5.8879e-01], device='cuda:0')
----------------------------------------------------
I:  tensor([ 0.7775,  0.0000,  0.0000, -0.6891,  0.0000,  0.8891,  0.8842, -0.4984,
        -0.2293,  0.9698,  1.4151,  0.0000,  1.7932], device='cuda:0')
R:  tensor([ 0.7691, -0.5642,  1.2844, -0.6736,  0.7452,  0.9404,  0.9486, -0.5763,
        -0.2074,  0.9206,  1.5409,  0.4674,  1.8334], device='cuda:0',
       grad_fn=<UnbindBackward0>)
G:  tensor([ 0.7775, -0.4725,  1.2190, -0.6891,  0.8607,  0.8891,  0.8842, -0.4984,
        -0.2293,  0.9698,  1.4151,  0.3790,  1.7932], device='cuda:0')
----------------------------------------------------
I:  tensor([ 0.0000,  0.0000,  0.0000,  0.3018,  1.1416,  1.0654,  0.7537, -1.3042,
         1.5052,  0.5156,  0.0000,  0.5908,  0.0000], device='cuda:0')
R:  tensor([ 0.6909, -0.6460,  0.3422,  0.3639,  0.9903,  1.1012,  0.8014, -1.3861,
         1.3595,  0.4666,  0.2059,  0.6782,  1.1893], device='cuda:0',
       grad_fn=<UnbindBackward0>)
G:  tensor([ 0.6910, -0.5443,  0.3417,  0.3018,  1.1416,  1.0654,  0.7537, -1.3042,
         1.5052,  0.5156,  0.0989,  0.5908,  1.1882], device='cuda:0')
----------------------------------------------------
I:  tensor([ 1.0863, -0.4007,  0.8169, -1.3498,  0.0884,  1.5300,  1.5368, -1.5459,
         0.1912,  0.1609, -0.3398,  1.3394,  1.1085], device='cuda:0')
R:  tensor([ 1.0841, -0.4683,  0.8583, -1.3807,  0.0380,  1.5672,  1.6015, -1.6541,
         0.1805,  0.1271, -0.2479,  1.4372,  1.1332], device='cuda:0',
       grad_fn=<UnbindBackward0>)
G:  tensor([ 1.0863, -0.4007,  0.8169, -1.3498,  0.0884,  1.5300,  1.5368, -1.5459,
         0.1912,  0.1609, -0.3398,  1.3394,  1.1085], device='cuda:0')
----------------------------------------------------
I:  tensor([-1.4584e+00, -5.5327e-01, -1.7784e+00,  1.5183e-03,  0.0000e+00,
         3.2830e-01, -3.9081e-01,  0.0000e+00, -2.9943e-01,  0.0000e+00,
        -7.6557e-02, -2.4250e-01, -1.0569e+00], device='cuda:0')
R:  tensor([-1.5090, -0.6325, -1.7906,  0.0399, -0.8958,  0.3856, -0.3191,  0.0038,
        -0.2617, -1.3288,  0.0385, -0.1608, -1.0959], device='cuda:0',
       grad_fn=<UnbindBackward0>)
G:  tensor([-1.4584e+00, -5.5327e-01, -1.7784e+00,  1.5183e-03, -9.6484e-01,
         3.2830e-01, -3.9081e-01,  6.5639e-02, -2.9943e-01, -1.2969e+00,
        -7.6557e-02, -2.4250e-01, -1.0569e+00], device='cuda:0')
----------------------------------------------------
I:  tensor([-1.1372,  0.0000,  0.0000,  1.2327, -2.0883,  0.0000, -0.4410,  0.4685,
        -0.3695,  0.0000,  0.4938,  0.8451, -0.3882], device='cuda:0')
R:  tensor([-1.1892, -0.9793, -0.2390,  1.2936, -1.8935, -0.0830, -0.3694,  0.4119,
        -0.3362, -1.4780,  0.5893,  0.9326, -0.4162], device='cuda:0',
       grad_fn=<UnbindBackward0>)
G:  tensor([-1.1372, -0.9034, -0.2431,  1.2327, -2.0883, -0.1524, -0.4410,  0.4685,
        -0.3695, -1.4353,  0.4938,  0.8451, -0.3882], device='cuda:0')
----------------------------------------------------
I:  tensor([-0.6060, -0.5443,  0.0000,  0.3018,  0.0000,  0.0000, -0.1097, -0.3373,
        -0.1943,  0.0000,  0.3622,  1.3536, -0.2385], device='cuda:0')
R:  tensor([-0.6493, -0.5994, -1.4288,  0.3372, -0.9581, -0.0629, -0.0411, -0.3977,
        -0.1644, -0.9624,  0.4532,  1.4377, -0.2682], device='cuda:0',
       grad_fn=<UnbindBackward0>)
G:  tensor([-0.6060, -0.5443, -1.4129,  0.3018, -1.0351, -0.1524, -0.1097, -0.3373,
        -0.1943, -0.9162,  0.3622,  1.3536, -0.2385], device='cuda:0')
----------------------------------------------------
I:  tensor([-1.1866,  0.0000,  0.0493,  0.0000, -1.3861, -0.3126, -0.2804,  0.0000,
         0.0000, -1.0633,  0.0000, -0.0589, -0.5315], device='cuda:0')
R:  tensor([-1.1969,  1.2681, -0.0534,  0.9410, -1.2551, -0.2074, -0.1644,  0.6892,
        -0.2795, -1.2597, -0.4743,  0.1333, -0.7298], device='cuda:0',
       grad_fn=<UnbindBackward0>)
G:  tensor([-1.1866,  1.7627,  0.0493,  0.7522, -1.3861, -0.3126, -0.2804,  0.4685,
        -0.4221, -1.0633, -0.7347, -0.0589, -0.5315], device='cuda:0')
====> Epoch: 60100 Average loss: 0.0201
====> Epoch: 60200 Average loss: 0.0206
====> Epoch: 60300 Average loss: 0.0186
====> Epoch: 60400 Average loss: 0.0196
====> Epoch: 60500 Average loss: 0.0197
====> Epoch: 60600 Average loss: 0.0231
====> Epoch: 60700 Average loss: 0.0218
====> Epoch: 60800 Average loss: 0.0181
====> Epoch: 60900 Average loss: 0.0209
====> Epoch: 61000 Average loss: 0.0223
====> Epoch: 61100 Average loss: 0.0201
====> Epoch: 61200 Average loss: 0.0208
====> Epoch: 61300 Average loss: 0.0273
====> Epoch: 61400 Average loss: 0.0173
====> Epoch: 61500 Average loss: 0.0228
====> Epoch: 61600 Average loss: 0.0224
====> Epoch: 61700 Average loss: 0.0191
====> Epoch: 61800 Average loss: 0.0190
====> Epoch: 61900 Average loss: 0.0183
====> Epoch: 62000 Average loss: 0.0261
====> Epoch: 62100 Average loss: 0.0223
====> Epoch: 62200 Average loss: 0.0188
====> Epoch: 62300 Average loss: 0.0220
====> Epoch: 62400 Average loss: 0.0210
====> Epoch: 62500 Average loss: 0.0196
====> Epoch: 62600 Average loss: 0.0235
====> Epoch: 62700 Average loss: 0.0225
====> Epoch: 62800 Average loss: 0.0192
====> Epoch: 62900 Average loss: 0.0199
====> Epoch: 63000 Average loss: 0.0216
====> Epoch: 63100 Average loss: 0.0193
====> Epoch: 63200 Average loss: 0.0179
====> Epoch: 63300 Average loss: 0.0220
====> Epoch: 63400 Average loss: 0.0220
====> Epoch: 63500 Average loss: 0.0189
====> Epoch: 63600 Average loss: 0.0216
====> Epoch: 63700 Average loss: 0.0200
====> Epoch: 63800 Average loss: 0.0247
====> Epoch: 63900 Average loss: 0.0173
====> Epoch: 64000 Average loss: 0.0211
====> Epoch: 64100 Average loss: 0.0205
====> Epoch: 64200 Average loss: 0.0203
====> Epoch: 64300 Average loss: 0.0199
====> Epoch: 64400 Average loss: 0.0244
====> Epoch: 64500 Average loss: 0.0189
====> Epoch: 64600 Average loss: 0.0185
====> Epoch: 64700 Average loss: 0.0245
====> Epoch: 64800 Average loss: 0.0230
====> Epoch: 64900 Average loss: 0.0170
====> Epoch: 65000 Average loss: 0.0176
====> Epoch: 65100 Average loss: 0.0137
====> Epoch: 65200 Average loss: 0.0275
====> Epoch: 65300 Average loss: 0.0154
====> Epoch: 65400 Average loss: 0.0225
====> Epoch: 65500 Average loss: 0.0176
====> Epoch: 65600 Average loss: 0.0275
====> Epoch: 65700 Average loss: 0.0185
====> Epoch: 65800 Average loss: 0.0245
====> Epoch: 65900 Average loss: 0.0247
====> Epoch: 66000 Average loss: 0.0230
====> Epoch: 66100 Average loss: 0.0208
====> Epoch: 66200 Average loss: 0.0183
====> Epoch: 66300 Average loss: 0.0178
====> Epoch: 66400 Average loss: 0.0215
====> Epoch: 66500 Average loss: 0.0187
====> Epoch: 66600 Average loss: 0.0251
====> Epoch: 66700 Average loss: 0.0198
====> Epoch: 66800 Average loss: 0.0206
====> Epoch: 66900 Average loss: 0.0190
====> Epoch: 67000 Average loss: 0.0230
====> Epoch: 67100 Average loss: 0.0164
====> Epoch: 67200 Average loss: 0.0204
====> Epoch: 67300 Average loss: 0.0215
====> Epoch: 67400 Average loss: 0.0219
====> Epoch: 67500 Average loss: 0.0210
====> Epoch: 67600 Average loss: 0.0186
====> Epoch: 67700 Average loss: 0.0234
====> Epoch: 67800 Average loss: 0.0239
====> Epoch: 67900 Average loss: 0.0169
====> Epoch: 68000 Average loss: 0.0234
====> Epoch: 68100 Average loss: 0.0215
====> Epoch: 68200 Average loss: 0.0241
====> Epoch: 68300 Average loss: 0.0228
====> Epoch: 68400 Average loss: 0.0262
====> Epoch: 68500 Average loss: 0.0207
====> Epoch: 68600 Average loss: 0.0188
====> Epoch: 68700 Average loss: 0.0180
====> Epoch: 68800 Average loss: 0.0211
====> Epoch: 68900 Average loss: 0.0203
====> Epoch: 69000 Average loss: 0.0252
====> Epoch: 69100 Average loss: 0.0229
====> Epoch: 69200 Average loss: 0.0198
====> Epoch: 69300 Average loss: 0.0175
====> Epoch: 69400 Average loss: 0.0258
====> Epoch: 69500 Average loss: 0.0179
====> Epoch: 69600 Average loss: 0.0188
====> Epoch: 69700 Average loss: 0.0184
====> Epoch: 69800 Average loss: 0.0206
====> Epoch: 69900 Average loss: 0.0222
====> Epoch: 70000 Average loss: 0.0179
----------------------------------------------------
I:  tensor([ 0.0000, -0.1942,  1.3652,  0.6021,  2.4054,  0.0000, -1.0434, -1.7877,
        -0.0541, -1.1066,  0.0000, -0.4967,  0.0000], device='cuda:0')
R:  tensor([-1.4362, -0.2602,  1.4668,  0.6958,  2.3853, -1.0320, -1.0048, -1.7462,
         0.0117, -1.1422,  0.0188, -0.4013, -0.3488], device='cuda:0',
       grad_fn=<UnbindBackward0>)
G:  tensor([-1.4707, -0.1942,  1.3652,  0.6021,  2.4054, -1.1138, -1.0434, -1.7877,
        -0.0541, -1.1066, -0.0327, -0.4967, -0.3882], device='cuda:0')
----------------------------------------------------
I:  tensor([-0.4084, -1.2175,  0.0000, -0.4489,  0.0000,  0.0000, -0.0896, -0.4984,
        -0.2293, -1.0546,  1.1958,  0.7745,  0.0000], device='cuda:0')
R:  tensor([-0.4013, -1.2222, -0.4907, -0.4985, -0.0640, -0.1121, -0.0458, -0.5456,
        -0.2272, -1.0693,  1.1534,  0.8311, -0.9178], device='cuda:0',
       grad_fn=<UnbindBackward0>)
G:  tensor([-0.4084, -1.2175, -0.4625, -0.4489, -0.0521, -0.1524, -0.0896, -0.4984,
        -0.2293, -1.0546,  1.1958,  0.7745, -0.9455], device='cuda:0')
----------------------------------------------------
I:  tensor([ 1.6915, -0.3468,  0.0000,  0.0000,  0.0000,  2.4914,  1.4665,  0.0000,
         1.0322,  1.1861, -0.4275,  1.1841,  2.3346], device='cuda:0')
R:  tensor([ 1.6556, -0.4096,  0.5284, -0.8826,  0.9280,  2.4390,  1.4930, -0.9917,
         1.0642,  1.0223, -0.3270,  1.2318,  2.3843], device='cuda:0',
       grad_fn=<UnbindBackward0>)
G:  tensor([ 1.6915, -0.3468,  0.4879, -0.8093,  0.9309,  2.4914,  1.4665, -0.9819,
         1.0322,  1.1861, -0.4275,  1.1841,  2.3346], device='cuda:0')
----------------------------------------------------
I:  tensor([ 0.0000,  0.0000,  0.1224,  1.0525,  0.0884,  0.8571,  0.5228,  0.0000,
         0.6292, -1.0763,  1.0203,  0.7321, -0.9041], device='cuda:0')
R:  tensor([-0.3560,  1.2295,  0.1401,  1.1124,  0.0905,  0.8591,  0.5663,  0.4762,
         0.6429, -1.0950,  1.0016,  0.7750, -0.8772], device='cuda:0',
       grad_fn=<UnbindBackward0>)
G:  tensor([-0.3713,  1.3767,  0.1224,  1.0525,  0.0884,  0.8571,  0.5228,  0.5491,
         0.6292, -1.0763,  1.0203,  0.7321, -0.9041], device='cuda:0')
----------------------------------------------------
I:  tensor([-0.4084,  0.0000, -0.4625, -0.4489, -0.0521, -0.1524, -0.0896,  0.0000,
        -0.2293,  0.0000,  1.1958,  0.0000,  0.0000], device='cuda:0')
R:  tensor([-0.3933, -1.2204, -0.4933, -0.5012, -0.0646, -0.1190, -0.0392, -0.5425,
        -0.2297, -1.0682,  1.1507,  0.8238, -0.9179], device='cuda:0',
       grad_fn=<UnbindBackward0>)
G:  tensor([-0.4084, -1.2175, -0.4625, -0.4489, -0.0521, -0.1524, -0.0896, -0.4984,
        -0.2293, -1.0546,  1.1958,  0.7745, -0.9455], device='cuda:0')
----------------------------------------------------
I:  tensor([-0.8778,  0.7483, -0.5721, -0.4489, -0.8244,  0.8891,  0.9645,  0.0000,
         2.1360,  0.0000,  2.0294,  0.0000, -1.0856], device='cuda:0')
R:  tensor([-0.8645,  0.6408, -0.6006, -0.4990, -0.8259,  0.8885,  1.0043,  0.6278,
         2.1716, -1.2046,  1.9272,  0.3725, -1.0590], device='cuda:0',
       grad_fn=<UnbindBackward0>)
G:  tensor([-0.8778,  0.7483, -0.5721, -0.4489, -0.8244,  0.8891,  0.9645,  0.7103,
         2.1360, -1.1931,  2.0294,  0.3084, -1.0856], device='cuda:0')
----------------------------------------------------
I:  tensor([-0.9890,  0.6227,  0.0000,  0.0000, -0.2627, -1.6746,  0.0000,  0.3074,
        -1.5084,  0.1912,  0.0000,  0.0000, -0.7544], device='cuda:0')
R:  tensor([-0.9505,  0.4978, -0.1957, -0.1766, -0.2861, -1.5935, -1.4942,  0.2437,
        -1.5234,  0.1064, -1.1587, -0.9987, -0.7251], device='cuda:0',
       grad_fn=<UnbindBackward0>)
G:  tensor([-0.9890,  0.6227, -0.1700, -0.1486, -0.2627, -1.6746, -1.5454,  0.3074,
        -1.5084,  0.1912, -1.3050, -1.1041, -0.7544], device='cuda:0')
----------------------------------------------------
I:  tensor([ 2.2598, -0.6251,  0.0000,  0.0000,  0.0000,  0.8090,  0.9545, -0.5790,
         0.6817,  0.0614,  0.5377,  0.0000,  0.0000], device='cuda:0')
R:  tensor([ 2.2255, -0.6737, -0.7495, -1.7919, -0.2173,  0.7985,  0.9885, -0.6134,
         0.7189, -0.0292,  0.5357,  0.3945,  1.0069], device='cuda:0',
       grad_fn=<UnbindBackward0>)
G:  tensor([ 2.2598, -0.6251, -0.7183, -1.6500, -0.1925,  0.8090,  0.9545, -0.5790,
         0.6817,  0.0614,  0.5377,  0.3366,  0.9493], device='cuda:0')
----------------------------------------------------
I:  tensor([ 0.0610,  1.3677, -0.1700,  0.9024, -1.0351,  0.0000,  0.0000,  1.9995,
         0.0510,  0.0000, -0.5153,  0.0000,  0.0000], device='cuda:0')
R:  tensor([ 0.0464,  1.2345, -0.1865,  0.9624, -1.0493, -0.9680, -0.3656,  1.8698,
         0.0801, -0.1844, -0.4335, -0.7532, -0.7147], device='cuda:0',
       grad_fn=<UnbindBackward0>)
G:  tensor([ 0.0610,  1.3677, -0.1700,  0.9024, -1.0351, -1.0337, -0.4410,  1.9995,
         0.0510, -0.1116, -0.5153, -0.8498, -0.7385], device='cuda:0')
----------------------------------------------------
I:  tensor([-0.0131, -0.5982,  0.8535,  0.0000,  2.7565,  1.6102,  0.8641, -1.2236,
         0.0000,  0.0000,  0.0000,  1.2547,  0.7582], device='cuda:0')
R:  tensor([-0.0103, -0.6479,  0.9221,  3.3989,  2.7622,  1.5847,  0.9003, -1.2103,
         0.6793, -0.7805,  1.4777,  1.2917,  0.8050], device='cuda:0',
       grad_fn=<UnbindBackward0>)
G:  tensor([-0.0131, -0.5982,  0.8535,  3.1545,  2.7565,  1.6102,  0.8641, -1.2236,
         0.6467, -0.7389,  1.5468,  1.2547,  0.7582], device='cuda:0')
====> Epoch: 70100 Average loss: 0.0199
====> Epoch: 70200 Average loss: 0.0223
====> Epoch: 70300 Average loss: 0.0248
====> Epoch: 70400 Average loss: 0.0204
====> Epoch: 70500 Average loss: 0.0226
====> Epoch: 70600 Average loss: 0.0198
====> Epoch: 70700 Average loss: 0.0241
====> Epoch: 70800 Average loss: 0.0215
====> Epoch: 70900 Average loss: 0.0179
====> Epoch: 71000 Average loss: 0.0180
====> Epoch: 71100 Average loss: 0.0249
====> Epoch: 71200 Average loss: 0.0184
====> Epoch: 71300 Average loss: 0.0171
====> Epoch: 71400 Average loss: 0.0173
====> Epoch: 71500 Average loss: 0.0207
====> Epoch: 71600 Average loss: 0.0163
====> Epoch: 71700 Average loss: 0.0193
====> Epoch: 71800 Average loss: 0.0218
====> Epoch: 71900 Average loss: 0.0182
====> Epoch: 72000 Average loss: 0.0167
====> Epoch: 72100 Average loss: 0.0219
====> Epoch: 72200 Average loss: 0.0211
====> Epoch: 72300 Average loss: 0.0198
====> Epoch: 72400 Average loss: 0.0193
====> Epoch: 72500 Average loss: 0.0190
====> Epoch: 72600 Average loss: 0.0176
====> Epoch: 72700 Average loss: 0.0217
====> Epoch: 72800 Average loss: 0.0201
====> Epoch: 72900 Average loss: 0.0182
====> Epoch: 73000 Average loss: 0.0242
====> Epoch: 73100 Average loss: 0.0200
====> Epoch: 73200 Average loss: 0.0188
====> Epoch: 73300 Average loss: 0.0240
====> Epoch: 73400 Average loss: 0.0185
====> Epoch: 73500 Average loss: 0.0170
====> Epoch: 73600 Average loss: 0.0217
====> Epoch: 73700 Average loss: 0.0189
====> Epoch: 73800 Average loss: 0.0154
====> Epoch: 73900 Average loss: 0.0179
====> Epoch: 74000 Average loss: 0.0218
====> Epoch: 74100 Average loss: 0.0189
====> Epoch: 74200 Average loss: 0.0175
====> Epoch: 74300 Average loss: 0.0193
====> Epoch: 74400 Average loss: 0.0190
====> Epoch: 74500 Average loss: 0.0185
====> Epoch: 74600 Average loss: 0.0195
====> Epoch: 74700 Average loss: 0.0196
====> Epoch: 74800 Average loss: 0.0208
====> Epoch: 74900 Average loss: 0.0198
====> Epoch: 75000 Average loss: 0.0197
====> Epoch: 75100 Average loss: 0.0184
====> Epoch: 75200 Average loss: 0.0171
====> Epoch: 75300 Average loss: 0.0188
====> Epoch: 75400 Average loss: 0.0187
====> Epoch: 75500 Average loss: 0.0162
====> Epoch: 75600 Average loss: 0.0238
====> Epoch: 75700 Average loss: 0.0229
====> Epoch: 75800 Average loss: 0.0223
====> Epoch: 75900 Average loss: 0.0181
====> Epoch: 76000 Average loss: 0.0184
====> Epoch: 76100 Average loss: 0.0174
====> Epoch: 76200 Average loss: 0.0177
====> Epoch: 76300 Average loss: 0.0218
====> Epoch: 76400 Average loss: 0.0163
====> Epoch: 76500 Average loss: 0.0189
====> Epoch: 76600 Average loss: 0.0215
====> Epoch: 76700 Average loss: 0.0191
====> Epoch: 76800 Average loss: 0.0187
====> Epoch: 76900 Average loss: 0.0190
====> Epoch: 77000 Average loss: 0.0171
====> Epoch: 77100 Average loss: 0.0215
====> Epoch: 77200 Average loss: 0.0183
====> Epoch: 77300 Average loss: 0.0157
====> Epoch: 77400 Average loss: 0.0196
====> Epoch: 77500 Average loss: 0.0195
====> Epoch: 77600 Average loss: 0.0164
====> Epoch: 77700 Average loss: 0.0235
====> Epoch: 77800 Average loss: 0.0181
====> Epoch: 77900 Average loss: 0.0207
====> Epoch: 78000 Average loss: 0.0206
====> Epoch: 78100 Average loss: 0.0218
====> Epoch: 78200 Average loss: 0.0205
====> Epoch: 78300 Average loss: 0.0155
====> Epoch: 78400 Average loss: 0.0224
====> Epoch: 78500 Average loss: 0.0176
====> Epoch: 78600 Average loss: 0.0215
====> Epoch: 78700 Average loss: 0.0170
====> Epoch: 78800 Average loss: 0.0182
====> Epoch: 78900 Average loss: 0.0186
====> Epoch: 79000 Average loss: 0.0256
====> Epoch: 79100 Average loss: 0.0173
====> Epoch: 79200 Average loss: 0.0166
====> Epoch: 79300 Average loss: 0.0174
====> Epoch: 79400 Average loss: 0.0207
====> Epoch: 79500 Average loss: 0.0203
====> Epoch: 79600 Average loss: 0.0194
====> Epoch: 79700 Average loss: 0.0215
====> Epoch: 79800 Average loss: 0.0236
====> Epoch: 79900 Average loss: 0.0184
====> Epoch: 80000 Average loss: 0.0197
----------------------------------------------------
I:  tensor([ 0.0000, -0.5263,  0.0000,  0.9024, -1.1053, -1.4663, -0.2703,  0.9520,
         0.0685,  0.0000, -0.3398,  0.0000, -0.8244], device='cuda:0')
R:  tensor([-0.2298, -0.5240, -0.3211,  0.7825, -1.0752, -1.4178, -0.2264,  0.9216,
         0.0681, -0.6900, -0.3611, -0.2975, -0.7876], device='cuda:0',
       grad_fn=<UnbindBackward0>)
G:  tensor([-0.3466, -0.5263, -0.3162,  0.9024, -1.1053, -1.4663, -0.2703,  0.9520,
         0.0685, -0.7605, -0.3398, -0.2707, -0.8244], device='cuda:0')
----------------------------------------------------
I:  tensor([ 0.0000,  0.0000, -1.7053, -0.2988, -0.8244, -1.3542, -0.6719, -0.5790,
         0.0000, -1.1282,  0.0000,  0.2236, -0.5888], device='cuda:0')
R:  tensor([-0.3692, -0.9072, -1.6390, -0.4038, -0.8046, -1.3005, -0.6390, -0.6063,
        -0.4137, -1.0557,  0.3526,  0.2120, -0.5302], device='cuda:0',
       grad_fn=<UnbindBackward0>)
G:  tensor([-0.4949, -0.8944, -1.7053, -0.2988, -0.8244, -1.3542, -0.6719, -0.5790,
        -0.4221, -1.1282,  0.3622,  0.2236, -0.5888], device='cuda:0')
----------------------------------------------------
I:  tensor([ 0.0000, -0.7687,  0.0000,  0.0000, -0.3329, -0.1524,  0.4023,  0.0000,
         0.0000, -0.0251,  0.9325,  0.2942,  1.6977], device='cuda:0')
R:  tensor([ 1.4800, -0.7788, -0.1734, -0.9228, -0.3217, -0.0972,  0.4547, -0.8572,
        -0.0424,  0.0553,  0.9518,  0.2811,  1.8545], device='cuda:0',
       grad_fn=<UnbindBackward0>)
G:  tensor([ 1.3827, -0.7687, -0.1700, -0.8093, -0.3329, -0.1524,  0.4023, -0.8207,
        -0.0366, -0.0251,  0.9325,  0.2942,  1.6977], device='cuda:0')
----------------------------------------------------
I:  tensor([-1.7178,  0.0000,  1.2190,  0.0000,  0.0000,  0.7129,  0.8943, -0.5790,
         1.5753,  0.0000,  0.0112,  0.9157,  0.0000], device='cuda:0')
R:  tensor([-1.5863, -0.9075,  1.1554,  0.0181, -0.3763,  0.7762,  0.9409, -0.6025,
         1.5533, -0.9703,  0.0092,  0.9085, -0.1578], device='cuda:0',
       grad_fn=<UnbindBackward0>)
G:  tensor([-1.7178, -0.8854,  1.2190,  0.1517, -0.4031,  0.7129,  0.8943, -0.5790,
         1.5753, -1.0417,  0.0112,  0.9157, -0.2130], device='cuda:0')
----------------------------------------------------
I:  tensor([ 0.6416,  0.7483,  0.0000,  1.2027,  0.0000, -1.1939, -1.5153,  0.0000,
        -1.8237, -0.3063, -0.2959, -0.7792, -0.7225], device='cuda:0')
R:  tensor([ 0.7382,  0.7900,  1.2322,  1.0850, -0.1771, -1.1412, -1.5023,  1.0903,
        -1.7911, -0.2359, -0.3149, -0.8105, -0.6896], device='cuda:0',
       grad_fn=<UnbindBackward0>)
G:  tensor([ 0.6416,  0.7483,  1.2921,  1.2027, -0.1925, -1.1939, -1.5153,  1.1132,
        -1.8237, -0.3063, -0.2959, -0.7792, -0.7225], device='cuda:0')
----------------------------------------------------
I:  tensor([ 0.0000, -0.6520,  0.0000,  0.0000,  0.5799, -0.4729,  0.0610, -0.1761,
         0.0000, -1.2969,  0.4499,  0.4920, -1.2798], device='cuda:0')
R:  tensor([-0.6163, -0.6564, -0.6239,  0.7938,  0.5705, -0.4245,  0.1050, -0.2290,
         0.0333, -1.2377,  0.4428,  0.4750, -1.2573], device='cuda:0',
       grad_fn=<UnbindBackward0>)
G:  tensor([-0.7172, -0.6520, -0.6452,  0.9024,  0.5799, -0.4729,  0.0610, -0.1761,
         0.0335, -1.2969,  0.4499,  0.4920, -1.2798], device='cuda:0')
----------------------------------------------------
I:  tensor([ 0.0000,  0.0000, -0.7183,  0.4519, -0.8244,  0.0000,  0.2417,  0.0000,
        -0.6498, -1.3228, -0.2521,  0.2377, -1.3435], device='cuda:0')
R:  tensor([-0.4711,  0.1002, -0.7014,  0.3406, -0.7955,  0.4581,  0.2908, -0.8634,
        -0.6418, -1.2589, -0.2742,  0.2061, -1.3299], device='cuda:0',
       grad_fn=<UnbindBackward0>)
G:  tensor([-0.5937,  0.0841, -0.7183,  0.4519, -0.8244,  0.4084,  0.2417, -0.8207,
        -0.6498, -1.3228, -0.2521,  0.2377, -1.3435], device='cuda:0')
----------------------------------------------------
I:  tensor([-1.2854, -1.1188,  0.0000,  0.4519,  0.0884,  1.7383,  0.0000,  0.0000,
         0.1036, -0.7994,  0.0000,  0.7321,  0.0000], device='cuda:0')
R:  tensor([-1.1335, -1.1386, -0.2140,  0.3417,  0.0822,  1.7792,  0.1671, -1.8942,
         0.1076, -0.7223,  0.1520,  0.7063,  0.5588], device='cuda:0',
       grad_fn=<UnbindBackward0>)
G:  tensor([-1.2854, -1.1188, -0.2431,  0.4519,  0.0884,  1.7383,  0.1112, -1.8682,
         0.1036, -0.7994,  0.1428,  0.7321,  0.4430], device='cuda:0')
----------------------------------------------------
I:  tensor([ 0.0000,  0.0000, -3.6792, -2.6710, -0.8244, -0.5049, -1.4651,  0.0000,
        -2.0515,  0.0000,  0.4061, -1.1182,  0.0000], device='cuda:0')
R:  tensor([-0.6642, -1.2706, -3.5483, -2.7948, -0.8091, -0.4616, -1.4483, -0.6967,
        -2.0339, -1.2819,  0.4080, -1.1347, -0.6677], device='cuda:0',
       grad_fn=<UnbindBackward0>)
G:  tensor([-0.7790, -1.2535, -3.6792, -2.6710, -0.8244, -0.5049, -1.4651, -0.6596,
        -2.0515, -1.3445,  0.4061, -1.1182, -0.7225], device='cuda:0')
----------------------------------------------------
I:  tensor([ 1.2592, -0.5892, -0.5721, -1.0495,  0.0000,  0.5686,  0.3019, -0.8207,
         0.0000, -0.1549,  0.3622,  1.3818,  0.9175], device='cuda:0')
R:  tensor([ 1.3607, -0.5925, -0.5753, -1.1815, -0.2528,  0.6231,  0.3785, -0.8506,
         0.6640, -0.0653,  0.3760,  1.3717,  1.0338], device='cuda:0',
       grad_fn=<UnbindBackward0>)
G:  tensor([ 1.2592, -0.5892, -0.5721, -1.0495, -0.2627,  0.5686,  0.3019, -0.8207,
         0.6817, -0.1549,  0.3622,  1.3818,  0.9175], device='cuda:0')
====> Epoch: 80100 Average loss: 0.0205
====> Epoch: 80200 Average loss: 0.0177
====> Epoch: 80300 Average loss: 0.0164
====> Epoch: 80400 Average loss: 0.0212
====> Epoch: 80500 Average loss: 0.0242
====> Epoch: 80600 Average loss: 0.0185
====> Epoch: 80700 Average loss: 0.0209
====> Epoch: 80800 Average loss: 0.0211
====> Epoch: 80900 Average loss: 0.0204
====> Epoch: 81000 Average loss: 0.0199
====> Epoch: 81100 Average loss: 0.0220
====> Epoch: 81200 Average loss: 0.0167
====> Epoch: 81300 Average loss: 0.0188
====> Epoch: 81400 Average loss: 0.0185
====> Epoch: 81500 Average loss: 0.0172
====> Epoch: 81600 Average loss: 0.0163
====> Epoch: 81700 Average loss: 0.0201
====> Epoch: 81800 Average loss: 0.0155
====> Epoch: 81900 Average loss: 0.0213
====> Epoch: 82000 Average loss: 0.0204
====> Epoch: 82100 Average loss: 0.0215
====> Epoch: 82200 Average loss: 0.0158
====> Epoch: 82300 Average loss: 0.0183
====> Epoch: 82400 Average loss: 0.0187
====> Epoch: 82500 Average loss: 0.0195
====> Epoch: 82600 Average loss: 0.0166
====> Epoch: 82700 Average loss: 0.0205
====> Epoch: 82800 Average loss: 0.0178
====> Epoch: 82900 Average loss: 0.0137
====> Epoch: 83000 Average loss: 0.0161
====> Epoch: 83100 Average loss: 0.0210
====> Epoch: 83200 Average loss: 0.0160
====> Epoch: 83300 Average loss: 0.0190
====> Epoch: 83400 Average loss: 0.0197
====> Epoch: 83500 Average loss: 0.0203
====> Epoch: 83600 Average loss: 0.0187
====> Epoch: 83700 Average loss: 0.0224
====> Epoch: 83800 Average loss: 0.0187
====> Epoch: 83900 Average loss: 0.0188
====> Epoch: 84000 Average loss: 0.0228
====> Epoch: 84100 Average loss: 0.0278
====> Epoch: 84200 Average loss: 0.0183
====> Epoch: 84300 Average loss: 0.0196
====> Epoch: 84400 Average loss: 0.0153
====> Epoch: 84500 Average loss: 0.0200
====> Epoch: 84600 Average loss: 0.0185
====> Epoch: 84700 Average loss: 0.0224
====> Epoch: 84800 Average loss: 0.0192
====> Epoch: 84900 Average loss: 0.0200
====> Epoch: 85000 Average loss: 0.0175
====> Epoch: 85100 Average loss: 0.0179
====> Epoch: 85200 Average loss: 0.0194
====> Epoch: 85300 Average loss: 0.0164
====> Epoch: 85400 Average loss: 0.0174
====> Epoch: 85500 Average loss: 0.0223
====> Epoch: 85600 Average loss: 0.0248
====> Epoch: 85700 Average loss: 0.0292
====> Epoch: 85800 Average loss: 0.0171
====> Epoch: 85900 Average loss: 0.0227
====> Epoch: 86000 Average loss: 0.0208
====> Epoch: 86100 Average loss: 0.0221
====> Epoch: 86200 Average loss: 0.0203
====> Epoch: 86300 Average loss: 0.0210
====> Epoch: 86400 Average loss: 0.0232
====> Epoch: 86500 Average loss: 0.0206
====> Epoch: 86600 Average loss: 0.0204
====> Epoch: 86700 Average loss: 0.0159
====> Epoch: 86800 Average loss: 0.0211
====> Epoch: 86900 Average loss: 0.0159
====> Epoch: 87000 Average loss: 0.0199
====> Epoch: 87100 Average loss: 0.0226
====> Epoch: 87200 Average loss: 0.0279
====> Epoch: 87300 Average loss: 0.0168
====> Epoch: 87400 Average loss: 0.0189
====> Epoch: 87500 Average loss: 0.0216
====> Epoch: 87600 Average loss: 0.0165
====> Epoch: 87700 Average loss: 0.0229
====> Epoch: 87800 Average loss: 0.0193
====> Epoch: 87900 Average loss: 0.0210
====> Epoch: 88000 Average loss: 0.0168
====> Epoch: 88100 Average loss: 0.0188
====> Epoch: 88200 Average loss: 0.0179
====> Epoch: 88300 Average loss: 0.0252
====> Epoch: 88400 Average loss: 0.0212
====> Epoch: 88500 Average loss: 0.0175
====> Epoch: 88600 Average loss: 0.0243
====> Epoch: 88700 Average loss: 0.0162
====> Epoch: 88800 Average loss: 0.0173
====> Epoch: 88900 Average loss: 0.0179
====> Epoch: 89000 Average loss: 0.0179
====> Epoch: 89100 Average loss: 0.0216
====> Epoch: 89200 Average loss: 0.0238
====> Epoch: 89300 Average loss: 0.0202
====> Epoch: 89400 Average loss: 0.0218
====> Epoch: 89500 Average loss: 0.0181
====> Epoch: 89600 Average loss: 0.0159
====> Epoch: 89700 Average loss: 0.0157
====> Epoch: 89800 Average loss: 0.0182
====> Epoch: 89900 Average loss: 0.0193
====> Epoch: 90000 Average loss: 0.0200
----------------------------------------------------
I:  tensor([ 0.2957,  0.2277,  0.0000,  0.4519,  1.2820,  0.0000,  0.0000,  0.0000,
         0.4014, -0.3193,  0.3622,  0.0000, -0.0379], device='cuda:0')
R:  tensor([ 0.3193,  0.1974,  1.9961,  0.5444,  1.2034,  0.7857,  0.6949,  0.1793,
         0.3745, -0.3185,  0.2858,  0.5000, -0.0493], device='cuda:0',
       grad_fn=<UnbindBackward0>)
G:  tensor([ 0.2957,  0.2277,  1.8404,  0.4519,  1.2820,  0.8090,  0.6634,  0.2268,
         0.4014, -0.3193,  0.3622,  0.4496, -0.0379], device='cuda:0')
----------------------------------------------------
I:  tensor([ 0.0000, -0.4725,  1.2190, -0.6891,  0.0000,  0.8891,  0.8842, -0.4984,
        -0.2293,  0.9698,  0.0000,  0.0000,  0.0000], device='cuda:0')
R:  tensor([ 0.7619, -0.4766,  1.3211, -0.7128,  0.7910,  0.8825,  0.9370, -0.5420,
        -0.1893,  0.8956,  1.2727,  0.4122,  1.8134], device='cuda:0',
       grad_fn=<UnbindBackward0>)
G:  tensor([ 0.7775, -0.4725,  1.2190, -0.6891,  0.8607,  0.8891,  0.8842, -0.4984,
        -0.2293,  0.9698,  1.4151,  0.3790,  1.7932], device='cuda:0')
----------------------------------------------------
I:  tensor([-1.0384, -0.6520,  0.0000,  0.9925,  0.0000, -0.8254, -0.3406,  0.5491,
         0.0000, -1.1282,  0.0000, -0.4967, -0.8022], device='cuda:0')
R:  tensor([-0.9641, -0.6306, -0.1927,  1.1597, -0.7510, -0.7737, -0.2753,  0.4980,
        -0.0650, -1.1064,  1.4730, -0.4553, -0.8339], device='cuda:0',
       grad_fn=<UnbindBackward0>)
G:  tensor([-1.0384, -0.6520, -0.2066,  0.9925, -0.6840, -0.8254, -0.3406,  0.5491,
        -0.0541, -1.1282,  1.6345, -0.4967, -0.8022], device='cuda:0')
----------------------------------------------------
I:  tensor([-1.2360, -0.7418,  0.1955,  0.7522,  0.0000, -1.3542,  0.0000,  1.1132,
         0.0685,  0.0000,  0.0000,  0.0000, -0.9455], device='cuda:0')
R:  tensor([-1.1517, -0.7149,  0.2171,  0.8846, -1.0257, -1.2770, -0.7079,  1.0846,
         0.0561, -0.6267,  0.2982,  0.1179, -0.9724], device='cuda:0',
       grad_fn=<UnbindBackward0>)
G:  tensor([-1.2360, -0.7418,  0.1955,  0.7522, -0.9648, -1.3542, -0.7824,  1.1132,
         0.0685, -0.6307,  0.4061,  0.0541, -0.9455], device='cuda:0')
----------------------------------------------------
I:  tensor([-1.0384, -0.6520,  0.0000,  0.9925, -0.6840,  0.0000,  0.0000,  0.5491,
        -0.0541, -1.1282,  1.6345, -0.4967, -0.8022], device='cuda:0')
R:  tensor([-0.9646, -0.6313, -0.2006,  1.1570, -0.7541, -0.7724, -0.2757,  0.5021,
        -0.0631, -1.1089,  1.4738, -0.4521, -0.8336], device='cuda:0',
       grad_fn=<UnbindBackward0>)
G:  tensor([-1.0384, -0.6520, -0.2066,  0.9925, -0.6840, -0.8254, -0.3406,  0.5491,
        -0.0541, -1.1282,  1.6345, -0.4967, -0.8022], device='cuda:0')
----------------------------------------------------
I:  tensor([-1.7054, -0.3109,  0.0000,  0.0000, -0.1223,  1.1615,  0.2316,  0.0000,
        -0.4221,  0.0000,  0.8887,  0.0000, -1.2798], device='cuda:0')
R:  tensor([-1.6027, -0.3274, -0.3208, -0.4484, -0.1991,  1.1215,  0.2767, -1.5997,
        -0.3995, -0.7658,  0.7861,  0.5495, -1.3224], device='cuda:0',
       grad_fn=<UnbindBackward0>)
G:  tensor([-1.7054, -0.3109, -0.3162, -0.4489, -0.1223,  1.1615,  0.2316, -1.5459,
        -0.4221, -0.7821,  0.8887,  0.4920, -1.2798], device='cuda:0')
----------------------------------------------------
I:  tensor([-1.1372, -0.2301, -2.4363,  0.0000, -0.1925,  0.0000,  0.0000, -0.8207,
        -0.3345,  0.0000,  1.3713,  0.4920,  0.0000], device='cuda:0')
R:  tensor([-1.0632, -0.2440, -2.6147, -0.6294, -0.2867, -0.0869,  0.1906, -0.8575,
        -0.3351, -0.7483,  1.2218,  0.5326, -0.1317], device='cuda:0',
       grad_fn=<UnbindBackward0>)
G:  tensor([-1.1372, -0.2301, -2.4363, -0.5991, -0.1925, -0.1043,  0.1413, -0.8207,
        -0.3345, -0.7605,  1.3713,  0.4920, -0.1175], device='cuda:0')
----------------------------------------------------
I:  tensor([-0.1737, -0.8854,  0.0000, -0.4489,  1.5628, -1.2580, -0.7824,  0.0000,
        -1.1404, -0.4144, -0.8663, -1.8668,  0.0000], device='cuda:0')
R:  tensor([-0.1430, -0.8748, -0.1988, -0.4562,  1.4988, -1.1878, -0.7148, -1.2765,
        -1.0713, -0.4267, -0.8788, -1.8599, -0.3993], device='cuda:0',
       grad_fn=<UnbindBackward0>)
G:  tensor([-0.1737, -0.8854, -0.1700, -0.4489,  1.5628, -1.2580, -0.7824, -1.2236,
        -1.1404, -0.4144, -0.8663, -1.8668, -0.3722], device='cuda:0')
----------------------------------------------------
I:  tensor([ 0.0000,  1.7447, -0.3894,  0.0000,  1.4224,  0.0000, -1.3446,  0.0000,
        -0.4221,  2.2242, -1.6121, -1.4854,  0.0000], device='cuda:0')
R:  tensor([ 0.3585,  1.6563, -0.4229,  0.2189,  1.3394, -1.0691, -1.2716,  0.5164,
        -0.3950,  2.0712, -1.5938, -1.4799,  0.2723], device='cuda:0',
       grad_fn=<UnbindBackward0>)
G:  tensor([ 0.3328,  1.7447, -0.3894,  0.1517,  1.4224, -1.1298, -1.3446,  0.5491,
        -0.4221,  2.2242, -1.6121, -1.4854,  0.2806], device='cuda:0')
----------------------------------------------------
I:  tensor([ 0.8269, -0.9752,  0.0000,  0.0000,  0.0000, -0.3126, -0.2402, -0.3373,
         0.0000,  0.0000,  1.1958, -0.2142, -0.3722], device='cuda:0')
R:  tensor([ 0.8242, -0.9527, -1.7549, -0.4569, -0.4857, -0.2895, -0.1990, -0.3831,
        -1.4240, -0.5455,  1.0674, -0.1835, -0.3980], device='cuda:0',
       grad_fn=<UnbindBackward0>)
G:  tensor([ 0.8269, -0.9752, -1.6322, -0.4489, -0.4031, -0.3126, -0.2402, -0.3373,
        -1.5084, -0.5442,  1.1958, -0.2142, -0.3722], device='cuda:0')
====> Epoch: 90100 Average loss: 0.0247
====> Epoch: 90200 Average loss: 0.0218
====> Epoch: 90300 Average loss: 0.0191
====> Epoch: 90400 Average loss: 0.0175
====> Epoch: 90500 Average loss: 0.0221
====> Epoch: 90600 Average loss: 0.0212
====> Epoch: 90700 Average loss: 0.0144
====> Epoch: 90800 Average loss: 0.0185
====> Epoch: 90900 Average loss: 0.0187
====> Epoch: 91000 Average loss: 0.0228
====> Epoch: 91100 Average loss: 0.0174
====> Epoch: 91200 Average loss: 0.0188
====> Epoch: 91300 Average loss: 0.0196
====> Epoch: 91400 Average loss: 0.0180
====> Epoch: 91500 Average loss: 0.0247
====> Epoch: 91600 Average loss: 0.0153
====> Epoch: 91700 Average loss: 0.0188
====> Epoch: 91800 Average loss: 0.0180
====> Epoch: 91900 Average loss: 0.0288
====> Epoch: 92000 Average loss: 0.0181
====> Epoch: 92100 Average loss: 0.0174
====> Epoch: 92200 Average loss: 0.0172
====> Epoch: 92300 Average loss: 0.0189
====> Epoch: 92400 Average loss: 0.0205
====> Epoch: 92500 Average loss: 0.0162
====> Epoch: 92600 Average loss: 0.0216
====> Epoch: 92700 Average loss: 0.0186
====> Epoch: 92800 Average loss: 0.0183
====> Epoch: 92900 Average loss: 0.0200
====> Epoch: 93000 Average loss: 0.0196
====> Epoch: 93100 Average loss: 0.0197
====> Epoch: 93200 Average loss: 0.0210
====> Epoch: 93300 Average loss: 0.0195
====> Epoch: 93400 Average loss: 0.0196
====> Epoch: 93500 Average loss: 0.0230
====> Epoch: 93600 Average loss: 0.0197
====> Epoch: 93700 Average loss: 0.0217
====> Epoch: 93800 Average loss: 0.0243
====> Epoch: 93900 Average loss: 0.0242
====> Epoch: 94000 Average loss: 0.0197
====> Epoch: 94100 Average loss: 0.0175
====> Epoch: 94200 Average loss: 0.0189
====> Epoch: 94300 Average loss: 0.0176
====> Epoch: 94400 Average loss: 0.0184
====> Epoch: 94500 Average loss: 0.0154
====> Epoch: 94600 Average loss: 0.0184
====> Epoch: 94700 Average loss: 0.0190
====> Epoch: 94800 Average loss: 0.0213
====> Epoch: 94900 Average loss: 0.0197
====> Epoch: 95000 Average loss: 0.0205
====> Epoch: 95100 Average loss: 0.0205
====> Epoch: 95200 Average loss: 0.0207
====> Epoch: 95300 Average loss: 0.0217
====> Epoch: 95400 Average loss: 0.0208
====> Epoch: 95500 Average loss: 0.0165
====> Epoch: 95600 Average loss: 0.0176
====> Epoch: 95700 Average loss: 0.0186
====> Epoch: 95800 Average loss: 0.0162
====> Epoch: 95900 Average loss: 0.0190
====> Epoch: 96000 Average loss: 0.0152
====> Epoch: 96100 Average loss: 0.0186
====> Epoch: 96200 Average loss: 0.0181
====> Epoch: 96300 Average loss: 0.0166
====> Epoch: 96400 Average loss: 0.0255
====> Epoch: 96500 Average loss: 0.0188
====> Epoch: 96600 Average loss: 0.0220
====> Epoch: 96700 Average loss: 0.0172
====> Epoch: 96800 Average loss: 0.0175
====> Epoch: 96900 Average loss: 0.0203
====> Epoch: 97000 Average loss: 0.0207
====> Epoch: 97100 Average loss: 0.0180
====> Epoch: 97200 Average loss: 0.0195
====> Epoch: 97300 Average loss: 0.0190
====> Epoch: 97400 Average loss: 0.0222
====> Epoch: 97500 Average loss: 0.0228
====> Epoch: 97600 Average loss: 0.0164
====> Epoch: 97700 Average loss: 0.0206
====> Epoch: 97800 Average loss: 0.0224
====> Epoch: 97900 Average loss: 0.0196
====> Epoch: 98000 Average loss: 0.0198
====> Epoch: 98100 Average loss: 0.0190
====> Epoch: 98200 Average loss: 0.0205
====> Epoch: 98300 Average loss: 0.0175
====> Epoch: 98400 Average loss: 0.0167
====> Epoch: 98500 Average loss: 0.0201
====> Epoch: 98600 Average loss: 0.0216
====> Epoch: 98700 Average loss: 0.0192
====> Epoch: 98800 Average loss: 0.0210
====> Epoch: 98900 Average loss: 0.0219
====> Epoch: 99000 Average loss: 0.0177
====> Epoch: 99100 Average loss: 0.0208/data/kayoung/anaconda3/envs/hi-vae/lib/python3.7/site-packages/torch/optim/lr_scheduler.py:143: UserWarning: Detected call of `lr_scheduler.step()` before `optimizer.step()`. In PyTorch 1.1.0 and later, you should call them in the opposite order: `optimizer.step()` before `lr_scheduler.step()`.  Failure to do this will result in PyTorch skipping the first value of the learning rate schedule. See more details at https://pytorch.org/docs/stable/optim.html#how-to-adjust-learning-rate
  "https://pytorch.org/docs/stable/optim.html#how-to-adjust-learning-rate", UserWarning)

====> Epoch: 99200 Average loss: 0.0213
====> Epoch: 99300 Average loss: 0.0177
====> Epoch: 99400 Average loss: 0.0245
====> Epoch: 99500 Average loss: 0.0248
====> Epoch: 99600 Average loss: 0.0181
====> Epoch: 99700 Average loss: 0.0192
====> Epoch: 99800 Average loss: 0.0171
====> Epoch: 99900 Average loss: 0.0186
====> Epoch: 100000 Average loss: 0.0181
----------------------------------------------------
I:  tensor([ 0.0000,  3.1092,  0.0000,  0.6021, -0.9648,  0.5206,  0.6232, -0.4984, 0.7343, -1.0633,  0.0000,  0.6897, -1.1684], device='cuda:0')
R:  tensor([-0.0036,  2.9985, -0.9632,  0.6702, -1.0437,  0.4648,  0.6139, -0.4413, 0.6847, -1.1472, -0.9571,  0.7074, -1.1672], device='cuda:0', grad_fn=<UnbindBackward0>)
G:  tensor([ 0.0610,  3.1092, -0.8645,  0.6021, -0.9648,  0.5206,  0.6232, -0.4984, 0.7343, -1.0633, -0.9979,  0.6897, -1.1684], device='cuda:0')
----------------------------------------------------
I:  tensor([ 0.1351, -1.1906, -2.4363,  0.0000, -1.5265,  1.0974,  1.1553,  0.0000, 1.2074,  0.0000,  0.0000,  0.0000, -0.7799], device='cuda:0')
R:  tensor([ 0.0539, -1.2103, -2.6057, -1.3003, -1.6480,  1.0114,  1.1319, -0.7680, 1.1365,  0.0125,  0.7323,  0.8223, -0.7861], device='cuda:0',grad_fn=<UnbindBackward0>)
G:  tensor([ 0.1351, -1.1906, -2.4363, -1.3498, -1.5265,  1.0974,  1.1553, -0.8207, 1.2074,  0.1046,  0.7132,  0.8027, -0.7799], device='cuda:0')
----------------------------------------------------
I:  tensor([ 0.0000,  1.4844,  0.5245, -1.8903,  0.0000,  0.0000,  1.0147, -1.3042, 0.8569,  0.0000,  0.0000,  1.2971,  0.0417], device='cuda:0')
R:  tensor([ 1.4909,  1.3932,  0.4866, -1.8607,  2.1014,  1.0520,  0.9931, -1.2526, 0.8024, -0.0713, -0.2550,  1.3362,  0.0161], device='cuda:0', grad_fn=<UnbindBackward0>)
G:  tensor([ 1.5063,  1.4844,  0.5245, -1.8903,  1.9841,  1.1295,  1.0147, -1.3042, 0.8569,  0.0181, -0.2959,  1.2971,  0.0417], device='cuda:0')
----------------------------------------------------
I:  tensor([ 0.0610,  1.3677,  0.0000,  0.9024,  0.0000, -1.0337, -0.4410,  1.9995, 0.0510, -0.1116,  0.0000,  0.0000, -0.7385], device='cuda:0')
R:  tensor([-0.0299,  1.2919, -0.2138,  0.9757, -1.1036, -1.0635, -0.4571,  2.0421, -0.0097, -0.2073, -0.4384, -0.8559, -0.7606], device='cuda:0', grad_fn=<UnbindBackward0>)
G:  tensor([ 0.0610,  1.3677, -0.1700,  0.9024, -1.0351, -1.0337, -0.4410,  1.9995, 0.0510, -0.1116, -0.5153, -0.8498, -0.7385], device='cuda:0')
----------------------------------------------------
I:  tensor([ 1.7039,  0.0000,  0.0000, -2.2506,  0.1586,  1.6102,  1.6171,  0.0000, 2.3988,  1.0563,  1.0642,  0.5485,  0.0000], device='cuda:0')
R:  tensor([ 1.7170, -0.4416,  0.0104, -2.2477,  0.1572,  1.5178,  1.5959, -0.5293, 2.3332,  0.9307,  1.0901,  0.5776,  2.4394], device='cuda:0', grad_fn=<UnbindBackward0>)
G:  tensor([ 1.7039, -0.4186,  0.0493, -2.2506,  0.1586,  1.6102,  1.6171, -0.5790, 2.3988,  1.0563,  1.0642,  0.5485,  2.5479], device='cuda:0')
----------------------------------------------------
I:  tensor([ 0.0610,  0.0000,  0.6707,  0.0000,  0.0000,  0.2482,  0.4023, -0.5790, 0.0000, -0.3496,  0.7132,  0.0000,  1.1404], device='cuda:0')
R:  tensor([-0.0106, -0.6527,  0.6584, -0.3994, -0.1387,  0.1827,  0.3882, -0.5013, -0.3126, -0.4437,  0.7215, -0.1124,  1.0759], device='cuda:0', grad_fn=<UnbindBackward0>)
G:  tensor([ 0.0610, -0.6161,  0.6707, -0.4489, -0.1223,  0.2482,  0.4023, -0.5790, -0.2644, -0.3496,  0.7132, -0.1436,  1.1404], device='cuda:0')
----------------------------------------------------
I:  tensor([ 0.0000e+00,  1.1254e+00,  0.0000e+00,  1.5183e-03, -8.2442e-01, -1.0818e+00, -1.5554e+00,  1.7578e+00,  0.0000e+00,  0.0000e+00, -6.4691e-01,  0.0000e+00, -5.3147e-01], device='cuda:0')
R:  tensor([ 0.5589,  1.0468, -0.7250,  0.0587, -0.8957, -1.1092, -1.5727,  1.8105, -1.3001,  0.1809, -0.5909, -1.1250, -0.5586], device='cuda:0', grad_fn=<UnbindBackward0>)
G:  tensor([ 6.0452e-01,  1.1254e+00, -6.4523e-01,  1.5183e-03, -8.2442e-01, -1.0818e+00, -1.5554e+00,  1.7578e+00, -1.2456e+00,  2.7767e-01, -6.4691e-01, -1.1182e+00, -5.3147e-01], device='cuda:0')
----------------------------------------------------
I:  tensor([ 0.8392,  0.0000, -0.0238, -0.6891,  0.0000,  0.0000,  0.0000,  0.4685, 0.6642, -0.5269,  0.0000,  0.3649,  0.7742], device='cuda:0')
R:  tensor([ 0.7935, -0.5051, -0.0701, -0.6289,  0.3011,  0.1171,  0.6384,  0.5168, 0.6075, -0.6340,  1.2223,  0.3580,  0.7193], device='cuda:0', grad_fn=<UnbindBackward0>)
G:  tensor([ 0.8392, -0.4545, -0.0238, -0.6891,  0.2990,  0.2001,  0.6634,  0.4685, 0.6642, -0.5269,  1.1958,  0.3649,  0.7742], device='cuda:0')
----------------------------------------------------
I:  tensor([ 0.2463, -0.4994, -0.8280, -2.4908,  0.0181,  0.5686,  0.7336,  0.0000, -0.5447, -0.2933,  0.0000,  1.1134,  0.9652], device='cuda:0')
R:  tensor([ 0.1959, -0.5438, -0.9233, -2.4483,  0.0269,  0.5117,  0.7116, -0.7761, -0.5981, -0.3895,  0.4425,  1.1588,  0.9132], device='cuda:0', grad_fn=<UnbindBackward0>)
G:  tensor([ 0.2463, -0.4994, -0.8280, -2.4908,  0.0181,  0.5686,  0.7336, -0.8207, -0.5447, -0.2933,  0.4061,  1.1134,  0.9652], device='cuda:0')
----------------------------------------------------
I:  tensor([-1.0384, -0.6520, -0.2066,  0.9925,  0.0000, -0.8254,  0.0000,  0.5491, -0.0541, -1.1282,  1.6345,  0.0000,  0.0000], device='cuda:0')
R:  tensor([-1.1496, -0.6844, -0.2307,  1.0777, -0.7578, -0.8451, -0.3657,  0.6136, -0.1141, -1.1994,  1.6340, -0.4655, -0.8109], device='cuda:0', grad_fn=<UnbindBackward0>)
G:  tensor([-1.0384, -0.6520, -0.2066,  0.9925, -0.6840, -0.8254, -0.3406,  0.5491, -0.0541, -1.1282,  1.6345, -0.4967, -0.8022], device='cuda:0')
