/local_datasets/hi-vae
/data/kayoung/anaconda3/envs/hi-vae/bin/python
augi2
Using device:  cuda
-----------------SETTINGS-------------------
f : None
max_remove_count : 5
new_num_per_origin : 100
epochs : 100000
val_size : 0.2
test_size : 0.1
random_state : 328
H : 512
H2 : 256
latent_dim : 2
batch_size : 1024
device : cuda
--------------------------------------------
the number of parameters: 413763
----------------------------------------------------
step_size: 5000
gamma: 0.8
----------------------------------------------------
====> Epoch: 100 Average loss: 1.6544
====> Epoch: 200 Average loss: 1.1792
====> Epoch: 300 Average loss: 0.7479
====> Epoch: 400 Average loss: 0.7698
====> Epoch: 500 Average loss: 0.4798
====> Epoch: 600 Average loss: 0.4629
====> Epoch: 700 Average loss: 0.3733
====> Epoch: 800 Average loss: 0.3941
====> Epoch: 900 Average loss: 0.3202
====> Epoch: 1000 Average loss: 0.3294
====> Epoch: 1100 Average loss: 0.2855
====> Epoch: 1200 Average loss: 0.2088
====> Epoch: 1300 Average loss: 0.2826
====> Epoch: 1400 Average loss: 0.1953
====> Epoch: 1500 Average loss: 0.2217
====> Epoch: 1600 Average loss: 0.2429
====> Epoch: 1700 Average loss: 0.1999
====> Epoch: 1800 Average loss: 0.1906
====> Epoch: 1900 Average loss: 0.1794
====> Epoch: 2000 Average loss: 0.2034
====> Epoch: 2100 Average loss: 0.2586
====> Epoch: 2200 Average loss: 0.1771
====> Epoch: 2300 Average loss: 0.1904
====> Epoch: 2400 Average loss: 0.1650
====> Epoch: 2500 Average loss: 0.1848
====> Epoch: 2600 Average loss: 0.1220
====> Epoch: 2700 Average loss: 0.1648
====> Epoch: 2800 Average loss: 0.1018
====> Epoch: 2900 Average loss: 0.1340
====> Epoch: 3000 Average loss: 0.1470
====> Epoch: 3100 Average loss: 0.1148
====> Epoch: 3200 Average loss: 0.1535
====> Epoch: 3300 Average loss: 0.1295
====> Epoch: 3400 Average loss: 0.1323
====> Epoch: 3500 Average loss: 0.1247
====> Epoch: 3600 Average loss: 0.1024
====> Epoch: 3700 Average loss: 0.1278
====> Epoch: 3800 Average loss: 0.1429
====> Epoch: 3900 Average loss: 0.1292
====> Epoch: 4000 Average loss: 0.1155
====> Epoch: 4100 Average loss: 0.1139
====> Epoch: 4200 Average loss: 0.1183
====> Epoch: 4300 Average loss: 0.1044
====> Epoch: 4400 Average loss: 0.1249
====> Epoch: 4500 Average loss: 0.1045
====> Epoch: 4600 Average loss: 0.1196
====> Epoch: 4700 Average loss: 0.1108
====> Epoch: 4800 Average loss: 0.1293
====> Epoch: 4900 Average loss: 0.1158
====> Epoch: 5000 Average loss: 0.1034
====> Epoch: 5100 Average loss: 0.1229
====> Epoch: 5200 Average loss: 0.0870
====> Epoch: 5300 Average loss: 0.0766
====> Epoch: 5400 Average loss: 0.0955
====> Epoch: 5500 Average loss: 0.1413
====> Epoch: 5600 Average loss: 0.0918
====> Epoch: 5700 Average loss: 0.0695
====> Epoch: 5800 Average loss: 0.0955
====> Epoch: 5900 Average loss: 0.0923
====> Epoch: 6000 Average loss: 0.1540
====> Epoch: 6100 Average loss: 0.0786
====> Epoch: 6200 Average loss: 0.0997
====> Epoch: 6300 Average loss: 0.0934
====> Epoch: 6400 Average loss: 0.0894
====> Epoch: 6500 Average loss: 0.0813
====> Epoch: 6600 Average loss: 0.1039
====> Epoch: 6700 Average loss: 0.0997
====> Epoch: 6800 Average loss: 0.0788
====> Epoch: 6900 Average loss: 0.0883
====> Epoch: 7000 Average loss: 0.1001
====> Epoch: 7100 Average loss: 0.0718
====> Epoch: 7200 Average loss: 0.0827
====> Epoch: 7300 Average loss: 0.0742
====> Epoch: 7400 Average loss: 0.0969
====> Epoch: 7500 Average loss: 0.0890
====> Epoch: 7600 Average loss: 0.0828
====> Epoch: 7700 Average loss: 0.0895
====> Epoch: 7800 Average loss: 0.0902
====> Epoch: 7900 Average loss: 0.0768
====> Epoch: 8000 Average loss: 0.0846
====> Epoch: 8100 Average loss: 0.1050
====> Epoch: 8200 Average loss: 0.0750
====> Epoch: 8300 Average loss: 0.0803
====> Epoch: 8400 Average loss: 0.0790
====> Epoch: 8500 Average loss: 0.0708
====> Epoch: 8600 Average loss: 0.0924
====> Epoch: 8700 Average loss: 0.0783
====> Epoch: 8800 Average loss: 0.0895
====> Epoch: 8900 Average loss: 0.0676
====> Epoch: 9000 Average loss: 0.0719
====> Epoch: 9100 Average loss: 0.0726
====> Epoch: 9200 Average loss: 0.1105
====> Epoch: 9300 Average loss: 0.0708
====> Epoch: 9400 Average loss: 0.0808
====> Epoch: 9500 Average loss: 0.0793
====> Epoch: 9600 Average loss: 0.0663
====> Epoch: 9700 Average loss: 0.0842
====> Epoch: 9800 Average loss: 0.0883
====> Epoch: 9900 Average loss: 0.0757
====> Epoch: 10000 Average loss: 0.1029
----------------------------------------------------
I:  tensor([-1.1866,  1.7627,  0.0493,  0.7522, -1.3861, -0.3126, -0.2804,  0.4685,  0.0000, -1.0633,  0.0000,  0.0000,  0.0000], device='cuda:0')
R:  tensor([-1.2282,  1.7447,  0.1341,  0.8391, -1.2684, -0.3121, -0.2387,  0.4818, -0.5376, -1.0944, -0.6694,  0.0606, -0.5664], device='cuda:0', grad_fn=<UnbindBackward0>)
G:  tensor([-1.1866,  1.7627,  0.0493,  0.7522, -1.3861, -0.3126, -0.2804,  0.4685, -0.4221, -1.0633, -0.7347, -0.0589, -0.5315], device='cuda:0')
----------------------------------------------------
I:  tensor([ 0.0000, -0.5084,  0.0000, -0.7492,  0.5096,  1.1295,  0.9746, -0.6596,  0.7693, -0.0078,  0.0000,  0.0000,  0.0000], device='cuda:0')
R:  tensor([ 0.1447, -0.5706, -0.8737, -0.6212,  0.5281,  1.0049,  0.9987, -0.7725,  0.8635,  0.0665, -0.1452,  1.0249,  0.5688], device='cuda:0', grad_fn=<UnbindBackward0>)
G:  tensor([ 0.0610, -0.5084, -0.9742, -0.7492,  0.5096,  1.1295,  0.9746, -0.6596,  0.7693, -0.0078, -0.3398,  1.0428,  0.4398], device='cuda:0')
----------------------------------------------------
I:  tensor([ 0.0000,  2.5616,  0.0000,  0.0000, -0.4733, -0.8895,  0.0000,  1.9995, -0.0717,  1.2293, -1.5683, -1.5984, -0.0697], device='cuda:0')
R:  tensor([ 0.9421,  1.9499,  0.6495,  1.1340, -0.4561, -0.5067, -1.3988,  2.1005, -0.4723,  1.9293, -1.7372, -1.5534, -0.4096], device='cuda:0', grad_fn=<UnbindBackward0>)
G:  tensor([ 0.2092,  2.5616, -0.1700,  0.7522, -0.4733, -0.8895, -1.4048,  1.9995, -0.0717,  1.2293, -1.5683, -1.5984, -0.0697], device='cuda:0')
----------------------------------------------------
I:  tensor([-0.3837, -0.7238,  0.0000,  0.0000, -1.3861, -1.4663,  0.0000,  1.7578,  0.0510, -0.8686,  0.0112, -0.7792, -0.8022], device='cuda:0')
R:  tensor([-0.4537, -0.7638, -0.3125,  0.3144, -1.1698, -1.3537, -0.5405,  1.9506, -0.0855, -0.7293, -0.2277, -0.7658, -0.7811], device='cuda:0', grad_fn=<UnbindBackward0>)
G:  tensor([-0.3837, -0.7238, -0.3894,  0.3619, -1.3861, -1.4663, -0.5715,  1.7578,  0.0510, -0.8686,  0.0112, -0.7792, -0.8022], device='cuda:0')
----------------------------------------------------
I:  tensor([ 0.0000,  0.0841,  0.0000,  0.4519,  0.0000,  0.4084,  0.2417, -0.8207, -0.6498,  0.0000, -0.2521,  0.2377,  0.0000], device='cuda:0')
R:  tensor([-0.6052, -0.0054, -0.8917,  0.6064, -0.7580,  0.4029,  0.2699, -0.7034, -0.4492, -1.3865, -0.1655,  0.1922, -1.3628], device='cuda:0', grad_fn=<UnbindBackward0>)
G:  tensor([-0.5937,  0.0841, -0.7183,  0.4519, -0.8244,  0.4084,  0.2417, -0.8207, -0.6498, -1.3228, -0.2521,  0.2377, -1.3435], device='cuda:0')
----------------------------------------------------
I:  tensor([ 0.0000, -0.8854,  1.2190,  0.1517, -0.4031,  0.7129,  0.8943,  0.0000,  0.0000, -1.0417,  0.0112,  0.0000,  0.0000], device='cuda:0')
R:  tensor([-1.8374, -0.9911,  1.2333,  0.2554, -0.4002,  0.7532,  0.9578, -0.6053,  1.4962, -1.1469,  0.0112,  0.9170, -0.2959], device='cuda:0', grad_fn=<UnbindBackward0>)
G:  tensor([-1.7178, -0.8854,  1.2190,  0.1517, -0.4031,  0.7129,  0.8943, -0.5790,  1.5753, -1.0417,  0.0112,  0.9157, -0.2130], device='cuda:0')
----------------------------------------------------
I:  tensor([ 0.0610, -0.2570,  0.0000,  0.0000,  0.0000,  0.5366,  0.0000,  0.8714,  0.5766, -0.6394,  0.7570,  0.8310,  0.2647], device='cuda:0')
R:  tensor([ 0.1873,  0.1653,  1.8011,  0.6205,  1.7616,  0.7575,  0.6336,  0.1238,  0.6765, -0.2073,  0.4258,  0.4963, -0.0153], device='cuda:0', grad_fn=<UnbindBackward0>)
G:  tensor([ 0.0610, -0.2570,  3.1198,  1.6531,  1.7033,  0.5366,  0.6533,  0.8714,  0.5766, -0.6394,  0.7570,  0.8310,  0.2647], device='cuda:0')
----------------------------------------------------
I:  tensor([ 1.3086,  0.0000,  0.0000, -1.0495,  1.8437,  0.0000,  1.1453,  0.0000,  0.8920,  0.2560,  0.0000,  1.5513,  0.1054], device='cuda:0')
R:  tensor([ 1.3064, -0.6847, -0.3122, -1.0401,  1.7778,  1.1169,  1.1202, -0.9439,  0.9032,  0.3101,  0.5453,  1.4625,  0.2260], device='cuda:0', grad_fn=<UnbindBackward0>)
G:  tensor([ 1.3086, -0.6341, -0.3162, -1.0495,  1.8437,  1.1295,  1.1453, -0.9819,  0.8920,  0.2560,  0.5815,  1.5513,  0.1054], device='cuda:0')
----------------------------------------------------
I:  tensor([ 0.0000, -0.5084, -0.9742, -0.7492,  0.0000,  0.0000,  0.0000, -0.6596,  0.7693, -0.0078, -0.3398,  1.0428,  0.0000], device='cuda:0')
R:  tensor([-0.0125, -0.4605, -1.0875, -0.6523,  0.5267,  1.0871,  0.9005, -0.6691,  0.7511, -0.0728, -0.4037,  1.0625,  0.4175], device='cuda:0', grad_fn=<UnbindBackward0>)
G:  tensor([ 0.0610, -0.5084, -0.9742, -0.7492,  0.5096,  1.1295,  0.9746, -0.6596,  0.7693, -0.0078, -0.3398,  1.0428,  0.4398], device='cuda:0')
----------------------------------------------------
I:  tensor([-0.3713,  0.0000,  0.1224,  1.0525,  0.0884,  0.8571,  0.5228,  0.5491,  0.0000,  0.0000,  0.0000,  0.0000, -0.9041], device='cuda:0')
R:  tensor([-0.4814,  1.4340,  0.1549,  1.1116, -0.1253,  0.7556,  0.4527,  0.4991,  0.3837, -1.1806,  0.9308,  0.5593, -0.9184], device='cuda:0', grad_fn=<UnbindBackward0>)
G:  tensor([-0.3713,  1.3767,  0.1224,  1.0525,  0.0884,  0.8571,  0.5228,  0.5491,  0.6292, -1.0763,  1.0203,  0.7321, -0.9041], device='cuda:0')
====> Epoch: 10100 Average loss: 0.0918
====> Epoch: 10200 Average loss: 0.0883
====> Epoch: 10300 Average loss: 0.1042
====> Epoch: 10400 Average loss: 0.0628
====> Epoch: 10500 Average loss: 0.0647
====> Epoch: 10600 Average loss: 0.0859
====> Epoch: 10700 Average loss: 0.0841
====> Epoch: 10800 Average loss: 0.0737
====> Epoch: 10900 Average loss: 0.0811
====> Epoch: 11000 Average loss: 0.0817
====> Epoch: 11100 Average loss: 0.0609
====> Epoch: 11200 Average loss: 0.0632
====> Epoch: 11300 Average loss: 0.0610
====> Epoch: 11400 Average loss: 0.0577
====> Epoch: 11500 Average loss: 0.0597
====> Epoch: 11600 Average loss: 0.0692
====> Epoch: 11700 Average loss: 0.0605
====> Epoch: 11800 Average loss: 0.0683
====> Epoch: 11900 Average loss: 0.0611
====> Epoch: 12000 Average loss: 0.0537
====> Epoch: 12100 Average loss: 0.0613
====> Epoch: 12200 Average loss: 0.0655
====> Epoch: 12300 Average loss: 0.0677
====> Epoch: 12400 Average loss: 0.0720
====> Epoch: 12500 Average loss: 0.0742
====> Epoch: 12600 Average loss: 0.0701
====> Epoch: 12700 Average loss: 0.0753
====> Epoch: 12800 Average loss: 0.0816
====> Epoch: 12900 Average loss: 0.0642
====> Epoch: 13000 Average loss: 0.0622
====> Epoch: 13100 Average loss: 0.0747
====> Epoch: 13200 Average loss: 0.0618
====> Epoch: 13300 Average loss: 0.0589
====> Epoch: 13400 Average loss: 0.0625
====> Epoch: 13500 Average loss: 0.0601
====> Epoch: 13600 Average loss: 0.0808
====> Epoch: 13700 Average loss: 0.0620
====> Epoch: 13800 Average loss: 0.0658
====> Epoch: 13900 Average loss: 0.0794
====> Epoch: 14000 Average loss: 0.0582
====> Epoch: 14100 Average loss: 0.0791
====> Epoch: 14200 Average loss: 0.0506
====> Epoch: 14300 Average loss: 0.0739
====> Epoch: 14400 Average loss: 0.0687
====> Epoch: 14500 Average loss: 0.0767
====> Epoch: 14600 Average loss: 0.0729
====> Epoch: 14700 Average loss: 0.0751
====> Epoch: 14800 Average loss: 0.0632
====> Epoch: 14900 Average loss: 0.0704
====> Epoch: 15000 Average loss: 0.0602
====> Epoch: 15100 Average loss: 0.0470
====> Epoch: 15200 Average loss: 0.0522
====> Epoch: 15300 Average loss: 0.0664
====> Epoch: 15400 Average loss: 0.0569
====> Epoch: 15500 Average loss: 0.0466
====> Epoch: 15600 Average loss: 0.0644
====> Epoch: 15700 Average loss: 0.0604
====> Epoch: 15800 Average loss: 0.0614
====> Epoch: 15900 Average loss: 0.0534
====> Epoch: 16000 Average loss: 0.0630
====> Epoch: 16100 Average loss: 0.0542
====> Epoch: 16200 Average loss: 0.0607
====> Epoch: 16300 Average loss: 0.0877
====> Epoch: 16400 Average loss: 0.0599
====> Epoch: 16500 Average loss: 0.0580
====> Epoch: 16600 Average loss: 0.0512
====> Epoch: 16700 Average loss: 0.0506
====> Epoch: 16800 Average loss: 0.0623
====> Epoch: 16900 Average loss: 0.0647
====> Epoch: 17000 Average loss: 0.0572
====> Epoch: 17100 Average loss: 0.0585
====> Epoch: 17200 Average loss: 0.0572
====> Epoch: 17300 Average loss: 0.0685
====> Epoch: 17400 Average loss: 0.0553
====> Epoch: 17500 Average loss: 0.0532
====> Epoch: 17600 Average loss: 0.0499
====> Epoch: 17700 Average loss: 0.0601
====> Epoch: 17800 Average loss: 0.0630
====> Epoch: 17900 Average loss: 0.0919
====> Epoch: 18000 Average loss: 0.0619
====> Epoch: 18100 Average loss: 0.0526
====> Epoch: 18200 Average loss: 0.0588
====> Epoch: 18300 Average loss: 0.0535
====> Epoch: 18400 Average loss: 0.0624
====> Epoch: 18500 Average loss: 0.0827
====> Epoch: 18600 Average loss: 0.0474
====> Epoch: 18700 Average loss: 0.0566
====> Epoch: 18800 Average loss: 0.0645
====> Epoch: 18900 Average loss: 0.0688
====> Epoch: 19000 Average loss: 0.0604
====> Epoch: 19100 Average loss: 0.0579
====> Epoch: 19200 Average loss: 0.0608
====> Epoch: 19300 Average loss: 0.0698
====> Epoch: 19400 Average loss: 0.0664
====> Epoch: 19500 Average loss: 0.0643
====> Epoch: 19600 Average loss: 0.0571
====> Epoch: 19700 Average loss: 0.0572
====> Epoch: 19800 Average loss: 0.0510
====> Epoch: 19900 Average loss: 0.0604
====> Epoch: 20000 Average loss: 0.0637
----------------------------------------------------
I:  tensor([ 0.0000,  1.7447, -0.3894,  0.1517,  1.4224,  0.0000, -1.3446,  0.5491,  0.0000,  0.0000,  0.0000, -1.4854,  0.2806], device='cuda:0')
R:  tensor([ 0.3251,  1.6799, -0.6039,  0.0630,  1.6534, -1.1853, -1.3270,  0.5285, -0.4691,  2.3814, -1.4666, -1.5430,  0.3705], device='cuda:0', grad_fn=<UnbindBackward0>)
G:  tensor([ 0.3328,  1.7447, -0.3894,  0.1517,  1.4224, -1.1298, -1.3446,  0.5491, -0.4221,  2.2242, -1.6121, -1.4854,  0.2806], device='cuda:0')
----------------------------------------------------
I:  tensor([ 1.4939,  1.5293,  0.2686, -0.1787,  0.0000,  0.0000,  0.6232, -0.4984,  0.0000,  0.0787, -0.3837,  0.0000,  0.0000], device='cuda:0')
R:  tensor([ 1.3835,  1.2205,  0.3136, -0.3411,  1.0144,  0.7613,  0.6101, -0.6072, -0.5387,  0.0940, -0.2977,  1.0983,  1.0574], device='cuda:0', grad_fn=<UnbindBackward0>)
G:  tensor([ 1.4939,  1.5293,  0.2686, -0.1787,  0.7905,  0.8891,  0.6232, -0.4984, -0.5973,  0.0787, -0.3837,  1.0146,  1.0608], device='cuda:0')
----------------------------------------------------
I:  tensor([ 1.7039, -0.4186,  0.0493, -2.2506,  0.1586,  1.6102,  0.0000,  0.0000,  2.3988,  1.0563,  1.0642,  0.0000,  2.5479], device='cuda:0')
R:  tensor([ 1.6035, -0.4490,  0.0194, -2.2578,  0.3265,  1.5389,  1.5873, -0.7257,  2.4641,  1.1648,  1.0216,  0.6034,  2.5739], device='cuda:0', grad_fn=<UnbindBackward0>)
G:  tensor([ 1.7039, -0.4186,  0.0493, -2.2506,  0.1586,  1.6102,  1.6171, -0.5790,  2.3988,  1.0563,  1.0642,  0.5485,  2.5479], device='cuda:0')
----------------------------------------------------
I:  tensor([ 0.0000e+00,  1.6011e+00,  0.0000e+00,  1.5183e-03, -7.5420e-01, -7.9333e-01,  0.0000e+00,  9.5200e-01,  0.0000e+00,  1.7095e+00,
        -1.6999e+00,  0.0000e+00, -8.4992e-01], device='cuda:0')
R:  tensor([ 8.9153e-01,  1.4648e+00, -4.9357e-02,  1.6350e-03, -5.6510e-01, -8.9232e-01, -1.1942e+00,  8.5985e-01, -1.9524e-01,  1.6407e+00,
        -1.5673e+00, -1.4148e+00, -5.9259e-01], device='cuda:0', grad_fn=<UnbindBackward0>)
G:  tensor([ 1.0369e+00,  1.6011e+00,  4.9285e-02,  1.5183e-03, -7.5420e-01, -7.9333e-01, -1.2040e+00,  9.5200e-01, -5.4137e-02,  1.7095e+00,
        -1.6999e+00, -1.3724e+00, -8.4992e-01], device='cuda:0')
----------------------------------------------------
I:  tensor([ 0.8516,  0.8291,  0.6341,  0.0000,  0.0000, -0.7453,  0.0000,  0.0000, -1.3857,  0.3555,  0.0112, -1.1182, -0.2130], device='cuda:0')
R:  tensor([ 0.7858,  0.7127,  0.6988,  0.1902,  0.5838, -0.8740, -1.4292,  1.0990, -1.3627,  0.4029, -0.0430, -1.1209, -0.1661], device='cuda:0', grad_fn=<UnbindBackward0>)
G:  tensor([ 0.8516,  0.8291,  0.6341,  0.1517,  0.5096, -0.7453, -1.4751,  1.1132, -1.3857,  0.3555,  0.0112, -1.1182, -0.2130], device='cuda:0')
----------------------------------------------------
I:  tensor([ 1.5063,  1.4844,  0.5245, -1.8903,  1.9841,  0.0000,  1.0147, -1.3042,  0.8569,  0.0000,  0.0000,  1.2971,  0.0417], device='cuda:0')
R:  tensor([ 1.4824,  1.3358,  0.5298, -1.8830,  2.2507,  1.1131,  0.9691, -1.4453,  0.9099,  0.1038, -0.2980,  1.3718,  0.1636], device='cuda:0', grad_fn=<UnbindBackward0>)
G:  tensor([ 1.5063,  1.4844,  0.5245, -1.8903,  1.9841,  1.1295,  1.0147, -1.3042,  0.8569,  0.0181, -0.2959,  1.2971,  0.0417], device='cuda:0')
----------------------------------------------------
I:  tensor([-1.7795, -0.2570,  3.1563,  0.0000,  0.0000,  0.0000,  3.0628,  0.8714,  0.4890,  0.4074, -0.1204,  1.5231, -0.8977], device='cuda:0')
R:  tensor([-1.6157, -0.3369,  3.4672,  2.4059,  1.5303,  1.2773,  2.9529,  0.8607,  0.4313,  0.5306, -0.1455,  1.6042, -0.9234], device='cuda:0', grad_fn=<UnbindBackward0>)
G:  tensor([-1.7795, -0.2570,  3.1563,  2.7041,  1.3522,  1.4179,  3.0628,  0.8714,  0.4890,  0.4074, -0.1204,  1.5231, -0.8977], device='cuda:0')
----------------------------------------------------
I:  tensor([ 0.9010,  1.8166,  0.0000,  0.9024,  0.0000, -1.6265,  0.0000,  0.0000, -0.7725,  0.0000, -0.7785, -1.2171, -0.7225], device='cuda:0')
R:  tensor([ 0.7828,  1.6926, -0.3894,  0.7175, -0.7970, -1.5267, -1.4485,  1.2659, -0.7943,  0.6833, -0.8615, -1.2947, -0.6444], device='cuda:0', grad_fn=<UnbindBackward0>)
G:  tensor([ 0.9010,  1.8166, -0.3894,  0.9024, -0.8244, -1.6265, -1.5655,  1.2743, -0.7725,  0.6756, -0.7785, -1.2171, -0.7225], device='cuda:0')
----------------------------------------------------
I:  tensor([-0.9272,  0.0000,  0.0000,  0.4519, -0.7542,  0.0000, -1.5655,  1.3549, -1.3857, -0.5226, -0.9102, -1.8951, -0.0856], device='cuda:0')
R:  tensor([-0.8785,  2.1268,  0.6259,  0.4478, -0.7951, -1.4689, -1.4666,  1.3407, -1.2800, -0.4095, -0.8790, -1.9308, -0.0209], device='cuda:0', grad_fn=<UnbindBackward0>)
G:  tensor([-0.9272,  2.1397,  0.6341,  0.4519, -0.7542, -1.4663, -1.5655,  1.3549, -1.3857, -0.5226, -0.9102, -1.8951, -0.0856], device='cuda:0')
----------------------------------------------------
I:  tensor([-0.5937,  0.0841,  0.0000,  0.0000, -0.8244,  0.4084,  0.0000, -0.8207, -0.6498, -1.3228,  0.0000,  0.2377, -1.3435], device='cuda:0')
R:  tensor([-0.6126,  0.0718, -0.9361,  0.3546, -0.7988,  0.3055,  0.2130, -0.9204, -0.6647, -1.3232, -0.2661,  0.2781, -1.2497], device='cuda:0', grad_fn=<UnbindBackward0>)
G:  tensor([-0.5937,  0.0841, -0.7183,  0.4519, -0.8244,  0.4084,  0.2417, -0.8207, -0.6498, -1.3228, -0.2521,  0.2377, -1.3435], device='cuda:0')
====> Epoch: 20100 Average loss: 0.0605
====> Epoch: 20200 Average loss: 0.0536
====> Epoch: 20300 Average loss: 0.0428
====> Epoch: 20400 Average loss: 0.0658
====> Epoch: 20500 Average loss: 0.0532
====> Epoch: 20600 Average loss: 0.0462
====> Epoch: 20700 Average loss: 0.0537
====> Epoch: 20800 Average loss: 0.0453
====> Epoch: 20900 Average loss: 0.0501
====> Epoch: 21000 Average loss: 0.0463
====> Epoch: 21100 Average loss: 0.0576
====> Epoch: 21200 Average loss: 0.0477
====> Epoch: 21300 Average loss: 0.0477
====> Epoch: 21400 Average loss: 0.0644
====> Epoch: 21500 Average loss: 0.0436
====> Epoch: 21600 Average loss: 0.0552
====> Epoch: 21700 Average loss: 0.0563
====> Epoch: 21800 Average loss: 0.0533
====> Epoch: 21900 Average loss: 0.0528
====> Epoch: 22000 Average loss: 0.0595
====> Epoch: 22100 Average loss: 0.0545
====> Epoch: 22200 Average loss: 0.0577
====> Epoch: 22300 Average loss: 0.0458
====> Epoch: 22400 Average loss: 0.0570
====> Epoch: 22500 Average loss: 0.0524
====> Epoch: 22600 Average loss: 0.0470
====> Epoch: 22700 Average loss: 0.0512
====> Epoch: 22800 Average loss: 0.0558
====> Epoch: 22900 Average loss: 0.0529
====> Epoch: 23000 Average loss: 0.0463
====> Epoch: 23100 Average loss: 0.0489
====> Epoch: 23200 Average loss: 0.0492
====> Epoch: 23300 Average loss: 0.0418
====> Epoch: 23400 Average loss: 0.0566
====> Epoch: 23500 Average loss: 0.0447
====> Epoch: 23600 Average loss: 0.0604
====> Epoch: 23700 Average loss: 0.0521
====> Epoch: 23800 Average loss: 0.0470
====> Epoch: 23900 Average loss: 0.0534
====> Epoch: 24000 Average loss: 0.0530
====> Epoch: 24100 Average loss: 0.0480
====> Epoch: 24200 Average loss: 0.0517
====> Epoch: 24300 Average loss: 0.0492
====> Epoch: 24400 Average loss: 0.0462
====> Epoch: 24500 Average loss: 0.0473
====> Epoch: 24600 Average loss: 0.0469
====> Epoch: 24700 Average loss: 0.0600
====> Epoch: 24800 Average loss: 0.0525
====> Epoch: 24900 Average loss: 0.0421
====> Epoch: 25000 Average loss: 0.0492
====> Epoch: 25100 Average loss: 0.0405
====> Epoch: 25200 Average loss: 0.0452
====> Epoch: 25300 Average loss: 0.0394
====> Epoch: 25400 Average loss: 0.0430
====> Epoch: 25500 Average loss: 0.0500
====> Epoch: 25600 Average loss: 0.0393
====> Epoch: 25700 Average loss: 0.0486
====> Epoch: 25800 Average loss: 0.0500
====> Epoch: 25900 Average loss: 0.0456
====> Epoch: 26000 Average loss: 0.0445
====> Epoch: 26100 Average loss: 0.0406
====> Epoch: 26200 Average loss: 0.0469
====> Epoch: 26300 Average loss: 0.0457
====> Epoch: 26400 Average loss: 0.0455
====> Epoch: 26500 Average loss: 0.0489
====> Epoch: 26600 Average loss: 0.0461
====> Epoch: 26700 Average loss: 0.0540
====> Epoch: 26800 Average loss: 0.0448
====> Epoch: 26900 Average loss: 0.0448
====> Epoch: 27000 Average loss: 0.0487
====> Epoch: 27100 Average loss: 0.0483
====> Epoch: 27200 Average loss: 0.0513
====> Epoch: 27300 Average loss: 0.0514
====> Epoch: 27400 Average loss: 0.0367
====> Epoch: 27500 Average loss: 0.0525
====> Epoch: 27600 Average loss: 0.0450
====> Epoch: 27700 Average loss: 0.0474
====> Epoch: 27800 Average loss: 0.0413
====> Epoch: 27900 Average loss: 0.0420
====> Epoch: 28000 Average loss: 0.0506
====> Epoch: 28100 Average loss: 0.0445
====> Epoch: 28200 Average loss: 0.0449
====> Epoch: 28300 Average loss: 0.0472
====> Epoch: 28400 Average loss: 0.0421
====> Epoch: 28500 Average loss: 0.0373
====> Epoch: 28600 Average loss: 0.0530
====> Epoch: 28700 Average loss: 0.0533
====> Epoch: 28800 Average loss: 0.0450
====> Epoch: 28900 Average loss: 0.0470
====> Epoch: 29000 Average loss: 0.0443
====> Epoch: 29100 Average loss: 0.0436
====> Epoch: 29200 Average loss: 0.0530
====> Epoch: 29300 Average loss: 0.0531
====> Epoch: 29400 Average loss: 0.0427
====> Epoch: 29500 Average loss: 0.0397
====> Epoch: 29600 Average loss: 0.0442
====> Epoch: 29700 Average loss: 0.0432
====> Epoch: 29800 Average loss: 0.0576
====> Epoch: 29900 Average loss: 0.0570
====> Epoch: 30000 Average loss: 0.0452
----------------------------------------------------
I:  tensor([ 0.0000,  0.1020,  0.3417,  0.4519, -0.1223,  0.0000,  0.0811, -0.1761, -0.4922,  0.0000,  0.0000,  1.0852, -0.9837], device='cuda:0')
R:  tensor([-0.7566, -0.1930,  0.4613,  0.6348, -0.2467,  0.5130,  0.2437, -0.0999, -0.4312, -0.8321, -0.8268,  1.0430, -1.0683], device='cuda:0', grad_fn=<UnbindBackward0>)
G:  tensor([-0.8160,  0.1020,  0.3417,  0.4519, -0.1223,  0.4244,  0.0811, -0.1761, -0.4922, -0.9768, -0.6908,  1.0852, -0.9837], device='cuda:0')
----------------------------------------------------
I:  tensor([ 0.7157, -0.6071, -0.0238,  0.0000,  0.0000,  0.9051,  0.0000, -1.1430,  0.0000,  0.0000,  0.5815,  0.3790,  2.4460], device='cuda:0')
R:  tensor([ 0.7884, -0.6002, -0.0075,  0.0497,  0.3965,  0.8112,  1.1349, -1.1555,  0.4752,  0.9052,  0.6010,  0.3850,  2.5330], device='cuda:0', grad_fn=<UnbindBackward0>)
G:  tensor([ 0.7157, -0.6071, -0.0238, -0.1186,  0.4394,  0.9051,  1.1653, -1.1430,  0.6292,  0.7968,  0.5815,  0.3790,  2.4460], device='cuda:0')
----------------------------------------------------
I:  tensor([ 0.0000, -0.9393, -1.5591, -0.1486,  0.0000,  0.1040,  0.0000,  0.2268,  0.0000, -1.0200, -0.4275,  0.5767, -1.3849], device='cuda:0')
R:  tensor([-0.8415, -0.7805, -1.4394,  0.0084, -0.5878, -0.0791, -0.0930,  0.2678,  0.5695, -0.9828, -0.5302,  0.5347, -1.2979], device='cuda:0', grad_fn=<UnbindBackward0>)
G:  tensor([-0.9643, -0.9393, -1.5591, -0.1486, -0.5436,  0.1040,  0.0108,  0.2268,  0.8569, -1.0200, -0.4275,  0.5767, -1.3849], device='cuda:0')
----------------------------------------------------
I:  tensor([ 0.0000, -0.5982,  0.0000,  0.9024, -0.7542,  0.0000, -0.9330,  1.2743,  0.0000,  0.0000, -1.6999, -1.1747, -0.4041], device='cuda:0')
R:  tensor([ 0.5891,  1.2484,  0.6650,  1.2703,  0.0277, -0.7517, -1.4311,  0.5557, -0.2704,  1.3755, -1.3038, -1.7126, -0.0187], device='cuda:0', grad_fn=<UnbindBackward0>)
G:  tensor([ 0.5922, -0.5982,  0.9997,  0.9024, -0.7542,  0.4885, -0.9330,  1.2743,  1.2249,  2.8947, -1.6999, -1.1747, -0.4041], device='cuda:0')
----------------------------------------------------
I:  tensor([ 0.0000, -0.3737,  0.0000,  0.1517,  1.4224,  0.0000,  1.1151, -0.2567,  0.6642,  0.4940,  0.4938,  0.0541,  1.6977], device='cuda:0')
R:  tensor([ 1.7024, -0.2919,  1.3237,  0.2137,  1.3625,  0.7018,  1.0195, -0.2390,  0.4389,  0.6555,  0.4475, -0.0042,  1.7825], device='cuda:0', grad_fn=<UnbindBackward0>)
G:  tensor([ 1.6051, -0.3737,  1.2921,  0.1517,  1.4224,  0.8090,  1.1151, -0.2567,  0.6642,  0.4940,  0.4938,  0.0541,  1.6977], device='cuda:0')
----------------------------------------------------
I:  tensor([-0.5196, -0.9393,  0.0000,  0.1517,  0.2288,  0.0000, -1.4550,  0.0000,  0.0000,  1.0996, -1.6560, -1.4996,  0.0000], device='cuda:0')
R:  tensor([-0.3077, -0.5239, -0.6238,  0.3218,  0.0646, -1.4328, -1.6075,  1.2905, -0.5460,  1.3192, -1.5831, -1.5903, -0.2499], device='cuda:0', grad_fn=<UnbindBackward0>)
G:  tensor([-0.5196, -0.9393, -0.9742,  0.1517,  0.2288, -1.3061, -1.4550,  1.3549, -0.3345,  1.0996, -1.6560, -1.4996, -0.3404], device='cuda:0')
----------------------------------------------------
I:  tensor([ 0.0000, -0.4994, -0.8280, -2.4908,  0.0181,  0.0000,  0.0000, -0.8207,  0.0000, -0.2933,  0.0000,  1.1134,  0.9652], device='cuda:0')
R:  tensor([ 0.4058, -0.4518, -0.7146, -2.3735,  0.0133,  0.3485,  0.6333, -0.7832, -0.7404, -0.2561,  0.4694,  1.0631,  1.0658], device='cuda:0', grad_fn=<UnbindBackward0>)
G:  tensor([ 0.2463, -0.4994, -0.8280, -2.4908,  0.0181,  0.5686,  0.7336, -0.8207, -0.5447, -0.2933,  0.4061,  1.1134,  0.9652], device='cuda:0')
----------------------------------------------------
I:  tensor([-1.4707,  0.0000,  0.0000,  0.0000,  2.4054, -1.1138, -1.0434, -1.7877, -0.0541, -1.1066,  0.0000, -0.4967, -0.3882], device='cuda:0')
R:  tensor([-1.4126, -0.0769,  1.3149,  0.6893,  2.2356, -1.2627, -1.2071, -1.6928, -0.2780, -1.0188, -0.2040, -0.7569, -0.3229], device='cuda:0', grad_fn=<UnbindBackward0>)
G:  tensor([-1.4707, -0.1942,  1.3652,  0.6021,  2.4054, -1.1138, -1.0434, -1.7877, -0.0541, -1.1066, -0.0327, -0.4967, -0.3882], device='cuda:0')
----------------------------------------------------
I:  tensor([ 0.0000, -1.0829,  0.0000, -0.1486, -0.8946,  1.9306,  1.0750,  0.0000,  0.0000, -0.2630,  1.1519,  0.3649, -1.0410], device='cuda:0')
R:  tensor([-0.5915, -1.0321, -0.6596, -0.1132, -0.8328,  1.8858,  1.0979, -1.2486,  0.4354, -0.1930,  1.1138,  0.2400, -0.9829], device='cuda:0', grad_fn=<UnbindBackward0>)
G:  tensor([-0.7790, -1.0829, -0.7549, -0.1486, -0.8946,  1.9306,  1.0750, -1.3848,  0.4890, -0.2630,  1.1519,  0.3649, -1.0410], device='cuda:0')
----------------------------------------------------
I:  tensor([ 1.2592, -0.5892, -0.5721,  0.0000,  0.0000,  0.5686,  0.3019, -0.8207,  0.6817,  0.0000,  0.3622,  0.0000,  0.0000], device='cuda:0')
R:  tensor([ 1.3012, -0.4797, -0.2612, -1.0553, -0.2985,  0.6820,  0.4959, -0.9385,  0.4000, -0.0489,  0.1001,  1.4352,  0.8982], device='cuda:0', grad_fn=<UnbindBackward0>)
G:  tensor([ 1.2592, -0.5892, -0.5721, -1.0495, -0.2627,  0.5686,  0.3019, -0.8207,  0.6817, -0.1549,  0.3622,  1.3818,  0.9175], device='cuda:0')
====> Epoch: 30100 Average loss: 0.0429
====> Epoch: 30200 Average loss: 0.0444
====> Epoch: 30300 Average loss: 0.0432
====> Epoch: 30400 Average loss: 0.0405
====> Epoch: 30500 Average loss: 0.0398
====> Epoch: 30600 Average loss: 0.0661
====> Epoch: 30700 Average loss: 0.0466
====> Epoch: 30800 Average loss: 0.0503
====> Epoch: 30900 Average loss: 0.0391
====> Epoch: 31000 Average loss: 0.0383
====> Epoch: 31100 Average loss: 0.0454
====> Epoch: 31200 Average loss: 0.0401
====> Epoch: 31300 Average loss: 0.0414
====> Epoch: 31400 Average loss: 0.0422
====> Epoch: 31500 Average loss: 0.0337
====> Epoch: 31600 Average loss: 0.0623
====> Epoch: 31700 Average loss: 0.0518
====> Epoch: 31800 Average loss: 0.0383
====> Epoch: 31900 Average loss: 0.0442
====> Epoch: 32000 Average loss: 0.0393
====> Epoch: 32100 Average loss: 0.0447
====> Epoch: 32200 Average loss: 0.0416
====> Epoch: 32300 Average loss: 0.0367
====> Epoch: 32400 Average loss: 0.0434
====> Epoch: 32500 Average loss: 0.0432
====> Epoch: 32600 Average loss: 0.0397
====> Epoch: 32700 Average loss: 0.0391
====> Epoch: 32800 Average loss: 0.0460
====> Epoch: 32900 Average loss: 0.0400
====> Epoch: 33000 Average loss: 0.0418
====> Epoch: 33100 Average loss: 0.0351
====> Epoch: 33200 Average loss: 0.0395
====> Epoch: 33300 Average loss: 0.0313
====> Epoch: 33400 Average loss: 0.0471
====> Epoch: 33500 Average loss: 0.0460
====> Epoch: 33600 Average loss: 0.0368
====> Epoch: 33700 Average loss: 0.0374
====> Epoch: 33800 Average loss: 0.0381
====> Epoch: 33900 Average loss: 0.0479
====> Epoch: 34000 Average loss: 0.0437
====> Epoch: 34100 Average loss: 0.0385
====> Epoch: 34200 Average loss: 0.0413
====> Epoch: 34300 Average loss: 0.0516
====> Epoch: 34400 Average loss: 0.0521
====> Epoch: 34500 Average loss: 0.0413
====> Epoch: 34600 Average loss: 0.0415
====> Epoch: 34700 Average loss: 0.0449
====> Epoch: 34800 Average loss: 0.0402
====> Epoch: 34900 Average loss: 0.0452
====> Epoch: 35000 Average loss: 0.0479
====> Epoch: 35100 Average loss: 0.0420
====> Epoch: 35200 Average loss: 0.0438
====> Epoch: 35300 Average loss: 0.0317
====> Epoch: 35400 Average loss: 0.0389
====> Epoch: 35500 Average loss: 0.0399
====> Epoch: 35600 Average loss: 0.0472
====> Epoch: 35700 Average loss: 0.0350
====> Epoch: 35800 Average loss: 0.0415
====> Epoch: 35900 Average loss: 0.0394
====> Epoch: 36000 Average loss: 0.0372
====> Epoch: 36100 Average loss: 0.0357
====> Epoch: 36200 Average loss: 0.0434
====> Epoch: 36300 Average loss: 0.0356
====> Epoch: 36400 Average loss: 0.0434
====> Epoch: 36500 Average loss: 0.0457
====> Epoch: 36600 Average loss: 0.0444
====> Epoch: 36700 Average loss: 0.0365
====> Epoch: 36800 Average loss: 0.0391
====> Epoch: 36900 Average loss: 0.0435
====> Epoch: 37000 Average loss: 0.0460
====> Epoch: 37100 Average loss: 0.0445
====> Epoch: 37200 Average loss: 0.0399
====> Epoch: 37300 Average loss: 0.0344
====> Epoch: 37400 Average loss: 0.0416
====> Epoch: 37500 Average loss: 0.0451
====> Epoch: 37600 Average loss: 0.0363
====> Epoch: 37700 Average loss: 0.0352
====> Epoch: 37800 Average loss: 0.0343
====> Epoch: 37900 Average loss: 0.0396
====> Epoch: 38000 Average loss: 0.0438
====> Epoch: 38100 Average loss: 0.0432
====> Epoch: 38200 Average loss: 0.0302
====> Epoch: 38300 Average loss: 0.0370
====> Epoch: 38400 Average loss: 0.0368
====> Epoch: 38500 Average loss: 0.0327
====> Epoch: 38600 Average loss: 0.0370
====> Epoch: 38700 Average loss: 0.0427
====> Epoch: 38800 Average loss: 0.0352
====> Epoch: 38900 Average loss: 0.0347
====> Epoch: 39000 Average loss: 0.0405
====> Epoch: 39100 Average loss: 0.0440
====> Epoch: 39200 Average loss: 0.0376
====> Epoch: 39300 Average loss: 0.0422
====> Epoch: 39400 Average loss: 0.0397
====> Epoch: 39500 Average loss: 0.0310
====> Epoch: 39600 Average loss: 0.0356
====> Epoch: 39700 Average loss: 0.0352
====> Epoch: 39800 Average loss: 0.0367
====> Epoch: 39900 Average loss: 0.0417
====> Epoch: 40000 Average loss: 0.0398
----------------------------------------------------
I:  tensor([-0.8778,  0.4431, -0.5356,  0.0000,  0.0000,  0.2482,  0.0000, -0.9013,  0.6993, -1.2580,  0.8448,  0.9722,  0.0000], device='cuda:0')
R:  tensor([-0.9334,  0.4400, -0.5703, -0.5094, -0.7482,  0.3458,  0.2264, -0.9459,  0.7985, -1.3384,  0.9001,  1.0330, -1.5338], device='cuda:0', grad_fn=<UnbindBackward0>)
G:  tensor([-0.8778,  0.4431, -0.5356, -0.4489, -0.8244,  0.2482,  0.2216, -0.9013,  0.6993, -1.2580,  0.8448,  0.9722, -1.4550], device='cuda:0')
----------------------------------------------------
I:  tensor([ 0.0000, -0.8495,  0.0000,  0.9024,  0.0000,  0.0000,  0.2618,  0.5491, -0.9652, -0.9335,  0.0000,  0.8168, -1.1524], device='cuda:0')
R:  tensor([-1.2270, -0.8794,  0.4588,  0.8012, -1.0871,  0.5209,  0.3391,  0.4551, -0.8864, -1.0463, -0.1229,  0.8594, -1.1734], device='cuda:0', grad_fn=<UnbindBackward0>)
G:  tensor([-1.1372, -0.8495,  0.4879,  0.9024, -1.1053,  0.4244,  0.2618,  0.5491, -0.9652, -0.9335, -0.1204,  0.8168, -1.1524], device='cuda:0')
----------------------------------------------------
I:  tensor([ 0.0000, -0.4994, -0.8280,  0.0000,  0.0000,  0.5686,  0.7336, -0.8207,  0.0000, -0.2933,  0.4061,  0.0000,  0.9652], device='cuda:0')
R:  tensor([ 0.7763, -0.6610, -0.7455, -2.3368,  0.0442,  0.7322,  0.8340, -0.7532, -0.2059, -0.2166,  0.5079,  0.9550,  1.0538], device='cuda:0', grad_fn=<UnbindBackward0>)
G:  tensor([ 0.2463, -0.4994, -0.8280, -2.4908,  0.0181,  0.5686,  0.7336, -0.8207, -0.5447, -0.2933,  0.4061,  1.1134,  0.9652], device='cuda:0')
----------------------------------------------------
I:  tensor([ 0.1969,  0.0000,  1.1093, -0.2687,  0.0884,  0.8090,  0.0000,  0.0000,  2.1360,  0.0000,  0.3183,  0.0000,  1.3951], device='cuda:0')
R:  tensor([ 0.3051, -0.1139,  0.9114, -0.2883,  0.1828,  1.0711,  1.2615, -0.6451,  2.1189,  0.3220,  0.3067,  0.8551,  1.4320], device='cuda:0', grad_fn=<UnbindBackward0>)
G:  tensor([ 0.1969,  0.0212,  1.1093, -0.2687,  0.0884,  0.8090,  1.2155, -0.4984,  2.1360,  0.2690,  0.3183,  0.7886,  1.3951], device='cuda:0')
----------------------------------------------------
I:  tensor([ 3.6295e-02, -1.2894e+00, -2.3998e+00, -1.0495e+00, -9.6484e-01, -5.5298e-01,  7.3323e-04, -9.8188e-01,  0.0000e+00,  0.0000e+00,
         0.0000e+00, -1.8600e-01, -1.1302e+00], device='cuda:0')
R:  tensor([ 0.0423, -1.3497, -2.2506, -1.0352, -0.8917, -0.4266,  0.0333, -1.0498, -0.1816, -0.2145,  1.0993, -0.0525, -1.1372], device='cuda:0', grad_fn=<UnbindBackward0>)
G:  tensor([ 3.6295e-02, -1.2894e+00, -2.3998e+00, -1.0495e+00, -9.6484e-01, -5.5298e-01,  7.3323e-04, -9.8188e-01, -2.2935e-01, -1.9816e-01,
         1.0203e+00, -1.8600e-01, -1.1302e+00], device='cuda:0')
----------------------------------------------------
I:  tensor([ 0.9010,  0.0000, -0.3894,  0.9024, -0.8244, -1.6265, -1.5655,  0.0000, -0.7725,  0.0000,  0.0000, -1.2171,  0.0000], device='cuda:0')
R:  tensor([ 0.9211,  1.6998, -0.3774,  0.7893, -0.8403, -1.5129, -1.4268,  1.1568, -0.6780,  0.6449, -0.6577, -1.0658, -0.7265], device='cuda:0', grad_fn=<UnbindBackward0>)
G:  tensor([ 0.9010,  1.8166, -0.3894,  0.9024, -0.8244, -1.6265, -1.5655,  1.2743, -0.7725,  0.6756, -0.7785, -1.2171, -0.7225], device='cuda:0')
----------------------------------------------------
I:  tensor([-0.0131, -0.5982,  0.8535,  0.0000,  2.7565,  0.0000,  0.0000, -1.2236,  0.6467, -0.7389,  0.0000,  0.0000,  0.7582], device='cuda:0')
R:  tensor([ 0.0595, -0.6465,  0.8711,  3.0995,  2.7385,  1.7570,  1.0003, -1.4051,  0.7038, -0.7608,  1.5913,  1.3827,  0.8129], device='cuda:0', grad_fn=<UnbindBackward0>)
G:  tensor([-0.0131, -0.5982,  0.8535,  3.1545,  2.7565,  1.6102,  0.8641, -1.2236,  0.6467, -0.7389,  1.5468,  1.2547,  0.7582], device='cuda:0')
----------------------------------------------------
I:  tensor([-0.1490,  0.0000,  0.1224,  0.1517,  0.0000, -1.5945, -0.8125, -0.9819,  0.0000,  0.0000,  0.0000, -1.6832, -0.6907], device='cuda:0')
R:  tensor([-0.1422,  0.2957,  0.1204,  0.6120,  0.3000, -1.6557, -0.8255, -0.9966, -1.2803,  0.2827, -1.0435, -1.6069, -0.5610], device='cuda:0', grad_fn=<UnbindBackward0>)
G:  tensor([-0.1490,  0.5868,  0.1224,  0.1517,  0.2990, -1.5945, -0.8125, -0.9819, -1.3332,  0.1479, -0.9540, -1.6832, -0.6907], device='cuda:0')
----------------------------------------------------
I:  tensor([ 0.0000,  0.0000,  1.8038,  0.0000,  0.0000, -0.5049, -1.0735,  0.0000, -0.8426,  1.4889, -1.2611, -0.9770, -0.3722], device='cuda:0')
R:  tensor([ 0.5561,  2.0202,  1.7508,  1.6388,  0.8472, -0.3290, -1.0184, -0.7535, -0.7590,  1.5015, -1.1454, -0.8174, -0.3113], device='cuda:0', grad_fn=<UnbindBackward0>)
G:  tensor([ 0.4933,  2.0320,  1.8038,  1.6531,  0.8607, -0.5049, -1.0735, -0.7401, -0.8426,  1.4889, -1.2611, -0.9770, -0.3722], device='cuda:0')
----------------------------------------------------
I:  tensor([-0.4949, -0.8944, -1.7053,  0.0000, -0.8244, -1.3542,  0.0000,  0.0000, -0.4221, -1.1282,  0.0000,  0.0000, -0.5888], device='cuda:0')
R:  tensor([-0.3414, -0.9274, -1.6971, -0.2695, -0.9567, -1.2646, -0.6977, -0.6305, -0.3895, -1.1834,  0.3941,  0.3140, -0.6113], device='cuda:0', grad_fn=<UnbindBackward0>)
G:  tensor([-0.4949, -0.8944, -1.7053, -0.2988, -0.8244, -1.3542, -0.6719, -0.5790, -0.4221, -1.1282,  0.3622,  0.2236, -0.5888], device='cuda:0')
====> Epoch: 40100 Average loss: 0.0329
====> Epoch: 40200 Average loss: 0.0349
====> Epoch: 40300 Average loss: 0.0468
====> Epoch: 40400 Average loss: 0.0311
====> Epoch: 40500 Average loss: 0.0441
====> Epoch: 40600 Average loss: 0.0408
====> Epoch: 40700 Average loss: 0.0428
====> Epoch: 40800 Average loss: 0.0397
====> Epoch: 40900 Average loss: 0.0319
====> Epoch: 41000 Average loss: 0.0392
====> Epoch: 41100 Average loss: 0.0306
====> Epoch: 41200 Average loss: 0.0427
====> Epoch: 41300 Average loss: 0.0375
====> Epoch: 41400 Average loss: 0.0355
====> Epoch: 41500 Average loss: 0.0353
====> Epoch: 41600 Average loss: 0.0343
====> Epoch: 41700 Average loss: 0.0402
====> Epoch: 41800 Average loss: 0.0355
====> Epoch: 41900 Average loss: 0.0348
====> Epoch: 42000 Average loss: 0.0313
====> Epoch: 42100 Average loss: 0.0321
====> Epoch: 42200 Average loss: 0.0335
====> Epoch: 42300 Average loss: 0.0334
====> Epoch: 42400 Average loss: 0.0436
====> Epoch: 42500 Average loss: 0.0392
====> Epoch: 42600 Average loss: 0.0376
====> Epoch: 42700 Average loss: 0.0490
====> Epoch: 42800 Average loss: 0.0324
====> Epoch: 42900 Average loss: 0.0390
====> Epoch: 43000 Average loss: 0.0280
====> Epoch: 43100 Average loss: 0.0442
====> Epoch: 43200 Average loss: 0.0366
====> Epoch: 43300 Average loss: 0.0344
====> Epoch: 43400 Average loss: 0.0405
====> Epoch: 43500 Average loss: 0.0332
====> Epoch: 43600 Average loss: 0.0306
====> Epoch: 43700 Average loss: 0.0336
====> Epoch: 43800 Average loss: 0.0298
====> Epoch: 43900 Average loss: 0.0508
====> Epoch: 44000 Average loss: 0.0356
====> Epoch: 44100 Average loss: 0.0458
====> Epoch: 44200 Average loss: 0.0307
====> Epoch: 44300 Average loss: 0.0425
====> Epoch: 44400 Average loss: 0.0341
====> Epoch: 44500 Average loss: 0.0391
====> Epoch: 44600 Average loss: 0.0450
====> Epoch: 44700 Average loss: 0.0378
====> Epoch: 44800 Average loss: 0.0385
====> Epoch: 44900 Average loss: 0.0323
====> Epoch: 45000 Average loss: 0.0285
====> Epoch: 45100 Average loss: 0.0329
====> Epoch: 45200 Average loss: 0.0343
====> Epoch: 45300 Average loss: 0.0350
====> Epoch: 45400 Average loss: 0.0335
====> Epoch: 45500 Average loss: 0.0438
====> Epoch: 45600 Average loss: 0.0333
====> Epoch: 45700 Average loss: 0.0385
====> Epoch: 45800 Average loss: 0.0372
====> Epoch: 45900 Average loss: 0.0315
====> Epoch: 46000 Average loss: 0.0367
====> Epoch: 46100 Average loss: 0.0404
====> Epoch: 46200 Average loss: 0.0364
====> Epoch: 46300 Average loss: 0.0405
====> Epoch: 46400 Average loss: 0.0341
====> Epoch: 46500 Average loss: 0.0290
====> Epoch: 46600 Average loss: 0.0348
====> Epoch: 46700 Average loss: 0.0461
====> Epoch: 46800 Average loss: 0.0306
====> Epoch: 46900 Average loss: 0.0353
====> Epoch: 47000 Average loss: 0.0399
====> Epoch: 47100 Average loss: 0.0299
====> Epoch: 47200 Average loss: 0.0389
====> Epoch: 47300 Average loss: 0.0342
====> Epoch: 47400 Average loss: 0.0387
====> Epoch: 47500 Average loss: 0.0324
====> Epoch: 47600 Average loss: 0.0334
====> Epoch: 47700 Average loss: 0.0406
====> Epoch: 47800 Average loss: 0.0388
====> Epoch: 47900 Average loss: 0.0304
====> Epoch: 48000 Average loss: 0.0311
====> Epoch: 48100 Average loss: 0.0391
====> Epoch: 48200 Average loss: 0.0311
====> Epoch: 48300 Average loss: 0.0371
====> Epoch: 48400 Average loss: 0.0354
====> Epoch: 48500 Average loss: 0.0329
====> Epoch: 48600 Average loss: 0.0305
====> Epoch: 48700 Average loss: 0.0397
====> Epoch: 48800 Average loss: 0.0295
====> Epoch: 48900 Average loss: 0.0383
====> Epoch: 49000 Average loss: 0.0367
====> Epoch: 49100 Average loss: 0.0319
====> Epoch: 49200 Average loss: 0.0381
====> Epoch: 49300 Average loss: 0.0365
====> Epoch: 49400 Average loss: 0.0373
====> Epoch: 49500 Average loss: 0.0326
====> Epoch: 49600 Average loss: 0.0305
====> Epoch: 49700 Average loss: 0.0411
====> Epoch: 49800 Average loss: 0.0355
====> Epoch: 49900 Average loss: 0.0318
====> Epoch: 50000 Average loss: 0.0285
----------------------------------------------------
I:  tensor([ 0.0000, -0.4096, -1.6322, -1.0495, -0.1925, -1.0978, -0.4611, -0.1761, -0.7725, -0.5442,  1.1958, -0.6662, -1.0155], device='cuda:0')
R:  tensor([-1.5872, -0.3841, -1.5561, -0.9517, -0.2399, -1.0446, -0.4615, -0.1605, -0.7860, -0.5925,  1.1911, -0.6244, -1.0188], device='cuda:0', grad_fn=<UnbindBackward0>)
G:  tensor([-1.6560, -0.4096, -1.6322, -1.0495, -0.1925, -1.0978, -0.4611, -0.1761, -0.7725, -0.5442,  1.1958, -0.6662, -1.0155], device='cuda:0')
----------------------------------------------------
I:  tensor([-1.1496,  0.0000, -0.7183,  0.0000, -1.0351,  0.0000,  0.6232,  0.0656, -0.4221, -0.9941, -0.4275,  0.9440,  0.0000], device='cuda:0')
R:  tensor([-1.0936, -0.1028, -0.6356,  0.4333, -1.0406,  0.4483,  0.5967,  0.0723, -0.3847, -1.0043, -0.4670,  0.9404, -1.1816], device='cuda:0', grad_fn=<UnbindBackward0>)
G:  tensor([-1.1496, -0.1583, -0.7183,  0.4519, -1.0351,  0.4885,  0.6232,  0.0656, -0.4221, -0.9941, -0.4275,  0.9440, -1.1747], device='cuda:0')
----------------------------------------------------
I:  tensor([ 1.5063,  0.0000,  0.0000, -1.8903,  1.9841,  1.1295,  1.0147, -1.3042,  0.0000,  0.0000, -0.2959,  0.0000,  0.0417], device='cuda:0')
R:  tensor([ 1.4719,  1.4897,  0.5031, -1.8124,  2.1340,  1.1220,  0.9868, -1.2545,  0.9830,  0.0436, -0.2919,  1.3382,  0.0521], device='cuda:0', grad_fn=<UnbindBackward0>)
G:  tensor([ 1.5063,  1.4844,  0.5245, -1.8903,  1.9841,  1.1295,  1.0147, -1.3042,  0.8569,  0.0181, -0.2959,  1.2971,  0.0417], device='cuda:0')
----------------------------------------------------
I:  tensor([-1.1372,  0.0000,  0.0000, -0.5991, -0.1925, -0.1043,  0.1413, -0.8207,  0.0000, -0.7605,  1.3713,  0.4920,  0.0000], device='cuda:0')
R:  tensor([-1.0583, -0.2651, -2.4012, -0.5374, -0.2300, -0.1098,  0.1555, -0.8167, -0.2865, -0.7883,  1.3191,  0.5535, -0.0865], device='cuda:0', grad_fn=<UnbindBackward0>)
G:  tensor([-1.1372, -0.2301, -2.4363, -0.5991, -0.1925, -0.1043,  0.1413, -0.8207, -0.3345, -0.7605,  1.3713,  0.4920, -0.1175], device='cuda:0')
----------------------------------------------------
I:  tensor([ 0.0000, -0.7777, -1.3763,  0.3919, -0.9648, -0.5049,  0.0000, -0.4984, -0.1067, -1.3445,  0.0000,  0.0000,  0.0000], device='cuda:0')
R:  tensor([-1.3673, -0.6882, -1.3774,  0.4123, -1.0272, -0.5386, -0.4645, -0.4513, -0.0901, -1.4494, -0.0524,  1.0673, -0.8742], device='cuda:0', grad_fn=<UnbindBackward0>)
G:  tensor([-1.4584, -0.7777, -1.3763,  0.3919, -0.9648, -0.5049, -0.4310, -0.4984, -0.1067, -1.3445, -0.0327,  1.0146, -0.8022], device='cuda:0')
----------------------------------------------------
I:  tensor([-0.7172,  0.0000,  0.0000,  0.0000,  0.0000,  0.0000,  0.0610, -0.1761,  0.0335, -1.2969,  0.4499,  0.4920, -1.2798], device='cuda:0')
R:  tensor([-0.7188, -0.6515, -0.5687,  0.8865,  0.5699, -0.4623,  0.0108, -0.0876,  0.1565, -1.3593,  0.3684,  0.5764, -1.4015], device='cuda:0', grad_fn=<UnbindBackward0>)
G:  tensor([-0.7172, -0.6520, -0.6452,  0.9024,  0.5799, -0.4729,  0.0610, -0.1761,  0.0335, -1.2969,  0.4499,  0.4920, -1.2798], device='cuda:0')
----------------------------------------------------
I:  tensor([-1.6807, -0.2481,  0.3417,  0.0000, -1.1053, -0.5530,  0.0000,  0.9520, -0.4221, -0.9768,  0.1867,  0.0000,  0.0000], device='cuda:0')
R:  tensor([-1.6313, -0.1888,  0.3581,  0.6140, -1.1973, -0.6059, -0.3807,  0.8880, -0.3983, -1.0216,  0.2234,  0.2431, -0.1821], device='cuda:0', grad_fn=<UnbindBackward0>)
G:  tensor([-1.6807, -0.2481,  0.3417,  0.6321, -1.1053, -0.5530, -0.3406,  0.9520, -0.4221, -0.9768,  0.1867,  0.1954, -0.2130], device='cuda:0')
----------------------------------------------------
I:  tensor([-0.9272,  1.3857, -0.6087, -0.2988,  0.8607, -1.4663, -1.2542,  0.0000, -0.7900,  0.0000, -1.3489,  0.0000,  0.3443], device='cuda:0')
R:  tensor([-0.8697,  1.4305, -0.5973, -0.2630,  0.8828, -1.4497, -1.2763, -0.7059, -0.8462,  1.4466, -1.3584, -0.8211,  0.3761], device='cuda:0', grad_fn=<UnbindBackward0>)
G:  tensor([-0.9272,  1.3857, -0.6087, -0.2988,  0.8607, -1.4663, -1.2542, -0.5790, -0.7900,  1.3634, -1.3489, -0.8640,  0.3443], device='cuda:0')
----------------------------------------------------
I:  tensor([ 0.0000, -0.6520, -0.5721,  0.0000,  0.2288, -1.9150, -1.0133,  0.0656, -0.2293,  0.0000, -0.2257,  0.0000,  0.0000], device='cuda:0')
R:  tensor([-0.7771, -0.6441, -0.5341,  0.3352,  0.2488, -1.9258, -1.0233,  0.0922, -0.1634, -0.8833, -0.2930, -1.0734,  0.4583], device='cuda:0', grad_fn=<UnbindBackward0>)
G:  tensor([-0.8778, -0.6520, -0.5721,  0.2718,  0.2288, -1.9150, -1.0133,  0.0656, -0.2293, -0.8686, -0.2257, -1.1182,  0.3920], device='cuda:0')
----------------------------------------------------
I:  tensor([ 0.9257, -0.5443,  0.1589, -1.0495,  0.0000,  0.4885,  0.0000, -0.5790,  0.0000,  0.2344,  0.8448,  0.0000,  1.8251], device='cuda:0')
R:  tensor([ 0.8765, -0.4899,  0.3763, -0.9059, -0.6942,  0.5765,  0.7531, -0.5827,  0.2582,  0.2489,  0.6398,  0.4941,  1.7984], device='cuda:0', grad_fn=<UnbindBackward0>)
G:  tensor([ 0.9257, -0.5443,  0.1589, -1.0495, -0.7542,  0.4885,  0.7336, -0.5790,  0.3839,  0.2344,  0.8448,  0.4072,  1.8251], device='cuda:0')
====> Epoch: 50100 Average loss: 0.0302
====> Epoch: 50200 Average loss: 0.0390
====> Epoch: 50300 Average loss: 0.0343
====> Epoch: 50400 Average loss: 0.0375
====> Epoch: 50500 Average loss: 0.0305
====> Epoch: 50600 Average loss: 0.0264
====> Epoch: 50700 Average loss: 0.0486
====> Epoch: 50800 Average loss: 0.0354
====> Epoch: 50900 Average loss: 0.0326
====> Epoch: 51000 Average loss: 0.0302
====> Epoch: 51100 Average loss: 0.0339
====> Epoch: 51200 Average loss: 0.0341
====> Epoch: 51300 Average loss: 0.0322
====> Epoch: 51400 Average loss: 0.0368
====> Epoch: 51500 Average loss: 0.0410
====> Epoch: 51600 Average loss: 0.0302
====> Epoch: 51700 Average loss: 0.0258
====> Epoch: 51800 Average loss: 0.0323
====> Epoch: 51900 Average loss: 0.0311
====> Epoch: 52000 Average loss: 0.0428
====> Epoch: 52100 Average loss: 0.0350
====> Epoch: 52200 Average loss: 0.0308
====> Epoch: 52300 Average loss: 0.0355
====> Epoch: 52400 Average loss: 0.0392
====> Epoch: 52500 Average loss: 0.0368
====> Epoch: 52600 Average loss: 0.0318
====> Epoch: 52700 Average loss: 0.0314
====> Epoch: 52800 Average loss: 0.0294
====> Epoch: 52900 Average loss: 0.0354
====> Epoch: 53000 Average loss: 0.0405
====> Epoch: 53100 Average loss: 0.0345
====> Epoch: 53200 Average loss: 0.0325
====> Epoch: 53300 Average loss: 0.0276
====> Epoch: 53400 Average loss: 0.0330
====> Epoch: 53500 Average loss: 0.0290
====> Epoch: 53600 Average loss: 0.0411
====> Epoch: 53700 Average loss: 0.0339
====> Epoch: 53800 Average loss: 0.0277
====> Epoch: 53900 Average loss: 0.0333
====> Epoch: 54000 Average loss: 0.0293
====> Epoch: 54100 Average loss: 0.0340
====> Epoch: 54200 Average loss: 0.0311
====> Epoch: 54300 Average loss: 0.0317
====> Epoch: 54400 Average loss: 0.0339
====> Epoch: 54500 Average loss: 0.0318
====> Epoch: 54600 Average loss: 0.0350
====> Epoch: 54700 Average loss: 0.0282
====> Epoch: 54800 Average loss: 0.0317
====> Epoch: 54900 Average loss: 0.0400
====> Epoch: 55000 Average loss: 0.0374
====> Epoch: 55100 Average loss: 0.0343
====> Epoch: 55200 Average loss: 0.0262
====> Epoch: 55300 Average loss: 0.0339
====> Epoch: 55400 Average loss: 0.0321
====> Epoch: 55500 Average loss: 0.0396
====> Epoch: 55600 Average loss: 0.0309
====> Epoch: 55700 Average loss: 0.0312
====> Epoch: 55800 Average loss: 0.0301
====> Epoch: 55900 Average loss: 0.0370
====> Epoch: 56000 Average loss: 0.0364
====> Epoch: 56100 Average loss: 0.0339
====> Epoch: 56200 Average loss: 0.0296
====> Epoch: 56300 Average loss: 0.0319
====> Epoch: 56400 Average loss: 0.0323
====> Epoch: 56500 Average loss: 0.0364
====> Epoch: 56600 Average loss: 0.0274
====> Epoch: 56700 Average loss: 0.0304
====> Epoch: 56800 Average loss: 0.0348
====> Epoch: 56900 Average loss: 0.0367
====> Epoch: 57000 Average loss: 0.0358
====> Epoch: 57100 Average loss: 0.0309
====> Epoch: 57200 Average loss: 0.0306
====> Epoch: 57300 Average loss: 0.0430
====> Epoch: 57400 Average loss: 0.0315
====> Epoch: 57500 Average loss: 0.0327
====> Epoch: 57600 Average loss: 0.0350
====> Epoch: 57700 Average loss: 0.0327
====> Epoch: 57800 Average loss: 0.0392
====> Epoch: 57900 Average loss: 0.0330
====> Epoch: 58000 Average loss: 0.0310
====> Epoch: 58100 Average loss: 0.0367
====> Epoch: 58200 Average loss: 0.0292
====> Epoch: 58300 Average loss: 0.0301
====> Epoch: 58400 Average loss: 0.0295
====> Epoch: 58500 Average loss: 0.0334
====> Epoch: 58600 Average loss: 0.0291
====> Epoch: 58700 Average loss: 0.0329
====> Epoch: 58800 Average loss: 0.0434
====> Epoch: 58900 Average loss: 0.0303
====> Epoch: 59000 Average loss: 0.0323
====> Epoch: 59100 Average loss: 0.0339
====> Epoch: 59200 Average loss: 0.0382
====> Epoch: 59300 Average loss: 0.0299
====> Epoch: 59400 Average loss: 0.0334
====> Epoch: 59500 Average loss: 0.0317
====> Epoch: 59600 Average loss: 0.0336
====> Epoch: 59700 Average loss: 0.0288
====> Epoch: 59800 Average loss: 0.0375
====> Epoch: 59900 Average loss: 0.0308
====> Epoch: 60000 Average loss: 0.0286
----------------------------------------------------
I:  tensor([0.7898, 0.6855, 0.0000, 0.0000, 1.1416, 0.6488, 1.0047, 0.0000, 0.1211, 0.0181, 0.0000, 1.0570, 0.0000], device='cuda:0')
R:  tensor([ 0.8665,  0.1280,  0.4953, -1.1914,  1.3047,  0.5086,  1.0167, -1.2595,  0.5875,  0.1295,  0.0039,  1.2846,  0.6980], device='cuda:0', grad_fn=<UnbindBackward0>)
G:  tensor([ 0.7898,  0.6855,  0.7072, -1.2897,  1.1416,  0.6488,  1.0047, -1.5459,  0.1211,  0.0181,  0.0112,  1.0570,  0.3124], device='cuda:0')
----------------------------------------------------
I:  tensor([ 0.0000, -0.5263,  0.0000, -1.6500,  0.7905,  2.5395,  1.7175, -0.3373,  0.0000,  0.8616,  0.0000,  0.0000,  1.4111], device='cuda:0')
R:  tensor([ 1.0803, -0.6142,  0.2857, -1.5509,  0.8083,  2.5019,  1.7524, -0.3436,  0.5055,  0.9649,  0.2214,  0.9076,  1.4009], device='cuda:0', grad_fn=<UnbindBackward0>)
G:  tensor([ 1.0122, -0.5263,  0.1955, -1.6500,  0.7905,  2.5395,  1.7175, -0.3373,  0.4890,  0.8616,  0.2306,  0.9157,  1.4111], device='cuda:0')
----------------------------------------------------
I:  tensor([ 0.0981,  1.4036, -0.0238,  0.0000,  0.9309,  0.0000,  0.0000,  0.0000, -0.7900,  1.8782, -1.6999, -1.8103,  0.0000], device='cuda:0')
R:  tensor([ 0.1129,  1.1915,  0.1117,  0.6691,  0.8802, -1.3758, -0.6768, -0.2072, -0.9625,  1.9869, -1.7725, -1.8969, -0.6056], device='cuda:0', grad_fn=<UnbindBackward0>)
G:  tensor([ 0.0981,  1.4036, -0.0238,  0.6021,  0.9309, -1.4182, -0.6418, -0.1761, -0.7900,  1.8782, -1.6999, -1.8103, -0.6270], device='cuda:0')
----------------------------------------------------
I:  tensor([ 0.9010,  1.8166, -0.3894,  0.9024,  0.0000, -1.6265,  0.0000,  0.0000, -0.7725,  0.6756, -0.7785, -1.2171,  0.0000], device='cuda:0')
R:  tensor([ 0.8932,  1.7120, -0.2634,  1.0228, -0.7707, -1.5572, -1.5598,  1.2793, -0.8261,  0.7144, -0.8102, -1.2331, -0.7171], device='cuda:0', grad_fn=<UnbindBackward0>)
G:  tensor([ 0.9010,  1.8166, -0.3894,  0.9024, -0.8244, -1.6265, -1.5655,  1.2743, -0.7725,  0.6756, -0.7785, -1.2171, -0.7225], device='cuda:0')
----------------------------------------------------
I:  tensor([ 0.0000, -1.0829, -0.7549,  0.0000, -0.8946,  1.9306,  0.0000,  0.0000,  0.4890, -0.2630,  0.0000,  0.3649, -1.0410], device='cuda:0')
R:  tensor([-0.9025, -1.0884, -0.5113,  0.1052, -0.6865,  1.8508,  0.8767, -1.5655,  0.3504, -0.3816,  0.9518,  0.3137, -0.7990], device='cuda:0', grad_fn=<UnbindBackward0>)
G:  tensor([-0.7790, -1.0829, -0.7549, -0.1486, -0.8946,  1.9306,  1.0750, -1.3848,  0.4890, -0.2630,  1.1519,  0.3649, -1.0410], device='cuda:0')
----------------------------------------------------
I:  tensor([ 2.2598,  0.0000,  0.0000, -1.6500,  0.0000,  0.8090,  0.9545,  0.0000,  0.6817,  0.0614,  0.5377,  0.0000,  0.9493], device='cuda:0')
R:  tensor([ 2.2997, -0.5938, -0.5941, -1.5872, -0.1007,  0.8250,  0.9714, -0.6492,  0.7362,  0.1139,  0.5823,  0.3498,  0.9768], device='cuda:0', grad_fn=<UnbindBackward0>)
G:  tensor([ 2.2598, -0.6251, -0.7183, -1.6500, -0.1925,  0.8090,  0.9545, -0.5790,  0.6817,  0.0614,  0.5377,  0.3366,  0.9493], device='cuda:0')
----------------------------------------------------
I:  tensor([ 0.0000,  2.0320,  1.8038,  0.0000,  0.8607, -0.5049, -1.0735, -0.7401, -0.8426,  0.0000, -1.2611, -0.9770,  0.0000], device='cuda:0')
R:  tensor([ 0.5224,  1.8922,  1.8492,  1.7834,  0.8238, -0.4481, -1.1628, -0.7244, -0.8719,  1.5861, -1.2859, -1.0301, -0.3244], device='cuda:0', grad_fn=<UnbindBackward0>)
G:  tensor([ 0.4933,  2.0320,  1.8038,  1.6531,  0.8607, -0.5049, -1.0735, -0.7401, -0.8426,  1.4889, -1.2611, -0.9770, -0.3722], device='cuda:0')
----------------------------------------------------
I:  tensor([ 0.0000,  0.2277,  0.0000,  0.1517,  1.4224,  0.0000, -1.3546,  1.3549, -0.2293,  0.0000, -1.5683, -1.4007,  0.0000], device='cuda:0')
R:  tensor([ 0.2538,  0.1292,  0.2020,  0.2259,  1.5022, -1.0242, -1.3603,  1.3660, -0.3177,  1.9950, -1.6723, -1.4401,  0.3449], device='cuda:0', grad_fn=<UnbindBackward0>)
G:  tensor([ 0.2092,  0.2277,  0.0127,  0.1517,  1.4224, -1.0337, -1.3546,  1.3549, -0.2293,  1.8349, -1.5683, -1.4007,  0.2965], device='cuda:0')
----------------------------------------------------
I:  tensor([ 0.0000,  0.0000,  0.0000, -0.8093,  3.5990, -0.7132, -0.7522, -1.7877,  0.0000,  0.0000,  1.4151,  0.6473, -0.0920], device='cuda:0')
R:  tensor([-0.8642, -0.9355, -2.0813, -0.6200,  3.6119, -0.6880, -0.7819, -1.8921,  1.6181, -1.0201,  1.5148,  0.7259,  0.0239], device='cuda:0', grad_fn=<UnbindBackward0>)
G:  tensor([-0.9766, -1.0290, -2.2536, -0.8093,  3.5990, -0.7132, -0.7522, -1.7877,  1.5928, -0.9552,  1.4151,  0.6473, -0.0920], device='cuda:0')
----------------------------------------------------
I:  tensor([-0.7790,  0.0000,  0.0000, -0.1486, -0.8946,  1.9306,  1.0750, -1.3848,  0.4890, -0.2630,  0.0000,  0.3649,  0.0000], device='cuda:0')
R:  tensor([-0.9403, -1.0706, -0.4816,  0.1173, -0.6030,  1.8095,  0.8157, -1.6052,  0.2934, -0.4429,  0.9056,  0.3076, -0.7853], device='cuda:0', grad_fn=<UnbindBackward0>)
G:  tensor([-0.7790, -1.0829, -0.7549, -0.1486, -0.8946,  1.9306,  1.0750, -1.3848,  0.4890, -0.2630,  1.1519,  0.3649, -1.0410], device='cuda:0')
====> Epoch: 60100 Average loss: 0.0361
====> Epoch: 60200 Average loss: 0.0280
====> Epoch: 60300 Average loss: 0.0278
====> Epoch: 60400 Average loss: 0.0310
====> Epoch: 60500 Average loss: 0.0293
====> Epoch: 60600 Average loss: 0.0291
====> Epoch: 60700 Average loss: 0.0318
====> Epoch: 60800 Average loss: 0.0368
====> Epoch: 60900 Average loss: 0.0355
====> Epoch: 61000 Average loss: 0.0343
====> Epoch: 61100 Average loss: 0.0299
====> Epoch: 61200 Average loss: 0.0312
====> Epoch: 61300 Average loss: 0.0351
====> Epoch: 61400 Average loss: 0.0233
====> Epoch: 61500 Average loss: 0.0284
====> Epoch: 61600 Average loss: 0.0343
====> Epoch: 61700 Average loss: 0.0298
====> Epoch: 61800 Average loss: 0.0335
====> Epoch: 61900 Average loss: 0.0380
====> Epoch: 62000 Average loss: 0.0318
====> Epoch: 62100 Average loss: 0.0304
====> Epoch: 62200 Average loss: 0.0314
====> Epoch: 62300 Average loss: 0.0321
====> Epoch: 62400 Average loss: 0.0256
====> Epoch: 62500 Average loss: 0.0387
====> Epoch: 62600 Average loss: 0.0366
====> Epoch: 62700 Average loss: 0.0307
====> Epoch: 62800 Average loss: 0.0320
====> Epoch: 62900 Average loss: 0.0294
====> Epoch: 63000 Average loss: 0.0250
====> Epoch: 63100 Average loss: 0.0295
====> Epoch: 63200 Average loss: 0.0327
====> Epoch: 63300 Average loss: 0.0284
====> Epoch: 63400 Average loss: 0.0386
====> Epoch: 63500 Average loss: 0.0318
====> Epoch: 63600 Average loss: 0.0255
====> Epoch: 63700 Average loss: 0.0337
====> Epoch: 63800 Average loss: 0.0296
====> Epoch: 63900 Average loss: 0.0387
====> Epoch: 64000 Average loss: 0.0349
====> Epoch: 64100 Average loss: 0.0322
====> Epoch: 64200 Average loss: 0.0292
====> Epoch: 64300 Average loss: 0.0362
====> Epoch: 64400 Average loss: 0.0337
====> Epoch: 64500 Average loss: 0.0353
====> Epoch: 64600 Average loss: 0.0312
====> Epoch: 64700 Average loss: 0.0291
====> Epoch: 64800 Average loss: 0.0317
====> Epoch: 64900 Average loss: 0.0288
====> Epoch: 65000 Average loss: 0.0319
====> Epoch: 65100 Average loss: 0.0294
====> Epoch: 65200 Average loss: 0.0285
====> Epoch: 65300 Average loss: 0.0316
====> Epoch: 65400 Average loss: 0.0283
====> Epoch: 65500 Average loss: 0.0351
====> Epoch: 65600 Average loss: 0.0346
====> Epoch: 65700 Average loss: 0.0289
====> Epoch: 65800 Average loss: 0.0256
====> Epoch: 65900 Average loss: 0.0260
====> Epoch: 66000 Average loss: 0.0382
====> Epoch: 66100 Average loss: 0.0292
====> Epoch: 66200 Average loss: 0.0299
====> Epoch: 66300 Average loss: 0.0317
====> Epoch: 66400 Average loss: 0.0368
====> Epoch: 66500 Average loss: 0.0303
====> Epoch: 66600 Average loss: 0.0276
====> Epoch: 66700 Average loss: 0.0292
====> Epoch: 66800 Average loss: 0.0325
====> Epoch: 66900 Average loss: 0.0281
====> Epoch: 67000 Average loss: 0.0262
====> Epoch: 67100 Average loss: 0.0291
====> Epoch: 67200 Average loss: 0.0396
====> Epoch: 67300 Average loss: 0.0306
====> Epoch: 67400 Average loss: 0.0327
====> Epoch: 67500 Average loss: 0.0255
====> Epoch: 67600 Average loss: 0.0263
====> Epoch: 67700 Average loss: 0.0300
====> Epoch: 67800 Average loss: 0.0306
====> Epoch: 67900 Average loss: 0.0308
====> Epoch: 68000 Average loss: 0.0279
====> Epoch: 68100 Average loss: 0.0260
====> Epoch: 68200 Average loss: 0.0285
====> Epoch: 68300 Average loss: 0.0363
====> Epoch: 68400 Average loss: 0.0269
====> Epoch: 68500 Average loss: 0.0294
====> Epoch: 68600 Average loss: 0.0279
====> Epoch: 68700 Average loss: 0.0291
====> Epoch: 68800 Average loss: 0.0330
====> Epoch: 68900 Average loss: 0.0321
====> Epoch: 69000 Average loss: 0.0243
====> Epoch: 69100 Average loss: 0.0353
====> Epoch: 69200 Average loss: 0.0302
====> Epoch: 69300 Average loss: 0.0398
====> Epoch: 69400 Average loss: 0.0306
====> Epoch: 69500 Average loss: 0.0294
====> Epoch: 69600 Average loss: 0.0306
====> Epoch: 69700 Average loss: 0.0415
====> Epoch: 69800 Average loss: 0.0323
====> Epoch: 69900 Average loss: 0.0331
====> Epoch: 70000 Average loss: 0.0427
----------------------------------------------------
I:  tensor([-0.1737,  0.0000, -0.1700,  0.0000,  1.5628, -1.2580, -0.7824, -1.2236,  0.0000,  0.0000, -0.8663, -1.8668,  0.0000], device='cuda:0')
R:  tensor([-0.1505, -0.8889, -0.2428, -0.4278,  1.6720, -1.1327, -0.6904, -1.1962, -1.0940, -0.4309, -0.8203, -1.7209, -0.4134], device='cuda:0', grad_fn=<UnbindBackward0>)
G:  tensor([-0.1737, -0.8854, -0.1700, -0.4489,  1.5628, -1.2580, -0.7824, -1.2236, -1.1404, -0.4144, -0.8663, -1.8668, -0.3722], device='cuda:0')
----------------------------------------------------
I:  tensor([ 0.5551,  0.0000,  0.8535,  1.0525,  0.7905, -0.9536, -1.1137,  0.5491, -0.2293,  2.4319,  0.0000,  0.0000, -0.1653], device='cuda:0')
R:  tensor([ 0.6978,  1.2303,  1.1323,  1.2709,  0.8561, -0.7948, -0.9647,  0.5318, -0.1798,  2.3474, -0.4694, -1.2309, -0.1324], device='cuda:0', grad_fn=<UnbindBackward0>)
G:  tensor([ 0.5551,  1.2241,  0.8535,  1.0525,  0.7905, -0.9536, -1.1137,  0.5491, -0.2293,  2.4319, -0.4714, -1.4854, -0.1653], device='cuda:0')
----------------------------------------------------
I:  tensor([ 0.0000, -0.6161,  0.0000,  0.0000, -0.1223,  0.2482,  0.4023,  0.0000, -0.2644,  0.0000,  0.7132, -0.1436,  1.1404], device='cuda:0')
R:  tensor([ 0.1240, -0.6552,  0.4918, -0.4684, -0.0947,  0.3344,  0.4814, -0.6479, -0.1874, -0.3869,  0.7593,  0.0756,  1.1723], device='cuda:0', grad_fn=<UnbindBackward0>)
G:  tensor([ 0.0610, -0.6161,  0.6707, -0.4489, -0.1223,  0.2482,  0.4023, -0.5790, -0.2644, -0.3496,  0.7132, -0.1436,  1.1404], device='cuda:0')
----------------------------------------------------
I:  tensor([-0.8284, -1.1098,  0.0000, -1.0495,  0.0000, -0.3928, -0.9430,  0.0000,  0.0000, -0.7735,  1.2835, -1.3301,  0.0000], device='cuda:0')
R:  tensor([-0.7806, -1.1291, -0.3119, -1.0264,  0.2992, -0.1956, -0.7497,  1.9693, -1.9879, -0.8411,  1.4899, -1.0742, -0.3133], device='cuda:0', grad_fn=<UnbindBackward0>)
G:  tensor([-0.8284, -1.1098, -0.3162, -1.0495,  0.0884, -0.3928, -0.9430,  2.1607, -2.0690, -0.7735,  1.2835, -1.3301, -0.2130], device='cuda:0')
----------------------------------------------------
I:  tensor([-0.6060, -0.9842, -0.4259, -0.5991,  0.0000, -0.4729,  0.0000,  0.0000, -0.5973,  0.1695, -0.9102, -1.5561,  0.0000], device='cuda:0')
R:  tensor([-0.5741, -0.9908, -0.3806, -0.4652, -0.9815, -0.2399, -1.2325,  1.6702, -0.5022,  0.1887, -0.8262, -1.3076, -0.3522], device='cuda:0', grad_fn=<UnbindBackward0>)
G:  tensor([-0.6060, -0.9842, -0.4259, -0.5991, -1.0351, -0.4729, -1.4550,  1.9189, -0.5973,  0.1695, -0.9102, -1.5561, -0.3086], device='cuda:0')
----------------------------------------------------
I:  tensor([ 0.0000, -0.8854, -0.1700, -0.4489,  0.0000, -1.2580, -0.7824,  0.0000,  0.0000, -0.4144, -0.8663, -1.8668,  0.0000], device='cuda:0')
R:  tensor([-0.1540, -0.8948, -0.2543, -0.4319,  1.6615, -1.1292, -0.6837, -1.2003, -1.0892, -0.4281, -0.8188, -1.7272, -0.4159], device='cuda:0', grad_fn=<UnbindBackward0>)
G:  tensor([-0.1737, -0.8854, -0.1700, -0.4489,  1.5628, -1.2580, -0.7824, -1.2236, -1.1404, -0.4144, -0.8663, -1.8668, -0.3722], device='cuda:0')
----------------------------------------------------
I:  tensor([ 0.6169,  0.7035,  0.0000,  1.3528,  1.6331, -1.4343, -0.4611, -1.1430, -0.5973,  1.5321, -1.6121, -1.8527,  0.0000], device='cuda:0')
R:  tensor([ 0.5814,  0.6700,  1.1047,  1.5082,  1.9018, -1.2354, -0.3918, -1.2582, -0.4326,  1.4578, -1.6041, -1.6524, -0.6664], device='cuda:0', grad_fn=<UnbindBackward0>)
G:  tensor([ 0.6169,  0.7035,  0.9266,  1.3528,  1.6331, -1.4343, -0.4611, -1.1430, -0.5973,  1.5321, -1.6121, -1.8527, -0.7862], device='cuda:0')
----------------------------------------------------
I:  tensor([ 0.0000, -0.5982,  0.9997,  0.0000, -0.7542,  0.4885, -0.9330,  1.2743,  0.0000,  0.0000, -1.6999, -1.1747,  0.0000], device='cuda:0')
R:  tensor([ 0.8679, -0.7060,  1.0467,  1.0516, -0.6882,  0.8152, -0.7472,  1.1593,  1.4451,  3.2437, -1.6283, -1.0994, -0.4178], device='cuda:0', grad_fn=<UnbindBackward0>)
G:  tensor([ 0.5922, -0.5982,  0.9997,  0.9024, -0.7542,  0.4885, -0.9330,  1.2743,  1.2249,  2.8947, -1.6999, -1.1747, -0.4041], device='cuda:0')
----------------------------------------------------
I:  tensor([-0.7913,  0.0000,  0.0493,  0.4519, -0.8244,  0.0078, -1.1137,  0.0000,  0.0000,  1.1212, -1.7437, -1.4572,  0.0000], device='cuda:0')
R:  tensor([-0.6246,  1.4493,  0.1451,  0.5314, -0.8126,  0.0431, -1.0533,  0.9207, -0.9032,  1.0337, -1.7315, -1.1805, -0.7570], device='cuda:0', grad_fn=<UnbindBackward0>)
G:  tensor([-0.7913,  1.3408,  0.0493,  0.4519, -0.8244,  0.0078, -1.1137,  1.1132, -0.9652,  1.1212, -1.7437, -1.4572, -0.7225], device='cuda:0')
----------------------------------------------------
I:  tensor([ 0.0000,  0.2008, -0.0604,  0.0000, -0.7542,  0.0000, -1.5353,  0.0656,  0.0000,  0.2344, -1.1295, -0.2001,  0.1054], device='cuda:0')
R:  tensor([ 3.5343e-01,  3.3572e-01,  7.6604e-04,  1.5954e-01, -8.3396e-01, -1.3435e+00, -1.4440e+00,  6.5075e-02, -1.5446e+00,  3.3812e-01,
        -1.0485e+00, -2.7117e-01,  6.4151e-03], device='cuda:0', grad_fn=<UnbindBackward0>)
G:  tensor([ 0.4439,  0.2008, -0.0604,  0.1517, -0.7542, -1.4343, -1.5353,  0.0656, -1.6661,  0.2344, -1.1295, -0.2001,  0.1054], device='cuda:0')
====> Epoch: 70100 Average loss: 0.0274
====> Epoch: 70200 Average loss: 0.0245
====> Epoch: 70300 Average loss: 0.0304
====> Epoch: 70400 Average loss: 0.0339
====> Epoch: 70500 Average loss: 0.0408
====> Epoch: 70600 Average loss: 0.0360
====> Epoch: 70700 Average loss: 0.0348
====> Epoch: 70800 Average loss: 0.0292
====> Epoch: 70900 Average loss: 0.0236
====> Epoch: 71000 Average loss: 0.0309
====> Epoch: 71100 Average loss: 0.0251
====> Epoch: 71200 Average loss: 0.0386
====> Epoch: 71300 Average loss: 0.0294
====> Epoch: 71400 Average loss: 0.0254
====> Epoch: 71500 Average loss: 0.0261
====> Epoch: 71600 Average loss: 0.0247
====> Epoch: 71700 Average loss: 0.0322
====> Epoch: 71800 Average loss: 0.0263
====> Epoch: 71900 Average loss: 0.0368
====> Epoch: 72000 Average loss: 0.0238
====> Epoch: 72100 Average loss: 0.0273
====> Epoch: 72200 Average loss: 0.0291
====> Epoch: 72300 Average loss: 0.0315
====> Epoch: 72400 Average loss: 0.0281
====> Epoch: 72500 Average loss: 0.0359
====> Epoch: 72600 Average loss: 0.0272
====> Epoch: 72700 Average loss: 0.0282
====> Epoch: 72800 Average loss: 0.0267
====> Epoch: 72900 Average loss: 0.0307
====> Epoch: 73000 Average loss: 0.0410
====> Epoch: 73100 Average loss: 0.0277
====> Epoch: 73200 Average loss: 0.0323
====> Epoch: 73300 Average loss: 0.0270
====> Epoch: 73400 Average loss: 0.0317
====> Epoch: 73500 Average loss: 0.0359
====> Epoch: 73600 Average loss: 0.0376
====> Epoch: 73700 Average loss: 0.0310
====> Epoch: 73800 Average loss: 0.0319
====> Epoch: 73900 Average loss: 0.0443
====> Epoch: 74000 Average loss: 0.0297
====> Epoch: 74100 Average loss: 0.0412
====> Epoch: 74200 Average loss: 0.0307
====> Epoch: 74300 Average loss: 0.0267
====> Epoch: 74400 Average loss: 0.0290
====> Epoch: 74500 Average loss: 0.0273
====> Epoch: 74600 Average loss: 0.0312
====> Epoch: 74700 Average loss: 0.0319
====> Epoch: 74800 Average loss: 0.0264
====> Epoch: 74900 Average loss: 0.0296
====> Epoch: 75000 Average loss: 0.0328
====> Epoch: 75100 Average loss: 0.0322
====> Epoch: 75200 Average loss: 0.0295
====> Epoch: 75300 Average loss: 0.0265
====> Epoch: 75400 Average loss: 0.0316
====> Epoch: 75500 Average loss: 0.0283
====> Epoch: 75600 Average loss: 0.0284
====> Epoch: 75700 Average loss: 0.0247
====> Epoch: 75800 Average loss: 0.0349
====> Epoch: 75900 Average loss: 0.0295
====> Epoch: 76000 Average loss: 0.0306
====> Epoch: 76100 Average loss: 0.0269
====> Epoch: 76200 Average loss: 0.0269
====> Epoch: 76300 Average loss: 0.0299
====> Epoch: 76400 Average loss: 0.0297
====> Epoch: 76500 Average loss: 0.0368
====> Epoch: 76600 Average loss: 0.0342
====> Epoch: 76700 Average loss: 0.0287
====> Epoch: 76800 Average loss: 0.0265
====> Epoch: 76900 Average loss: 0.0295
====> Epoch: 77000 Average loss: 0.0310
====> Epoch: 77100 Average loss: 0.0277
====> Epoch: 77200 Average loss: 0.0291
====> Epoch: 77300 Average loss: 0.0314
====> Epoch: 77400 Average loss: 0.0262
====> Epoch: 77500 Average loss: 0.0349
====> Epoch: 77600 Average loss: 0.0284
====> Epoch: 77700 Average loss: 0.0345
====> Epoch: 77800 Average loss: 0.0278
====> Epoch: 77900 Average loss: 0.0321
====> Epoch: 78000 Average loss: 0.0268
====> Epoch: 78100 Average loss: 0.0326
====> Epoch: 78200 Average loss: 0.0338
====> Epoch: 78300 Average loss: 0.0289
====> Epoch: 78400 Average loss: 0.0280
====> Epoch: 78500 Average loss: 0.0312
====> Epoch: 78600 Average loss: 0.0293
====> Epoch: 78700 Average loss: 0.0281
====> Epoch: 78800 Average loss: 0.0318
====> Epoch: 78900 Average loss: 0.0342
====> Epoch: 79000 Average loss: 0.0226
====> Epoch: 79100 Average loss: 0.0332
====> Epoch: 79200 Average loss: 0.0363
====> Epoch: 79300 Average loss: 0.0395
====> Epoch: 79400 Average loss: 0.0322
====> Epoch: 79500 Average loss: 0.0298
====> Epoch: 79600 Average loss: 0.0394
====> Epoch: 79700 Average loss: 0.0320
====> Epoch: 79800 Average loss: 0.0332
====> Epoch: 79900 Average loss: 0.0271
====> Epoch: 80000 Average loss: 0.0430
----------------------------------------------------
I:  tensor([ 0.9133,  0.0000, -0.4259, -0.9294,  1.2820,  0.4885,  0.0000,  0.0000,  0.0000,  0.0000, -0.1643,  0.8310,  0.9971], device='cuda:0')
R:  tensor([ 0.8794, -0.6440, -0.3716, -0.8024,  1.1109,  0.6437,  0.9530, -1.2287,  0.0798,  0.4720, -0.1150,  0.9435,  0.9186], device='cuda:0', grad_fn=<UnbindBackward0>)
G:  tensor([ 0.9133, -0.5982, -0.4259, -0.9294,  1.2820,  0.4885,  0.8742, -1.2236,  0.0510,  0.3426, -0.1643,  0.8310,  0.9971], device='cuda:0')
----------------------------------------------------
I:  tensor([-0.3466, -0.5263,  0.0000,  0.0000, -1.1053, -1.4663, -0.2703,  0.0000,  0.0000, -0.7605, -0.3398, -0.2707,  0.0000], device='cuda:0')
R:  tensor([-0.3791, -0.4777, -0.2198,  0.9639, -1.0811, -1.4754, -0.2108,  0.9856,  0.0567, -0.7812, -0.3107, -0.3534, -0.7981], device='cuda:0', grad_fn=<UnbindBackward0>)
G:  tensor([-0.3466, -0.5263, -0.3162,  0.9024, -1.1053, -1.4663, -0.2703,  0.9520,  0.0685, -0.7605, -0.3398, -0.2707, -0.8244], device='cuda:0')
----------------------------------------------------
I:  tensor([ 0.0000,  0.0000, -0.8280,  0.0000,  0.0181,  0.5686,  0.7336,  0.0000, -0.5447, -0.2933,  0.0000,  1.1134,  0.9652], device='cuda:0')
R:  tensor([ 0.2148, -0.5203, -0.6533, -2.1811,  0.1375,  0.5294,  0.7618, -0.8781, -0.5550, -0.2168,  0.4692,  1.1253,  1.0070], device='cuda:0', grad_fn=<UnbindBackward0>)
G:  tensor([ 0.2463, -0.4994, -0.8280, -2.4908,  0.0181,  0.5686,  0.7336, -0.8207, -0.5447, -0.2933,  0.4061,  1.1134,  0.9652], device='cuda:0')
----------------------------------------------------
I:  tensor([ 0.0000,  2.3462, -0.0604,  0.1517, -0.5436, -0.4729, -1.2341,  0.0000,  0.0000,  0.0000,  0.0000, -0.7933, -0.6270], device='cuda:0')
R:  tensor([ 0.8625,  2.0672,  0.0147,  0.3276, -0.0564, -0.6048, -1.3712,  1.0761, -1.1048, -0.1733, -0.1477, -0.9477, -0.6137], device='cuda:0', grad_fn=<UnbindBackward0>)
G:  tensor([ 0.7651,  2.3462, -0.0604,  0.1517, -0.5436, -0.4729, -1.2341,  0.8714, -1.0003, -0.2847, -0.2082, -0.7933, -0.6270], device='cuda:0')
----------------------------------------------------
I:  tensor([ 0.8886,  0.0000,  0.4879, -0.8393,  0.5799,  1.7704,  1.6472, -1.3848,  0.7869,  0.7535, -0.2959,  0.0000,  1.7136], device='cuda:0')
R:  tensor([ 0.9491, -0.8005,  0.6180, -0.7122,  0.7791,  1.8110,  1.6221, -1.3929,  0.6881,  0.8386, -0.3290,  0.3426,  1.7508], device='cuda:0', grad_fn=<UnbindBackward0>)
G:  tensor([ 0.8886, -0.8136,  0.4879, -0.8393,  0.5799,  1.7704,  1.6472, -1.3848,  0.7869,  0.7535, -0.2959,  0.3649,  1.7136], device='cuda:0')
----------------------------------------------------
I:  tensor([-1.1372,  0.0000, -0.2431,  1.2327, -2.0883, -0.1524, -0.4410,  0.0000, -0.3695,  0.0000,  0.4938,  0.0000,  0.0000], device='cuda:0')
R:  tensor([-1.2232, -0.8904, -0.0971,  1.2348, -2.1676, -0.1665, -0.3824,  0.4924, -0.4014, -1.3652,  0.5253,  0.7639, -0.3663], device='cuda:0', grad_fn=<UnbindBackward0>)
G:  tensor([-1.1372, -0.9034, -0.2431,  1.2327, -2.0883, -0.1524, -0.4410,  0.4685, -0.3695, -1.4353,  0.4938,  0.8451, -0.3882], device='cuda:0')
----------------------------------------------------
I:  tensor([ 0.4439,  0.0000, -0.0604,  0.1517, -0.7542, -1.4343,  0.0000,  0.0656, -1.6661,  0.2344,  0.0000,  0.0000,  0.0000], device='cuda:0')
R:  tensor([ 0.3281,  0.3560,  0.0678,  0.1973, -0.6812, -1.4889, -1.4874, -0.0321, -1.6263,  0.4890, -1.1741, -0.3893,  0.1670], device='cuda:0', grad_fn=<UnbindBackward0>)
G:  tensor([ 0.4439,  0.2008, -0.0604,  0.1517, -0.7542, -1.4343, -1.5353,  0.0656, -1.6661,  0.2344, -1.1295, -0.2001,  0.1054], device='cuda:0')
----------------------------------------------------
I:  tensor([ 0.0000,  0.0000,  0.0000,  0.6021, -0.5436, -0.5850,  0.0000,  0.7103, -0.5973,  1.4543, -1.7876, -1.4007, -0.3086], device='cuda:0')
R:  tensor([ 0.4440,  0.8479,  0.1662,  0.5997, -0.5162, -0.6119, -1.2576,  0.7123, -0.6024,  1.5778, -1.8434, -1.5036, -0.3376], device='cuda:0', grad_fn=<UnbindBackward0>)
G:  tensor([ 0.3945,  0.8112,  0.0493,  0.6021, -0.5436, -0.5850, -1.2743,  0.7103, -0.5973,  1.4543, -1.7876, -1.4007, -0.3086], device='cuda:0')
----------------------------------------------------
I:  tensor([-0.7913,  1.3408,  0.0000,  0.4519, -0.8244,  0.0000,  0.0000,  1.1132, -0.9652,  1.1212,  0.0000, -1.4572,  0.0000], device='cuda:0')
R:  tensor([-0.5618,  1.2786,  0.1466,  0.4944, -0.7918, -0.0969, -1.1021,  1.0028, -0.9715,  1.2883, -1.7984, -1.4736, -0.5964], device='cuda:0', grad_fn=<UnbindBackward0>)
G:  tensor([-0.7913,  1.3408,  0.0493,  0.4519, -0.8244,  0.0078, -1.1137,  1.1132, -0.9652,  1.1212, -1.7437, -1.4572, -0.7225], device='cuda:0')
----------------------------------------------------
I:  tensor([-1.1372, -0.4545,  0.0000,  0.0000,  0.0000,  0.0000, -0.5314,  1.2743,  0.0860, -1.1498,  0.5377,  0.0000, -0.8499], device='cuda:0')
R:  tensor([-1.1656, -0.4416, -0.0625, -0.1950, -1.2539, -1.1378, -0.5618,  1.3218,  0.0489, -1.1470,  0.5420, -0.5201, -0.8326], device='cuda:0', grad_fn=<UnbindBackward0>)
G:  tensor([-1.1372, -0.4545, -0.1700, -0.2988, -1.3159, -1.1138, -0.5314,  1.2743,  0.0860, -1.1498,  0.5377, -0.4826, -0.8499], device='cuda:0')
====> Epoch: 80100 Average loss: 0.0232
====> Epoch: 80200 Average loss: 0.0302
====> Epoch: 80300 Average loss: 0.0403
====> Epoch: 80400 Average loss: 0.0237
====> Epoch: 80500 Average loss: 0.0343
====> Epoch: 80600 Average loss: 0.0225
====> Epoch: 80700 Average loss: 0.0318
====> Epoch: 80800 Average loss: 0.0288
====> Epoch: 80900 Average loss: 0.0264
====> Epoch: 81000 Average loss: 0.0288
====> Epoch: 81100 Average loss: 0.0287
====> Epoch: 81200 Average loss: 0.0286
====> Epoch: 81300 Average loss: 0.0272
====> Epoch: 81400 Average loss: 0.0274
====> Epoch: 81500 Average loss: 0.0285
====> Epoch: 81600 Average loss: 0.0289
====> Epoch: 81700 Average loss: 0.0215
====> Epoch: 81800 Average loss: 0.0282
====> Epoch: 81900 Average loss: 0.0293
====> Epoch: 82000 Average loss: 0.0282
====> Epoch: 82100 Average loss: 0.0273
====> Epoch: 82200 Average loss: 0.0327
====> Epoch: 82300 Average loss: 0.0309
====> Epoch: 82400 Average loss: 0.0331
====> Epoch: 82500 Average loss: 0.0341
====> Epoch: 82600 Average loss: 0.0299
====> Epoch: 82700 Average loss: 0.0342
====> Epoch: 82800 Average loss: 0.0361
====> Epoch: 82900 Average loss: 0.0250
====> Epoch: 83000 Average loss: 0.0364
====> Epoch: 83100 Average loss: 0.0333
====> Epoch: 83200 Average loss: 0.0278
====> Epoch: 83300 Average loss: 0.0259
====> Epoch: 83400 Average loss: 0.0280
====> Epoch: 83500 Average loss: 0.0351
====> Epoch: 83600 Average loss: 0.0293
====> Epoch: 83700 Average loss: 0.0270
====> Epoch: 83800 Average loss: 0.0263
====> Epoch: 83900 Average loss: 0.0317
====> Epoch: 84000 Average loss: 0.0241
====> Epoch: 84100 Average loss: 0.0292
====> Epoch: 84200 Average loss: 0.0223
====> Epoch: 84300 Average loss: 0.0263
====> Epoch: 84400 Average loss: 0.0240
====> Epoch: 84500 Average loss: 0.0277
====> Epoch: 84600 Average loss: 0.0281
====> Epoch: 84700 Average loss: 0.0295
====> Epoch: 84800 Average loss: 0.0290
====> Epoch: 84900 Average loss: 0.0281
====> Epoch: 85000 Average loss: 0.0300
====> Epoch: 85100 Average loss: 0.0309
====> Epoch: 85200 Average loss: 0.0301
====> Epoch: 85300 Average loss: 0.0257
====> Epoch: 85400 Average loss: 0.0259
====> Epoch: 85500 Average loss: 0.0260
====> Epoch: 85600 Average loss: 0.0262
====> Epoch: 85700 Average loss: 0.0316
====> Epoch: 85800 Average loss: 0.0269
====> Epoch: 85900 Average loss: 0.0244
====> Epoch: 86000 Average loss: 0.0287
====> Epoch: 86100 Average loss: 0.0280
====> Epoch: 86200 Average loss: 0.0308
====> Epoch: 86300 Average loss: 0.0322
====> Epoch: 86400 Average loss: 0.0275
====> Epoch: 86500 Average loss: 0.0261
====> Epoch: 86600 Average loss: 0.0239
====> Epoch: 86700 Average loss: 0.0295
====> Epoch: 86800 Average loss: 0.0272
====> Epoch: 86900 Average loss: 0.0268
====> Epoch: 87000 Average loss: 0.0326
====> Epoch: 87100 Average loss: 0.0327
====> Epoch: 87200 Average loss: 0.0339
====> Epoch: 87300 Average loss: 0.0303
====> Epoch: 87400 Average loss: 0.0248
====> Epoch: 87500 Average loss: 0.0368
====> Epoch: 87600 Average loss: 0.0293
====> Epoch: 87700 Average loss: 0.0284
====> Epoch: 87800 Average loss: 0.0232
====> Epoch: 87900 Average loss: 0.0328
====> Epoch: 88000 Average loss: 0.0365
====> Epoch: 88100 Average loss: 0.0300
====> Epoch: 88200 Average loss: 0.0295
====> Epoch: 88300 Average loss: 0.0335
====> Epoch: 88400 Average loss: 0.0273
====> Epoch: 88500 Average loss: 0.0268
====> Epoch: 88600 Average loss: 0.0301
====> Epoch: 88700 Average loss: 0.0303
====> Epoch: 88800 Average loss: 0.0295
====> Epoch: 88900 Average loss: 0.0270
====> Epoch: 89000 Average loss: 0.0328
====> Epoch: 89100 Average loss: 0.0281
====> Epoch: 89200 Average loss: 0.0279
====> Epoch: 89300 Average loss: 0.0306
====> Epoch: 89400 Average loss: 0.0257
====> Epoch: 89500 Average loss: 0.0313
====> Epoch: 89600 Average loss: 0.0313
====> Epoch: 89700 Average loss: 0.0238
====> Epoch: 89800 Average loss: 0.0263
====> Epoch: 89900 Average loss: 0.0259
====> Epoch: 90000 Average loss: 0.0348
----------------------------------------------------
I:  tensor([-1.1372, -0.8495,  0.0000,  0.0000, -1.1053,  0.0000,  0.2618,  0.5491, -0.9652, -0.9335,  0.0000,  0.8168, -1.1524], device='cuda:0')
R:  tensor([-1.0534, -0.9207,  0.4878,  0.8443, -1.1361,  0.5658,  0.3078,  0.4126, -0.8954, -0.9203, -0.1065,  0.8249, -1.0824], device='cuda:0', grad_fn=<UnbindBackward0>)
G:  tensor([-1.1372, -0.8495,  0.4879,  0.9024, -1.1053,  0.4244,  0.2618,  0.5491, -0.9652, -0.9335, -0.1204,  0.8168, -1.1524], device='cuda:0')
----------------------------------------------------
I:  tensor([-1.0260, -0.7956,  0.5976,  0.0000,  0.0000,  0.0000, -0.2804,  0.0000, -0.9827, -0.9119,  2.1610, -0.5391,  0.0000], device='cuda:0')
R:  tensor([-0.8663, -0.8396,  0.5538, -0.2122,  0.3970, -0.5624, -0.2108,  0.6235, -0.9522, -0.9077,  2.2391, -0.4976, -1.1776], device='cuda:0', grad_fn=<UnbindBackward0>)
G:  tensor([-1.0260, -0.7956,  0.5976, -0.1486,  0.2990, -0.6491, -0.2804,  0.7103, -0.9827, -0.9119,  2.1610, -0.5391, -1.2480], device='cuda:0')
----------------------------------------------------
I:  tensor([ 0.0610,  0.0000, -0.9742,  0.0000,  0.0000,  1.1295,  0.0000, -0.6596,  0.7693, -0.0078, -0.3398,  0.0000,  0.4398], device='cuda:0')
R:  tensor([ 0.1785, -0.5240, -1.0492, -0.8082,  0.6437,  1.2366,  0.9741, -0.6320,  0.7969, -0.0483, -0.3951,  1.1344,  0.4757], device='cuda:0', grad_fn=<UnbindBackward0>)
G:  tensor([ 0.0610, -0.5084, -0.9742, -0.7492,  0.5096,  1.1295,  0.9746, -0.6596,  0.7693, -0.0078, -0.3398,  1.0428,  0.4398], device='cuda:0')
----------------------------------------------------
I:  tensor([ 0.4192, -1.2535, -0.0238,  0.0000,  0.7203,  0.3764, -0.7322,  1.5160,  0.0000,  0.0000,  0.2744, -0.9628,  0.0099], device='cuda:0')
R:  tensor([ 0.5300, -1.3203, -0.1627, -0.9232,  0.8133,  0.4417, -0.6883,  1.3310, -2.0612, -0.8818,  0.2908, -0.9507, -0.0051], device='cuda:0', grad_fn=<UnbindBackward0>)
G:  tensor([ 0.4192, -1.2535, -0.0238, -0.7492,  0.7203,  0.3764, -0.7322,  1.5160, -2.0515, -0.8167,  0.2744, -0.9628,  0.0099], device='cuda:0')
----------------------------------------------------
I:  tensor([ 0.0000, -0.5622, -0.2066,  0.0000,  1.2118,  1.3698,  1.2657, -0.1761,  1.3125,  0.4637, -0.0327,  1.0852,  0.0000], device='cuda:0')
R:  tensor([ 0.7934, -0.6221, -0.2901, -1.1231,  1.3417,  1.4999,  1.2987, -0.2516,  1.4550,  0.5354,  0.0741,  1.1282,  0.2461], device='cuda:0', grad_fn=<UnbindBackward0>)
G:  tensor([ 0.6910, -0.5622, -0.2066, -0.9894,  1.2118,  1.3698,  1.2657, -0.1761,  1.3125,  0.4637, -0.0327,  1.0852,  0.1532], device='cuda:0')
----------------------------------------------------
I:  tensor([ 1.3580, -0.1583, -0.2431, -0.4489,  0.3692,  0.0000,  1.2959, -1.1430,  0.0000,  0.2993,  1.2835,  0.7886,  0.0000], device='cuda:0')
R:  tensor([ 1.4308, -0.1828, -0.2301, -0.4970,  0.3966,  1.1521,  1.3362, -1.2386,  1.4510,  0.4375,  1.2961,  0.8646,  2.3913], device='cuda:0', grad_fn=<UnbindBackward0>)
G:  tensor([ 1.3580, -0.1583, -0.2431, -0.4489,  0.3692,  1.0493,  1.2959, -1.1430,  1.3826,  0.2993,  1.2835,  0.7886,  2.4301], device='cuda:0')
----------------------------------------------------
I:  tensor([-0.7049, -0.7238, -0.2797,  0.0000,  0.0000,  0.0000,  0.0000,  0.2268,  0.3138, -0.4837, -1.1734,  0.3225,  0.0000], device='cuda:0')
R:  tensor([-0.6534, -0.5069, -0.3519,  0.4868, -1.0202,  0.7096,  1.0165,  0.0638,  0.1714, -0.5232, -1.0407,  0.4795, -1.0984], device='cuda:0', grad_fn=<UnbindBackward0>)
G:  tensor([-0.7049, -0.7238, -0.2797,  0.6021, -0.9648,  0.7129,  1.1252,  0.2268,  0.3138, -0.4837, -1.1734,  0.3225, -1.2575], device='cuda:0')
----------------------------------------------------
I:  tensor([ 1.6051, -0.3737,  1.2921,  0.0000,  1.4224,  0.8090,  0.0000, -0.2567,  0.0000,  0.0000,  0.0000,  0.0541,  1.6977], device='cuda:0')
R:  tensor([ 1.2837, -0.4427,  1.0948, -0.5550,  1.4295,  1.1424,  0.9062, -0.0326,  0.3271,  0.5072,  0.5641,  0.5110,  1.7887], device='cuda:0', grad_fn=<UnbindBackward0>)
G:  tensor([ 1.6051, -0.3737,  1.2921,  0.1517,  1.4224,  0.8090,  1.1151, -0.2567,  0.6642,  0.4940,  0.4938,  0.0541,  1.6977], device='cuda:0')
----------------------------------------------------
I:  tensor([ 0.0000, -0.8854, -0.1700,  0.0000,  0.0000, -1.2580, -0.7824, -1.2236,  0.0000, -0.4144, -0.8663,  0.0000, -0.3722], device='cuda:0')
R:  tensor([-0.0852, -0.9613, -0.3328, -0.4729,  1.8757, -1.0900, -0.7530, -1.2462, -1.1019, -0.3571, -0.8960, -1.7702, -0.2956], device='cuda:0', grad_fn=<UnbindBackward0>)
G:  tensor([-0.1737, -0.8854, -0.1700, -0.4489,  1.5628, -1.2580, -0.7824, -1.2236, -1.1404, -0.4144, -0.8663, -1.8668, -0.3722], device='cuda:0')
----------------------------------------------------
I:  tensor([ 0.0000, -0.5892, -0.5721, -1.0495, -0.2627,  0.0000,  0.3019,  0.0000,  0.6817, -0.1549,  0.3622,  0.0000,  0.0000], device='cuda:0')
R:  tensor([ 1.2972, -0.6306, -0.6802, -1.2317, -0.2008,  0.6844,  0.3144, -0.8370,  0.7568, -0.1128,  0.4287,  1.4102,  0.9398], device='cuda:0', grad_fn=<UnbindBackward0>)
G:  tensor([ 1.2592, -0.5892, -0.5721, -1.0495, -0.2627,  0.5686,  0.3019, -0.8207,  0.6817, -0.1549,  0.3622,  1.3818,  0.9175], device='cuda:0')
====> Epoch: 90100 Average loss: 0.0323
====> Epoch: 90200 Average loss: 0.0265
====> Epoch: 90300 Average loss: 0.0308
====> Epoch: 90400 Average loss: 0.0252
====> Epoch: 90500 Average loss: 0.0300
====> Epoch: 90600 Average loss: 0.0315
====> Epoch: 90700 Average loss: 0.0255
====> Epoch: 90800 Average loss: 0.0311
====> Epoch: 90900 Average loss: 0.0261
====> Epoch: 91000 Average loss: 0.0264
====> Epoch: 91100 Average loss: 0.0333
====> Epoch: 91200 Average loss: 0.0284
====> Epoch: 91300 Average loss: 0.0255
====> Epoch: 91400 Average loss: 0.0225
====> Epoch: 91500 Average loss: 0.0312
====> Epoch: 91600 Average loss: 0.0314
====> Epoch: 91700 Average loss: 0.0283
====> Epoch: 91800 Average loss: 0.0289
====> Epoch: 91900 Average loss: 0.0277
====> Epoch: 92000 Average loss: 0.0319
====> Epoch: 92100 Average loss: 0.0248
====> Epoch: 92200 Average loss: 0.0333
====> Epoch: 92300 Average loss: 0.0286
====> Epoch: 92400 Average loss: 0.0299
====> Epoch: 92500 Average loss: 0.0216
====> Epoch: 92600 Average loss: 0.0269
====> Epoch: 92700 Average loss: 0.0260
====> Epoch: 92800 Average loss: 0.0251
====> Epoch: 92900 Average loss: 0.0285
====> Epoch: 93000 Average loss: 0.0225
====> Epoch: 93100 Average loss: 0.0259
====> Epoch: 93200 Average loss: 0.0303
====> Epoch: 93300 Average loss: 0.0261
====> Epoch: 93400 Average loss: 0.0253
====> Epoch: 93500 Average loss: 0.0235
====> Epoch: 93600 Average loss: 0.0278
====> Epoch: 93700 Average loss: 0.0343
====> Epoch: 93800 Average loss: 0.0312
====> Epoch: 93900 Average loss: 0.0344
====> Epoch: 94000 Average loss: 0.0333
====> Epoch: 94100 Average loss: 0.0276
====> Epoch: 94200 Average loss: 0.0349
====> Epoch: 94300 Average loss: 0.0307
====> Epoch: 94400 Average loss: 0.0323
====> Epoch: 94500 Average loss: 0.0376
====> Epoch: 94600 Average loss: 0.0289
====> Epoch: 94700 Average loss: 0.0265
====> Epoch: 94800 Average loss: 0.0369
====> Epoch: 94900 Average loss: 0.0325
====> Epoch: 95000 Average loss: 0.0307
====> Epoch: 95100 Average loss: 0.0271
====> Epoch: 95200 Average loss: 0.0328
====> Epoch: 95300 Average loss: 0.0333
====> Epoch: 95400 Average loss: 0.0298
====> Epoch: 95500 Average loss: 0.0261
====> Epoch: 95600 Average loss: 0.0311
====> Epoch: 95700 Average loss: 0.0236
====> Epoch: 95800 Average loss: 0.0254
====> Epoch: 95900 Average loss: 0.0246
====> Epoch: 96000 Average loss: 0.0284
====> Epoch: 96100 Average loss: 0.0291
====> Epoch: 96200 Average loss: 0.0285
====> Epoch: 96300 Average loss: 0.0317
====> Epoch: 96400 Average loss: 0.0276
====> Epoch: 96500 Average loss: 0.0300
====> Epoch: 96600 Average loss: 0.0238
====> Epoch: 96700 Average loss: 0.0289
====> Epoch: 96800 Average loss: 0.0282
====> Epoch: 96900 Average loss: 0.0303
====> Epoch: 97000 Average loss: 0.0264
====> Epoch: 97100 Average loss: 0.0350
====> Epoch: 97200 Average loss: 0.0287
====> Epoch: 97300 Average loss: 0.0253
====> Epoch: 97400 Average loss: 0.0255
====> Epoch: 97500 Average loss: 0.0261
====> Epoch: 97600 Average loss: 0.0261
====> Epoch: 97700 Average loss: 0.0283
====> Epoch: 97800 Average loss: 0.0277
====> Epoch: 97900 Average loss: 0.0345
====> Epoch: 98000 Average loss: 0.0325
====> Epoch: 98100 Average loss: 0.0305
====> Epoch: 98200 Average loss: 0.0226
====> Epoch: 98300 Average loss: 0.0287
====> Epoch: 98400 Average loss: 0.0280
====> Epoch: 98500 Average loss: 0.0272
====> Epoch: 98600 Average loss: 0.0369
====> Epoch: 98700 Average loss: 0.0343
====> Epoch: 98800 Average loss: 0.0275
====> Epoch: 98900 Average loss: 0.0221
====> Epoch: 99000 Average loss: 0.0262
====> Epoch: 99100 Average loss: 0.0252
====> Epoch: 99200 Average loss: 0.0297
====> Epoch: 99300 Average loss: 0.0283
====> Epoch: 99400 Average loss: 0.0237
====> Epoch: 99500 Average loss: 0.0238
====> Epoch: 99600 Average loss: 0.0286
====> Epoch: 99700 Average loss: 0.0399
====> Epoch: 99800 Average loss: 0.0288
====> Epoch: 99900 Average loss: 0.0300
====> Epoch: 100000 Average loss: 0.0283
----------------------------------------------------
I:  tensor([ 0.9257,  0.0000,  0.0000, -1.0495, -0.7542,  0.0000,  0.0000, -0.5790,  0.3839,  0.0000,  0.8448,  0.4072,  1.8251], device='cuda:0')/data/kayoung/anaconda3/envs/hi-vae/lib/python3.7/site-packages/torch/optim/lr_scheduler.py:143: UserWarning: Detected call of `lr_scheduler.step()` before `optimizer.step()`. In PyTorch 1.1.0 and later, you should call them in the opposite order: `optimizer.step()` before `lr_scheduler.step()`.  Failure to do this will result in PyTorch skipping the first value of the learning rate schedule. See more details at https://pytorch.org/docs/stable/optim.html#how-to-adjust-learning-rate
  "https://pytorch.org/docs/stable/optim.html#how-to-adjust-learning-rate", UserWarning)

R:  tensor([ 0.9601, -0.6037,  0.1404, -1.1588, -0.7644,  0.5568,  0.7968, -0.6461,  0.4558,  0.2470,  0.7806,  0.4353,  1.8414], device='cuda:0', grad_fn=<UnbindBackward0>)
G:  tensor([ 0.9257, -0.5443,  0.1589, -1.0495, -0.7542,  0.4885,  0.7336, -0.5790,  0.3839,  0.2344,  0.8448,  0.4072,  1.8251], device='cuda:0')
----------------------------------------------------
I:  tensor([ 2.1610, -0.5443,  0.0858, -2.4308, -0.6138,  1.2897,  1.6673,  0.0000,  0.0000,  0.0000,  0.0000,  0.1671,  0.0000], device='cuda:0')
R:  tensor([ 2.2058, -0.5321,  0.1125, -2.7160, -0.6532,  1.3479,  1.7739,  0.4879,  2.4519,  0.1110,  1.2121,  0.2627,  1.3089], device='cuda:0', grad_fn=<UnbindBackward0>)
G:  tensor([ 2.1610, -0.5443,  0.0858, -2.4308, -0.6138,  1.2897,  1.6673,  0.5491,  2.1360,  0.1479,  1.2835,  0.1671,  1.2837], device='cuda:0')
----------------------------------------------------
I:  tensor([ 0.4192, -1.2535,  0.0000, -0.7492,  0.7203,  0.3764,  0.0000,  1.5160, -2.0515,  0.0000,  0.2744,  0.0000,  0.0099], device='cuda:0')
R:  tensor([ 0.4212, -1.2740, -0.0870, -0.8557,  0.8253,  0.4750, -0.7025,  1.4112, -2.1402, -0.8155,  0.2497, -0.8870, -0.0654], device='cuda:0', grad_fn=<UnbindBackward0>)
G:  tensor([ 0.4192, -1.2535, -0.0238, -0.7492,  0.7203,  0.3764, -0.7322,  1.5160, -2.0515, -0.8167,  0.2744, -0.9628,  0.0099], device='cuda:0')
----------------------------------------------------
I:  tensor([ 0.4933,  2.0320,  1.8038,  1.6531,  0.8607, -0.5049,  0.0000, -0.7401, -0.8426,  1.4889,  0.0000, -0.9770,  0.0000], device='cuda:0')
R:  tensor([ 0.5081,  1.8945,  1.8452,  1.7572,  0.9365, -0.4224, -0.9640, -0.8322, -0.8491,  1.5230, -1.2192, -0.9123, -0.4065], device='cuda:0', grad_fn=<UnbindBackward0>)
G:  tensor([ 0.4933,  2.0320,  1.8038,  1.6531,  0.8607, -0.5049, -1.0735, -0.7401, -0.8426,  1.4889, -1.2611, -0.9770, -0.3722], device='cuda:0')
----------------------------------------------------
I:  tensor([-1.3966,  1.7717,  0.0000,  0.4519, -1.2457,  0.9051,  0.0000, -1.2236,  2.3112, -0.9768, -0.9102,  0.0000,  0.0000], device='cuda:0')
R:  tensor([-1.4054,  1.7946,  0.0699,  0.4317, -1.3128,  0.9896,  1.0929, -1.3337,  2.6010, -1.0368, -0.8747,  1.5730, -1.2514], device='cuda:0', grad_fn=<UnbindBackward0>)
G:  tensor([-1.3966,  1.7717,  0.0858,  0.4519, -1.2457,  0.9051,  1.0047, -1.2236,  2.3112, -0.9768, -0.9102,  1.4524, -1.1684], device='cuda:0')
----------------------------------------------------
I:  tensor([ 0.0610,  0.0000,  0.6707, -0.4489, -0.1223,  0.2482,  0.0000, -0.5790, -0.2644,  0.0000,  0.7132, -0.1436,  0.0000], device='cuda:0')
R:  tensor([-0.0355, -0.5635,  0.9003, -0.6680, -0.3023,  0.7062,  0.6514, -0.4941, -0.0044, -0.4718,  0.2599,  0.4835,  1.0477], device='cuda:0', grad_fn=<UnbindBackward0>)
G:  tensor([ 0.0610, -0.6161,  0.6707, -0.4489, -0.1223,  0.2482,  0.4023, -0.5790, -0.2644, -0.3496,  0.7132, -0.1436,  1.1404], device='cuda:0')
----------------------------------------------------
I:  tensor([-0.7049, -0.7238, -0.2797,  0.6021, -0.9648,  0.7129,  1.1252,  0.2268,  0.3138, -0.4837, -1.1734,  0.3225, -1.2575], device='cuda:0')
R:  tensor([-0.7210, -0.7297, -0.3245,  0.6143, -0.9967,  0.7980,  1.2212,  0.1813,  0.3731, -0.5316, -1.1153,  0.4036, -1.3083], device='cuda:0', grad_fn=<UnbindBackward0>)
G:  tensor([-0.7049, -0.7238, -0.2797,  0.6021, -0.9648,  0.7129,  1.1252,  0.2268,  0.3138, -0.4837, -1.1734,  0.3225, -1.2575], device='cuda:0')
----------------------------------------------------
I:  tensor([-0.0872,  0.4252,  1.2190,  0.0000,  0.0000,  0.0000, -1.5353,  0.0000, -1.4733, -0.1982,  0.0000, -0.4261, -0.4678], device='cuda:0')
R:  tensor([-0.1264,  0.4482,  1.1506,  0.7761, -0.1710, -0.8672, -1.4752,  1.2767, -1.4824, -0.1487, -0.7269, -0.4353, -0.5003], device='cuda:0', grad_fn=<UnbindBackward0>)
G:  tensor([-0.0872,  0.4252,  1.2190,  0.4519, -0.2627, -1.2099, -1.5353,  1.3549, -1.4733, -0.1982, -0.8224, -0.4261, -0.4678], device='cuda:0')
----------------------------------------------------
I:  tensor([ 0.0000,  1.3408,  0.0493,  0.4519, -0.8244,  0.0000,  0.0000,  1.1132, -0.9652,  0.0000, -1.7437, -1.4572, -0.7225], device='cuda:0')
R:  tensor([-0.7684,  1.2754,  0.0627,  0.4968, -0.8019,  0.0406, -1.0530,  1.0187, -0.9474,  1.0942, -1.7303, -1.3756, -0.8048], device='cuda:0', grad_fn=<UnbindBackward0>)
G:  tensor([-0.7913,  1.3408,  0.0493,  0.4519, -0.8244,  0.0078, -1.1137,  1.1132, -0.9652,  1.1212, -1.7437, -1.4572, -0.7225], device='cuda:0')
----------------------------------------------------
I:  tensor([ 0.0000,  0.0000, -2.4363, -0.5991,  0.0000, -0.1043,  0.1413,  0.0000, -0.3345, -0.7605,  1.3713,  0.0000, -0.1175], device='cuda:0')
R:  tensor([-1.1562, -0.2694, -2.5103, -0.7026, -0.2132, -0.0138,  0.2416, -0.8991, -0.3048, -0.7932,  1.2693,  0.5881, -0.1384], device='cuda:0', grad_fn=<UnbindBackward0>)
G:  tensor([-1.1372, -0.2301, -2.4363, -0.5991, -0.1925, -0.1043,  0.1413, -0.8207, -0.3345, -0.7605,  1.3713,  0.4920, -0.1175], device='cuda:0')
