/local_datasets/hi-vae
/data/kayoung/anaconda3/envs/hi-vae/bin/python
augi2
Using device:  cuda
-----------------SETTINGS-------------------
f : None
max_remove_count : 5
new_num_per_origin : 100
epochs : 100000
val_size : 0.2
test_size : 0.1
random_state : 328
H : 1024
H2 : 256
latent_dim : 3
batch_size : 1024
device : cuda
--------------------------------------------
the number of parameters: 692826
----------------------------------------------------
step_size: 5000
gamma: 0.8
----------------------------------------------------
====> Epoch: 100 Average loss: 1.5530
====> Epoch: 200 Average loss: 0.9905
====> Epoch: 300 Average loss: 0.7062
====> Epoch: 400 Average loss: 0.5158
====> Epoch: 500 Average loss: 0.4383
====> Epoch: 600 Average loss: 0.3692
====> Epoch: 700 Average loss: 0.4783
====> Epoch: 800 Average loss: 0.2270
====> Epoch: 900 Average loss: 0.3432
====> Epoch: 1000 Average loss: 0.2418
====> Epoch: 1100 Average loss: 0.2506
====> Epoch: 1200 Average loss: 0.2052
====> Epoch: 1300 Average loss: 0.1449
====> Epoch: 1400 Average loss: 0.2011
====> Epoch: 1500 Average loss: 0.1714
====> Epoch: 1600 Average loss: 0.1725
====> Epoch: 1700 Average loss: 0.1682
====> Epoch: 1800 Average loss: 0.1619
====> Epoch: 1900 Average loss: 0.1170
====> Epoch: 2000 Average loss: 0.1259
====> Epoch: 2100 Average loss: 0.1406
====> Epoch: 2200 Average loss: 0.1706
====> Epoch: 2300 Average loss: 0.1396
====> Epoch: 2400 Average loss: 0.1328
====> Epoch: 2500 Average loss: 0.1324
====> Epoch: 2600 Average loss: 0.1489
====> Epoch: 2700 Average loss: 0.1266
====> Epoch: 2800 Average loss: 0.1145
====> Epoch: 2900 Average loss: 0.1177
====> Epoch: 3000 Average loss: 0.0850
====> Epoch: 3100 Average loss: 0.1122
====> Epoch: 3200 Average loss: 0.1250
====> Epoch: 3300 Average loss: 0.1173
====> Epoch: 3400 Average loss: 0.1449
====> Epoch: 3500 Average loss: 0.0970
====> Epoch: 3600 Average loss: 0.1194
====> Epoch: 3700 Average loss: 0.1206
====> Epoch: 3800 Average loss: 0.1569
====> Epoch: 3900 Average loss: 0.0816
====> Epoch: 4000 Average loss: 0.1587
====> Epoch: 4100 Average loss: 0.1859
====> Epoch: 4200 Average loss: 0.0976
====> Epoch: 4300 Average loss: 0.0787
====> Epoch: 4400 Average loss: 0.1006
====> Epoch: 4500 Average loss: 0.0763
====> Epoch: 4600 Average loss: 0.1130
====> Epoch: 4700 Average loss: 0.0982
====> Epoch: 4800 Average loss: 0.0902
====> Epoch: 4900 Average loss: 0.0929
====> Epoch: 5000 Average loss: 0.0929
====> Epoch: 5100 Average loss: 0.0844
====> Epoch: 5200 Average loss: 0.0594
====> Epoch: 5300 Average loss: 0.0859
====> Epoch: 5400 Average loss: 0.0875
====> Epoch: 5500 Average loss: 0.0717
====> Epoch: 5600 Average loss: 0.1056
====> Epoch: 5700 Average loss: 0.0771
====> Epoch: 5800 Average loss: 0.0795
====> Epoch: 5900 Average loss: 0.0831
====> Epoch: 6000 Average loss: 0.0815
====> Epoch: 6100 Average loss: 0.0910
====> Epoch: 6200 Average loss: 0.0743
====> Epoch: 6300 Average loss: 0.0861
====> Epoch: 6400 Average loss: 0.0832
====> Epoch: 6500 Average loss: 0.0949
====> Epoch: 6600 Average loss: 0.0781
====> Epoch: 6700 Average loss: 0.0838
====> Epoch: 6800 Average loss: 0.0869
====> Epoch: 6900 Average loss: 0.0884
====> Epoch: 7000 Average loss: 0.1095
====> Epoch: 7100 Average loss: 0.0880
====> Epoch: 7200 Average loss: 0.0559
====> Epoch: 7300 Average loss: 0.0767
====> Epoch: 7400 Average loss: 0.0866
====> Epoch: 7500 Average loss: 0.0737
====> Epoch: 7600 Average loss: 0.0639
====> Epoch: 7700 Average loss: 0.0590
====> Epoch: 7800 Average loss: 0.0664
====> Epoch: 7900 Average loss: 0.0563
====> Epoch: 8000 Average loss: 0.0895
====> Epoch: 8100 Average loss: 0.0820
====> Epoch: 8200 Average loss: 0.0676
====> Epoch: 8300 Average loss: 0.0603
====> Epoch: 8400 Average loss: 0.0674
====> Epoch: 8500 Average loss: 0.0704
====> Epoch: 8600 Average loss: 0.0846
====> Epoch: 8700 Average loss: 0.0713
====> Epoch: 8800 Average loss: 0.0652
====> Epoch: 8900 Average loss: 0.0674
====> Epoch: 9000 Average loss: 0.0660
====> Epoch: 9100 Average loss: 0.0925
====> Epoch: 9200 Average loss: 0.0645
====> Epoch: 9300 Average loss: 0.0685
====> Epoch: 9400 Average loss: 0.0673
====> Epoch: 9500 Average loss: 0.0739
====> Epoch: 9600 Average loss: 0.0744
====> Epoch: 9700 Average loss: 0.0817
====> Epoch: 9800 Average loss: 0.0546
====> Epoch: 9900 Average loss: 0.0670
====> Epoch: 10000 Average loss: 0.0596
----------------------------------------------------
I:  tensor([ 0.0610, -0.5443,  0.0000, -2.1305,  0.0000,  0.0000,  1.2457,  0.0000, 2.3112,  0.9265,  0.7132,  0.0000,  1.2837], device='cuda:0')
R:  tensor([ 0.2232, -0.4601, -1.0949, -1.9113, -0.4478,  0.6933,  1.1613, -1.4596, 2.0856,  0.9186,  0.6473,  0.4202,  1.4132], device='cuda:0', grad_fn=<UnbindBackward0>)
G:  tensor([ 0.0610, -0.5443, -1.1935, -2.1305, -0.5436,  0.6808,  1.2457, -1.5459, 2.3112,  0.9265,  0.7132,  0.4214,  1.2837], device='cuda:0')
----------------------------------------------------
I:  tensor([ 0.0000,  0.0000,  0.0000, -0.6891,  0.2990,  0.0000,  0.6634,  0.4685, 0.6642, -0.5269,  1.1958,  0.3649,  0.7742], device='cuda:0')
R:  tensor([ 1.0043, -0.4283, -0.0694, -0.6438,  0.1762,  0.1548,  0.6242,  0.4979, 0.6826, -0.4810,  1.1442,  0.4301,  0.8175], device='cuda:0', grad_fn=<UnbindBackward0>)
G:  tensor([ 0.8392, -0.4545, -0.0238, -0.6891,  0.2990,  0.2001,  0.6634,  0.4685, 0.6642, -0.5269,  1.1958,  0.3649,  0.7742], device='cuda:0')
----------------------------------------------------
I:  tensor([ 0.0000,  1.4126,  0.4148,  0.0000,  0.1586, -0.7933,  0.0000,  0.5491, 0.0000,  0.9698, -1.1295, -1.4854,  0.0000], device='cuda:0')
R:  tensor([ 0.5224,  1.5593,  0.4463,  1.0481,  0.1773, -0.9457, -1.3251,  0.6291,-0.3494,  0.8675, -1.1700, -1.5767,  0.0339], device='cuda:0', grad_fn=<UnbindBackward0>)
G:  tensor([ 0.4933,  1.4126,  0.4148,  1.0525,  0.1586, -0.7933, -1.2843,  0.5491,-0.3170,  0.9698, -1.1295, -1.4854,  0.0099], device='cuda:0')
----------------------------------------------------
I:  tensor([-1.4584, -0.7777, -1.3763,  0.3919, -0.9648, -0.5049,  0.0000, -0.4984, 0.0000,  0.0000, -0.0327,  0.0000, -0.8022], device='cuda:0')
R:  tensor([-1.4873, -0.7891, -1.4349,  0.2215, -0.9291, -0.5661, -0.3754, -0.4022,-0.1105, -1.3993, -0.0789,  1.0141, -0.8778], device='cuda:0', grad_fn=<UnbindBackward0>)
G:  tensor([-1.4584, -0.7777, -1.3763,  0.3919, -0.9648, -0.5049, -0.4310, -0.4984,-0.1067, -1.3445, -0.0327,  1.0146, -0.8022], device='cuda:0')
----------------------------------------------------
I:  tensor([-0.1613,  0.0000,  0.4148,  0.0000, -0.9648,  0.0000,  0.0000,  0.8714,-1.2806,  1.1212, -1.8315, -1.0617,  0.0000], device='cuda:0')
R:  tensor([-0.2015,  2.2206,  0.3105,  0.5807, -0.8340, -1.0956, -1.3835,  0.9809,-1.2966,  1.0022, -1.8956, -1.1067, -0.3362], device='cuda:0', grad_fn=<UnbindBackward0>)
G:  tensor([-0.1613,  2.0410,  0.4148,  0.6021, -0.9648, -0.9536, -1.3847,  0.8714,-1.2806,  1.1212, -1.8315, -1.0617, -0.3882], device='cuda:0')
----------------------------------------------------
I:  tensor([-0.2849,  0.0000, -0.3162,  0.0000, -0.9648,  0.0000, -1.5253,  0.9520,-1.6661,  2.0945,  0.0000,  0.0000, -0.8818], device='cuda:0')
R:  tensor([-0.2390,  0.1690, -0.3391,  0.0557, -0.8422, -1.5746, -1.4893,  0.9383,-1.5351,  1.9826, -1.8129, -1.4092, -0.8952], device='cuda:0', grad_fn=<UnbindBackward0>)
G:  tensor([-2.8487e-01,  4.8161e-02, -3.1625e-01,  1.5183e-03, -9.6484e-01,-1.4503e+00, -1.5253e+00,  9.5200e-01, -1.6661e+00,  2.0945e+00,
        -1.6999e+00, -1.3866e+00, -8.8176e-01], device='cuda:0')
----------------------------------------------------
I:  tensor([-0.8778, -0.8315, -1.4129, -1.0495, -1.0351,  0.4084,  0.4726, -0.5790, 0.3138, -0.9335,  1.1958,  0.1812,  0.0000], device='cuda:0')
R:  tensor([-1.0254, -1.0074, -1.3792, -0.8266, -0.8952,  0.2589,  0.3751, -0.4706, 0.1223, -1.0315,  1.3086,  0.3309, -1.1139], device='cuda:0', grad_fn=<UnbindBackward0>)
G:  tensor([-0.8778, -0.8315, -1.4129, -1.0495, -1.0351,  0.4084,  0.4726, -0.5790, 0.3138, -0.9335,  1.1958,  0.1812, -1.0155], device='cuda:0')
----------------------------------------------------
I:  tensor([ 0.0610, -0.6161,  0.0000, -0.4489,  0.0000,  0.0000,  0.4023, -0.5790, 0.0000, -0.3496,  0.0000, -0.1436,  1.1404], device='cuda:0')
R:  tensor([ 0.2264, -0.6332,  0.3840, -0.4392, -0.1031,  0.1308,  0.3257, -0.5541,-0.3504, -0.3934,  0.6407, -0.0546,  1.2411], device='cuda:0', grad_fn=<UnbindBackward0>)
G:  tensor([ 0.0610, -0.6161,  0.6707, -0.4489, -0.1223,  0.2482,  0.4023, -0.5790,-0.2644, -0.3496,  0.7132, -0.1436,  1.1404], device='cuda:0')
----------------------------------------------------
I:  tensor([-0.8778,  0.0000,  0.0000, -0.4489, -0.8244,  0.8891,  0.0000,  0.7103, 2.1360,  0.0000,  2.0294,  0.0000, -1.0856], device='cuda:0')
R:  tensor([-0.9225,  0.8469, -0.6764, -0.3480, -0.7571,  0.6849,  0.7317,  0.8519, 1.9041, -1.2741,  2.0529,  0.2871, -1.0372], device='cuda:0', grad_fn=<UnbindBackward0>)
G:  tensor([-0.8778,  0.7483, -0.5721, -0.4489, -0.8244,  0.8891,  0.9645,  0.7103, 2.1360, -1.1931,  2.0294,  0.3084, -1.0856], device='cuda:0')
----------------------------------------------------
I:  tensor([ 0.7157,  0.0000, -0.0238, -0.1186,  0.4394,  0.0000,  1.1653,  0.0000, 0.0000,  0.0000,  0.5815,  0.3790,  2.4460], device='cuda:0')
R:  tensor([ 0.8559, -0.5357, -0.1265, -0.0197,  0.4018,  0.8362,  1.0658, -1.0950, 0.5841,  0.7836,  0.6581,  0.3599,  2.6127], device='cuda:0', grad_fn=<UnbindBackward0>)
G:  tensor([ 0.7157, -0.6071, -0.0238, -0.1186,  0.4394,  0.9051,  1.1653, -1.1430, 0.6292,  0.7968,  0.5815,  0.3790,  2.4460], device='cuda:0')
====> Epoch: 10100 Average loss: 0.0587
====> Epoch: 10200 Average loss: 0.0584
====> Epoch: 10300 Average loss: 0.0619
====> Epoch: 10400 Average loss: 0.0514
====> Epoch: 10500 Average loss: 0.0488
====> Epoch: 10600 Average loss: 0.0581
====> Epoch: 10700 Average loss: 0.0546
====> Epoch: 10800 Average loss: 0.0520
====> Epoch: 10900 Average loss: 0.0543
====> Epoch: 11000 Average loss: 0.0567
====> Epoch: 11100 Average loss: 0.0537
====> Epoch: 11200 Average loss: 0.0659
====> Epoch: 11300 Average loss: 0.0574
====> Epoch: 11400 Average loss: 0.0541
====> Epoch: 11500 Average loss: 0.0490
====> Epoch: 11600 Average loss: 0.0725
====> Epoch: 11700 Average loss: 0.0467
====> Epoch: 11800 Average loss: 0.0541
====> Epoch: 11900 Average loss: 0.0560
====> Epoch: 12000 Average loss: 0.0860
====> Epoch: 12100 Average loss: 0.0591
====> Epoch: 12200 Average loss: 0.0488
====> Epoch: 12300 Average loss: 0.0633
====> Epoch: 12400 Average loss: 0.0471
====> Epoch: 12500 Average loss: 0.0504
====> Epoch: 12600 Average loss: 0.0542
====> Epoch: 12700 Average loss: 0.0475
====> Epoch: 12800 Average loss: 0.0660
====> Epoch: 12900 Average loss: 0.0550
====> Epoch: 13000 Average loss: 0.0533
====> Epoch: 13100 Average loss: 0.0509
====> Epoch: 13200 Average loss: 0.0758
====> Epoch: 13300 Average loss: 0.0549
====> Epoch: 13400 Average loss: 0.0658
====> Epoch: 13500 Average loss: 0.0688
====> Epoch: 13600 Average loss: 0.0443
====> Epoch: 13700 Average loss: 0.0655
====> Epoch: 13800 Average loss: 0.0625
====> Epoch: 13900 Average loss: 0.0676
====> Epoch: 14000 Average loss: 0.0434
====> Epoch: 14100 Average loss: 0.0671
====> Epoch: 14200 Average loss: 0.0596
====> Epoch: 14300 Average loss: 0.0505
====> Epoch: 14400 Average loss: 0.0537
====> Epoch: 14500 Average loss: 0.0547
====> Epoch: 14600 Average loss: 0.0532
====> Epoch: 14700 Average loss: 0.0643
====> Epoch: 14800 Average loss: 0.0461
====> Epoch: 14900 Average loss: 0.0522
====> Epoch: 15000 Average loss: 0.0609
====> Epoch: 15100 Average loss: 0.0521
====> Epoch: 15200 Average loss: 0.0565
====> Epoch: 15300 Average loss: 0.0453
====> Epoch: 15400 Average loss: 0.0582
====> Epoch: 15500 Average loss: 0.0570
====> Epoch: 15600 Average loss: 0.0516
====> Epoch: 15700 Average loss: 0.0435
====> Epoch: 15800 Average loss: 0.0605
====> Epoch: 15900 Average loss: 0.0549
====> Epoch: 16000 Average loss: 0.0452
====> Epoch: 16100 Average loss: 0.0430
====> Epoch: 16200 Average loss: 0.0591
====> Epoch: 16300 Average loss: 0.0399
====> Epoch: 16400 Average loss: 0.0462
====> Epoch: 16500 Average loss: 0.0409
====> Epoch: 16600 Average loss: 0.0471
====> Epoch: 16700 Average loss: 0.0569
====> Epoch: 16800 Average loss: 0.0554
====> Epoch: 16900 Average loss: 0.0532
====> Epoch: 17000 Average loss: 0.0596
====> Epoch: 17100 Average loss: 0.0486
====> Epoch: 17200 Average loss: 0.0426
====> Epoch: 17300 Average loss: 0.0393
====> Epoch: 17400 Average loss: 0.0588
====> Epoch: 17500 Average loss: 0.0435
====> Epoch: 17600 Average loss: 0.0388
====> Epoch: 17700 Average loss: 0.0491
====> Epoch: 17800 Average loss: 0.0519
====> Epoch: 17900 Average loss: 0.0413
====> Epoch: 18000 Average loss: 0.0407
====> Epoch: 18100 Average loss: 0.0449
====> Epoch: 18200 Average loss: 0.0365
====> Epoch: 18300 Average loss: 0.0558
====> Epoch: 18400 Average loss: 0.0439
====> Epoch: 18500 Average loss: 0.0624
====> Epoch: 18600 Average loss: 0.0476
====> Epoch: 18700 Average loss: 0.0463
====> Epoch: 18800 Average loss: 0.0540
====> Epoch: 18900 Average loss: 0.0504
====> Epoch: 19000 Average loss: 0.0492
====> Epoch: 19100 Average loss: 0.0548
====> Epoch: 19200 Average loss: 0.0394
====> Epoch: 19300 Average loss: 0.0479
====> Epoch: 19400 Average loss: 0.0388
====> Epoch: 19500 Average loss: 0.0466
====> Epoch: 19600 Average loss: 0.0485
====> Epoch: 19700 Average loss: 0.0520
====> Epoch: 19800 Average loss: 0.0489
====> Epoch: 19900 Average loss: 0.0391
====> Epoch: 20000 Average loss: 0.0519
----------------------------------------------------
I:  tensor([ 1.2592, -0.5892, -0.5721,  0.0000,  0.0000,  0.0000,  0.3019, -0.8207, 0.0000, -0.1549,  0.0000,  1.3818,  0.9175], device='cuda:0')
R:  tensor([ 1.1841, -0.6172, -0.6040, -0.9182, -0.2743,  0.4957,  0.2271, -0.9229, 0.5433, -0.2772,  0.3856,  1.4101,  0.8948], device='cuda:0', grad_fn=<UnbindBackward0>)
G:  tensor([ 1.2592, -0.5892, -0.5721, -1.0495, -0.2627,  0.5686,  0.3019, -0.8207, 0.6817, -0.1549,  0.3622,  1.3818,  0.9175], device='cuda:0')
----------------------------------------------------
I:  tensor([ 0.0000, -0.5892, -0.9011, -1.0495,  0.0884,  1.2897,  1.3661,  0.0000, 0.9621,  0.4507,  0.0000,  0.0000,  0.0000], device='cuda:0')
R:  tensor([ 0.9587, -0.6048, -0.9415, -0.9727,  0.0866,  1.2401,  1.2929, -1.0962, 0.9013,  0.3429, -0.2163,  1.0487,  0.6732], device='cuda:0', grad_fn=<UnbindBackward0>)
G:  tensor([ 1.1110, -0.5892, -0.9011, -1.0495,  0.0884,  1.2897,  1.3661, -1.2236, 0.9621,  0.4507, -0.2082,  1.0146,  0.7582], device='cuda:0')
----------------------------------------------------
I:  tensor([-1.4337,  0.0000,  0.0000, -0.4489,  0.8607, -0.9215, -0.7121,  0.5491, 0.0000, -1.0417,  0.0000,  0.0000, -0.7862], device='cuda:0')
R:  tensor([-1.5909,  0.5252, -0.4266, -0.3046,  0.7760, -1.0763, -0.8158,  0.6737,-1.0934, -0.9950,  0.0154, -0.1761, -0.7884], device='cuda:0', grad_fn=<UnbindBackward0>)
G:  tensor([-1.4337,  0.4970, -0.4990, -0.4489,  0.8607, -0.9215, -0.7121,  0.5491,-1.1229, -1.0417,  0.0112, -0.1295, -0.7862], device='cuda:0')
----------------------------------------------------
I:  tensor([ 0.0363, -1.2894, -2.3998, -1.0495, -0.9648, -0.5530,  0.0000, -0.9819, 0.0000,  0.0000,  1.0203, -0.1860, -1.1302], device='cuda:0')
R:  tensor([-0.2540, -1.2920, -2.6665, -1.2420, -0.9518, -0.6091, -0.1647, -0.9060,-0.4726, -0.3965,  1.0317, -0.2566, -1.1746], device='cuda:0', grad_fn=<UnbindBackward0>)
G:  tensor([ 3.6295e-02, -1.2894e+00, -2.3998e+00, -1.0495e+00, -9.6484e-01,-5.5298e-01,  7.3323e-04, -9.8188e-01, -2.2935e-01, -1.9816e-01,
         1.0203e+00, -1.8600e-01, -1.1302e+00], device='cuda:0')
----------------------------------------------------
I:  tensor([-0.6060,  0.0000, -0.4259, -0.5991,  0.0000, -0.4729,  0.0000,  1.9189, 0.0000,  0.1695, -0.9102, -1.5561,  0.0000], device='cuda:0')
R:  tensor([-0.6841, -0.9746, -0.4256, -0.5576, -1.0530, -0.5782, -1.5320,  2.1278,-0.6863,  0.2015, -0.8993, -1.5695, -0.3913], device='cuda:0', grad_fn=<UnbindBackward0>)
G:  tensor([-0.6060, -0.9842, -0.4259, -0.5991, -1.0351, -0.4729, -1.4550,  1.9189,-0.5973,  0.1695, -0.9102, -1.5561, -0.3086], device='cuda:0')
----------------------------------------------------
I:  tensor([-1.7178,  0.0000,  1.2190,  0.1517, -0.4031,  0.0000,  0.8943, -0.5790, 1.5753, -1.0417,  0.0112,  0.0000,  0.0000], device='cuda:0')
R:  tensor([-1.8914, -0.9088,  1.2995,  0.3223, -0.4370,  0.7324,  0.8462, -0.4710, 1.4161, -1.1144,  0.0136,  0.9659, -0.2342], device='cuda:0', grad_fn=<UnbindBackward0>)
G:  tensor([-1.7178, -0.8854,  1.2190,  0.1517, -0.4031,  0.7129,  0.8943, -0.5790, 1.5753, -1.0417,  0.0112,  0.9157, -0.2130], device='cuda:0')
----------------------------------------------------
I:  tensor([ 0.0000,  0.0000, -0.9011, -0.2087, -0.6840,  0.0000,  0.6533, -0.7401,-0.1943,  0.0000,  0.0000,  0.5485,  0.9175], device='cuda:0')
R:  tensor([ 0.4232,  1.3474, -0.9977, -0.1726, -0.8426,  0.1688,  0.5906, -0.6980,-0.0712, -0.3949, -0.0986,  0.5679,  0.7410], device='cuda:0', grad_fn=<UnbindBackward0>)
G:  tensor([ 0.5057,  1.3498, -0.9011, -0.2087, -0.6840,  0.2482,  0.6533, -0.7401,-0.1943, -0.3366, -0.2082,  0.5485,  0.9175], device='cuda:0')
----------------------------------------------------
I:  tensor([ 0.0000, -1.0290, -2.2536, -0.8093,  3.5990, -0.7132, -0.7522,  0.0000, 0.0000, -0.9552,  0.0000,  0.6473, -0.0920], device='cuda:0')
R:  tensor([-1.0838, -1.0743, -2.4599, -0.7106,  3.3893, -0.8643, -0.8068, -1.8749, 1.4664, -1.0358,  1.5762,  0.6555, -0.1107], device='cuda:0', grad_fn=<UnbindBackward0>)
G:  tensor([-0.9766, -1.0290, -2.2536, -0.8093,  3.5990, -0.7132, -0.7522, -1.7877, 1.5928, -0.9552,  1.4151,  0.6473, -0.0920], device='cuda:0')
----------------------------------------------------
I:  tensor([ 0.4439,  0.2008, -0.0604,  0.1517,  0.0000,  0.0000, -1.5353,  0.0000, 0.0000,  0.2344, -1.1295, -0.2001,  0.1054], device='cuda:0')
R:  tensor([ 0.2737,  0.1684, -0.0364,  0.2899, -0.7275, -1.4640, -1.6113,  0.1181,-1.6578,  0.2189, -1.1464, -0.2363,  0.1169], device='cuda:0', grad_fn=<UnbindBackward0>)
G:  tensor([ 0.4439,  0.2008, -0.0604,  0.1517, -0.7542, -1.4343, -1.5353,  0.0656,-1.6661,  0.2344, -1.1295, -0.2001,  0.1054], device='cuda:0')
----------------------------------------------------
I:  tensor([ 0.0000e+00,  0.0000e+00,  0.0000e+00,  1.5183e-03,  0.0000e+00,-7.9333e-01, -1.2040e+00,  9.5200e-01, -5.4137e-02,  1.7095e+00,
        -1.6999e+00, -1.3724e+00,  0.0000e+00], device='cuda:0')
R:  tensor([ 0.9124,  1.6421, -0.0393,  0.2661, -0.8236, -0.9043, -1.3520,  1.0868,-0.2888,  1.6495, -1.6841, -1.3654, -0.8359], device='cuda:0', grad_fn=<UnbindBackward0>)
G:  tensor([ 1.0369e+00,  1.6011e+00,  4.9285e-02,  1.5183e-03, -7.5420e-01,-7.9333e-01, -1.2040e+00,  9.5200e-01, -5.4137e-02,  1.7095e+00,
        -1.6999e+00, -1.3724e+00, -8.4992e-01], device='cuda:0')
====> Epoch: 20100 Average loss: 0.0424
====> Epoch: 20200 Average loss: 0.0398
====> Epoch: 20300 Average loss: 0.0433
====> Epoch: 20400 Average loss: 0.0449
====> Epoch: 20500 Average loss: 0.0475
====> Epoch: 20600 Average loss: 0.0393
====> Epoch: 20700 Average loss: 0.0445
====> Epoch: 20800 Average loss: 0.0358
====> Epoch: 20900 Average loss: 0.0475
====> Epoch: 21000 Average loss: 0.0425
====> Epoch: 21100 Average loss: 0.0470
====> Epoch: 21200 Average loss: 0.0493
====> Epoch: 21300 Average loss: 0.0467
====> Epoch: 21400 Average loss: 0.0432
====> Epoch: 21500 Average loss: 0.0379
====> Epoch: 21600 Average loss: 0.0327
====> Epoch: 21700 Average loss: 0.0508
====> Epoch: 21800 Average loss: 0.0477
====> Epoch: 21900 Average loss: 0.0411
====> Epoch: 22000 Average loss: 0.0452
====> Epoch: 22100 Average loss: 0.0575
====> Epoch: 22200 Average loss: 0.0420
====> Epoch: 22300 Average loss: 0.0451
====> Epoch: 22400 Average loss: 0.0399
====> Epoch: 22500 Average loss: 0.0408
====> Epoch: 22600 Average loss: 0.0527
====> Epoch: 22700 Average loss: 0.0385
====> Epoch: 22800 Average loss: 0.0409
====> Epoch: 22900 Average loss: 0.0510
====> Epoch: 23000 Average loss: 0.0437
====> Epoch: 23100 Average loss: 0.0398
====> Epoch: 23200 Average loss: 0.0389
====> Epoch: 23300 Average loss: 0.0519
====> Epoch: 23400 Average loss: 0.0417
====> Epoch: 23500 Average loss: 0.0353
====> Epoch: 23600 Average loss: 0.0437
====> Epoch: 23700 Average loss: 0.0384
====> Epoch: 23800 Average loss: 0.0435
====> Epoch: 23900 Average loss: 0.0487
====> Epoch: 24000 Average loss: 0.0395
====> Epoch: 24100 Average loss: 0.0478
====> Epoch: 24200 Average loss: 0.0406
====> Epoch: 24300 Average loss: 0.0479
====> Epoch: 24400 Average loss: 0.0357
====> Epoch: 24500 Average loss: 0.0426
====> Epoch: 24600 Average loss: 0.0509
====> Epoch: 24700 Average loss: 0.0544
====> Epoch: 24800 Average loss: 0.0416
====> Epoch: 24900 Average loss: 0.0382
====> Epoch: 25000 Average loss: 0.0425
====> Epoch: 25100 Average loss: 0.0390
====> Epoch: 25200 Average loss: 0.0404
====> Epoch: 25300 Average loss: 0.0349
====> Epoch: 25400 Average loss: 0.0437
====> Epoch: 25500 Average loss: 0.0460
====> Epoch: 25600 Average loss: 0.0343
====> Epoch: 25700 Average loss: 0.0436
====> Epoch: 25800 Average loss: 0.0405
====> Epoch: 25900 Average loss: 0.0357
====> Epoch: 26000 Average loss: 0.0294
====> Epoch: 26100 Average loss: 0.0343
====> Epoch: 26200 Average loss: 0.0410
====> Epoch: 26300 Average loss: 0.0440
====> Epoch: 26400 Average loss: 0.0398
====> Epoch: 26500 Average loss: 0.0370
====> Epoch: 26600 Average loss: 0.0453
====> Epoch: 26700 Average loss: 0.0411
====> Epoch: 26800 Average loss: 0.0408
====> Epoch: 26900 Average loss: 0.0376
====> Epoch: 27000 Average loss: 0.0341
====> Epoch: 27100 Average loss: 0.0392
====> Epoch: 27200 Average loss: 0.0451
====> Epoch: 27300 Average loss: 0.0415
====> Epoch: 27400 Average loss: 0.0343
====> Epoch: 27500 Average loss: 0.0347
====> Epoch: 27600 Average loss: 0.0394
====> Epoch: 27700 Average loss: 0.0354
====> Epoch: 27800 Average loss: 0.0417
====> Epoch: 27900 Average loss: 0.0372
====> Epoch: 28000 Average loss: 0.0357
====> Epoch: 28100 Average loss: 0.0326
====> Epoch: 28200 Average loss: 0.0367
====> Epoch: 28300 Average loss: 0.0409
====> Epoch: 28400 Average loss: 0.0283
====> Epoch: 28500 Average loss: 0.0446
====> Epoch: 28600 Average loss: 0.0388
====> Epoch: 28700 Average loss: 0.0404
====> Epoch: 28800 Average loss: 0.0354
====> Epoch: 28900 Average loss: 0.0328
====> Epoch: 29000 Average loss: 0.0474
====> Epoch: 29100 Average loss: 0.0390
====> Epoch: 29200 Average loss: 0.0395
====> Epoch: 29300 Average loss: 0.0477
====> Epoch: 29400 Average loss: 0.0457
====> Epoch: 29500 Average loss: 0.0478
====> Epoch: 29600 Average loss: 0.0396
====> Epoch: 29700 Average loss: 0.0321
====> Epoch: 29800 Average loss: 0.0322
====> Epoch: 29900 Average loss: 0.0381
====> Epoch: 30000 Average loss: 0.0470
----------------------------------------------------
I:  tensor([ 0.0000, -0.5622,  0.2321, -1.1696,  1.9139,  0.8090,  1.0348,  0.0000, 1.2249,  0.2517,  0.0000,  0.0000,  0.0000], device='cuda:0')
R:  tensor([ 1.6335, -0.5373,  0.2777, -1.1562,  1.9214,  0.9871,  1.1325, -0.7522, 1.2401,  0.1941,  0.3269,  1.9816,  1.1695], device='cuda:0', grad_fn=<UnbindBackward0>)
G:  tensor([ 1.5186, -0.5622,  0.2321, -1.1696,  1.9139,  0.8090,  1.0348, -0.6596, 1.2249,  0.2517,  0.3622,  1.8479,  1.0130], device='cuda:0')
----------------------------------------------------
I:  tensor([ 0.0000, -0.8854, -0.3528, -1.0495,  0.0000,  0.0000,  1.1252, -1.1430, 0.0000,  0.9352,  0.0000,  1.3253,  0.9493], device='cuda:0')
R:  tensor([ 1.2520, -0.8454, -0.3498, -1.0353, -0.1164,  1.1137,  1.1670, -1.2171, 0.4699,  0.8195,  0.2456,  1.3878,  1.1630], device='cuda:0', grad_fn=<UnbindBackward0>)
G:  tensor([ 1.0616, -0.8854, -0.3528, -1.0495, -0.1223,  1.0974,  1.1252, -1.1430, 0.4540,  0.9352,  0.2306,  1.3253,  0.9493], device='cuda:0')
----------------------------------------------------
I:  tensor([ 0.0000,  0.0000, -0.1700, -0.1486, -0.2627,  0.0000, -1.5454,  0.0000,-1.5084,  0.1912, -1.3050, -1.1041,  0.0000], device='cuda:0')
R:  tensor([-0.9786,  0.5786, -0.2152, -0.2116, -0.3600, -1.7437, -1.5625,  0.1844,-1.4760,  0.2085, -1.1753, -1.0225, -0.7259], device='cuda:0', grad_fn=<UnbindBackward0>)
G:  tensor([-0.9890,  0.6227, -0.1700, -0.1486, -0.2627, -1.6746, -1.5454,  0.3074,-1.5084,  0.1912, -1.3050, -1.1041, -0.7544], device='cuda:0')
----------------------------------------------------
I:  tensor([-1.4337,  0.0000,  0.0000,  0.0000,  0.8607, -0.9215, -0.7121,  0.0000,-1.1229, -1.0417,  0.0000, -0.1295, -0.7862], device='cuda:0')
R:  tensor([-1.6126,  0.4586, -0.4725, -0.5892,  0.8750, -0.8770, -0.6920,  0.5205,-1.1774, -0.9508, -0.0072, -0.0730, -0.6918], device='cuda:0', grad_fn=<UnbindBackward0>)
G:  tensor([-1.4337,  0.4970, -0.4990, -0.4489,  0.8607, -0.9215, -0.7121,  0.5491,-1.1229, -1.0417,  0.0112, -0.1295, -0.7862], device='cuda:0')
----------------------------------------------------
I:  tensor([ 0.8763,  0.0000,  0.3052,  0.3018, -0.3329, -0.9856, -1.4249,  0.0000, 0.0000,  1.1428,  0.0000, -1.2312,  0.0000], device='cuda:0')
R:  tensor([ 0.9121,  2.6688,  0.3377,  0.0932, -0.4547, -0.9862, -1.2975,  1.2103,-0.8046,  1.0788, -1.4179, -1.1706,  0.0731], device='cuda:0', grad_fn=<UnbindBackward0>)
G:  tensor([ 0.8763,  2.9745,  0.3052,  0.3018, -0.3329, -0.9856, -1.4249,  1.2743,-0.9302,  1.1428, -1.3928, -1.2312, -0.0220], device='cuda:0')
----------------------------------------------------
I:  tensor([ 1.3580, -0.2840,  0.1224, -0.2087,  0.2288,  0.7289,  0.0000, -0.3373, 1.3826,  0.4940,  0.4938,  0.0000,  0.9971], device='cuda:0')
R:  tensor([ 1.3860, -0.2471,  0.2700, -0.1891,  0.2251,  0.7737,  1.0129, -0.3262, 1.4212,  0.5042,  0.4855,  0.2361,  1.1887], device='cuda:0', grad_fn=<UnbindBackward0>)
G:  tensor([ 1.3580, -0.2840,  0.1224, -0.2087,  0.2288,  0.7289,  0.8943, -0.3373, 1.3826,  0.4940,  0.4938,  0.1954,  0.9971], device='cuda:0')
----------------------------------------------------
I:  tensor([-0.4084, -1.2175,  0.0000, -0.4489, -0.0521,  0.0000,  0.0000, -0.4984,-0.2293, -1.0546,  1.1958,  0.0000,  0.0000], device='cuda:0')
R:  tensor([-0.3510, -1.1181, -0.3475, -0.5227, -0.0807, -0.1386, -0.0416, -0.5655,-0.3261, -1.0335,  1.1038,  0.9192, -0.9420], device='cuda:0', grad_fn=<UnbindBackward0>)
G:  tensor([-0.4084, -1.2175, -0.4625, -0.4489, -0.0521, -0.1524, -0.0896, -0.4984,-0.2293, -1.0546,  1.1958,  0.7745, -0.9455], device='cuda:0')
----------------------------------------------------
I:  tensor([ 0.0000, -0.6700,  0.0000, -0.8993,  0.5799,  1.6102,  0.0000, -0.3373, 0.0000,  1.5754,  1.1958,  0.2942,  0.0000], device='cuda:0')
R:  tensor([ 1.6265, -0.6881,  0.3821, -0.9471,  0.4332,  1.6520,  2.0177, -0.4030, 0.5204,  1.4194,  1.1898,  0.3434,  3.1973], device='cuda:0', grad_fn=<UnbindBackward0>)
G:  tensor([ 1.4692, -0.6700,  0.4148, -0.8993,  0.5799,  1.6102,  1.9083, -0.3373, 0.4715,  1.5754,  1.1958,  0.2942,  2.9715], device='cuda:0')
----------------------------------------------------
I:  tensor([-0.6060,  0.0000,  0.0000, -0.5991,  0.0000, -0.4729, -1.4550,  0.0000,-0.5973,  0.0000, -0.9102, -1.5561, -0.3086], device='cuda:0')
R:  tensor([-0.5450, -0.8547, -0.3788, -0.6412, -1.0175, -0.4641, -1.4400,  1.8890,-0.5512,  0.1625, -0.8789, -1.4654, -0.2485], device='cuda:0', grad_fn=<UnbindBackward0>)
G:  tensor([-0.6060, -0.9842, -0.4259, -0.5991, -1.0351, -0.4729, -1.4550,  1.9189,-0.5973,  0.1695, -0.9102, -1.5561, -0.3086], device='cuda:0')
----------------------------------------------------
I:  tensor([ 0.0000, -0.8854, -0.3528, -1.0495, -0.1223,  1.0974,  1.1252,  0.0000, 0.0000,  0.9352,  0.2306,  0.0000,  0.9493], device='cuda:0')
R:  tensor([ 1.2654, -0.8266, -0.3715, -1.0433, -0.1061,  1.1294,  1.1686, -1.2079, 0.4798,  0.8080,  0.2598,  1.3599,  1.1711], device='cuda:0', grad_fn=<UnbindBackward0>)
G:  tensor([ 1.0616, -0.8854, -0.3528, -1.0495, -0.1223,  1.0974,  1.1252, -1.1430, 0.4540,  0.9352,  0.2306,  1.3253,  0.9493], device='cuda:0')
====> Epoch: 30100 Average loss: 0.0378
====> Epoch: 30200 Average loss: 0.0351
====> Epoch: 30300 Average loss: 0.0339
====> Epoch: 30400 Average loss: 0.0292
====> Epoch: 30500 Average loss: 0.0387
====> Epoch: 30600 Average loss: 0.0392
====> Epoch: 30700 Average loss: 0.0361
====> Epoch: 30800 Average loss: 0.0373
====> Epoch: 30900 Average loss: 0.0296
====> Epoch: 31000 Average loss: 0.0338
====> Epoch: 31100 Average loss: 0.0350
====> Epoch: 31200 Average loss: 0.0381
====> Epoch: 31300 Average loss: 0.0379
====> Epoch: 31400 Average loss: 0.0443
====> Epoch: 31500 Average loss: 0.0400
====> Epoch: 31600 Average loss: 0.0400
====> Epoch: 31700 Average loss: 0.0341
====> Epoch: 31800 Average loss: 0.0374
====> Epoch: 31900 Average loss: 0.0392
====> Epoch: 32000 Average loss: 0.0343
====> Epoch: 32100 Average loss: 0.0281
====> Epoch: 32200 Average loss: 0.0419
====> Epoch: 32300 Average loss: 0.0342
====> Epoch: 32400 Average loss: 0.0484
====> Epoch: 32500 Average loss: 0.0405
====> Epoch: 32600 Average loss: 0.0404
====> Epoch: 32700 Average loss: 0.0355
====> Epoch: 32800 Average loss: 0.0294
====> Epoch: 32900 Average loss: 0.0310
====> Epoch: 33000 Average loss: 0.0399
====> Epoch: 33100 Average loss: 0.0351
====> Epoch: 33200 Average loss: 0.0371
====> Epoch: 33300 Average loss: 0.0347
====> Epoch: 33400 Average loss: 0.0346
====> Epoch: 33500 Average loss: 0.0355
====> Epoch: 33600 Average loss: 0.0308
====> Epoch: 33700 Average loss: 0.0341
====> Epoch: 33800 Average loss: 0.0367
====> Epoch: 33900 Average loss: 0.0410
====> Epoch: 34000 Average loss: 0.0347
====> Epoch: 34100 Average loss: 0.0416
====> Epoch: 34200 Average loss: 0.0370
====> Epoch: 34300 Average loss: 0.0350
====> Epoch: 34400 Average loss: 0.0374
====> Epoch: 34500 Average loss: 0.0343
====> Epoch: 34600 Average loss: 0.0356
====> Epoch: 34700 Average loss: 0.0416
====> Epoch: 34800 Average loss: 0.0356
====> Epoch: 34900 Average loss: 0.0326
====> Epoch: 35000 Average loss: 0.0339
====> Epoch: 35100 Average loss: 0.0324
====> Epoch: 35200 Average loss: 0.0309
====> Epoch: 35300 Average loss: 0.0362
====> Epoch: 35400 Average loss: 0.0283
====> Epoch: 35500 Average loss: 0.0304
====> Epoch: 35600 Average loss: 0.0325
====> Epoch: 35700 Average loss: 0.0358
====> Epoch: 35800 Average loss: 0.0329
====> Epoch: 35900 Average loss: 0.0371
====> Epoch: 36000 Average loss: 0.0502
====> Epoch: 36100 Average loss: 0.0349
====> Epoch: 36200 Average loss: 0.0345
====> Epoch: 36300 Average loss: 0.0356
====> Epoch: 36400 Average loss: 0.0388
====> Epoch: 36500 Average loss: 0.0328
====> Epoch: 36600 Average loss: 0.0308
====> Epoch: 36700 Average loss: 0.0294
====> Epoch: 36800 Average loss: 0.0367
====> Epoch: 36900 Average loss: 0.0368
====> Epoch: 37000 Average loss: 0.0282
====> Epoch: 37100 Average loss: 0.0348
====> Epoch: 37200 Average loss: 0.0353
====> Epoch: 37300 Average loss: 0.0371
====> Epoch: 37400 Average loss: 0.0267
====> Epoch: 37500 Average loss: 0.0333
====> Epoch: 37600 Average loss: 0.0365
====> Epoch: 37700 Average loss: 0.0455
====> Epoch: 37800 Average loss: 0.0366
====> Epoch: 37900 Average loss: 0.0351
====> Epoch: 38000 Average loss: 0.0310
====> Epoch: 38100 Average loss: 0.0344
====> Epoch: 38200 Average loss: 0.0333
====> Epoch: 38300 Average loss: 0.0376
====> Epoch: 38400 Average loss: 0.0284
====> Epoch: 38500 Average loss: 0.0302
====> Epoch: 38600 Average loss: 0.0418
====> Epoch: 38700 Average loss: 0.0307
====> Epoch: 38800 Average loss: 0.0345
====> Epoch: 38900 Average loss: 0.0320
====> Epoch: 39000 Average loss: 0.0332
====> Epoch: 39100 Average loss: 0.0299
====> Epoch: 39200 Average loss: 0.0356
====> Epoch: 39300 Average loss: 0.0323
====> Epoch: 39400 Average loss: 0.0350
====> Epoch: 39500 Average loss: 0.0368
====> Epoch: 39600 Average loss: 0.0324
====> Epoch: 39700 Average loss: 0.0287
====> Epoch: 39800 Average loss: 0.0376
====> Epoch: 39900 Average loss: 0.0347
====> Epoch: 40000 Average loss: 0.0349
----------------------------------------------------
I:  tensor([ 1.0616, -0.7418,  0.0000,  1.6531, -0.9648,  1.0493,  0.8340,  0.0000, 0.4890, -0.7259,  1.7661,  0.0000,  0.0000], device='cuda:0')
R:  tensor([ 1.1729, -0.8676,  1.2627,  1.6409, -0.8645,  1.0712,  0.8162, -1.3297, 0.4705, -0.7606,  1.7754,  0.8286, -1.0740], device='cuda:0', grad_fn=<UnbindBackward0>)
G:  tensor([ 1.0616, -0.7418,  1.1093,  1.6531, -0.9648,  1.0493,  0.8340, -1.2236, 0.4890, -0.7259,  1.7661,  0.7745, -1.0728], device='cuda:0')
----------------------------------------------------
I:  tensor([ 0.0000, -0.5263,  0.1955, -1.6500,  0.7905,  2.5395,  0.0000, -0.3373, 0.0000,  0.0000,  0.2306,  0.9157,  1.4111], device='cuda:0')
R:  tensor([ 1.1567, -0.5872,  0.2030, -1.8532,  0.7928,  2.5830,  1.7336, -0.4283, 0.6219,  0.9366,  0.1658,  0.9472,  1.6155], device='cuda:0', grad_fn=<UnbindBackward0>)
G:  tensor([ 1.0122, -0.5263,  0.1955, -1.6500,  0.7905,  2.5395,  1.7175, -0.3373, 0.4890,  0.8616,  0.2306,  0.9157,  1.4111], device='cuda:0')
----------------------------------------------------
I:  tensor([ 0.0000, -1.2894, -2.3998,  0.0000,  0.0000, -0.5530,  0.0000, -0.9819, 0.0000, -0.1982,  1.0203, -0.1860, -1.1302], device='cuda:0')
R:  tensor([ 0.0706, -1.2284, -2.8539, -1.4016, -0.8295, -0.6607, -0.0908, -1.0056,-0.3718, -0.2053,  0.9630, -0.2470, -1.0478], device='cuda:0', grad_fn=<UnbindBackward0>)
G:  tensor([ 3.6295e-02, -1.2894e+00, -2.3998e+00, -1.0495e+00, -9.6484e-01,-5.5298e-01,  7.3323e-04, -9.8188e-01, -2.2935e-01, -1.9816e-01, 1.0203e+00, -1.8600e-01, -1.1302e+00], device='cuda:0')
----------------------------------------------------
I:  tensor([-0.8778,  0.0000, -1.4129,  0.0000, -1.0351,  0.0000,  0.4726, -0.5790, 0.3138, -0.9335,  0.0000,  0.1812,  0.0000], device='cuda:0')
R:  tensor([-0.5741, -1.1664, -1.8962, -0.8230, -0.9705,  0.0272,  0.2183, -0.7526,-0.0714, -0.6683,  1.3588,  0.2052, -1.1338], device='cuda:0', grad_fn=<UnbindBackward0>)
G:  tensor([-0.8778, -0.8315, -1.4129, -1.0495, -1.0351,  0.4084,  0.4726, -0.5790, 0.3138, -0.9335,  1.1958,  0.1812, -1.0155], device='cuda:0')
----------------------------------------------------
I:  tensor([ 1.0616, -0.7418,  1.1093,  1.6531,  0.0000,  0.0000,  0.8340, -1.2236, 0.0000, -0.7259,  1.7661,  0.0000,  0.0000], device='cuda:0')
R:  tensor([ 1.1507, -0.8409,  1.2609,  1.6848, -0.8244,  1.0848,  0.7922, -1.3230, 0.4657, -0.7794,  1.7653,  0.8465, -1.0755], device='cuda:0', grad_fn=<UnbindBackward0>)
G:  tensor([ 1.0616, -0.7418,  1.1093,  1.6531, -0.9648,  1.0493,  0.8340, -1.2236, 0.4890, -0.7259,  1.7661,  0.7745, -1.0728], device='cuda:0')
----------------------------------------------------
I:  tensor([-1.7178, -0.8854,  0.0000,  0.1517, -0.4031,  0.0000,  0.8943, -0.5790, 0.0000, -1.0417,  0.0000,  0.0000, -0.2130], device='cuda:0')
R:  tensor([-1.6440, -0.8928,  1.1900,  0.0659, -0.3273,  0.7102,  0.8131, -0.6240, 1.5199, -1.0161,  0.0560,  0.8707, -0.1890], device='cuda:0', grad_fn=<UnbindBackward0>)
G:  tensor([-1.7178, -0.8854,  1.2190,  0.1517, -0.4031,  0.7129,  0.8943, -0.5790, 1.5753, -1.0417,  0.0112,  0.9157, -0.2130], device='cuda:0')
----------------------------------------------------
I:  tensor([ 0.0000,  1.0895, -0.0238,  0.0000,  0.4394, -0.9536, -0.8326,  0.0000,-1.3156, -0.0251, -0.7785, -1.8668,  0.0000], device='cuda:0')
R:  tensor([-2.6654e-01,  1.1821e+00,  2.5137e-03,  5.3912e-01,  4.7510e-01,-9.0854e-01, -8.0341e-01, -1.6368e+00, -1.2612e+00,  3.2180e-04,  -7.9551e-01, -1.8569e+00, -4.5245e-01], device='cuda:0',
       grad_fn=<UnbindBackward0>)
G:  tensor([-0.3713,  1.0895, -0.0238,  0.6021,  0.4394, -0.9536, -0.8326, -1.5459,-1.3156, -0.0251, -0.7785, -1.8668, -0.4678], device='cuda:0')
----------------------------------------------------
I:  tensor([-0.7790, -0.6341,  0.0000,  1.5029, -0.8244,  0.0000,  0.4224,  0.3074, 0.5416, -1.2709, -0.2959,  0.0000, -1.2894], device='cuda:0')
R:  tensor([-0.6990, -0.5533, -0.2448,  1.5115, -0.7163, -0.0205,  0.4327,  0.2581, 0.5654, -1.2491, -0.3116,  0.2780, -1.2668], device='cuda:0', grad_fn=<UnbindBackward0>)
G:  tensor([-0.7790, -0.6341, -0.2431,  1.5029, -0.8244, -0.1204,  0.4224,  0.3074, 0.5416, -1.2709, -0.2959,  0.2377, -1.2894], device='cuda:0')
----------------------------------------------------
I:  tensor([-2.2311e-01,  0.0000e+00, -2.4314e-01,  1.5183e-03,  0.0000e+00, 0.0000e+00, -1.3747e+00,  3.0737e-01, -1.0879e+00,  2.2502e+00,
         0.0000e+00,  0.0000e+00, -1.9710e-01], device='cuda:0')
R:  tensor([-0.0270,  0.9919, -0.2901, -0.0662, -0.6661, -1.1988, -1.3822,  0.2747,-1.0156,  2.2334, -1.0539, -1.2045, -0.1649], device='cuda:0', grad_fn=<UnbindBackward0>)
G:  tensor([-2.2311e-01,  9.2787e-01, -2.4314e-01,  1.5183e-03, -8.2442e-01,-1.3061e+00, -1.3747e+00,  3.0737e-01, -1.0879e+00,  2.2502e+00,
        -1.0418e+00, -1.2171e+00, -1.9710e-01], device='cuda:0')
----------------------------------------------------
I:  tensor([-1.7795, -0.2570,  3.1563,  2.7041,  1.3522,  1.4179,  3.0628,  0.8714, 0.4890,  0.4074, -0.1204,  1.5231, -0.8977], device='cuda:0')
R:  tensor([-1.7112, -0.2406,  3.6016,  2.7090,  1.3682,  1.4347,  3.0380,  0.8180, 0.4827,  0.4155, -0.1309,  1.5905, -0.9147], device='cuda:0', grad_fn=<UnbindBackward0>)
G:  tensor([-1.7795, -0.2570,  3.1563,  2.7041,  1.3522,  1.4179,  3.0628,  0.8714, 0.4890,  0.4074, -0.1204,  1.5231, -0.8977], device='cuda:0')
====> Epoch: 40100 Average loss: 0.0334
====> Epoch: 40200 Average loss: 0.0256
====> Epoch: 40300 Average loss: 0.0283
====> Epoch: 40400 Average loss: 0.0301
====> Epoch: 40500 Average loss: 0.0327
====> Epoch: 40600 Average loss: 0.0359
====> Epoch: 40700 Average loss: 0.0287
====> Epoch: 40800 Average loss: 0.0297
====> Epoch: 40900 Average loss: 0.0259
====> Epoch: 41000 Average loss: 0.0262
====> Epoch: 41100 Average loss: 0.0349
====> Epoch: 41200 Average loss: 0.0298
====> Epoch: 41300 Average loss: 0.0278
====> Epoch: 41400 Average loss: 0.0305
====> Epoch: 41500 Average loss: 0.0382
====> Epoch: 41600 Average loss: 0.0234
====> Epoch: 41700 Average loss: 0.0371
====> Epoch: 41800 Average loss: 0.0356
====> Epoch: 41900 Average loss: 0.0352
====> Epoch: 42000 Average loss: 0.0261
====> Epoch: 42100 Average loss: 0.0280
====> Epoch: 42200 Average loss: 0.0372
====> Epoch: 42300 Average loss: 0.0301
====> Epoch: 42400 Average loss: 0.0328
====> Epoch: 42500 Average loss: 0.0330
====> Epoch: 42600 Average loss: 0.0292
====> Epoch: 42700 Average loss: 0.0272
====> Epoch: 42800 Average loss: 0.0353
====> Epoch: 42900 Average loss: 0.0277
====> Epoch: 43000 Average loss: 0.0264
====> Epoch: 43100 Average loss: 0.0308
====> Epoch: 43200 Average loss: 0.0297
====> Epoch: 43300 Average loss: 0.0272
====> Epoch: 43400 Average loss: 0.0296
====> Epoch: 43500 Average loss: 0.0260
====> Epoch: 43600 Average loss: 0.0312
====> Epoch: 43700 Average loss: 0.0282
====> Epoch: 43800 Average loss: 0.0313
====> Epoch: 43900 Average loss: 0.0333
====> Epoch: 44000 Average loss: 0.0361
====> Epoch: 44100 Average loss: 0.0325
====> Epoch: 44200 Average loss: 0.0354
====> Epoch: 44300 Average loss: 0.0419
====> Epoch: 44400 Average loss: 0.0288
====> Epoch: 44500 Average loss: 0.0298
====> Epoch: 44600 Average loss: 0.0292
====> Epoch: 44700 Average loss: 0.0325
====> Epoch: 44800 Average loss: 0.0306
====> Epoch: 44900 Average loss: 0.0309
====> Epoch: 45000 Average loss: 0.0344
====> Epoch: 45100 Average loss: 0.0402
====> Epoch: 45200 Average loss: 0.0334
====> Epoch: 45300 Average loss: 0.0335
====> Epoch: 45400 Average loss: 0.0312
====> Epoch: 45500 Average loss: 0.0271
====> Epoch: 45600 Average loss: 0.0253
====> Epoch: 45700 Average loss: 0.0278
====> Epoch: 45800 Average loss: 0.0299
====> Epoch: 45900 Average loss: 0.0273
====> Epoch: 46000 Average loss: 0.0334
====> Epoch: 46100 Average loss: 0.0357
====> Epoch: 46200 Average loss: 0.0289
====> Epoch: 46300 Average loss: 0.0338
====> Epoch: 46400 Average loss: 0.0295
====> Epoch: 46500 Average loss: 0.0261
====> Epoch: 46600 Average loss: 0.0365
====> Epoch: 46700 Average loss: 0.0294
====> Epoch: 46800 Average loss: 0.0201
====> Epoch: 46900 Average loss: 0.0315
====> Epoch: 47000 Average loss: 0.0399
====> Epoch: 47100 Average loss: 0.0313
====> Epoch: 47200 Average loss: 0.0293
====> Epoch: 47300 Average loss: 0.0260
====> Epoch: 47400 Average loss: 0.0342
====> Epoch: 47500 Average loss: 0.0291
====> Epoch: 47600 Average loss: 0.0298
====> Epoch: 47700 Average loss: 0.0271
====> Epoch: 47800 Average loss: 0.0286
====> Epoch: 47900 Average loss: 0.0279
====> Epoch: 48000 Average loss: 0.0250
====> Epoch: 48100 Average loss: 0.0327
====> Epoch: 48200 Average loss: 0.0265
====> Epoch: 48300 Average loss: 0.0272
====> Epoch: 48400 Average loss: 0.0296
====> Epoch: 48500 Average loss: 0.0286
====> Epoch: 48600 Average loss: 0.0304
====> Epoch: 48700 Average loss: 0.0287
====> Epoch: 48800 Average loss: 0.0272
====> Epoch: 48900 Average loss: 0.0309
====> Epoch: 49000 Average loss: 0.0281
====> Epoch: 49100 Average loss: 0.0324
====> Epoch: 49200 Average loss: 0.0246
====> Epoch: 49300 Average loss: 0.0267
====> Epoch: 49400 Average loss: 0.0282
====> Epoch: 49500 Average loss: 0.0229
====> Epoch: 49600 Average loss: 0.0289
====> Epoch: 49700 Average loss: 0.0380
====> Epoch: 49800 Average loss: 0.0326
====> Epoch: 49900 Average loss: 0.0380
====> Epoch: 50000 Average loss: 0.0263
----------------------------------------------------
I:  tensor([ 1.0739, -0.3917,  1.5845, -0.0285,  0.0000,  0.0000,  0.9445,  0.0656, 0.0000,  0.0000,  1.2835,  1.1134,  0.5353], device='cuda:0')
R:  tensor([ 1.1507, -0.3425,  1.5510,  0.0091,  0.5895,  0.9623,  0.8991,  0.1211, 0.2502, -0.1582,  1.3309,  1.0605,  0.4989], device='cuda:0', grad_fn=<UnbindBackward0>)
G:  tensor([ 1.0739, -0.3917,  1.5845, -0.0285,  0.5096,  1.0493,  0.9445,  0.0656, 0.2963, -0.2414,  1.2835,  1.1134,  0.5353], device='cuda:0')
----------------------------------------------------
I:  tensor([-0.5813,  2.8489,  0.9997,  0.0000, -0.2627,  0.0000, -1.4349,  2.1607, 0.0000,  0.0000,  0.0000, -1.3018, -0.7385], device='cuda:0')
R:  tensor([-0.6111,  2.6662,  0.9103,  1.6693, -0.3239, -0.8983, -1.5657,  2.2337,-0.8327,  0.1274, -0.7851, -1.4747, -0.7518], device='cuda:0', grad_fn=<UnbindBackward0>)
G:  tensor([-0.5813,  2.8489,  0.9997,  1.6531, -0.2627, -0.8094, -1.4349,  2.1607,-0.8601, -0.0251, -0.6030, -1.3018, -0.7385], device='cuda:0')
----------------------------------------------------
I:  tensor([-1.2360,  0.0000,  0.1955,  0.7522, -0.9648,  0.0000, -0.7824,  1.1132, 0.0000,  0.0000,  0.4061,  0.0541, -0.9455], device='cuda:0')
R:  tensor([-1.2717, -0.7698,  0.1713,  0.7804, -1.0222, -1.4376, -0.8683,  1.1513, 0.0357, -0.6050,  0.3450, -0.0870, -1.0305], device='cuda:0', grad_fn=<UnbindBackward0>)
G:  tensor([-1.2360, -0.7418,  0.1955,  0.7522, -0.9648, -1.3542, -0.7824,  1.1132, 0.0685, -0.6307,  0.4061,  0.0541, -0.9455], device='cuda:0')
----------------------------------------------------
I:  tensor([ 0.5922, -0.4725,  0.0000,  0.0000,  0.0000,  0.6488,  0.9545,  0.0000, 0.4715,  0.0181,  0.3622,  1.2123,  0.0000], device='cuda:0')
R:  tensor([ 0.5824, -0.4669,  0.1460,  0.3254,  0.0160,  0.5539,  0.9286, -0.8229, 0.4670,  0.0360,  0.3806,  1.2503,  0.5017], device='cuda:0', grad_fn=<UnbindBackward0>)
G:  tensor([ 0.5922, -0.4725,  0.1589,  0.3018,  0.0181,  0.6488,  0.9545, -0.8207, 0.4715,  0.0181,  0.3622,  1.2123,  0.5513], device='cuda:0')
----------------------------------------------------
I:  tensor([ 1.4692, -0.6700,  0.4148, -0.8993,  0.5799,  1.6102,  1.9083,  0.0000, 0.0000,  0.0000,  1.1958,  0.2942,  0.0000], device='cuda:0')
R:  tensor([ 1.4887, -0.7093,  0.4012, -0.8698,  0.6142,  1.5427,  1.9383, -0.2981, 0.4823,  1.7994,  1.2626,  0.2439,  2.9827], device='cuda:0', grad_fn=<UnbindBackward0>)
G:  tensor([ 1.4692, -0.6700,  0.4148, -0.8993,  0.5799,  1.6102,  1.9083, -0.3373, 0.4715,  1.5754,  1.1958,  0.2942,  2.9715], device='cuda:0')
----------------------------------------------------
I:  tensor([ 0.0000,  1.3139,  1.0362, -0.2687,  0.1586,  0.1841,  0.3822, -0.9013, 0.0000, -0.2414,  0.3183,  1.2829,  0.0736], device='cuda:0')
R:  tensor([-0.1038,  1.2159,  0.9745, -0.2621,  0.1971,  0.1376,  0.3581, -0.8667, 0.6990, -0.1345,  0.3187,  1.1920,  0.0635], device='cuda:0', grad_fn=<UnbindBackward0>)
G:  tensor([-0.0872,  1.3139,  1.0362, -0.2687,  0.1586,  0.1841,  0.3822, -0.9013, 0.6817, -0.2414,  0.3183,  1.2829,  0.0736], device='cuda:0')
----------------------------------------------------
I:  tensor([ 2.2598,  0.0000, -0.7183,  0.0000, -0.1925,  0.0000,  0.9545, -0.5790, 0.0000,  0.0000,  0.5377,  0.3366,  0.9493], device='cuda:0')
R:  tensor([ 2.2529, -0.6536, -0.8200, -1.7112, -0.2356,  0.6950,  0.9209, -0.5900, 0.6696,  0.1507,  0.5220,  0.2542,  0.9639], device='cuda:0', grad_fn=<UnbindBackward0>)
G:  tensor([ 2.2598, -0.6251, -0.7183, -1.6500, -0.1925,  0.8090,  0.9545, -0.5790, 0.6817,  0.0614,  0.5377,  0.3366,  0.9493], device='cuda:0')
----------------------------------------------------
I:  tensor([0.0000, 0.2277, 1.8404, 0.4519, 1.2820, 0.8090, 0.6634, 0.2268, 0.4014,0.0000, 0.3622, 0.4496, 0.0000], device='cuda:0')
R:  tensor([ 0.3130,  0.2465,  1.8287,  0.4708,  1.4350,  0.7350,  0.6293,  0.2525, 0.4496, -0.1993,  0.3062,  0.3807, -0.1024], device='cuda:0', grad_fn=<UnbindBackward0>)
G:  tensor([ 0.2957,  0.2277,  1.8404,  0.4519,  1.2820,  0.8090,  0.6634,  0.2268, 0.4014, -0.3193,  0.3622,  0.4496, -0.0379], device='cuda:0')
----------------------------------------------------
I:  tensor([ 0.8269, -0.9752, -1.6322,  0.0000, -0.4031,  0.0000, -0.2402,  0.0000,-1.5084,  0.0000,  1.1958,  0.0000, -0.3722], device='cuda:0')
R:  tensor([ 0.7615, -0.9718, -1.7067, -0.4546, -0.3912, -0.4314, -0.3066, -0.2124,-1.5794, -0.4508,  1.2432, -0.3544, -0.4802], device='cuda:0', grad_fn=<UnbindBackward0>)
G:  tensor([ 0.8269, -0.9752, -1.6322, -0.4489, -0.4031, -0.3126, -0.2402, -0.3373,-1.5084, -0.5442,  1.1958, -0.2142, -0.3722], device='cuda:0')
----------------------------------------------------
I:  tensor([-0.1613,  0.0000,  0.4148,  0.6021,  0.0000, -0.9536,  0.0000,  0.8714, 0.0000,  1.1212, -1.8315,  0.0000, -0.3882], device='cuda:0')
R:  tensor([-0.1574,  1.9859,  0.3191,  0.6628, -1.0043, -1.0186, -1.4779,  0.9483,-1.2610,  1.3073, -1.9479, -1.2658, -0.4275], device='cuda:0', grad_fn=<UnbindBackward0>)
G:  tensor([-0.1613,  2.0410,  0.4148,  0.6021, -0.9648, -0.9536, -1.3847,  0.8714,-1.2806,  1.1212, -1.8315, -1.0617, -0.3882], device='cuda:0')
====> Epoch: 50100 Average loss: 0.0265
====> Epoch: 50200 Average loss: 0.0276
====> Epoch: 50300 Average loss: 0.0242
====> Epoch: 50400 Average loss: 0.0278
====> Epoch: 50500 Average loss: 0.0248
====> Epoch: 50600 Average loss: 0.0243
====> Epoch: 50700 Average loss: 0.0250
====> Epoch: 50800 Average loss: 0.0280
====> Epoch: 50900 Average loss: 0.0253
====> Epoch: 51000 Average loss: 0.0235
====> Epoch: 51100 Average loss: 0.0279
====> Epoch: 51200 Average loss: 0.0302
====> Epoch: 51300 Average loss: 0.0286
====> Epoch: 51400 Average loss: 0.0229
====> Epoch: 51500 Average loss: 0.0286
====> Epoch: 51600 Average loss: 0.0342
====> Epoch: 51700 Average loss: 0.0314
====> Epoch: 51800 Average loss: 0.0277
====> Epoch: 51900 Average loss: 0.0231
====> Epoch: 52000 Average loss: 0.0270
====> Epoch: 52100 Average loss: 0.0395
====> Epoch: 52200 Average loss: 0.0311
====> Epoch: 52300 Average loss: 0.0230
====> Epoch: 52400 Average loss: 0.0258
====> Epoch: 52500 Average loss: 0.0303
====> Epoch: 52600 Average loss: 0.0302
====> Epoch: 52700 Average loss: 0.0378
====> Epoch: 52800 Average loss: 0.0311
====> Epoch: 52900 Average loss: 0.0293
====> Epoch: 53000 Average loss: 0.0249
====> Epoch: 53100 Average loss: 0.0263
====> Epoch: 53200 Average loss: 0.0262
====> Epoch: 53300 Average loss: 0.0279
====> Epoch: 53400 Average loss: 0.0212
====> Epoch: 53500 Average loss: 0.0246
====> Epoch: 53600 Average loss: 0.0285
====> Epoch: 53700 Average loss: 0.0255
====> Epoch: 53800 Average loss: 0.0332
====> Epoch: 53900 Average loss: 0.0247
====> Epoch: 54000 Average loss: 0.0286
====> Epoch: 54100 Average loss: 0.0307
====> Epoch: 54200 Average loss: 0.0271
====> Epoch: 54300 Average loss: 0.0250
====> Epoch: 54400 Average loss: 0.0308
====> Epoch: 54500 Average loss: 0.0278
====> Epoch: 54600 Average loss: 0.0251
====> Epoch: 54700 Average loss: 0.0265
====> Epoch: 54800 Average loss: 0.0313
====> Epoch: 54900 Average loss: 0.0303
====> Epoch: 55000 Average loss: 0.0305
====> Epoch: 55100 Average loss: 0.0262
====> Epoch: 55200 Average loss: 0.0305
====> Epoch: 55300 Average loss: 0.0286
====> Epoch: 55400 Average loss: 0.0256
====> Epoch: 55500 Average loss: 0.0287
====> Epoch: 55600 Average loss: 0.0283
====> Epoch: 55700 Average loss: 0.0235
====> Epoch: 55800 Average loss: 0.0298
====> Epoch: 55900 Average loss: 0.0306
====> Epoch: 56000 Average loss: 0.0267
====> Epoch: 56100 Average loss: 0.0331
====> Epoch: 56200 Average loss: 0.0347
====> Epoch: 56300 Average loss: 0.0288
====> Epoch: 56400 Average loss: 0.0297
====> Epoch: 56500 Average loss: 0.0264
====> Epoch: 56600 Average loss: 0.0282
====> Epoch: 56700 Average loss: 0.0260
====> Epoch: 56800 Average loss: 0.0264
====> Epoch: 56900 Average loss: 0.0256
====> Epoch: 57000 Average loss: 0.0318
====> Epoch: 57100 Average loss: 0.0345
====> Epoch: 57200 Average loss: 0.0302
====> Epoch: 57300 Average loss: 0.0285
====> Epoch: 57400 Average loss: 0.0292
====> Epoch: 57500 Average loss: 0.0278
====> Epoch: 57600 Average loss: 0.0291
====> Epoch: 57700 Average loss: 0.0220
====> Epoch: 57800 Average loss: 0.0301
====> Epoch: 57900 Average loss: 0.0278
====> Epoch: 58000 Average loss: 0.0290
====> Epoch: 58100 Average loss: 0.0258
====> Epoch: 58200 Average loss: 0.0318
====> Epoch: 58300 Average loss: 0.0251
====> Epoch: 58400 Average loss: 0.0259
====> Epoch: 58500 Average loss: 0.0306
====> Epoch: 58600 Average loss: 0.0280
====> Epoch: 58700 Average loss: 0.0243
====> Epoch: 58800 Average loss: 0.0260
====> Epoch: 58900 Average loss: 0.0238
====> Epoch: 59000 Average loss: 0.0288
====> Epoch: 59100 Average loss: 0.0294
====> Epoch: 59200 Average loss: 0.0234
====> Epoch: 59300 Average loss: 0.0250
====> Epoch: 59400 Average loss: 0.0224
====> Epoch: 59500 Average loss: 0.0265
====> Epoch: 59600 Average loss: 0.0259
====> Epoch: 59700 Average loss: 0.0248
====> Epoch: 59800 Average loss: 0.0346
====> Epoch: 59900 Average loss: 0.0267
====> Epoch: 60000 Average loss: 0.0249
----------------------------------------------------
I:  tensor([ 0.0000, -0.1583, -0.2431, -0.4489,  0.3692,  0.0000,  0.0000, -1.1430, 1.3826,  0.0000,  0.0000,  0.7886,  2.4301], device='cuda:0')
R:  tensor([ 1.3602, -0.1447, -0.3153, -0.4410,  0.3492,  0.9296,  1.2364, -1.1366, 1.4933,  0.2962,  1.3963,  0.7391,  2.2965], device='cuda:0', grad_fn=<UnbindBackward0>)
G:  tensor([ 1.3580, -0.1583, -0.2431, -0.4489,  0.3692,  1.0493,  1.2959, -1.1430, 1.3826,  0.2993,  1.2835,  0.7886,  2.4301], device='cuda:0')
----------------------------------------------------
I:  tensor([-0.4455, -0.8764, -1.2666, -0.8093,  0.0181,  0.0000,  0.0000,  1.3549, 0.0000,  0.2993,  0.0989, -1.4431, -0.9455], device='cuda:0')
R:  tensor([-0.4609, -0.9112, -1.3141, -0.8236, -0.0885, -0.5399, -0.7185,  1.4996,-1.7409,  0.3107,  0.0418, -1.5906, -0.9788], device='cuda:0', grad_fn=<UnbindBackward0>)
G:  tensor([-0.4455, -0.8764, -1.2666, -0.8093,  0.0181, -0.4408, -0.6217,  1.3549,-1.7011,  0.2993,  0.0989, -1.4431, -0.9455], device='cuda:0')
----------------------------------------------------
I:  tensor([ 0.6910, -0.5622, -0.2066, -0.9894,  0.0000,  0.0000,  1.2657, -0.1761, 1.3125,  0.0000,  0.0000,  1.0852,  0.1532], device='cuda:0')
R:  tensor([ 0.6832, -0.5188, -0.2041, -0.9988,  1.2342,  1.2981,  1.1881, -0.0627, 1.3696,  0.5086, -0.0915,  1.0600,  0.1141], device='cuda:0', grad_fn=<UnbindBackward0>)
G:  tensor([ 0.6910, -0.5622, -0.2066, -0.9894,  1.2118,  1.3698,  1.2657, -0.1761, 1.3125,  0.4637, -0.0327,  1.0852,  0.1532], device='cuda:0')
----------------------------------------------------
I:  tensor([-1.4954, -0.1852,  0.0000,  2.7041, -0.5436, -0.2646,  0.2116,  1.7578, 0.0000,  0.0000,  0.0551,  0.0000,  0.0000], device='cuda:0')
R:  tensor([-1.5398, -0.2855,  1.4563,  2.7438, -0.6316, -0.3746,  0.1828,  1.9151, 0.2505, -0.9017, -0.0272, -0.3061, -0.8989], device='cuda:0', grad_fn=<UnbindBackward0>)
G:  tensor([-1.4954, -0.1852,  1.5114,  2.7041, -0.5436, -0.2646,  0.2116,  1.7578, 0.2963, -0.8903,  0.0551, -0.2425, -0.8945], device='cuda:0')
----------------------------------------------------
I:  tensor([ 0.0000, -0.5443,  0.0000,  0.0000,  0.5799,  0.9372,  1.5167, -0.3373, 0.0000,  1.6619,  0.7132,  0.0000,  1.6340], device='cuda:0')
R:  tensor([ 1.1425, -0.5666, -0.4169, -0.6291,  0.5859,  0.7884,  1.4374, -0.2804, 0.9075,  1.6803,  0.6993,  0.6255,  1.5114], device='cuda:0', grad_fn=<UnbindBackward0>)
G:  tensor([ 1.1604, -0.5443, -0.3528, -0.6291,  0.5799,  0.9372,  1.5167, -0.3373, 0.8569,  1.6619,  0.7132,  0.6897,  1.6340], device='cuda:0')
----------------------------------------------------
I:  tensor([-1.9031e+00,  1.2600e+00,  0.0000e+00,  1.5183e-03,  5.0964e-01, 0.0000e+00,  5.5291e-01, -9.8188e-01,  3.4851e+00,  0.0000e+00,
        -9.1015e-01,  2.8011e-01, -5.8879e-01], device='cuda:0')
R:  tensor([-1.9169,  1.3027, -2.0215, -0.0491,  0.5220,  1.2602,  0.4731, -1.0435, 3.6971, -0.9797, -1.0667,  0.2017, -0.6524], device='cuda:0', grad_fn=<UnbindBackward0>)
G:  tensor([-1.9031e+00,  1.2600e+00, -1.9977e+00,  1.5183e-03,  5.0964e-01, 1.4179e+00,  5.5291e-01, -9.8188e-01,  3.4851e+00, -9.3352e-01,
        -9.1015e-01,  2.8011e-01, -5.8879e-01], device='cuda:0')
----------------------------------------------------
I:  tensor([-1.6560,  0.0000,  0.0000, -1.0495,  0.0000, -1.0978, -0.4611, -0.1761, 0.0000, -0.5442,  1.1958, -0.6662, -1.0155], device='cuda:0')
R:  tensor([-1.7051, -0.4530, -1.6315, -1.0434, -0.2988, -1.1926, -0.4844, -0.1338,-0.8198, -0.5960,  1.1852, -0.7605, -1.0936], device='cuda:0', grad_fn=<UnbindBackward0>)
G:  tensor([-1.6560, -0.4096, -1.6322, -1.0495, -0.1925, -1.0978, -0.4611, -0.1761,-0.7725, -0.5442,  1.1958, -0.6662, -1.0155], device='cuda:0')
----------------------------------------------------
I:  tensor([ 0.4933,  1.4126,  0.4148,  0.0000,  0.1586,  0.0000,  0.0000,  0.0000,-0.3170,  0.9698, -1.1295, -1.4854,  0.0099], device='cuda:0')
R:  tensor([ 0.4602,  1.4900,  0.2365,  0.9393,  0.0910, -0.9323, -1.3698,  0.6857,-0.2934,  1.1216, -1.3785, -1.5825, -0.1636], device='cuda:0', grad_fn=<UnbindBackward0>)
G:  tensor([ 0.4933,  1.4126,  0.4148,  1.0525,  0.1586, -0.7933, -1.2843,  0.5491,-0.3170,  0.9698, -1.1295, -1.4854,  0.0099], device='cuda:0')
----------------------------------------------------
I:  tensor([ 1.0739, -0.3917,  0.0000, -0.0285,  0.5096,  1.0493,  0.9445,  0.0000, 0.2963,  0.0000,  1.2835,  0.0000,  0.0000], device='cuda:0')
R:  tensor([ 1.0466, -0.3450,  1.5063,  0.0995,  0.4998,  0.9370,  0.8798,  0.1320, 0.3647, -0.2495,  1.2444,  1.0838,  0.4172], device='cuda:0', grad_fn=<UnbindBackward0>)
G:  tensor([ 1.0739, -0.3917,  1.5845, -0.0285,  0.5096,  1.0493,  0.9445,  0.0656, 0.2963, -0.2414,  1.2835,  1.1134,  0.5353], device='cuda:0')
----------------------------------------------------
I:  tensor([ 0.0000, -1.0111,  0.7072,  0.0000,  0.0000,  0.2001,  0.6232,  0.0656, 0.0000, -0.1982,  1.0203,  0.0000, -0.2194], device='cuda:0')
R:  tensor([-0.9148, -0.9836,  0.7006, -0.3538, -0.1848,  0.1795,  0.5826,  0.0689, 0.9763, -0.3290,  0.8680, -0.3858, -0.4075], device='cuda:0', grad_fn=<UnbindBackward0>)
G:  tensor([-0.7790, -1.0111,  0.7072, -0.4189, -0.1223,  0.2001,  0.6232,  0.0656, 0.8569, -0.1982,  1.0203, -0.4402, -0.2194], device='cuda:0')
====> Epoch: 60100 Average loss: 0.0269
====> Epoch: 60200 Average loss: 0.0264
====> Epoch: 60300 Average loss: 0.0284
====> Epoch: 60400 Average loss: 0.0237
====> Epoch: 60500 Average loss: 0.0233
====> Epoch: 60600 Average loss: 0.0283
====> Epoch: 60700 Average loss: 0.0276
====> Epoch: 60800 Average loss: 0.0276
====> Epoch: 60900 Average loss: 0.0274
====> Epoch: 61000 Average loss: 0.0233
====> Epoch: 61100 Average loss: 0.0355
====> Epoch: 61200 Average loss: 0.0289
====> Epoch: 61300 Average loss: 0.0234
====> Epoch: 61400 Average loss: 0.0255
====> Epoch: 61500 Average loss: 0.0240
====> Epoch: 61600 Average loss: 0.0265
====> Epoch: 61700 Average loss: 0.0278
====> Epoch: 61800 Average loss: 0.0256
====> Epoch: 61900 Average loss: 0.0287
====> Epoch: 62000 Average loss: 0.0348
====> Epoch: 62100 Average loss: 0.0269
====> Epoch: 62200 Average loss: 0.0271
====> Epoch: 62300 Average loss: 0.0230
====> Epoch: 62400 Average loss: 0.0303
====> Epoch: 62500 Average loss: 0.0250
====> Epoch: 62600 Average loss: 0.0296
====> Epoch: 62700 Average loss: 0.0258
====> Epoch: 62800 Average loss: 0.0227
====> Epoch: 62900 Average loss: 0.0210
====> Epoch: 63000 Average loss: 0.0339
====> Epoch: 63100 Average loss: 0.0240
====> Epoch: 63200 Average loss: 0.0283
====> Epoch: 63300 Average loss: 0.0242
====> Epoch: 63400 Average loss: 0.0264
====> Epoch: 63500 Average loss: 0.0239
====> Epoch: 63600 Average loss: 0.0270
====> Epoch: 63700 Average loss: 0.0256
====> Epoch: 63800 Average loss: 0.0232
====> Epoch: 63900 Average loss: 0.0254
====> Epoch: 64000 Average loss: 0.0259
====> Epoch: 64100 Average loss: 0.0281
====> Epoch: 64200 Average loss: 0.0261
====> Epoch: 64300 Average loss: 0.0315
====> Epoch: 64400 Average loss: 0.0277
====> Epoch: 64500 Average loss: 0.0371
====> Epoch: 64600 Average loss: 0.0221
====> Epoch: 64700 Average loss: 0.0202
====> Epoch: 64800 Average loss: 0.0355
====> Epoch: 64900 Average loss: 0.0230
====> Epoch: 65000 Average loss: 0.0298
====> Epoch: 65100 Average loss: 0.0241
====> Epoch: 65200 Average loss: 0.0277
====> Epoch: 65300 Average loss: 0.0264
====> Epoch: 65400 Average loss: 0.0205
====> Epoch: 65500 Average loss: 0.0269
====> Epoch: 65600 Average loss: 0.0261
====> Epoch: 65700 Average loss: 0.0257
====> Epoch: 65800 Average loss: 0.0323
====> Epoch: 65900 Average loss: 0.0259
====> Epoch: 66000 Average loss: 0.0256
====> Epoch: 66100 Average loss: 0.0255
====> Epoch: 66200 Average loss: 0.0258
====> Epoch: 66300 Average loss: 0.0249
====> Epoch: 66400 Average loss: 0.0216
====> Epoch: 66500 Average loss: 0.0232
====> Epoch: 66600 Average loss: 0.0269
====> Epoch: 66700 Average loss: 0.0251
====> Epoch: 66800 Average loss: 0.0241
====> Epoch: 66900 Average loss: 0.0336
====> Epoch: 67000 Average loss: 0.0269
====> Epoch: 67100 Average loss: 0.0226
====> Epoch: 67200 Average loss: 0.0267
====> Epoch: 67300 Average loss: 0.0240
====> Epoch: 67400 Average loss: 0.0275
====> Epoch: 67500 Average loss: 0.0261
====> Epoch: 67600 Average loss: 0.0330
====> Epoch: 67700 Average loss: 0.0255
====> Epoch: 67800 Average loss: 0.0281
====> Epoch: 67900 Average loss: 0.0249
====> Epoch: 68000 Average loss: 0.0290
====> Epoch: 68100 Average loss: 0.0230
====> Epoch: 68200 Average loss: 0.0230
====> Epoch: 68300 Average loss: 0.0280
====> Epoch: 68400 Average loss: 0.0335
====> Epoch: 68500 Average loss: 0.0242
====> Epoch: 68600 Average loss: 0.0277
====> Epoch: 68700 Average loss: 0.0342
====> Epoch: 68800 Average loss: 0.0282
====> Epoch: 68900 Average loss: 0.0241
====> Epoch: 69000 Average loss: 0.0280
====> Epoch: 69100 Average loss: 0.0245
====> Epoch: 69200 Average loss: 0.0286
====> Epoch: 69300 Average loss: 0.0257
====> Epoch: 69400 Average loss: 0.0240
====> Epoch: 69500 Average loss: 0.0316
====> Epoch: 69600 Average loss: 0.0291
====> Epoch: 69700 Average loss: 0.0254
====> Epoch: 69800 Average loss: 0.0281
====> Epoch: 69900 Average loss: 0.0246
====> Epoch: 70000 Average loss: 0.0287
----------------------------------------------------
I:  tensor([-1.3966,  1.7717,  0.0858,  0.4519,  0.0000,  0.9051,  0.0000, -1.2236, 0.0000, -0.9768, -0.9102,  1.4524, -1.1684], device='cuda:0')
R:  tensor([-1.4657,  1.7116, -0.1150,  0.4311, -1.1146,  0.9421,  0.9269, -1.0933, 2.3491, -1.0103, -0.9024,  1.3884, -1.1724], device='cuda:0', grad_fn=<UnbindBackward0>)
G:  tensor([-1.3966,  1.7717,  0.0858,  0.4519, -1.2457,  0.9051,  1.0047, -1.2236, 2.3112, -0.9768, -0.9102,  1.4524, -1.1684], device='cuda:0')
----------------------------------------------------
I:  tensor([ 0.7651,  0.0000,  0.0000,  0.1517, -0.5436, -0.4729, -1.2341,  0.0000,-1.0003, -0.2847,  0.0000,  0.0000, -0.6270], device='cuda:0')
R:  tensor([ 0.7645,  2.3369, -0.0628,  0.1516, -0.6435, -0.5375, -1.3074,  0.9401,-1.1079, -0.2756, -0.2477, -0.8925, -0.6070], device='cuda:0', grad_fn=<UnbindBackward0>)
G:  tensor([ 0.7651,  2.3462, -0.0604,  0.1517, -0.5436, -0.4729, -1.2341,  0.8714,-1.0003, -0.2847, -0.2082, -0.7933, -0.6270], device='cuda:0')
----------------------------------------------------
I:  tensor([ 0.2463, -0.4994, -0.8280, -2.4908,  0.0000,  0.5686,  0.0000, -0.8207,-0.5447,  0.0000,  0.4061,  1.1134,  0.9652], device='cuda:0')
R:  tensor([ 0.2210, -0.4800, -0.8811, -2.3608, -0.0596,  0.5753,  0.7036, -0.7612,-0.6621, -0.2703,  0.4217,  1.1037,  1.0419], device='cuda:0', grad_fn=<UnbindBackward0>)
G:  tensor([ 0.2463, -0.4994, -0.8280, -2.4908,  0.0181,  0.5686,  0.7336, -0.8207,-0.5447, -0.2933,  0.4061,  1.1134,  0.9652], device='cuda:0')
----------------------------------------------------
I:  tensor([-1.4337,  0.4970, -0.4990,  0.0000,  0.8607, -0.9215,  0.0000,  0.0000,-1.1229, -1.0417,  0.0112,  0.0000,  0.0000], device='cuda:0')
R:  tensor([-1.3486,  0.5043, -0.6084, -0.5191,  0.7445, -1.0253, -0.7873,  0.6391,-1.2250, -0.9595, -0.0348, -0.1575, -0.7188], device='cuda:0', grad_fn=<UnbindBackward0>)
G:  tensor([-1.4337,  0.4970, -0.4990, -0.4489,  0.8607, -0.9215, -0.7121,  0.5491,-1.1229, -1.0417,  0.0112, -0.1295, -0.7862], device='cuda:0')
----------------------------------------------------
I:  tensor([ 0.0000,  0.9817, -1.3397, -0.1486, -0.8946, -0.4729,  0.0000,  0.0656, 0.4890,  0.0000,  0.0000,  0.6191,  0.0000], device='cuda:0')
R:  tensor([-1.1837,  0.9799, -1.3856, -0.0921, -0.8834, -0.5269, -0.4543,  0.0970, 0.3671, -1.6397, -0.1396,  0.5873, -0.5546], device='cuda:0', grad_fn=<UnbindBackward0>)
G:  tensor([-1.2360,  0.9817, -1.3397, -0.1486, -0.8946, -0.4729, -0.3908,  0.0656, 0.4890, -1.6343, -0.1204,  0.6191, -0.5824], device='cuda:0')
----------------------------------------------------
I:  tensor([ 0.0000,  0.0000,  0.1224,  1.0525,  0.0884,  0.8571,  0.5228,  0.0000, 0.0000, -1.0763,  0.0000,  0.7321, -0.9041], device='cuda:0')
R:  tensor([-0.2702,  1.4045,  0.1274,  1.0813,  0.1246,  0.8896,  0.5027,  0.6029, 0.5594, -1.0925,  1.0342,  0.6869, -0.8903], device='cuda:0', grad_fn=<UnbindBackward0>)
G:  tensor([-0.3713,  1.3767,  0.1224,  1.0525,  0.0884,  0.8571,  0.5228,  0.5491, 0.6292, -1.0763,  1.0203,  0.7321, -0.9041], device='cuda:0')
----------------------------------------------------
I:  tensor([ 0.4439,  0.0000, -0.0604,  0.1517, -0.7542,  0.0000, -1.5353,  0.0656, 0.0000,  0.2344,  0.0000, -0.2001,  0.0000], device='cuda:0')
R:  tensor([ 0.4122,  0.1308, -0.1546,  0.0938, -0.7181, -1.5100, -1.5671,  0.1618,-1.6901,  0.3467, -1.2355, -0.3647,  0.0800], device='cuda:0', grad_fn=<UnbindBackward0>)
G:  tensor([ 0.4439,  0.2008, -0.0604,  0.1517, -0.7542, -1.4343, -1.5353,  0.0656,-1.6661,  0.2344, -1.1295, -0.2001,  0.1054], device='cuda:0')
----------------------------------------------------
I:  tensor([ 0.1351,  0.0000,  0.0000,  1.8032,  0.0000, -0.1524,  0.0000, -0.8207, 0.0000,  0.8833, -1.5244, -1.8103, -1.0251], device='cuda:0')
R:  tensor([ 0.1483, -0.4517,  1.3356,  1.7109,  1.0036, -0.2038, -0.8390, -0.8195,-0.0984,  0.8667, -1.5848, -1.9450, -1.0405], device='cuda:0', grad_fn=<UnbindBackward0>)
G:  tensor([ 0.1351, -0.3917,  1.4018,  1.8032,  1.1416, -0.1524, -0.7522, -0.8207,-0.0541,  0.8833, -1.5244, -1.8103, -1.0251], device='cuda:0')
----------------------------------------------------
I:  tensor([ 1.4321,  0.1559,  0.4148,  0.1517,  0.0000, -0.9856, -1.3345,  0.6297, 0.0000,  2.0080, -1.4805, -1.2736,  0.0000], device='cuda:0')
R:  tensor([ 1.3671,  0.1698,  0.4030,  0.1772, -0.6714, -1.0336, -1.4171,  0.6909,-0.7150,  1.9955, -1.5271, -1.3017, -0.2032], device='cuda:0', grad_fn=<UnbindBackward0>)
G:  tensor([ 1.4321,  0.1559,  0.4148,  0.1517, -0.6138, -0.9856, -1.3345,  0.6297,-0.6148,  2.0080, -1.4805, -1.2736, -0.2767], device='cuda:0')
----------------------------------------------------
I:  tensor([ 0.0000, -0.5443, -1.1935,  0.0000,  0.0000,  0.6808,  0.0000, -1.5459, 2.3112,  0.9265,  0.7132,  0.4214,  0.0000], device='cuda:0')
R:  tensor([ 0.0209, -0.5300, -1.2476, -1.9664, -0.6173,  0.6967,  1.2486, -1.5324, 2.2365,  0.9615,  0.7354,  0.4000,  1.3777], device='cuda:0', grad_fn=<UnbindBackward0>)
G:  tensor([ 0.0610, -0.5443, -1.1935, -2.1305, -0.5436,  0.6808,  1.2457, -1.5459, 2.3112,  0.9265,  0.7132,  0.4214,  1.2837], device='cuda:0')
====> Epoch: 70100 Average loss: 0.0235
====> Epoch: 70200 Average loss: 0.0264
====> Epoch: 70300 Average loss: 0.0238
====> Epoch: 70400 Average loss: 0.0315
====> Epoch: 70500 Average loss: 0.0226
====> Epoch: 70600 Average loss: 0.0280
====> Epoch: 70700 Average loss: 0.0276
====> Epoch: 70800 Average loss: 0.0282
====> Epoch: 70900 Average loss: 0.0295
====> Epoch: 71000 Average loss: 0.0226
====> Epoch: 71100 Average loss: 0.0220
====> Epoch: 71200 Average loss: 0.0217
====> Epoch: 71300 Average loss: 0.0308
====> Epoch: 71400 Average loss: 0.0314
====> Epoch: 71500 Average loss: 0.0254
====> Epoch: 71600 Average loss: 0.0209
====> Epoch: 71700 Average loss: 0.0250
====> Epoch: 71800 Average loss: 0.0293
====> Epoch: 71900 Average loss: 0.0315
====> Epoch: 72000 Average loss: 0.0241
====> Epoch: 72100 Average loss: 0.0266
====> Epoch: 72200 Average loss: 0.0268
====> Epoch: 72300 Average loss: 0.0270
====> Epoch: 72400 Average loss: 0.0271
====> Epoch: 72500 Average loss: 0.0292
====> Epoch: 72600 Average loss: 0.0231
====> Epoch: 72700 Average loss: 0.0330
====> Epoch: 72800 Average loss: 0.0185
====> Epoch: 72900 Average loss: 0.0263
====> Epoch: 73000 Average loss: 0.0221
====> Epoch: 73100 Average loss: 0.0271
====> Epoch: 73200 Average loss: 0.0240
====> Epoch: 73300 Average loss: 0.0314
====> Epoch: 73400 Average loss: 0.0253
====> Epoch: 73500 Average loss: 0.0231
====> Epoch: 73600 Average loss: 0.0250
====> Epoch: 73700 Average loss: 0.0208
====> Epoch: 73800 Average loss: 0.0246
====> Epoch: 73900 Average loss: 0.0247
====> Epoch: 74000 Average loss: 0.0258
====> Epoch: 74100 Average loss: 0.0279
====> Epoch: 74200 Average loss: 0.0225
====> Epoch: 74300 Average loss: 0.0231
====> Epoch: 74400 Average loss: 0.0328
====> Epoch: 74500 Average loss: 0.0342
====> Epoch: 74600 Average loss: 0.0219
====> Epoch: 74700 Average loss: 0.0232
====> Epoch: 74800 Average loss: 0.0266
====> Epoch: 74900 Average loss: 0.0227
====> Epoch: 75000 Average loss: 0.0278
====> Epoch: 75100 Average loss: 0.0181
====> Epoch: 75200 Average loss: 0.0244
====> Epoch: 75300 Average loss: 0.0248
====> Epoch: 75400 Average loss: 0.0234
====> Epoch: 75500 Average loss: 0.0266
====> Epoch: 75600 Average loss: 0.0238
====> Epoch: 75700 Average loss: 0.0271
====> Epoch: 75800 Average loss: 0.0339
====> Epoch: 75900 Average loss: 0.0213
====> Epoch: 76000 Average loss: 0.0320
====> Epoch: 76100 Average loss: 0.0245
====> Epoch: 76200 Average loss: 0.0267
====> Epoch: 76300 Average loss: 0.0247
====> Epoch: 76400 Average loss: 0.0211
====> Epoch: 76500 Average loss: 0.0213
====> Epoch: 76600 Average loss: 0.0290
====> Epoch: 76700 Average loss: 0.0250
====> Epoch: 76800 Average loss: 0.0225
====> Epoch: 76900 Average loss: 0.0266
====> Epoch: 77000 Average loss: 0.0263
====> Epoch: 77100 Average loss: 0.0269
====> Epoch: 77200 Average loss: 0.0267
====> Epoch: 77300 Average loss: 0.0240
====> Epoch: 77400 Average loss: 0.0214
====> Epoch: 77500 Average loss: 0.0217
====> Epoch: 77600 Average loss: 0.0247
====> Epoch: 77700 Average loss: 0.0263
====> Epoch: 77800 Average loss: 0.0248
====> Epoch: 77900 Average loss: 0.0214
====> Epoch: 78000 Average loss: 0.0258
====> Epoch: 78100 Average loss: 0.0237
====> Epoch: 78200 Average loss: 0.0241
====> Epoch: 78300 Average loss: 0.0196
====> Epoch: 78400 Average loss: 0.0246
====> Epoch: 78500 Average loss: 0.0236
====> Epoch: 78600 Average loss: 0.0231
====> Epoch: 78700 Average loss: 0.0255
====> Epoch: 78800 Average loss: 0.0262
====> Epoch: 78900 Average loss: 0.0231
====> Epoch: 79000 Average loss: 0.0243
====> Epoch: 79100 Average loss: 0.0209
====> Epoch: 79200 Average loss: 0.0232
====> Epoch: 79300 Average loss: 0.0233
====> Epoch: 79400 Average loss: 0.0276
====> Epoch: 79500 Average loss: 0.0256
====> Epoch: 79600 Average loss: 0.0227
====> Epoch: 79700 Average loss: 0.0270
====> Epoch: 79800 Average loss: 0.0286
====> Epoch: 79900 Average loss: 0.0315
====> Epoch: 80000 Average loss: 0.0256
----------------------------------------------------
I:  tensor([ 0.0000, -0.4096,  0.0000, -1.0495, -0.1925, -1.0978, -0.4611,  0.0000,-0.7725,  0.0000,  1.1958,  0.0000, -1.0155], device='cuda:0')
R:  tensor([-1.6432, -0.5257, -1.7011, -1.0732, -0.2065, -0.9870, -0.3977, -0.1376,-0.8191, -0.6650,  1.2150, -0.6451, -1.0806], device='cuda:0', grad_fn=<UnbindBackward0>)
G:  tensor([-1.6560, -0.4096, -1.6322, -1.0495, -0.1925, -1.0978, -0.4611, -0.1761,-0.7725, -0.5442,  1.1958, -0.6662, -1.0155], device='cuda:0')
----------------------------------------------------
I:  tensor([ 0.0000, -0.8854, -0.3528, -1.0495, -0.1223,  0.0000,  1.1252, -1.1430, 0.4540,  0.9352,  0.0000,  1.3253,  0.0000], device='cuda:0')
R:  tensor([ 1.1623, -0.9573, -0.4715, -1.1225, -0.1162,  1.2447,  1.2024, -1.1541, 0.5100,  0.8936,  0.2066,  1.3323,  0.9810], device='cuda:0', grad_fn=<UnbindBackward0>)
G:  tensor([ 1.0616, -0.8854, -0.3528, -1.0495, -0.1223,  1.0974,  1.1252, -1.1430, 0.4540,  0.9352,  0.2306,  1.3253,  0.9493], device='cuda:0')
----------------------------------------------------
I:  tensor([-1.1372,  0.0000, -2.4363, -0.5991, -0.1925, -0.1043,  0.0000,  0.0000,-0.3345, -0.7605,  1.3713,  0.0000,  0.0000], device='cuda:0')
R:  tensor([-1.1711, -0.4558, -2.5753, -0.6807, -0.2768, -0.0206,  0.1688, -0.8347,-0.3528, -0.8334,  1.3563,  0.5313, -0.2233], device='cuda:0', grad_fn=<UnbindBackward0>)
G:  tensor([-1.1372, -0.2301, -2.4363, -0.5991, -0.1925, -0.1043,  0.1413, -0.8207,-0.3345, -0.7605,  1.3713,  0.4920, -0.1175], device='cuda:0')
----------------------------------------------------
I:  tensor([-1.5325e+00,  0.0000e+00,  0.0000e+00,  1.5166e-01,  2.2879e-01, 0.0000e+00,  7.3323e-04,  1.9189e+00,  0.0000e+00,  0.0000e+00,
         1.1958e+00, -1.5775e-01, -4.4549e-01], device='cuda:0')
R:  tensor([-1.5425, -0.0105,  2.4111,  0.0997,  0.3386, -0.8264,  0.1073,  1.9366,-1.0232, -0.5480,  1.3051, -0.1792, -0.4905], device='cuda:0', grad_fn=<UnbindBackward0>)
G:  tensor([-1.5325e+00,  3.0848e-01,  2.0232e+00,  1.5166e-01,  2.2879e-01,-8.7345e-01,  7.3323e-04,  1.9189e+00, -9.4770e-01, -5.4421e-01,
         1.1958e+00, -1.5775e-01, -4.4549e-01], device='cuda:0')
----------------------------------------------------
I:  tensor([ 0.0000, -0.3737,  1.2921,  0.0000,  1.4224,  0.8090,  1.1151, -0.2567, 0.6642,  0.4940,  0.4938,  0.0541,  0.0000], device='cuda:0')
R:  tensor([ 1.5785, -0.4662,  1.3474,  0.0307,  1.2390,  0.9475,  1.2007, -0.3302, 0.6707,  0.4499,  0.4923,  0.1466,  1.8364], device='cuda:0', grad_fn=<UnbindBackward0>)
G:  tensor([ 1.6051, -0.3737,  1.2921,  0.1517,  1.4224,  0.8090,  1.1151, -0.2567, 0.6642,  0.4940,  0.4938,  0.0541,  1.6977], device='cuda:0')
----------------------------------------------------
I:  tensor([ 0.0000, -0.7418,  0.1955,  0.0000, -0.9648,  0.0000, -0.7824,  1.1132, 0.0685,  0.0000,  0.4061,  0.0541, -0.9455], device='cuda:0')
R:  tensor([-1.1997, -0.8944,  0.2175,  0.7401, -0.8735, -1.2284, -0.6490,  1.0984, 0.1411, -0.7584,  0.4051,  0.0413, -0.9459], device='cuda:0', grad_fn=<UnbindBackward0>)
G:  tensor([-1.2360, -0.7418,  0.1955,  0.7522, -0.9648, -1.3542, -0.7824,  1.1132, 0.0685, -0.6307,  0.4061,  0.0541, -0.9455], device='cuda:0')
----------------------------------------------------
I:  tensor([ 0.8763,  0.0000,  0.0000,  0.0000,  0.0000, -0.9856, -1.4249,  1.2743,-0.9302,  1.1428, -1.3928, -1.2312, -0.0220], device='cuda:0')
R:  tensor([ 0.7844,  2.4991,  0.3436,  0.3404, -0.3429, -0.8450, -1.3802,  1.1649,-0.7891,  1.2917, -1.4206, -1.2068, -0.0938], device='cuda:0', grad_fn=<UnbindBackward0>)
G:  tensor([ 0.8763,  2.9745,  0.3052,  0.3018, -0.3329, -0.9856, -1.4249,  1.2743,-0.9302,  1.1428, -1.3928, -1.2312, -0.0220], device='cuda:0')
----------------------------------------------------
I:  tensor([-0.2355,  0.0000,  0.1224,  1.3528, -0.1223, -1.8348,  0.0000, -0.7401, 0.0000,  0.2777, -1.3050, -1.7679,  0.0000], device='cuda:0')
R:  tensor([-0.0312,  0.2354,  0.3359,  1.3408,  0.3331, -1.7333, -0.7545, -0.7416,-1.0641,  0.6635, -1.3574, -1.7373, -0.5647], device='cuda:0', grad_fn=<UnbindBackward0>)
G:  tensor([-0.2355, -0.0237,  0.1224,  1.3528, -0.1223, -1.8348, -0.9430, -0.7401,-1.3332,  0.2777, -1.3050, -1.7679, -0.5952], device='cuda:0')
----------------------------------------------------
I:  tensor([-0.1984,  0.5598,  0.8900,  1.3528,  0.0000,  0.0000,  0.0000,  0.0000,-1.3682,  0.0000, -0.2959, -0.6521, -0.4996], device='cuda:0')
R:  tensor([-0.4055,  0.5159,  1.0914,  0.8295, -0.0811, -0.1806, -1.1497,  1.2728,-1.0509, -0.4623,  0.1307, -0.6718, -0.7121], device='cuda:0', grad_fn=<UnbindBackward0>)
G:  tensor([-0.1984,  0.5598,  0.8900,  1.3528,  0.0884,  0.0399, -1.4349,  1.3549,-1.3682, -0.0597, -0.2959, -0.6521, -0.4996], device='cuda:0')
----------------------------------------------------
I:  tensor([ 0.3451, -0.6251,  1.7307, -1.1996,  0.7203,  0.4885,  0.0000,  0.0000,-0.4046,  0.0000,  0.5815,  0.2377,  0.0000], device='cuda:0')
R:  tensor([ 0.3728, -0.6611,  1.7684, -1.1888,  0.6314,  0.6397,  0.7724, -0.1968,-0.3008, -0.1735,  0.6277,  0.2857,  0.3657], device='cuda:0', grad_fn=<UnbindBackward0>)
G:  tensor([ 0.3451, -0.6251,  1.7307, -1.1996,  0.7203,  0.4885,  0.6533, -0.1761,-0.4046, -0.1982,  0.5815,  0.2377,  0.4239], device='cuda:0')
====> Epoch: 80100 Average loss: 0.0229
====> Epoch: 80200 Average loss: 0.0211
====> Epoch: 80300 Average loss: 0.0295
====> Epoch: 80400 Average loss: 0.0308
====> Epoch: 80500 Average loss: 0.0275
====> Epoch: 80600 Average loss: 0.0246
====> Epoch: 80700 Average loss: 0.0219
====> Epoch: 80800 Average loss: 0.0213
====> Epoch: 80900 Average loss: 0.0267
====> Epoch: 81000 Average loss: 0.0288
====> Epoch: 81100 Average loss: 0.0243
====> Epoch: 81200 Average loss: 0.0267
====> Epoch: 81300 Average loss: 0.0314
====> Epoch: 81400 Average loss: 0.0258
====> Epoch: 81500 Average loss: 0.0240
====> Epoch: 81600 Average loss: 0.0289
====> Epoch: 81700 Average loss: 0.0181
====> Epoch: 81800 Average loss: 0.0301
====> Epoch: 81900 Average loss: 0.0204
====> Epoch: 82000 Average loss: 0.0312
====> Epoch: 82100 Average loss: 0.0216
====> Epoch: 82200 Average loss: 0.0210
====> Epoch: 82300 Average loss: 0.0253
====> Epoch: 82400 Average loss: 0.0284
====> Epoch: 82500 Average loss: 0.0269
====> Epoch: 82600 Average loss: 0.0230
====> Epoch: 82700 Average loss: 0.0311
====> Epoch: 82800 Average loss: 0.0247
====> Epoch: 82900 Average loss: 0.0211
====> Epoch: 83000 Average loss: 0.0203
====> Epoch: 83100 Average loss: 0.0241
====> Epoch: 83200 Average loss: 0.0254
====> Epoch: 83300 Average loss: 0.0249
====> Epoch: 83400 Average loss: 0.0261
====> Epoch: 83500 Average loss: 0.0290
====> Epoch: 83600 Average loss: 0.0231
====> Epoch: 83700 Average loss: 0.0217
====> Epoch: 83800 Average loss: 0.0233
====> Epoch: 83900 Average loss: 0.0202
====> Epoch: 84000 Average loss: 0.0240
====> Epoch: 84100 Average loss: 0.0251
====> Epoch: 84200 Average loss: 0.0224
====> Epoch: 84300 Average loss: 0.0236
====> Epoch: 84400 Average loss: 0.0267
====> Epoch: 84500 Average loss: 0.0243
====> Epoch: 84600 Average loss: 0.0255
====> Epoch: 84700 Average loss: 0.0307
====> Epoch: 84800 Average loss: 0.0264
====> Epoch: 84900 Average loss: 0.0260
====> Epoch: 85000 Average loss: 0.0254
====> Epoch: 85100 Average loss: 0.0250
====> Epoch: 85200 Average loss: 0.0258
====> Epoch: 85300 Average loss: 0.0247
====> Epoch: 85400 Average loss: 0.0209
====> Epoch: 85500 Average loss: 0.0240
====> Epoch: 85600 Average loss: 0.0206
====> Epoch: 85700 Average loss: 0.0337
====> Epoch: 85800 Average loss: 0.0245
====> Epoch: 85900 Average loss: 0.0225
====> Epoch: 86000 Average loss: 0.0211
====> Epoch: 86100 Average loss: 0.0236
====> Epoch: 86200 Average loss: 0.0249
====> Epoch: 86300 Average loss: 0.0286
====> Epoch: 86400 Average loss: 0.0266
====> Epoch: 86500 Average loss: 0.0250
====> Epoch: 86600 Average loss: 0.0281
====> Epoch: 86700 Average loss: 0.0157
====> Epoch: 86800 Average loss: 0.0224
====> Epoch: 86900 Average loss: 0.0276
====> Epoch: 87000 Average loss: 0.0248
====> Epoch: 87100 Average loss: 0.0292
====> Epoch: 87200 Average loss: 0.0233
====> Epoch: 87300 Average loss: 0.0251
====> Epoch: 87400 Average loss: 0.0202
====> Epoch: 87500 Average loss: 0.0316
====> Epoch: 87600 Average loss: 0.0197
====> Epoch: 87700 Average loss: 0.0228
====> Epoch: 87800 Average loss: 0.0273
====> Epoch: 87900 Average loss: 0.0239
====> Epoch: 88000 Average loss: 0.0243
====> Epoch: 88100 Average loss: 0.0251
====> Epoch: 88200 Average loss: 0.0217
====> Epoch: 88300 Average loss: 0.0229
====> Epoch: 88400 Average loss: 0.0224
====> Epoch: 88500 Average loss: 0.0245
====> Epoch: 88600 Average loss: 0.0217
====> Epoch: 88700 Average loss: 0.0307
====> Epoch: 88800 Average loss: 0.0196
====> Epoch: 88900 Average loss: 0.0236
====> Epoch: 89000 Average loss: 0.0257
====> Epoch: 89100 Average loss: 0.0245
====> Epoch: 89200 Average loss: 0.0253
====> Epoch: 89300 Average loss: 0.0242
====> Epoch: 89400 Average loss: 0.0225
====> Epoch: 89500 Average loss: 0.0226
====> Epoch: 89600 Average loss: 0.0270
====> Epoch: 89700 Average loss: 0.0299
====> Epoch: 89800 Average loss: 0.0192
====> Epoch: 89900 Average loss: 0.0237
====> Epoch: 90000 Average loss: 0.0219
----------------------------------------------------
I:  tensor([ 0.0000, -0.7508,  1.2190,  0.9024,  0.0000,  1.1295,  1.2256, -0.5790, 0.0000,  0.2777,  0.0000,  0.1389,  0.0000], device='cuda:0')
R:  tensor([ 0.9716, -0.7757,  1.1049,  0.7301,  0.0099,  1.0796,  1.1868, -0.5499, 1.2599,  0.3451,  1.0308,  0.1597,  1.7526], device='cuda:0', grad_fn=<UnbindBackward0>)
G:  tensor([ 0.9010, -0.7508,  1.2190,  0.9024,  0.0884,  1.1295,  1.2256, -0.5790, 1.3826,  0.2777,  1.0203,  0.1389,  1.7136], device='cuda:0')
----------------------------------------------------
I:  tensor([ 0.4933,  1.4126,  0.4148,  0.0000,  0.1586, -0.7933,  0.0000,  0.0000,-0.3170,  0.0000, -1.1295, -1.4854,  0.0000], device='cuda:0')
R:  tensor([ 0.5342,  1.2354,  0.3948,  0.9574,  0.0558, -0.8659, -1.2746,  0.5243,-0.3517,  1.0565, -1.0912, -1.4470,  0.0694], device='cuda:0', grad_fn=<UnbindBackward0>)
G:  tensor([ 0.4933,  1.4126,  0.4148,  1.0525,  0.1586, -0.7933, -1.2843,  0.5491,-0.3170,  0.9698, -1.1295, -1.4854,  0.0099], device='cuda:0')
----------------------------------------------------
I:  tensor([-0.5937,  0.0841, -0.7183,  0.0000, -0.8244,  0.0000,  0.2417,  0.0000,-0.6498,  0.0000, -0.2521,  0.2377, -1.3435], device='cuda:0')
R:  tensor([-0.5704,  0.0531, -0.7586,  0.3980, -0.7442,  0.3854,  0.2365, -0.8531,-0.7182, -1.3761, -0.2094,  0.1966, -1.3724], device='cuda:0', grad_fn=<UnbindBackward0>)
G:  tensor([-0.5937,  0.0841, -0.7183,  0.4519, -0.8244,  0.4084,  0.2417, -0.8207,-0.6498, -1.3228, -0.2521,  0.2377, -1.3435], device='cuda:0')
----------------------------------------------------
I:  tensor([ 1.0369e+00,  1.6011e+00,  0.0000e+00,  1.5183e-03, -7.5420e-01,-7.9333e-01, -1.2040e+00,  9.5200e-01, -5.4137e-02,  0.0000e+00,
        -1.6999e+00,  0.0000e+00,  0.0000e+00], device='cuda:0')
R:  tensor([ 1.0177,  1.4178,  0.0493, -0.0559, -0.7919, -0.8957, -1.2275,  0.8621,-0.2010,  1.7945, -1.6642, -1.4325, -0.8251], device='cuda:0', grad_fn=<UnbindBackward0>)
G:  tensor([ 1.0369e+00,  1.6011e+00,  4.9285e-02,  1.5183e-03, -7.5420e-01,-7.9333e-01, -1.2040e+00,  9.5200e-01, -5.4137e-02,  1.7095e+00,
        -1.6999e+00, -1.3724e+00, -8.4992e-01], device='cuda:0')
----------------------------------------------------
I:  tensor([ 1.7163,  0.0000,  0.3052,  0.0000,  0.0000,  0.3283,  0.0000, -0.4984, 0.6817,  0.0830,  0.0000,  1.3677,  1.7295], device='cuda:0')
R:  tensor([ 1.8000, -0.4676,  0.1830, -1.4566, -0.3456,  0.2548,  0.4281, -0.5901, 0.6210,  0.0564,  0.4005,  1.3263,  1.8707], device='cuda:0', grad_fn=<UnbindBackward0>)
G:  tensor([ 1.7163, -0.4186,  0.3052, -1.4699, -0.2627,  0.3283,  0.4927, -0.4984, 0.6817,  0.0830,  0.2744,  1.3677,  1.7295], device='cuda:0')
----------------------------------------------------
I:  tensor([ 1.3086, -0.1673,  0.0000, -0.5690,  1.4926,  0.4885,  0.4826, -0.4178,-0.5973, -0.0035,  0.0000,  1.3677,  1.7454], device='cuda:0')
R:  tensor([ 1.3770, -0.1812,  0.8133, -0.6143,  1.3074,  0.4120,  0.4482, -0.3891,-0.6979, -0.0022,  0.5969,  1.2954,  1.8736], device='cuda:0', grad_fn=<UnbindBackward0>)
G:  tensor([ 1.3086, -0.1673,  0.8900, -0.5690,  1.4926,  0.4885,  0.4826, -0.4178,-0.5973, -0.0035,  0.4499,  1.3677,  1.7454], device='cuda:0')
----------------------------------------------------
I:  tensor([ 0.6910,  0.0000,  0.3417,  0.0000,  0.0000,  1.0654,  0.7537, -1.3042, 1.5052,  0.5156,  0.0000,  0.5908,  0.0000], device='cuda:0')
R:  tensor([ 0.7243, -0.6044,  0.3284,  0.2428,  0.9768,  1.0506,  0.7879, -1.2547, 1.3567,  0.5554,  0.1200,  0.5409,  1.3172], device='cuda:0', grad_fn=<UnbindBackward0>)
G:  tensor([ 0.6910, -0.5443,  0.3417,  0.3018,  1.1416,  1.0654,  0.7537, -1.3042, 1.5052,  0.5156,  0.0989,  0.5908,  1.1882], device='cuda:0')
----------------------------------------------------
I:  tensor([ 1.0369e+00,  1.6011e+00,  0.0000e+00,  1.5183e-03, -7.5420e-01,-7.9333e-01,  0.0000e+00,  9.5200e-01, -5.4137e-02,  1.7095e+00,
         0.0000e+00,  0.0000e+00,  0.0000e+00], device='cuda:0')
R:  tensor([ 1.1276,  1.3010,  0.1298, -0.1302, -0.7655, -0.9163, -1.2161,  0.8603,-0.2113,  1.8950, -1.6434, -1.4143, -0.8035], device='cuda:0', grad_fn=<UnbindBackward0>)
G:  tensor([ 1.0369e+00,  1.6011e+00,  4.9285e-02,  1.5183e-03, -7.5420e-01,-7.9333e-01, -1.2040e+00,  9.5200e-01, -5.4137e-02,  1.7095e+00,
        -1.6999e+00, -1.3724e+00, -8.4992e-01], device='cuda:0')
----------------------------------------------------
I:  tensor([-0.3837, -0.7238, -0.3894,  0.0000, -1.3861, -1.4663, -0.5715,  0.0000, 0.0510, -0.8686,  0.0000,  0.0000,  0.0000], device='cuda:0')
R:  tensor([-0.4258, -0.8096, -0.4058,  0.2614, -1.2986, -1.5221, -0.6011,  1.7058,-0.0289, -0.8881,  0.0744, -0.7881, -0.9016], device='cuda:0', grad_fn=<UnbindBackward0>)
G:  tensor([-0.3837, -0.7238, -0.3894,  0.3619, -1.3861, -1.4663, -0.5715,  1.7578, 0.0510, -0.8686,  0.0112, -0.7792, -0.8022], device='cuda:0')
----------------------------------------------------
I:  tensor([ 0.0000,  0.0000,  0.9997,  2.2537, -0.1925, -0.6331, -1.4550,  0.0000,-0.7900,  1.0563, -1.2611, -1.2453,  0.4239], device='cuda:0')
R:  tensor([-0.6563,  0.5710,  1.0165,  2.0323, -0.2599, -0.7407, -1.4120,  2.1438,-0.8386,  0.9974, -1.2287, -1.2584,  0.3850], device='cuda:0', grad_fn=<UnbindBackward0>)
G:  tensor([-0.6802,  0.6227,  0.9997,  2.2537, -0.1925, -0.6331, -1.4550,  2.1607,-0.7900,  1.0563, -1.2611, -1.2453,  0.4239], device='cuda:0')
====> Epoch: 90100 Average loss: 0.0226
====> Epoch: 90200 Average loss: 0.0229
====> Epoch: 90300 Average loss: 0.0309
====> Epoch: 90400 Average loss: 0.0209
====> Epoch: 90500 Average loss: 0.0227
====> Epoch: 90600 Average loss: 0.0263
====> Epoch: 90700 Average loss: 0.0215
====> Epoch: 90800 Average loss: 0.0266
====> Epoch: 90900 Average loss: 0.0239
====> Epoch: 91000 Average loss: 0.0262
====> Epoch: 91100 Average loss: 0.0222
====> Epoch: 91200 Average loss: 0.0258
====> Epoch: 91300 Average loss: 0.0370
====> Epoch: 91400 Average loss: 0.0224
====> Epoch: 91500 Average loss: 0.0206
====> Epoch: 91600 Average loss: 0.0227
====> Epoch: 91700 Average loss: 0.0278
====> Epoch: 91800 Average loss: 0.0205
====> Epoch: 91900 Average loss: 0.0255
====> Epoch: 92000 Average loss: 0.0228
====> Epoch: 92100 Average loss: 0.0230
====> Epoch: 92200 Average loss: 0.0252
====> Epoch: 92300 Average loss: 0.0258
====> Epoch: 92400 Average loss: 0.0195
====> Epoch: 92500 Average loss: 0.0219
====> Epoch: 92600 Average loss: 0.0231
====> Epoch: 92700 Average loss: 0.0279
====> Epoch: 92800 Average loss: 0.0242
====> Epoch: 92900 Average loss: 0.0184
====> Epoch: 93000 Average loss: 0.0303
====> Epoch: 93100 Average loss: 0.0261
====> Epoch: 93200 Average loss: 0.0191
====> Epoch: 93300 Average loss: 0.0209
====> Epoch: 93400 Average loss: 0.0197
====> Epoch: 93500 Average loss: 0.0214
====> Epoch: 93600 Average loss: 0.0262
====> Epoch: 93700 Average loss: 0.0258
====> Epoch: 93800 Average loss: 0.0233
====> Epoch: 93900 Average loss: 0.0229
====> Epoch: 94000 Average loss: 0.0252
====> Epoch: 94100 Average loss: 0.0249
====> Epoch: 94200 Average loss: 0.0272
====> Epoch: 94300 Average loss: 0.0253
====> Epoch: 94400 Average loss: 0.0227
====> Epoch: 94500 Average loss: 0.0259
====> Epoch: 94600 Average loss: 0.0217
====> Epoch: 94700 Average loss: 0.0261
====> Epoch: 94800 Average loss: 0.0232
====> Epoch: 94900 Average loss: 0.0206
====> Epoch: 95000 Average loss: 0.0202
====> Epoch: 95100 Average loss: 0.0264
====> Epoch: 95200 Average loss: 0.0291
====> Epoch: 95300 Average loss: 0.0252
====> Epoch: 95400 Average loss: 0.0195
====> Epoch: 95500 Average loss: 0.0203
====> Epoch: 95600 Average loss: 0.0251
====> Epoch: 95700 Average loss: 0.0271
====> Epoch: 95800 Average loss: 0.0228
====> Epoch: 95900 Average loss: 0.0270
====> Epoch: 96000 Average loss: 0.0265
====> Epoch: 96100 Average loss: 0.0290
====> Epoch: 96200 Average loss: 0.0242
====> Epoch: 96300 Average loss: 0.0182
====> Epoch: 96400 Average loss: 0.0264
====> Epoch: 96500 Average loss: 0.0250
====> Epoch: 96600 Average loss: 0.0223
====> Epoch: 96700 Average loss: 0.0239
====> Epoch: 96800 Average loss: 0.0302
====> Epoch: 96900 Average loss: 0.0244
====> Epoch: 97000 Average loss: 0.0189
====> Epoch: 97100 Average loss: 0.0195
====> Epoch: 97200 Average loss: 0.0212
====> Epoch: 97300 Average loss: 0.0247
====> Epoch: 97400 Average loss: 0.0218
====> Epoch: 97500 Average loss: 0.0215
====> Epoch: 97600 Average loss: 0.0255
====> Epoch: 97700 Average loss: 0.0274
====> Epoch: 97800 Average loss: 0.0239
====> Epoch: 97900 Average loss: 0.0273
====> Epoch: 98000 Average loss: 0.0226
====> Epoch: 98100 Average loss: 0.0288
====> Epoch: 98200 Average loss: 0.0260
====> Epoch: 98300 Average loss: 0.0282
====> Epoch: 98400 Average loss: 0.0190
====> Epoch: 98500 Average loss: 0.0235
====> Epoch: 98600 Average loss: 0.0246
====> Epoch: 98700 Average loss: 0.0209
====> Epoch: 98800 Average loss: 0.0234
====> Epoch: 98900 Average loss: 0.0226/data/kayoung/anaconda3/envs/hi-vae/lib/python3.7/site-packages/torch/optim/lr_scheduler.py:143: UserWarning: Detected call of `lr_scheduler.step()` before `optimizer.step()`. In PyTorch 1.1.0 and later, you should call them in the opposite order: `optimizer.step()` before `lr_scheduler.step()`.  Failure to do this will result in PyTorch skipping the first value of the learning rate schedule. See more details at https://pytorch.org/docs/stable/optim.html#how-to-adjust-learning-rate
  "https://pytorch.org/docs/stable/optim.html#how-to-adjust-learning-rate", UserWarning)

====> Epoch: 99000 Average loss: 0.0272
====> Epoch: 99100 Average loss: 0.0204
====> Epoch: 99200 Average loss: 0.0225
====> Epoch: 99300 Average loss: 0.0243
====> Epoch: 99400 Average loss: 0.0249
====> Epoch: 99500 Average loss: 0.0204
====> Epoch: 99600 Average loss: 0.0217
====> Epoch: 99700 Average loss: 0.0258
====> Epoch: 99800 Average loss: 0.0219
====> Epoch: 99900 Average loss: 0.0230
====> Epoch: 100000 Average loss: 0.0239
----------------------------------------------------
I:  tensor([-1.4584,  0.0000,  0.0000,  0.0015, -0.9648,  0.0000,  0.0000,  0.0656,-0.2994, -1.2969, -0.0766, -0.2425, -1.0569], device='cuda:0')
R:  tensor([-1.3987, -0.4255, -1.6847, -0.0426, -0.9272,  0.3437, -0.3844, -0.0156,-0.2503, -1.3222, -0.1792, -0.2586, -1.0693], device='cuda:0', grad_fn=<UnbindBackward0>)
G:  tensor([-1.4584e+00, -5.5327e-01, -1.7784e+00,  1.5183e-03, -9.6484e-01, 3.2830e-01, -3.9081e-01,  6.5639e-02, -2.9943e-01, -1.2969e+00,
        -7.6557e-02, -2.4250e-01, -1.0569e+00], device='cuda:0')
----------------------------------------------------
I:  tensor([-0.8778, -0.6520, -0.5721,  0.2718,  0.0000, -1.9150, -1.0133,  0.0000, 0.0000, -0.8686, -0.2257, -1.1182,  0.0000], device='cuda:0')
R:  tensor([-0.8635, -0.5831, -0.5211,  0.1689,  0.2272, -1.9933, -0.9825,  0.0072,-0.2003, -0.8335, -0.3316, -1.1374,  0.3627], device='cuda:0', grad_fn=<UnbindBackward0>)
G:  tensor([-0.8778, -0.6520, -0.5721,  0.2718,  0.2288, -1.9150, -1.0133,  0.0656,-0.2293, -0.8686, -0.2257, -1.1182,  0.3920], device='cuda:0')
----------------------------------------------------
I:  tensor([-1.4337,  0.4970, -0.4990, -0.4489,  0.0000, -0.9215, -0.7121,  0.5491, 0.0000, -1.0417,  0.0112,  0.0000,  0.0000], device='cuda:0')
R:  tensor([-1.3774,  0.5840, -0.4645, -0.4487,  0.7267, -1.0113, -0.7111,  0.4250,-1.1063, -1.0166, -0.0837, -0.1862, -0.7042], device='cuda:0', grad_fn=<UnbindBackward0>)
G:  tensor([-1.4337,  0.4970, -0.4990, -0.4489,  0.8607, -0.9215, -0.7121,  0.5491,-1.1229, -1.0417,  0.0112, -0.1295, -0.7862], device='cuda:0')
----------------------------------------------------
I:  tensor([ 0.9257, -0.5443,  0.1589,  0.0000, -0.7542,  0.4885,  0.7336,  0.0000, 0.0000,  0.2344,  0.0000,  0.4072,  1.8251], device='cuda:0')
R:  tensor([ 1.0523, -0.5375,  0.3009, -1.0477, -0.7529,  0.4851,  0.7024, -0.6525, 0.3762,  0.3392,  0.8363,  0.3113,  1.7772], device='cuda:0', grad_fn=<UnbindBackward0>)
G:  tensor([ 0.9257, -0.5443,  0.1589, -1.0495, -0.7542,  0.4885,  0.7336, -0.5790, 0.3839,  0.2344,  0.8448,  0.4072,  1.8251], device='cuda:0')
----------------------------------------------------
I:  tensor([ 0.5922,  0.0000,  0.9997,  0.0000,  0.0000,  0.4885, -0.9330,  1.2743, 1.2249,  2.8947, -1.6999, -1.1747, -0.4041], device='cuda:0')
R:  tensor([ 0.7639, -0.6002,  0.9792,  0.8552, -0.6975,  0.4624, -0.8970,  1.1708, 1.2470,  3.2970, -1.9823, -1.1824, -0.3330], device='cuda:0', grad_fn=<UnbindBackward0>)
G:  tensor([ 0.5922, -0.5982,  0.9997,  0.9024, -0.7542,  0.4885, -0.9330,  1.2743, 1.2249,  2.8947, -1.6999, -1.1747, -0.4041], device='cuda:0')
----------------------------------------------------
I:  tensor([ 0.9257, -0.5443,  0.0000, -1.0495,  0.0000,  0.0000,  0.7336, -0.5790, 0.0000,  0.2344,  0.8448,  0.4072,  0.0000], device='cuda:0')
R:  tensor([ 1.0473, -0.5349,  0.2838, -1.0230, -0.7421,  0.4993,  0.7197, -0.6767, 0.3796,  0.3415,  0.8671,  0.3126,  1.7679], device='cuda:0', grad_fn=<UnbindBackward0>)
G:  tensor([ 0.9257, -0.5443,  0.1589, -1.0495, -0.7542,  0.4885,  0.7336, -0.5790, 0.3839,  0.2344,  0.8448,  0.4072,  1.8251], device='cuda:0')
----------------------------------------------------
I:  tensor([-0.7049, -0.7238, -0.2797,  0.6021, -0.9648,  0.7129,  0.0000,  0.0000, 0.0000,  0.0000, -1.1734,  0.0000, -1.2575], device='cuda:0')
R:  tensor([-0.6377, -0.3188, -0.3389,  0.5253, -1.0188,  0.7046,  1.0360,  0.0718, 0.3466, -0.5132, -1.3425,  0.4004, -1.3199], device='cuda:0', grad_fn=<UnbindBackward0>)
G:  tensor([-0.7049, -0.7238, -0.2797,  0.6021, -0.9648,  0.7129,  1.1252,  0.2268, 0.3138, -0.4837, -1.1734,  0.3225, -1.2575], device='cuda:0')
----------------------------------------------------
I:  tensor([-0.5813,  2.8489,  0.9997,  0.0000,  0.0000,  0.0000, -1.4349,  2.1607, 0.0000, -0.0251, -0.6030,  0.0000, -0.7385], device='cuda:0')
R:  tensor([-0.4890,  3.0905,  1.0044,  1.5057, -0.2732, -0.8660, -1.3813,  2.0874,-0.8211,  0.0461, -0.7932, -1.2959, -0.7119], device='cuda:0', grad_fn=<UnbindBackward0>)
G:  tensor([-0.5813,  2.8489,  0.9997,  1.6531, -0.2627, -0.8094, -1.4349,  2.1607,-0.8601, -0.0251, -0.6030, -1.3018, -0.7385], device='cuda:0')
----------------------------------------------------
I:  tensor([-1.0260, -0.7956,  0.5976, -0.1486,  0.2990, -0.6491,  0.0000,  0.0000,-0.9827,  0.0000,  2.1610, -0.5391, -1.2480], device='cuda:0')
R:  tensor([-0.9956, -0.7111,  0.5833, -0.2172,  0.2901, -0.7028, -0.2645,  0.5686,-0.9573, -0.9432,  2.2985, -0.5786, -1.2415], device='cuda:0', grad_fn=<UnbindBackward0>)
G:  tensor([-1.0260, -0.7956,  0.5976, -0.1486,  0.2990, -0.6491, -0.2804,  0.7103,-0.9827, -0.9119,  2.1610, -0.5391, -1.2480], device='cuda:0')
----------------------------------------------------
I:  tensor([ 1.1604, -0.5443, -0.3528, -0.6291,  0.0000,  0.9372,  1.5167,  0.0000, 0.8569,  0.0000,  0.0000,  0.6897,  1.6340], device='cuda:0')
R:  tensor([ 1.3266, -0.5005, -0.3281, -0.7070,  0.5268,  0.9747,  1.4366, -0.3830, 0.8624,  1.8783,  0.7127,  0.6814,  1.6309], device='cuda:0', grad_fn=<UnbindBackward0>)
G:  tensor([ 1.1604, -0.5443, -0.3528, -0.6291,  0.5799,  0.9372,  1.5167, -0.3373, 0.8569,  1.6619,  0.7132,  0.6897,  1.6340], device='cuda:0')
