/local_datasets/hi-vae
/data/kayoung/anaconda3/envs/hi-vae/bin/python
augi2
Using device:  cuda
-----------------SETTINGS-------------------
f : None
max_remove_count : 5
new_num_per_origin : 500
epochs : 10000
val_size : 0.2
test_size : 0.1
random_state : 328
H : 1024
H2 : 512
latent_dim : 3
batch_size : 1024
device : cuda
--------------------------------------------
the number of parameters: 1614938
----------------------------------------------------
step_size: 500
gamma: 0.8
----------------------------------------------------
-----------------TRAIN RESULT------------------
I:  tensor([ 1.1604,  0.0000, -0.3528, -0.6291,  0.5799,  0.0000,  1.5167,  0.0000,
         0.8569,  0.0000,  0.7132,  0.6897,  0.0000], device='cuda:0')
R:  tensor([ 1.2942, -0.5769, -0.1761, -0.6954,  0.6016,  1.1031,  1.5762, -0.4691,
         0.6790,  1.4775,  0.9489,  0.6762,  2.1079], device='cuda:0',
       grad_fn=<UnbindBackward0>)
G:  tensor([ 1.1604, -0.5443, -0.3528, -0.6291,  0.5799,  0.9372,  1.5167, -0.3373,
         0.8569,  1.6619,  0.7132,  0.6897,  1.6340], device='cuda:0')
----------------------------------------------------
I:  tensor([ 0.3451, -0.6251,  0.0000,  0.0000,  0.7203,  0.4885,  0.6533, -0.1761,
        -0.4046, -0.1982,  0.0000,  0.0000,  0.4239], device='cuda:0')
R:  tensor([ 0.1578, -0.4849,  1.0183, -0.3228,  0.1832,  0.1322,  0.4164, -0.6892,
        -0.1415, -0.4592,  0.5896,  0.7799,  0.9363], device='cuda:0',
       grad_fn=<UnbindBackward0>)
G:  tensor([ 0.3451, -0.6251,  1.7307, -1.1996,  0.7203,  0.4885,  0.6533, -0.1761,
        -0.4046, -0.1982,  0.5815,  0.2377,  0.4239], device='cuda:0')
----------------------------------------------------
I:  tensor([ 1.7163, -0.4186,  0.3052, -1.4699, -0.2627,  0.3283,  0.0000, -0.4984,
         0.6817,  0.0000,  0.2744,  0.0000,  1.7295], device='cuda:0')
R:  tensor([ 1.5897, -0.5118,  0.1573, -1.2146, -0.2821,  0.3806,  0.4908, -0.6401,
         0.6673,  0.1163,  0.4023,  1.2697,  1.4407], device='cuda:0',
       grad_fn=<UnbindBackward0>)
G:  tensor([ 1.7163, -0.4186,  0.3052, -1.4699, -0.2627,  0.3283,  0.4927, -0.4984,
         0.6817,  0.0830,  0.2744,  1.3677,  1.7295], device='cuda:0')
----------------------------------------------------
---------------VALID RESULT------------------
I:  tensor([ 0.2092,  2.5616,  0.0000,  0.7522, -0.4733,  0.0000, -1.4048,  1.9995,
        -0.0717,  1.2293, -1.5683, -1.5984, -0.0697], device='cuda:0')
R:  tensor([ 0.4838,  2.8610,  0.0421,  0.6068, -0.4080, -0.8697, -1.4163,  1.7794,
        -0.3987,  1.0939, -1.4814, -1.6034, -0.0604], device='cuda:0')
G:  tensor([ 0.2092,  2.5616, -0.1700,  0.7522, -0.4733, -0.8895, -1.4048,  1.9995,
        -0.0717,  1.2293, -1.5683, -1.5984, -0.0697], device='cuda:0')
----------------------------------------------------
I:  tensor([ 1.1604,  0.0000, -0.3528, -0.6291,  0.5799,  0.9372,  1.5167, -0.3373,
         0.8569,  0.0000,  0.0000,  0.0000,  0.0000], device='cuda:0')
R:  tensor([ 1.2294, -0.5276, -0.3620, -0.6824,  0.5485,  0.9572,  1.4748, -0.5189,
         0.8325,  1.4798,  0.7816,  0.6536,  1.8034], device='cuda:0')
G:  tensor([ 1.1604, -0.5443, -0.3528, -0.6291,  0.5799,  0.9372,  1.5167, -0.3373,
         0.8569,  1.6619,  0.7132,  0.6897,  1.6340], device='cuda:0')
----------------------------------------------------
I:  tensor([-0.1490,  0.5868,  0.0000,  0.1517,  0.0000, -1.5945, -0.8125, -0.9819,
        -1.3332,  0.1479, -0.9540,  0.0000,  0.0000], device='cuda:0')
R:  tensor([-0.1283,  0.7496,  0.1316,  0.1776,  0.1636, -1.4563, -0.7918, -0.9993,
        -1.2752,  0.2251, -0.9751, -1.7578, -0.7080], device='cuda:0')
G:  tensor([-0.1490,  0.5868,  0.1224,  0.1517,  0.2990, -1.5945, -0.8125, -0.9819,
        -1.3332,  0.1479, -0.9540, -1.6832, -0.6907], device='cuda:0')
----------------------------------------------------
====> Epoch: 100 Train loss: 0.6268 Val loss: 0.5206




-----------------TRAIN RESULT------------------
I:  tensor([ 1.3580,  0.0000,  0.0000, -0.4489,  0.3692,  0.0000,  1.2959, -1.1430,
         1.3826,  0.2993,  0.0000,  0.7886,  0.0000], device='cuda:0')
R:  tensor([ 1.1865, -0.3030, -0.2266, -0.4547,  0.3675,  0.9233,  1.3455, -0.9153,
         1.2371,  0.6020,  1.2260,  0.6283,  2.2499], device='cuda:0',
       grad_fn=<UnbindBackward0>)
G:  tensor([ 1.3580, -0.1583, -0.2431, -0.4489,  0.3692,  1.0493,  1.2959, -1.1430,
         1.3826,  0.2993,  1.2835,  0.7886,  2.4301], device='cuda:0')
----------------------------------------------------
I:  tensor([ 0.0000,  3.1092, -0.8645,  0.0000,  0.0000,  0.5206,  0.6232, -0.4984,
         0.7343, -1.0633, -0.9979,  0.0000,  0.0000], device='cuda:0')
R:  tensor([ 0.1126,  3.1566, -0.9302,  0.6040, -0.8951,  0.5329,  0.6948, -0.4255,
         0.7461, -1.0900, -1.0123,  0.7063, -1.2357], device='cuda:0',
       grad_fn=<UnbindBackward0>)
G:  tensor([ 0.0610,  3.1092, -0.8645,  0.6021, -0.9648,  0.5206,  0.6232, -0.4984,
         0.7343, -1.0633, -0.9979,  0.6897, -1.1684], device='cuda:0')
----------------------------------------------------
I:  tensor([ 1.2592, -0.5892,  0.0000, -1.0495,  0.0000,  0.0000,  0.3019, -0.8207,
         0.6817, -0.1549,  0.3622,  1.3818,  0.9175], device='cuda:0')
R:  tensor([ 1.2189, -0.6270, -0.5028, -1.1259, -0.1768,  0.6191,  0.3746, -0.7709,
         0.7138, -0.0374,  0.2428,  1.4616,  0.9135], device='cuda:0',
       grad_fn=<UnbindBackward0>)
G:  tensor([ 1.2592, -0.5892, -0.5721, -1.0495, -0.2627,  0.5686,  0.3019, -0.8207,
         0.6817, -0.1549,  0.3622,  1.3818,  0.9175], device='cuda:0')
----------------------------------------------------
---------------VALID RESULT------------------
I:  tensor([ 0.2092,  2.5616,  0.0000,  0.7522, -0.4733,  0.0000, -1.4048,  1.9995,
        -0.0717,  1.2293, -1.5683, -1.5984, -0.0697], device='cuda:0')
R:  tensor([ 0.1530,  2.7124, -0.2524,  0.7214, -0.5701, -1.0081, -1.4687,  2.0521,
         0.0157,  1.2682, -1.6506, -1.5933, -0.1066], device='cuda:0')
G:  tensor([ 0.2092,  2.5616, -0.1700,  0.7522, -0.4733, -0.8895, -1.4048,  1.9995,
        -0.0717,  1.2293, -1.5683, -1.5984, -0.0697], device='cuda:0')
----------------------------------------------------
I:  tensor([ 1.1604,  0.0000, -0.3528, -0.6291,  0.5799,  0.9372,  1.5167, -0.3373,
         0.8569,  0.0000,  0.0000,  0.0000,  0.0000], device='cuda:0')
R:  tensor([ 1.1589, -0.5046, -0.3216, -0.6318,  0.5630,  0.9129,  1.4872, -0.3523,
         0.7803,  1.6594,  0.6982,  0.6212,  1.6690], device='cuda:0')
G:  tensor([ 1.1604, -0.5443, -0.3528, -0.6291,  0.5799,  0.9372,  1.5167, -0.3373,
         0.8569,  1.6619,  0.7132,  0.6897,  1.6340], device='cuda:0')
----------------------------------------------------
I:  tensor([-0.1490,  0.5868,  0.0000,  0.1517,  0.0000, -1.5945, -0.8125, -0.9819,
        -1.3332,  0.1479, -0.9540,  0.0000,  0.0000], device='cuda:0')
R:  tensor([-0.1546,  0.6175,  0.1257,  0.2041,  0.2199, -1.6012, -0.8302, -0.9865,
        -1.3016,  0.1749, -0.8815, -1.6004, -0.6731], device='cuda:0')
G:  tensor([-0.1490,  0.5868,  0.1224,  0.1517,  0.2990, -1.5945, -0.8125, -0.9819,
        -1.3332,  0.1479, -0.9540, -1.6832, -0.6907], device='cuda:0')
----------------------------------------------------
====> Epoch: 200 Train loss: 0.4313 Val loss: 0.4165




-----------------TRAIN RESULT------------------
I:  tensor([ 0.0000, -0.3737,  1.2921,  0.0000,  1.4224,  0.0000,  1.1151, -0.2567,
         0.0000,  0.4940,  0.4938,  0.0541,  0.0000], device='cuda:0')
R:  tensor([ 1.4417, -0.4558,  1.3274,  0.0705,  1.2600,  0.8403,  1.1962, -0.1229,
         0.5410,  0.5300,  0.6018,  0.0661,  1.6294], device='cuda:0',
       grad_fn=<UnbindBackward0>)
G:  tensor([ 1.6051, -0.3737,  1.2921,  0.1517,  1.4224,  0.8090,  1.1151, -0.2567,
         0.6642,  0.4940,  0.4938,  0.0541,  1.6977], device='cuda:0')
----------------------------------------------------
I:  tensor([ 3.6295e-02, -1.2894e+00, -2.3998e+00,  0.0000e+00, -9.6484e-01,
        -5.5298e-01,  7.3323e-04,  0.0000e+00,  0.0000e+00, -1.9816e-01,
         1.0203e+00, -1.8600e-01,  0.0000e+00], device='cuda:0')
R:  tensor([-0.0155, -1.2329, -2.4472, -1.0886, -1.0309, -0.6012,  0.0774, -0.9628,
        -0.1475, -0.1478,  0.9977, -0.2083, -1.1203], device='cuda:0',
       grad_fn=<UnbindBackward0>)
G:  tensor([ 3.6295e-02, -1.2894e+00, -2.3998e+00, -1.0495e+00, -9.6484e-01,
        -5.5298e-01,  7.3323e-04, -9.8188e-01, -2.2935e-01, -1.9816e-01,
         1.0203e+00, -1.8600e-01, -1.1302e+00], device='cuda:0')
----------------------------------------------------
I:  tensor([-0.0502,  0.9997, -0.0604,  0.0000,  0.0000, -1.4503, -1.3345,  0.0000,
        -1.1404,  0.0960, -1.2173,  0.0000, -0.2289], device='cuda:0')
R:  tensor([-0.4535,  0.8436, -0.2798,  0.0276, -0.6704, -1.2822, -1.3263,  0.1362,
        -1.0014,  2.1690, -1.0953, -1.2113, -0.2860], device='cuda:0',
       grad_fn=<UnbindBackward0>)
G:  tensor([-0.0502,  0.9997, -0.0604, -0.2988,  0.4394, -1.4503, -1.3345,  0.3074,
        -1.1404,  0.0960, -1.2173, -1.2171, -0.2289], device='cuda:0')
----------------------------------------------------
---------------VALID RESULT------------------
I:  tensor([ 0.2092,  2.5616,  0.0000,  0.7522, -0.4733,  0.0000, -1.4048,  1.9995,
        -0.0717,  1.2293, -1.5683, -1.5984, -0.0697], device='cuda:0')
R:  tensor([ 0.0790,  2.4189, -0.2080,  0.7746, -0.4130, -0.8659, -1.4434,  2.0085,
         0.0117,  1.2223, -1.5701, -1.6316, -0.0793], device='cuda:0')
G:  tensor([ 0.2092,  2.5616, -0.1700,  0.7522, -0.4733, -0.8895, -1.4048,  1.9995,
        -0.0717,  1.2293, -1.5683, -1.5984, -0.0697], device='cuda:0')
----------------------------------------------------
I:  tensor([ 1.1604,  0.0000, -0.3528, -0.6291,  0.5799,  0.9372,  1.5167, -0.3373,
         0.8569,  0.0000,  0.0000,  0.0000,  0.0000], device='cuda:0')
R:  tensor([ 1.0751, -0.5657, -0.3570, -0.6045,  0.5738,  0.9441,  1.5305, -0.3361,
         0.8681,  1.6399,  0.7652,  0.6511,  1.6253], device='cuda:0')
G:  tensor([ 1.1604, -0.5443, -0.3528, -0.6291,  0.5799,  0.9372,  1.5167, -0.3373,
         0.8569,  1.6619,  0.7132,  0.6897,  1.6340], device='cuda:0')
----------------------------------------------------
I:  tensor([-0.1490,  0.5868,  0.0000,  0.1517,  0.0000, -1.5945, -0.8125, -0.9819,
        -1.3332,  0.1479, -0.9540,  0.0000,  0.0000], device='cuda:0')
R:  tensor([-0.2149,  0.5309,  0.1235,  0.1721,  0.3579, -1.5104, -0.7900, -1.0361,
        -1.3401,  0.0847, -0.8794, -1.6331, -0.6456], device='cuda:0')
G:  tensor([-0.1490,  0.5868,  0.1224,  0.1517,  0.2990, -1.5945, -0.8125, -0.9819,
        -1.3332,  0.1479, -0.9540, -1.6832, -0.6907], device='cuda:0')
----------------------------------------------------
====> Epoch: 300 Train loss: 0.2743 Val loss: 0.3178




-----------------TRAIN RESULT------------------
I:  tensor([-1.4337,  0.0000,  0.0000, -0.4489, -0.4031,  0.0000,  0.1814, -1.1430,
         0.0000, -0.8686, -0.7347,  0.6615,  0.0000], device='cuda:0')
R:  tensor([-1.3830, -1.2645,  0.6742, -0.4846, -0.4229, -0.0104,  0.2368, -1.1465,
         1.2240, -0.8354, -0.6304,  0.6790, -0.6765], device='cuda:0',
       grad_fn=<UnbindBackward0>)
G:  tensor([-1.4337, -1.2983,  0.7804, -0.4489, -0.4031, -0.1524,  0.1814, -1.1430,
         1.3300, -0.8686, -0.7347,  0.6615, -0.7225], device='cuda:0')
----------------------------------------------------
I:  tensor([ 0.0000,  0.0000,  0.8535,  1.0525,  0.7905,  0.0000, -1.1137,  0.5491,
        -0.2293,  2.4319, -0.4714, -1.4854,  0.0000], device='cuda:0')
R:  tensor([ 0.5623,  1.2563,  0.7474,  0.9378,  0.6857, -0.9124, -1.1045,  0.6812,
        -0.2674,  2.2346, -0.4134, -1.4086, -0.1147], device='cuda:0',
       grad_fn=<UnbindBackward0>)
G:  tensor([ 0.5551,  1.2241,  0.8535,  1.0525,  0.7905, -0.9536, -1.1137,  0.5491,
        -0.2293,  2.4319, -0.4714, -1.4854, -0.1653], device='cuda:0')
----------------------------------------------------
I:  tensor([-0.6555, -0.7328,  0.0000,  0.0000,  0.0000,  0.0000,  0.2417, -0.3373,
         2.9594, -1.0633,  0.8887,  0.0259,  0.6054], device='cuda:0')
R:  tensor([-0.7026, -0.7516, -0.7309, -0.2498,  4.2905,  0.2859,  0.2208, -0.3569,
         2.9232, -1.1073,  1.0188,  0.0723,  0.6261], device='cuda:0',
       grad_fn=<UnbindBackward0>)
G:  tensor([-0.6555, -0.7328, -0.6087, -0.1486,  4.3714,  0.3283,  0.2417, -0.3373,
         2.9594, -1.0633,  0.8887,  0.0259,  0.6054], device='cuda:0')
----------------------------------------------------
---------------VALID RESULT------------------
I:  tensor([ 0.2092,  2.5616,  0.0000,  0.7522, -0.4733,  0.0000, -1.4048,  1.9995,
        -0.0717,  1.2293, -1.5683, -1.5984, -0.0697], device='cuda:0')
R:  tensor([ 0.1760,  2.7448, -0.2409,  0.7694, -0.5050, -0.9293, -1.4300,  2.0988,
        -0.1426,  1.1795, -1.5925, -1.6159, -0.0361], device='cuda:0')
G:  tensor([ 0.2092,  2.5616, -0.1700,  0.7522, -0.4733, -0.8895, -1.4048,  1.9995,
        -0.0717,  1.2293, -1.5683, -1.5984, -0.0697], device='cuda:0')
----------------------------------------------------
I:  tensor([ 1.1604,  0.0000, -0.3528, -0.6291,  0.5799,  0.9372,  1.5167, -0.3373,
         0.8569,  0.0000,  0.0000,  0.0000,  0.0000], device='cuda:0')
R:  tensor([ 1.2195, -0.5442, -0.3812, -0.6765,  0.6186,  0.9603,  1.5931, -0.2803,
         0.9303,  1.6709,  0.7062,  0.7392,  1.6783], device='cuda:0')
G:  tensor([ 1.1604, -0.5443, -0.3528, -0.6291,  0.5799,  0.9372,  1.5167, -0.3373,
         0.8569,  1.6619,  0.7132,  0.6897,  1.6340], device='cuda:0')
----------------------------------------------------
I:  tensor([-0.1490,  0.5868,  0.0000,  0.1517,  0.0000, -1.5945, -0.8125, -0.9819,
        -1.3332,  0.1479, -0.9540,  0.0000,  0.0000], device='cuda:0')
R:  tensor([-0.1888,  0.6289,  0.1277,  0.1722,  0.2829, -1.4611, -0.7849, -1.0188,
        -1.2756,  0.1186, -0.8801, -1.6355, -0.6730], device='cuda:0')
G:  tensor([-0.1490,  0.5868,  0.1224,  0.1517,  0.2990, -1.5945, -0.8125, -0.9819,
        -1.3332,  0.1479, -0.9540, -1.6832, -0.6907], device='cuda:0')
----------------------------------------------------
====> Epoch: 400 Train loss: 0.2323 Val loss: 0.2874




-----------------TRAIN RESULT------------------
I:  tensor([ 0.0610, -0.5084, -0.9742, -0.7492,  0.5096,  1.1295,  0.0000, -0.6596,
         0.0000, -0.0078,  0.0000,  1.0428,  0.4398], device='cuda:0')
R:  tensor([ 0.0088, -0.4797, -0.9345, -0.7713,  0.5293,  1.1195,  0.9304, -0.5751,
         0.7448, -0.0880, -0.3537,  1.0599,  0.4387], device='cuda:0',
       grad_fn=<UnbindBackward0>)
G:  tensor([ 0.0610, -0.5084, -0.9742, -0.7492,  0.5096,  1.1295,  0.9746, -0.6596,
         0.7693, -0.0078, -0.3398,  1.0428,  0.4398], device='cuda:0')
----------------------------------------------------
I:  tensor([ 0.9010, -0.7508,  1.2190,  0.0000,  0.0000,  1.1295,  0.0000, -0.5790,
         1.3826,  0.2777,  1.0203,  0.1389,  0.0000], device='cuda:0')
R:  tensor([ 0.7034, -0.6906,  1.0700,  0.8993,  0.1548,  1.0237,  1.1152, -0.5855,
         1.3214,  0.1780,  0.9033,  0.1984,  1.5602], device='cuda:0',
       grad_fn=<UnbindBackward0>)
G:  tensor([ 0.9010, -0.7508,  1.2190,  0.9024,  0.0884,  1.1295,  1.2256, -0.5790,
         1.3826,  0.2777,  1.0203,  0.1389,  1.7136], device='cuda:0')
----------------------------------------------------
I:  tensor([ 0.1351, -1.1906,  0.0000, -1.3498,  0.0000,  1.0974,  1.1553, -0.8207,
         1.2074,  0.1046,  0.0000,  0.0000, -0.7799], device='cuda:0')
R:  tensor([ 0.0996, -1.2296, -2.2871, -1.2898, -1.4121,  1.0617,  1.1223, -0.7165,
         1.1667,  0.0507,  0.6687,  0.7536, -0.7319], device='cuda:0',
       grad_fn=<UnbindBackward0>)
G:  tensor([ 0.1351, -1.1906, -2.4363, -1.3498, -1.5265,  1.0974,  1.1553, -0.8207,
         1.2074,  0.1046,  0.7132,  0.8027, -0.7799], device='cuda:0')
----------------------------------------------------
---------------VALID RESULT------------------
I:  tensor([ 0.2092,  2.5616,  0.0000,  0.7522, -0.4733,  0.0000, -1.4048,  1.9995,
        -0.0717,  1.2293, -1.5683, -1.5984, -0.0697], device='cuda:0')
R:  tensor([ 0.1693,  2.5527, -0.1720,  0.8113, -0.4804, -0.8582, -1.3644,  1.9797,
        -0.0700,  1.2254, -1.5311, -1.6167, -0.0299], device='cuda:0')
G:  tensor([ 0.2092,  2.5616, -0.1700,  0.7522, -0.4733, -0.8895, -1.4048,  1.9995,
        -0.0717,  1.2293, -1.5683, -1.5984, -0.0697], device='cuda:0')
----------------------------------------------------
I:  tensor([ 1.1604,  0.0000, -0.3528, -0.6291,  0.5799,  0.9372,  1.5167, -0.3373,
         0.8569,  0.0000,  0.0000,  0.0000,  0.0000], device='cuda:0')
R:  tensor([ 1.1322, -0.5034, -0.3662, -0.6198,  0.6069,  0.9046,  1.4897, -0.3108,
         0.8606,  1.6365,  0.7120,  0.6885,  1.6639], device='cuda:0')
G:  tensor([ 1.1604, -0.5443, -0.3528, -0.6291,  0.5799,  0.9372,  1.5167, -0.3373,
         0.8569,  1.6619,  0.7132,  0.6897,  1.6340], device='cuda:0')
----------------------------------------------------
I:  tensor([-0.1490,  0.5868,  0.0000,  0.1517,  0.0000, -1.5945, -0.8125, -0.9819,
        -1.3332,  0.1479, -0.9540,  0.0000,  0.0000], device='cuda:0')
R:  tensor([-0.1258,  0.5853,  0.1217,  0.1346,  0.2378, -1.6122, -0.8067, -0.9632,
        -1.3247,  0.1469, -0.9161, -1.6611, -0.6736], device='cuda:0')
G:  tensor([-0.1490,  0.5868,  0.1224,  0.1517,  0.2990, -1.5945, -0.8125, -0.9819,
        -1.3332,  0.1479, -0.9540, -1.6832, -0.6907], device='cuda:0')
----------------------------------------------------
====> Epoch: 500 Train loss: 0.2204 Val loss: 0.2573




-----------------TRAIN RESULT------------------
I:  tensor([-0.0872,  0.4252,  0.0000,  0.0000, -0.2627,  0.0000,  0.0000,  1.3549,
        -1.4733, -0.1982, -0.8224, -0.4261, -0.4678], device='cuda:0')
R:  tensor([-0.1036,  0.3391,  1.3272,  0.4249, -0.1490, -1.1366, -1.4957,  1.3224,
        -1.5294, -0.1857, -0.7948, -0.3086, -0.4252], device='cuda:0',
       grad_fn=<UnbindBackward0>)
G:  tensor([-0.0872,  0.4252,  1.2190,  0.4519, -0.2627, -1.2099, -1.5353,  1.3549,
        -1.4733, -0.1982, -0.8224, -0.4261, -0.4678], device='cuda:0')
----------------------------------------------------
I:  tensor([ 0.0000, -1.0829,  0.0000,  1.3528, -1.5265, -0.4729, -0.4511,  0.0000,
        -0.3345,  0.0000,  1.5468,  0.1530,  0.0000], device='cuda:0')
R:  tensor([-1.1711, -1.0308,  0.5318,  1.3167, -1.5316, -0.4150, -0.4065,  0.2510,
        -0.3174, -1.2200,  1.4698,  0.2211, -0.3607], device='cuda:0',
       grad_fn=<UnbindBackward0>)
G:  tensor([-1.1372, -1.0829,  0.5245,  1.3528, -1.5265, -0.4729, -0.4511,  0.3074,
        -0.3345, -1.2363,  1.5468,  0.1530, -0.3722], device='cuda:0')
----------------------------------------------------
I:  tensor([ 0.0000,  0.0000,  1.2190,  0.0000,  0.0884,  1.1295,  1.2256, -0.5790,
         0.0000,  0.2777,  0.0000,  0.1389,  1.7136], device='cuda:0')
R:  tensor([ 0.9375, -0.7629,  1.2287,  0.9243,  0.2660,  1.1425,  1.2576, -0.5795,
         1.3618,  0.3420,  0.9519,  0.1759,  1.7373], device='cuda:0',
       grad_fn=<UnbindBackward0>)
G:  tensor([ 0.9010, -0.7508,  1.2190,  0.9024,  0.0884,  1.1295,  1.2256, -0.5790,
         1.3826,  0.2777,  1.0203,  0.1389,  1.7136], device='cuda:0')
----------------------------------------------------
---------------VALID RESULT------------------
I:  tensor([ 0.2092,  2.5616,  0.0000,  0.7522, -0.4733,  0.0000, -1.4048,  1.9995,
        -0.0717,  1.2293, -1.5683, -1.5984, -0.0697], device='cuda:0')
R:  tensor([ 0.1701,  2.5660, -0.2083,  0.7905, -0.4735, -0.8681, -1.4186,  2.0529,
        -0.0273,  1.2496, -1.5909, -1.6190, -0.0658], device='cuda:0')
G:  tensor([ 0.2092,  2.5616, -0.1700,  0.7522, -0.4733, -0.8895, -1.4048,  1.9995,
        -0.0717,  1.2293, -1.5683, -1.5984, -0.0697], device='cuda:0')
----------------------------------------------------
I:  tensor([ 1.1604,  0.0000, -0.3528, -0.6291,  0.5799,  0.9372,  1.5167, -0.3373,
         0.8569,  0.0000,  0.0000,  0.0000,  0.0000], device='cuda:0')
R:  tensor([ 1.1861, -0.5264, -0.4107, -0.6307,  0.5858,  0.8932,  1.5022, -0.3223,
         0.8928,  1.6388,  0.7126,  0.6890,  1.6004], device='cuda:0')
G:  tensor([ 1.1604, -0.5443, -0.3528, -0.6291,  0.5799,  0.9372,  1.5167, -0.3373,
         0.8569,  1.6619,  0.7132,  0.6897,  1.6340], device='cuda:0')
----------------------------------------------------
I:  tensor([-0.1490,  0.5868,  0.0000,  0.1517,  0.0000, -1.5945, -0.8125, -0.9819,
        -1.3332,  0.1479, -0.9540,  0.0000,  0.0000], device='cuda:0')
R:  tensor([-0.1750,  0.6109,  0.0966,  0.1645,  0.2662, -1.5576, -0.8235, -0.9588,
        -1.3314,  0.1434, -0.9284, -1.6116, -0.6925], device='cuda:0')
G:  tensor([-0.1490,  0.5868,  0.1224,  0.1517,  0.2990, -1.5945, -0.8125, -0.9819,
        -1.3332,  0.1479, -0.9540, -1.6832, -0.6907], device='cuda:0')
----------------------------------------------------
====> Epoch: 600 Train loss: 0.1918 Val loss: 0.2542




-----------------TRAIN RESULT------------------
I:  tensor([ 0.0000, -1.2175, -0.4625, -0.4489, -0.0521, -0.1524, -0.0896,  0.0000,
         0.0000,  0.0000,  1.1958,  0.7745, -0.9455], device='cuda:0')
R:  tensor([-0.4912, -1.2123, -0.4774, -0.4934, -0.0673, -0.0517, -0.0358, -0.5511,
        -0.1726, -1.1185,  1.2829,  0.8411, -1.0024], device='cuda:0',
       grad_fn=<UnbindBackward0>)
G:  tensor([-0.4084, -1.2175, -0.4625, -0.4489, -0.0521, -0.1524, -0.0896, -0.4984,
        -0.2293, -1.0546,  1.1958,  0.7745, -0.9455], device='cuda:0')
----------------------------------------------------
I:  tensor([ 0.0000, -1.1098, -0.3162,  0.0000,  0.0000,  0.0000, -0.9430,  2.1607,
        -2.0690, -0.7735,  0.0000, -1.3301, -0.2130], device='cuda:0')
R:  tensor([-0.8597, -1.1204, -0.2806, -1.0595,  0.0799, -0.3620, -0.8905,  2.0535,
        -2.0582, -0.8058,  1.2758, -1.2704, -0.2294], device='cuda:0',
       grad_fn=<UnbindBackward0>)
G:  tensor([-0.8284, -1.1098, -0.3162, -1.0495,  0.0884, -0.3928, -0.9430,  2.1607,
        -2.0690, -0.7735,  1.2835, -1.3301, -0.2130], device='cuda:0')
----------------------------------------------------
I:  tensor([-1.4954, -0.1852,  1.5114,  2.7041,  0.0000, -0.2646,  0.2116,  0.0000,
         0.2963, -0.8903,  0.0000, -0.2425, -0.8945], device='cuda:0')
R:  tensor([-1.5189, -0.1968,  1.3162,  2.6487, -0.5401, -0.1566,  0.2617,  1.6001,
         0.3935, -0.9209,  0.0959, -0.1734, -0.8848], device='cuda:0',
       grad_fn=<UnbindBackward0>)
G:  tensor([-1.4954, -0.1852,  1.5114,  2.7041, -0.5436, -0.2646,  0.2116,  1.7578,
         0.2963, -0.8903,  0.0551, -0.2425, -0.8945], device='cuda:0')
----------------------------------------------------
---------------VALID RESULT------------------
I:  tensor([ 0.2092,  2.5616,  0.0000,  0.7522, -0.4733,  0.0000, -1.4048,  1.9995,
        -0.0717,  1.2293, -1.5683, -1.5984, -0.0697], device='cuda:0')
R:  tensor([ 0.1822,  2.5494, -0.2079,  0.7608, -0.5070, -0.8408, -1.3460,  1.9622,
         0.0152,  1.2569, -1.5776, -1.5653, -0.0442], device='cuda:0')
G:  tensor([ 0.2092,  2.5616, -0.1700,  0.7522, -0.4733, -0.8895, -1.4048,  1.9995,
        -0.0717,  1.2293, -1.5683, -1.5984, -0.0697], device='cuda:0')
----------------------------------------------------
I:  tensor([ 1.1604,  0.0000, -0.3528, -0.6291,  0.5799,  0.9372,  1.5167, -0.3373,
         0.8569,  0.0000,  0.0000,  0.0000,  0.0000], device='cuda:0')
R:  tensor([ 1.1586, -0.5630, -0.3442, -0.6188,  0.5791,  0.9331,  1.5135, -0.3112,
         0.8645,  1.7197,  0.7076,  0.7199,  1.6212], device='cuda:0')
G:  tensor([ 1.1604, -0.5443, -0.3528, -0.6291,  0.5799,  0.9372,  1.5167, -0.3373,
         0.8569,  1.6619,  0.7132,  0.6897,  1.6340], device='cuda:0')
----------------------------------------------------
I:  tensor([-0.1490,  0.5868,  0.0000,  0.1517,  0.0000, -1.5945, -0.8125, -0.9819,
        -1.3332,  0.1479, -0.9540,  0.0000,  0.0000], device='cuda:0')
R:  tensor([-0.1242,  0.5582,  0.1250,  0.1429,  0.2320, -1.5776, -0.7667, -0.9721,
        -1.2933,  0.1788, -0.9213, -1.6492, -0.6569], device='cuda:0')
G:  tensor([-0.1490,  0.5868,  0.1224,  0.1517,  0.2990, -1.5945, -0.8125, -0.9819,
        -1.3332,  0.1479, -0.9540, -1.6832, -0.6907], device='cuda:0')
----------------------------------------------------
====> Epoch: 700 Train loss: 0.2004 Val loss: 0.2510




-----------------TRAIN RESULT------------------
I:  tensor([ 0.0000, -0.6520, -0.2066,  0.9925, -0.6840, -0.8254, -0.3406,  0.5491,
         0.0000,  0.0000,  1.6345,  0.0000, -0.8022], device='cuda:0')
R:  tensor([-1.0339, -0.6354, -0.1323,  0.9859, -0.6407, -0.8048, -0.3501,  0.5572,
        -0.0641, -1.1311,  1.6427, -0.5058, -0.7979], device='cuda:0',
       grad_fn=<UnbindBackward0>)
G:  tensor([-1.0384, -0.6520, -0.2066,  0.9925, -0.6840, -0.8254, -0.3406,  0.5491,
        -0.0541, -1.1282,  1.6345, -0.4967, -0.8022], device='cuda:0')
----------------------------------------------------
I:  tensor([ 0.0000, -0.9393, -1.5591, -0.1486,  0.0000,  0.1040,  0.0000,  0.2268,
         0.8569, -1.0200, -0.4275,  0.5767,  0.0000], device='cuda:0')
R:  tensor([-1.0079, -0.9832, -1.4605, -0.1421, -0.5851,  0.1168,  0.0504,  0.2229,
         0.8210, -1.0545, -0.4512,  0.5966, -1.3803], device='cuda:0',
       grad_fn=<UnbindBackward0>)
G:  tensor([-0.9643, -0.9393, -1.5591, -0.1486, -0.5436,  0.1040,  0.0108,  0.2268,
         0.8569, -1.0200, -0.4275,  0.5767, -1.3849], device='cuda:0')
----------------------------------------------------
I:  tensor([-1.6807,  0.0000,  0.3417,  0.0000, -1.1053,  0.0000, -0.3406,  0.0000,
        -0.4221, -0.9768,  0.1867,  0.1954,  0.0000], device='cuda:0')
R:  tensor([-1.7331, -0.2602,  0.3612,  0.6108, -1.1028, -0.5324, -0.3230,  0.9737,
        -0.4495, -0.9741,  0.1615,  0.1774, -0.2493], device='cuda:0',
       grad_fn=<UnbindBackward0>)
G:  tensor([-1.6807, -0.2481,  0.3417,  0.6321, -1.1053, -0.5530, -0.3406,  0.9520,
        -0.4221, -0.9768,  0.1867,  0.1954, -0.2130], device='cuda:0')
----------------------------------------------------
---------------VALID RESULT------------------
I:  tensor([ 0.2092,  2.5616,  0.0000,  0.7522, -0.4733,  0.0000, -1.4048,  1.9995,
        -0.0717,  1.2293, -1.5683, -1.5984, -0.0697], device='cuda:0')
R:  tensor([ 0.2140,  2.5466, -0.1665,  0.7592, -0.4828, -0.8727, -1.4118,  1.9957,
        -0.0903,  1.2285, -1.5636, -1.5720, -0.0927], device='cuda:0')
G:  tensor([ 0.2092,  2.5616, -0.1700,  0.7522, -0.4733, -0.8895, -1.4048,  1.9995,
        -0.0717,  1.2293, -1.5683, -1.5984, -0.0697], device='cuda:0')
----------------------------------------------------
I:  tensor([ 1.1604,  0.0000, -0.3528, -0.6291,  0.5799,  0.9372,  1.5167, -0.3373,
         0.8569,  0.0000,  0.0000,  0.0000,  0.0000], device='cuda:0')
R:  tensor([ 1.1114, -0.5423, -0.3084, -0.6421,  0.5936,  0.9550,  1.5369, -0.3030,
         0.8584,  1.6380,  0.7184,  0.7241,  1.6032], device='cuda:0')
G:  tensor([ 1.1604, -0.5443, -0.3528, -0.6291,  0.5799,  0.9372,  1.5167, -0.3373,
         0.8569,  1.6619,  0.7132,  0.6897,  1.6340], device='cuda:0')
----------------------------------------------------
I:  tensor([-0.1490,  0.5868,  0.0000,  0.1517,  0.0000, -1.5945, -0.8125, -0.9819,
        -1.3332,  0.1479, -0.9540,  0.0000,  0.0000], device='cuda:0')
R:  tensor([-0.1581,  0.5593,  0.1393,  0.1427,  0.2428, -1.5722, -0.8040, -0.9868,
        -1.3162,  0.1419, -0.9586, -1.6507, -0.6945], device='cuda:0')
G:  tensor([-0.1490,  0.5868,  0.1224,  0.1517,  0.2990, -1.5945, -0.8125, -0.9819,
        -1.3332,  0.1479, -0.9540, -1.6832, -0.6907], device='cuda:0')
----------------------------------------------------
====> Epoch: 800 Train loss: 0.1490 Val loss: 0.2086




-----------------TRAIN RESULT------------------
I:  tensor([-1.6684,  0.0000,  0.9266,  1.9534, -0.8244,  0.0000, -0.4209,  0.3074,
         0.0000, -1.0633,  1.7661,  0.0000,  0.0000], device='cuda:0')
R:  tensor([-1.7012, -0.5832,  0.9589,  2.0980, -0.8184, -0.5777, -0.3900,  0.2898,
        -0.3862, -1.0793,  1.7748,  0.8570, -0.6300], device='cuda:0',
       grad_fn=<UnbindBackward0>)
G:  tensor([-1.6684, -0.5982,  0.9266,  1.9534, -0.8244, -0.6011, -0.4209,  0.3074,
        -0.4396, -1.0633,  1.7661,  0.8451, -0.5888], device='cuda:0')
----------------------------------------------------
I:  tensor([ 0.9257, -0.5443,  0.1589, -1.0495,  0.0000,  0.4885,  0.0000, -0.5790,
         0.0000,  0.2344,  0.8448,  0.0000,  1.8251], device='cuda:0')
R:  tensor([ 0.8963, -0.6073,  0.1544, -1.0372, -0.7176,  0.5075,  0.7204, -0.6104,
         0.3719,  0.1232,  0.8242,  0.4556,  1.7681], device='cuda:0',
       grad_fn=<UnbindBackward0>)
G:  tensor([ 0.9257, -0.5443,  0.1589, -1.0495, -0.7542,  0.4885,  0.7336, -0.5790,
         0.3839,  0.2344,  0.8448,  0.4072,  1.8251], device='cuda:0')
----------------------------------------------------
I:  tensor([-1.1496,  0.0000,  0.0000,  0.4519, -1.0351,  0.4885,  0.0000,  0.0000,
        -0.4221, -0.9941, -0.4275,  0.9440,  0.0000], device='cuda:0')
R:  tensor([-1.1946, -0.2301, -0.6816,  0.4275, -1.1175,  0.5205,  0.6733,  0.0522,
        -0.3433, -0.9856, -0.4457,  0.9688, -1.2016], device='cuda:0',
       grad_fn=<UnbindBackward0>)
G:  tensor([-1.1496, -0.1583, -0.7183,  0.4519, -1.0351,  0.4885,  0.6232,  0.0656,
        -0.4221, -0.9941, -0.4275,  0.9440, -1.1747], device='cuda:0')
----------------------------------------------------
---------------VALID RESULT------------------
I:  tensor([ 0.2092,  2.5616,  0.0000,  0.7522, -0.4733,  0.0000, -1.4048,  1.9995,
        -0.0717,  1.2293, -1.5683, -1.5984, -0.0697], device='cuda:0')
R:  tensor([ 0.2011,  2.6094, -0.2158,  0.7435, -0.5280, -0.8833, -1.3935,  1.9676,
        -0.0812,  1.2336, -1.5850, -1.6002, -0.0681], device='cuda:0')
G:  tensor([ 0.2092,  2.5616, -0.1700,  0.7522, -0.4733, -0.8895, -1.4048,  1.9995,
        -0.0717,  1.2293, -1.5683, -1.5984, -0.0697], device='cuda:0')
----------------------------------------------------
I:  tensor([ 1.1604,  0.0000, -0.3528, -0.6291,  0.5799,  0.9372,  1.5167, -0.3373,
         0.8569,  0.0000,  0.0000,  0.0000,  0.0000], device='cuda:0')
R:  tensor([ 1.1325, -0.5696, -0.3672, -0.6148,  0.5873,  0.8978,  1.4926, -0.3137,
         0.8667,  1.6654,  0.6948,  0.5978,  1.6241], device='cuda:0')
G:  tensor([ 1.1604, -0.5443, -0.3528, -0.6291,  0.5799,  0.9372,  1.5167, -0.3373,
         0.8569,  1.6619,  0.7132,  0.6897,  1.6340], device='cuda:0')
----------------------------------------------------
I:  tensor([-0.1490,  0.5868,  0.0000,  0.1517,  0.0000, -1.5945, -0.8125, -0.9819,
        -1.3332,  0.1479, -0.9540,  0.0000,  0.0000], device='cuda:0')
R:  tensor([-0.1620,  0.4405,  0.0646,  0.1296,  0.4496, -1.5134, -0.8100, -0.9891,
        -1.2367,  0.0509, -0.9706, -1.6800, -0.6389], device='cuda:0')
G:  tensor([-0.1490,  0.5868,  0.1224,  0.1517,  0.2990, -1.5945, -0.8125, -0.9819,
        -1.3332,  0.1479, -0.9540, -1.6832, -0.6907], device='cuda:0')
----------------------------------------------------
====> Epoch: 900 Train loss: 0.1599 Val loss: 0.2139




-----------------TRAIN RESULT------------------
I:  tensor([ 1.5186, -0.5622,  0.2321,  0.0000,  1.9139,  0.0000,  0.0000,  0.0000,
         0.0000,  0.2517,  0.3622,  1.8479,  1.0130], device='cuda:0')
R:  tensor([ 1.4992, -0.4805,  0.2717, -1.1855,  1.8579,  0.7404,  0.9687, -0.6675,
         1.1798,  0.2723,  0.3143,  1.8128,  0.9969], device='cuda:0',
       grad_fn=<UnbindBackward0>)
G:  tensor([ 1.5186, -0.5622,  0.2321, -1.1696,  1.9139,  0.8090,  1.0348, -0.6596,
         1.2249,  0.2517,  0.3622,  1.8479,  1.0130], device='cuda:0')
----------------------------------------------------
I:  tensor([ 0.0000,  0.0000,  0.1955,  0.7522,  0.0000,  0.0000,  0.0000,  1.1132,
         0.0685, -0.6307,  0.4061,  0.0541, -0.9455], device='cuda:0')
R:  tensor([-1.2306, -0.6792,  0.2134,  0.7222, -0.9055, -1.4711, -0.8452,  1.1274,
         0.0761, -0.6023,  0.4074,  0.0521, -0.8970], device='cuda:0',
       grad_fn=<UnbindBackward0>)
G:  tensor([-1.2360, -0.7418,  0.1955,  0.7522, -0.9648, -1.3542, -0.7824,  1.1132,
         0.0685, -0.6307,  0.4061,  0.0541, -0.9455], device='cuda:0')
----------------------------------------------------
I:  tensor([ 0.0000, -0.4545, -0.0238, -0.6891,  0.0000,  0.2001,  0.0000,  0.4685,
         0.6642, -0.5269,  1.1958,  0.0000,  0.7742], device='cuda:0')
R:  tensor([ 0.7950, -0.4028,  0.0395, -0.6870,  0.3352,  0.1140,  0.6202,  0.4568,
         0.5947, -0.4688,  1.1351,  0.2865,  0.7531], device='cuda:0',
       grad_fn=<UnbindBackward0>)
G:  tensor([ 0.8392, -0.4545, -0.0238, -0.6891,  0.2990,  0.2001,  0.6634,  0.4685,
         0.6642, -0.5269,  1.1958,  0.3649,  0.7742], device='cuda:0')
----------------------------------------------------
---------------VALID RESULT------------------
I:  tensor([ 0.2092,  2.5616,  0.0000,  0.7522, -0.4733,  0.0000, -1.4048,  1.9995,
        -0.0717,  1.2293, -1.5683, -1.5984, -0.0697], device='cuda:0')
R:  tensor([ 0.2051,  2.5842, -0.1992,  0.7175, -0.4892, -0.8959, -1.4069,  1.9994,
        -0.0696,  1.2302, -1.5845, -1.6159, -0.0649], device='cuda:0')
G:  tensor([ 0.2092,  2.5616, -0.1700,  0.7522, -0.4733, -0.8895, -1.4048,  1.9995,
        -0.0717,  1.2293, -1.5683, -1.5984, -0.0697], device='cuda:0')
----------------------------------------------------
I:  tensor([ 1.1604,  0.0000, -0.3528, -0.6291,  0.5799,  0.9372,  1.5167, -0.3373,
         0.8569,  0.0000,  0.0000,  0.0000,  0.0000], device='cuda:0')
R:  tensor([ 1.2185, -0.4780, -0.2951, -0.6054,  0.5092,  0.9638,  1.4510, -0.5115,
         0.9676,  1.3277,  0.7727,  0.7113,  1.8295], device='cuda:0')
G:  tensor([ 1.1604, -0.5443, -0.3528, -0.6291,  0.5799,  0.9372,  1.5167, -0.3373,
         0.8569,  1.6619,  0.7132,  0.6897,  1.6340], device='cuda:0')
----------------------------------------------------
I:  tensor([-0.1490,  0.5868,  0.0000,  0.1517,  0.0000, -1.5945, -0.8125, -0.9819,
        -1.3332,  0.1479, -0.9540,  0.0000,  0.0000], device='cuda:0')
R:  tensor([-0.1607,  0.5777,  0.1403,  0.1850,  0.3050, -1.5937, -0.8240, -0.9678,
        -1.3266,  0.1847, -0.9321, -1.7002, -0.6710], device='cuda:0')
G:  tensor([-0.1490,  0.5868,  0.1224,  0.1517,  0.2990, -1.5945, -0.8125, -0.9819,
        -1.3332,  0.1479, -0.9540, -1.6832, -0.6907], device='cuda:0')
----------------------------------------------------
====> Epoch: 1000 Train loss: 0.1498 Val loss: 0.1877




-----------------TRAIN RESULT------------------
I:  tensor([ 1.5186, -0.5622,  0.0000, -1.1696,  1.9139,  0.8090,  1.0348,  0.0000,
         1.2249,  0.2517,  0.0000,  1.8479,  0.0000], device='cuda:0')
R:  tensor([ 1.4903, -0.5726,  0.2241, -1.1215,  1.8632,  0.7449,  0.9891, -0.6825,
         1.1913,  0.2252,  0.3897,  1.8386,  1.0381], device='cuda:0',
       grad_fn=<UnbindBackward0>)
G:  tensor([ 1.5186, -0.5622,  0.2321, -1.1696,  1.9139,  0.8090,  1.0348, -0.6596,
         1.2249,  0.2517,  0.3622,  1.8479,  1.0130], device='cuda:0')
----------------------------------------------------
I:  tensor([ 0.0610,  0.0000, -1.1935, -2.1305,  0.0000,  0.6808,  1.2457, -1.5459,
         0.0000,  0.0000,  0.7132,  0.4214,  0.0000], device='cuda:0')
R:  tensor([ 0.0500, -0.5503, -1.1953, -2.0025, -0.5260,  0.6379,  1.1933, -1.5494,
         2.2995,  0.9056,  0.7101,  0.3774,  1.2268], device='cuda:0',
       grad_fn=<UnbindBackward0>)
G:  tensor([ 0.0610, -0.5443, -1.1935, -2.1305, -0.5436,  0.6808,  1.2457, -1.5459,
         2.3112,  0.9265,  0.7132,  0.4214,  1.2837], device='cuda:0')
----------------------------------------------------
I:  tensor([ 0.2092,  0.2277,  0.0127,  0.0000,  1.4224,  0.0000,  0.0000,  1.3549,
        -0.2293,  0.0000, -1.5683, -1.4007,  0.2965], device='cuda:0')
R:  tensor([ 0.2090,  0.2957,  0.0061,  0.2005,  1.3802, -1.0980, -1.3364,  1.1557,
        -0.2739,  1.7552, -1.5135, -1.4424,  0.2516], device='cuda:0',
       grad_fn=<UnbindBackward0>)
G:  tensor([ 0.2092,  0.2277,  0.0127,  0.1517,  1.4224, -1.0337, -1.3546,  1.3549,
        -0.2293,  1.8349, -1.5683, -1.4007,  0.2965], device='cuda:0')
----------------------------------------------------
---------------VALID RESULT------------------
I:  tensor([ 0.2092,  2.5616,  0.0000,  0.7522, -0.4733,  0.0000, -1.4048,  1.9995,
        -0.0717,  1.2293, -1.5683, -1.5984, -0.0697], device='cuda:0')
R:  tensor([ 0.1687,  2.5439, -0.1980,  0.7236, -0.4843, -0.9130, -1.3819,  1.9716,
        -0.0259,  1.2196, -1.5639, -1.6151, -0.0626], device='cuda:0')
G:  tensor([ 0.2092,  2.5616, -0.1700,  0.7522, -0.4733, -0.8895, -1.4048,  1.9995,
        -0.0717,  1.2293, -1.5683, -1.5984, -0.0697], device='cuda:0')
----------------------------------------------------
I:  tensor([ 1.1604,  0.0000, -0.3528, -0.6291,  0.5799,  0.9372,  1.5167, -0.3373,
         0.8569,  0.0000,  0.0000,  0.0000,  0.0000], device='cuda:0')
R:  tensor([ 1.1273, -0.5649, -0.3689, -0.6344,  0.6169,  0.9517,  1.5028, -0.3171,
         0.8347,  1.6880,  0.7075,  0.7171,  1.6430], device='cuda:0')
G:  tensor([ 1.1604, -0.5443, -0.3528, -0.6291,  0.5799,  0.9372,  1.5167, -0.3373,
         0.8569,  1.6619,  0.7132,  0.6897,  1.6340], device='cuda:0')
----------------------------------------------------
I:  tensor([-0.1490,  0.5868,  0.0000,  0.1517,  0.0000, -1.5945, -0.8125, -0.9819,
        -1.3332,  0.1479, -0.9540,  0.0000,  0.0000], device='cuda:0')
R:  tensor([-0.1440,  0.5710,  0.1276,  0.1414,  0.3113, -1.6187, -0.8191, -0.9850,
        -1.3593,  0.1410, -0.9342, -1.6971, -0.6802], device='cuda:0')
G:  tensor([-0.1490,  0.5868,  0.1224,  0.1517,  0.2990, -1.5945, -0.8125, -0.9819,
        -1.3332,  0.1479, -0.9540, -1.6832, -0.6907], device='cuda:0')
----------------------------------------------------
====> Epoch: 1100 Train loss: 0.1659 Val loss: 0.2275




-----------------TRAIN RESULT------------------
I:  tensor([ 3.6295e-02, -1.2894e+00,  0.0000e+00, -1.0495e+00,  0.0000e+00,
         0.0000e+00,  7.3323e-04, -9.8188e-01, -2.2935e-01, -1.9816e-01,
         0.0000e+00, -1.8600e-01,  0.0000e+00], device='cuda:0')
R:  tensor([-0.0556, -1.2907, -2.5232, -1.0848, -0.9713, -0.5447, -0.0324, -1.0033,
        -0.2739, -0.2216,  1.0166, -0.2071, -1.1939], device='cuda:0',
       grad_fn=<UnbindBackward0>)
G:  tensor([ 3.6295e-02, -1.2894e+00, -2.3998e+00, -1.0495e+00, -9.6484e-01,
        -5.5298e-01,  7.3323e-04, -9.8188e-01, -2.2935e-01, -1.9816e-01,
         1.0203e+00, -1.8600e-01, -1.1302e+00], device='cuda:0')
----------------------------------------------------
I:  tensor([ 0.0000,  0.0000, -1.3397, -0.1486, -0.8946,  0.0000,  0.0000,  0.0656,
         0.4890, -1.6343, -0.1204,  0.6191,  0.0000], device='cuda:0')
R:  tensor([-1.2937,  1.0016, -1.4212, -0.2133, -0.9307, -0.5090, -0.4390, -0.0406,
         0.5043, -1.6984, -0.1383,  0.5773, -0.6062], device='cuda:0',
       grad_fn=<UnbindBackward0>)
G:  tensor([-1.2360,  0.9817, -1.3397, -0.1486, -0.8946, -0.4729, -0.3908,  0.0656,
         0.4890, -1.6343, -0.1204,  0.6191, -0.5824], device='cuda:0')
----------------------------------------------------
I:  tensor([ 0.0000,  0.0000,  0.0000,  1.6531, -0.1223,  0.8090, -0.7221,  1.3549,
         1.9432,  0.0000,  0.0000, -0.9205, -0.2767], device='cuda:0')
R:  tensor([ 1.5489, -0.5304,  1.1600,  1.7707, -0.0449,  0.7751, -0.7622,  1.3307,
         1.9827,  3.4161, -1.7438, -0.9297, -0.2955], device='cuda:0',
       grad_fn=<UnbindBackward0>)
G:  tensor([ 1.6545, -0.5892,  1.2190,  1.6531, -0.1223,  0.8090, -0.7221,  1.3549,
         1.9432,  3.4354, -1.6999, -0.9205, -0.2767], device='cuda:0')
----------------------------------------------------
---------------VALID RESULT------------------
I:  tensor([ 0.2092,  2.5616,  0.0000,  0.7522, -0.4733,  0.0000, -1.4048,  1.9995,
        -0.0717,  1.2293, -1.5683, -1.5984, -0.0697], device='cuda:0')
R:  tensor([ 0.2313,  2.6156, -0.2369,  0.7424, -0.4464, -0.8786, -1.4075,  1.9877,
        -0.0542,  1.2341, -1.5566, -1.6210, -0.0608], device='cuda:0')
G:  tensor([ 0.2092,  2.5616, -0.1700,  0.7522, -0.4733, -0.8895, -1.4048,  1.9995,
        -0.0717,  1.2293, -1.5683, -1.5984, -0.0697], device='cuda:0')
----------------------------------------------------
I:  tensor([ 1.1604,  0.0000, -0.3528, -0.6291,  0.5799,  0.9372,  1.5167, -0.3373,
         0.8569,  0.0000,  0.0000,  0.0000,  0.0000], device='cuda:0')
R:  tensor([ 1.1637, -0.5400, -0.3772, -0.6397,  0.6012,  0.9135,  1.4779, -0.3724,
         0.8688,  1.6357,  0.7147,  0.6853,  1.6269], device='cuda:0')
G:  tensor([ 1.1604, -0.5443, -0.3528, -0.6291,  0.5799,  0.9372,  1.5167, -0.3373,
         0.8569,  1.6619,  0.7132,  0.6897,  1.6340], device='cuda:0')
----------------------------------------------------
I:  tensor([-0.1490,  0.5868,  0.0000,  0.1517,  0.0000, -1.5945, -0.8125, -0.9819,
        -1.3332,  0.1479, -0.9540,  0.0000,  0.0000], device='cuda:0')
R:  tensor([-0.1413,  0.5537,  0.1040,  0.1883,  0.2987, -1.5898, -0.8027, -1.0002,
        -1.3304,  0.1430, -0.9083, -1.6803, -0.6622], device='cuda:0')
G:  tensor([-0.1490,  0.5868,  0.1224,  0.1517,  0.2990, -1.5945, -0.8125, -0.9819,
        -1.3332,  0.1479, -0.9540, -1.6832, -0.6907], device='cuda:0')
----------------------------------------------------
====> Epoch: 1200 Train loss: 0.1443 Val loss: 0.1876




-----------------TRAIN RESULT------------------
I:  tensor([ 0.0000, -1.2535, -3.6792, -2.6710,  0.0000, -0.5049, -1.4651, -0.6596,
         0.0000, -1.3445,  0.0000, -1.1182, -0.7225], device='cuda:0')
R:  tensor([-0.8295, -1.2559, -3.8633, -2.7132, -0.9012, -0.4523, -1.3761, -0.7059,
        -1.9958, -1.4098,  0.3991, -1.0573, -0.6970], device='cuda:0',
       grad_fn=<UnbindBackward0>)
G:  tensor([-0.7790, -1.2535, -3.6792, -2.6710, -0.8244, -0.5049, -1.4651, -0.6596,
        -2.0515, -1.3445,  0.4061, -1.1182, -0.7225], device='cuda:0')
----------------------------------------------------
I:  tensor([ 0.0000,  0.6227, -0.1700,  0.0000, -0.2627, -1.6746, -1.5454,  0.3074,
        -1.5084,  0.0000,  0.0000,  0.0000, -0.7544], device='cuda:0')
R:  tensor([-0.9753,  0.6045, -0.2490, -0.2209, -0.2907, -1.6197, -1.4782,  0.2433,
        -1.4059,  0.2567, -1.2626, -1.0354, -0.7245], device='cuda:0',
       grad_fn=<UnbindBackward0>)
G:  tensor([-0.9890,  0.6227, -0.1700, -0.1486, -0.2627, -1.6746, -1.5454,  0.3074,
        -1.5084,  0.1912, -1.3050, -1.1041, -0.7544], device='cuda:0')
----------------------------------------------------
I:  tensor([ 0.6169,  0.0000,  0.8900,  0.1517,  0.0000,  0.0000,  0.5830, -0.6596,
         0.1211, -0.6653,  0.0000,  0.0000,  0.3124], device='cuda:0')
R:  tensor([ 0.6249, -0.4489,  0.8772,  0.1163, -0.2600,  0.4424,  0.6163, -0.6475,
         0.2311, -0.7009,  0.7620,  1.7027,  0.3433], device='cuda:0',
       grad_fn=<UnbindBackward0>)
G:  tensor([ 0.6169, -0.4725,  0.8900,  0.1517, -0.2627,  0.3764,  0.5830, -0.6596,
         0.1211, -0.6653,  0.7132,  1.7067,  0.3124], device='cuda:0')
----------------------------------------------------
---------------VALID RESULT------------------
I:  tensor([ 0.2092,  2.5616,  0.0000,  0.7522, -0.4733,  0.0000, -1.4048,  1.9995,
        -0.0717,  1.2293, -1.5683, -1.5984, -0.0697], device='cuda:0')
R:  tensor([ 0.2063,  2.5703, -0.2232,  0.7031, -0.5043, -0.8778, -1.3968,  1.9708,
        -0.0460,  1.2299, -1.5723, -1.5855, -0.0654], device='cuda:0')
G:  tensor([ 0.2092,  2.5616, -0.1700,  0.7522, -0.4733, -0.8895, -1.4048,  1.9995,
        -0.0717,  1.2293, -1.5683, -1.5984, -0.0697], device='cuda:0')
----------------------------------------------------
I:  tensor([ 1.1604,  0.0000, -0.3528, -0.6291,  0.5799,  0.9372,  1.5167, -0.3373,
         0.8569,  0.0000,  0.0000,  0.0000,  0.0000], device='cuda:0')
R:  tensor([ 1.1381, -0.5541, -0.3315, -0.6096,  0.5751,  0.9848,  1.4918, -0.3389,
         0.8875,  1.6133,  0.7122,  0.7052,  1.6461], device='cuda:0')
G:  tensor([ 1.1604, -0.5443, -0.3528, -0.6291,  0.5799,  0.9372,  1.5167, -0.3373,
         0.8569,  1.6619,  0.7132,  0.6897,  1.6340], device='cuda:0')
----------------------------------------------------
I:  tensor([-0.1490,  0.5868,  0.0000,  0.1517,  0.0000, -1.5945, -0.8125, -0.9819,
        -1.3332,  0.1479, -0.9540,  0.0000,  0.0000], device='cuda:0')
R:  tensor([-0.1580,  0.6047,  0.0852,  0.1372,  0.2671, -1.6070, -0.8090, -0.9770,
        -1.3116,  0.1430, -0.9456, -1.6717, -0.6759], device='cuda:0')
G:  tensor([-0.1490,  0.5868,  0.1224,  0.1517,  0.2990, -1.5945, -0.8125, -0.9819,
        -1.3332,  0.1479, -0.9540, -1.6832, -0.6907], device='cuda:0')
----------------------------------------------------
====> Epoch: 1300 Train loss: 0.1366 Val loss: 0.1820




-----------------TRAIN RESULT------------------
I:  tensor([ 0.0000,  0.6227, -0.1700, -0.1486,  0.0000, -1.6746,  0.0000,  0.3074,
        -1.5084,  0.1912, -1.3050, -1.1041,  0.0000], device='cuda:0')
R:  tensor([-1.0731,  0.5667, -0.2061, -0.1209, -0.3790, -1.6984, -1.5422,  0.3409,
        -1.4943,  0.0878, -1.2057, -1.0534, -0.8303], device='cuda:0',
       grad_fn=<UnbindBackward0>)
G:  tensor([-0.9890,  0.6227, -0.1700, -0.1486, -0.2627, -1.6746, -1.5454,  0.3074,
        -1.5084,  0.1912, -1.3050, -1.1041, -0.7544], device='cuda:0')
----------------------------------------------------
I:  tensor([ 0.2092,  0.0000, -0.1700,  0.7522, -0.4733, -0.8895,  0.0000,  0.0000,
        -0.0717,  1.2293, -1.5683,  0.0000,  0.0000], device='cuda:0')
R:  tensor([ 0.1724,  2.5173, -0.1668,  0.7991, -0.5106, -0.8778, -1.4050,  2.0300,
        -0.0452,  1.2204, -1.5361, -1.5225, -0.0482], device='cuda:0',
       grad_fn=<UnbindBackward0>)
G:  tensor([ 0.2092,  2.5616, -0.1700,  0.7522, -0.4733, -0.8895, -1.4048,  1.9995,
        -0.0717,  1.2293, -1.5683, -1.5984, -0.0697], device='cuda:0')
----------------------------------------------------
I:  tensor([ 0.0000,  0.7035,  0.0000,  0.0000,  1.6331,  0.0000,  0.0000, -1.1430,
        -0.5973,  1.5321, -1.6121, -1.8527, -0.7862], device='cuda:0')
R:  tensor([ 0.6132,  0.7022,  0.9273,  1.3520,  1.5135, -1.4010, -0.4745, -1.1455,
        -0.6003,  1.4550, -1.5375, -1.7694, -0.8006], device='cuda:0',
       grad_fn=<UnbindBackward0>)
G:  tensor([ 0.6169,  0.7035,  0.9266,  1.3528,  1.6331, -1.4343, -0.4611, -1.1430,
        -0.5973,  1.5321, -1.6121, -1.8527, -0.7862], device='cuda:0')
----------------------------------------------------
---------------VALID RESULT------------------
I:  tensor([ 0.2092,  2.5616,  0.0000,  0.7522, -0.4733,  0.0000, -1.4048,  1.9995,
        -0.0717,  1.2293, -1.5683, -1.5984, -0.0697], device='cuda:0')
R:  tensor([ 0.2337,  2.5843, -0.1520,  0.7916, -0.4946, -0.8979, -1.4079,  2.0055,
        -0.0629,  1.2911, -1.5981, -1.5976, -0.0461], device='cuda:0')
G:  tensor([ 0.2092,  2.5616, -0.1700,  0.7522, -0.4733, -0.8895, -1.4048,  1.9995,
        -0.0717,  1.2293, -1.5683, -1.5984, -0.0697], device='cuda:0')
----------------------------------------------------
I:  tensor([ 1.1604,  0.0000, -0.3528, -0.6291,  0.5799,  0.9372,  1.5167, -0.3373,
         0.8569,  0.0000,  0.0000,  0.0000,  0.0000], device='cuda:0')
R:  tensor([ 1.1648, -0.5546, -0.3698, -0.6408,  0.5635,  0.9573,  1.5226, -0.2896,
         0.8626,  1.6462,  0.6972,  0.6868,  1.6560], device='cuda:0')
G:  tensor([ 1.1604, -0.5443, -0.3528, -0.6291,  0.5799,  0.9372,  1.5167, -0.3373,
         0.8569,  1.6619,  0.7132,  0.6897,  1.6340], device='cuda:0')
----------------------------------------------------
I:  tensor([-0.1490,  0.5868,  0.0000,  0.1517,  0.0000, -1.5945, -0.8125, -0.9819,
        -1.3332,  0.1479, -0.9540,  0.0000,  0.0000], device='cuda:0')
R:  tensor([-0.1360,  0.6159,  0.1355,  0.1388,  0.2891, -1.6044, -0.8024, -0.9882,
        -1.3437,  0.1743, -0.9474, -1.6723, -0.6793], device='cuda:0')
G:  tensor([-0.1490,  0.5868,  0.1224,  0.1517,  0.2990, -1.5945, -0.8125, -0.9819,
        -1.3332,  0.1479, -0.9540, -1.6832, -0.6907], device='cuda:0')
----------------------------------------------------
====> Epoch: 1400 Train loss: 0.1316 Val loss: 0.1848




-----------------TRAIN RESULT------------------
I:  tensor([ 0.0610, -0.5084,  0.0000,  0.0000,  0.5096,  0.0000,  0.9746, -0.6596,
         0.7693,  0.0000, -0.3398,  0.0000,  0.4398], device='cuda:0')
R:  tensor([-0.0089, -0.5233, -1.0160, -0.7593,  0.4646,  1.1222,  0.9861, -0.6671,
         0.8557,  0.0050, -0.3132,  1.0297,  0.3824], device='cuda:0',
       grad_fn=<UnbindBackward0>)
G:  tensor([ 0.0610, -0.5084, -0.9742, -0.7492,  0.5096,  1.1295,  0.9746, -0.6596,
         0.7693, -0.0078, -0.3398,  1.0428,  0.4398], device='cuda:0')
----------------------------------------------------
I:  tensor([-1.6807, -0.2481,  0.3417,  0.6321, -1.1053,  0.0000, -0.3406,  0.0000,
        -0.4221,  0.0000,  0.0000,  0.0000, -0.2130], device='cuda:0')
R:  tensor([-1.7679, -0.2914,  0.3340,  0.7284, -1.1711, -0.5865, -0.3455,  0.9928,
        -0.3782, -1.0271,  0.2296,  0.1629, -0.2481], device='cuda:0',
       grad_fn=<UnbindBackward0>)
G:  tensor([-1.6807, -0.2481,  0.3417,  0.6321, -1.1053, -0.5530, -0.3406,  0.9520,
        -0.4221, -0.9768,  0.1867,  0.1954, -0.2130], device='cuda:0')
----------------------------------------------------
I:  tensor([ 0.0610,  0.0000,  0.0000, -0.7492,  0.0000,  1.1295,  0.0000, -0.6596,
         0.7693, -0.0078,  0.0000,  1.0428,  0.4398], device='cuda:0')
R:  tensor([-0.0093, -0.5087, -0.9994, -0.7687,  0.4786,  1.0999,  0.9654, -0.6580,
         0.8388, -0.0072, -0.3115,  1.0191,  0.3891], device='cuda:0',
       grad_fn=<UnbindBackward0>)
G:  tensor([ 0.0610, -0.5084, -0.9742, -0.7492,  0.5096,  1.1295,  0.9746, -0.6596,
         0.7693, -0.0078, -0.3398,  1.0428,  0.4398], device='cuda:0')
----------------------------------------------------
---------------VALID RESULT------------------
I:  tensor([ 0.2092,  2.5616,  0.0000,  0.7522, -0.4733,  0.0000, -1.4048,  1.9995,
        -0.0717,  1.2293, -1.5683, -1.5984, -0.0697], device='cuda:0')
R:  tensor([ 0.2023,  2.5287, -0.1879,  0.7543, -0.4955, -0.8949, -1.4112,  1.9980,
        -0.0436,  1.2284, -1.5667, -1.5984, -0.0730], device='cuda:0')
G:  tensor([ 0.2092,  2.5616, -0.1700,  0.7522, -0.4733, -0.8895, -1.4048,  1.9995,
        -0.0717,  1.2293, -1.5683, -1.5984, -0.0697], device='cuda:0')
----------------------------------------------------
I:  tensor([ 1.1604,  0.0000, -0.3528, -0.6291,  0.5799,  0.9372,  1.5167, -0.3373,
         0.8569,  0.0000,  0.0000,  0.0000,  0.0000], device='cuda:0')
R:  tensor([ 1.1617, -0.5412, -0.3568, -0.6343,  0.5669,  0.9397,  1.5220, -0.3644,
         0.8885,  1.6670,  0.7233,  0.7140,  1.6359], device='cuda:0')
G:  tensor([ 1.1604, -0.5443, -0.3528, -0.6291,  0.5799,  0.9372,  1.5167, -0.3373,
         0.8569,  1.6619,  0.7132,  0.6897,  1.6340], device='cuda:0')
----------------------------------------------------
I:  tensor([-0.1490,  0.5868,  0.0000,  0.1517,  0.0000, -1.5945, -0.8125, -0.9819,
        -1.3332,  0.1479, -0.9540,  0.0000,  0.0000], device='cuda:0')
R:  tensor([-0.1519,  0.5681,  0.1096,  0.1292,  0.3049, -1.5781, -0.8066, -0.9867,
        -1.3182,  0.1560, -0.9666, -1.6855, -0.6866], device='cuda:0')
G:  tensor([-0.1490,  0.5868,  0.1224,  0.1517,  0.2990, -1.5945, -0.8125, -0.9819,
        -1.3332,  0.1479, -0.9540, -1.6832, -0.6907], device='cuda:0')
----------------------------------------------------
====> Epoch: 1500 Train loss: 0.1348 Val loss: 0.1949




-----------------TRAIN RESULT------------------
I:  tensor([ 0.0000,  0.1020,  0.3417,  0.0000, -0.1223,  0.4244,  0.0000, -0.1761,
        -0.4922,  0.0000, -0.6908,  1.0852,  0.0000], device='cuda:0')
R:  tensor([-0.8494,  0.0836,  0.3590,  0.5182, -0.0908,  0.4533,  0.1125, -0.1793,
        -0.5035, -0.9758, -0.7460,  1.0561, -0.9613], device='cuda:0',
       grad_fn=<UnbindBackward0>)
G:  tensor([-0.8160,  0.1020,  0.3417,  0.4519, -0.1223,  0.4244,  0.0811, -0.1761,
        -0.4922, -0.9768, -0.6908,  1.0852, -0.9837], device='cuda:0')
----------------------------------------------------
I:  tensor([ 0.0000, -0.7687,  0.0000,  0.0000,  0.0000, -0.1524,  0.4023,  0.0000,
        -0.0366, -0.0251,  0.9325,  0.2942,  1.6977], device='cuda:0')
R:  tensor([ 1.3819, -0.7718, -0.1383, -0.8442, -0.3186, -0.1184,  0.4306, -0.8338,
         0.0027,  0.0194,  0.9901,  0.2999,  1.7451], device='cuda:0',
       grad_fn=<UnbindBackward0>)
G:  tensor([ 1.3827, -0.7687, -0.1700, -0.8093, -0.3329, -0.1524,  0.4023, -0.8207,
        -0.0366, -0.0251,  0.9325,  0.2942,  1.6977], device='cuda:0')
----------------------------------------------------
I:  tensor([ 0.0000,  0.0000,  0.5976, -0.1486,  0.0000, -0.6491, -0.2804,  0.0000,
        -0.9827, -0.9119,  2.1610, -0.5391,  0.0000], device='cuda:0')
R:  tensor([-1.0539, -0.8176,  0.5922, -0.1363,  0.3828, -0.6299, -0.2667,  0.7269,
        -0.9436, -0.8658,  2.3320, -0.5591, -1.2440], device='cuda:0',
       grad_fn=<UnbindBackward0>)
G:  tensor([-1.0260, -0.7956,  0.5976, -0.1486,  0.2990, -0.6491, -0.2804,  0.7103,
        -0.9827, -0.9119,  2.1610, -0.5391, -1.2480], device='cuda:0')
----------------------------------------------------
---------------VALID RESULT------------------
I:  tensor([ 0.2092,  2.5616,  0.0000,  0.7522, -0.4733,  0.0000, -1.4048,  1.9995,
        -0.0717,  1.2293, -1.5683, -1.5984, -0.0697], device='cuda:0')
R:  tensor([ 0.2233,  2.5290, -0.1634,  0.7551, -0.4667, -0.8493, -1.3784,  1.9913,
        -0.0737,  1.2346, -1.5864, -1.5865, -0.0606], device='cuda:0')
G:  tensor([ 0.2092,  2.5616, -0.1700,  0.7522, -0.4733, -0.8895, -1.4048,  1.9995,
        -0.0717,  1.2293, -1.5683, -1.5984, -0.0697], device='cuda:0')
----------------------------------------------------
I:  tensor([ 1.1604,  0.0000, -0.3528, -0.6291,  0.5799,  0.9372,  1.5167, -0.3373,
         0.8569,  0.0000,  0.0000,  0.0000,  0.0000], device='cuda:0')
R:  tensor([ 1.1679, -0.5449, -0.3452, -0.6424,  0.6055,  0.9428,  1.4984, -0.3273,
         0.8675,  1.6343,  0.6841,  0.7064,  1.6355], device='cuda:0')
G:  tensor([ 1.1604, -0.5443, -0.3528, -0.6291,  0.5799,  0.9372,  1.5167, -0.3373,
         0.8569,  1.6619,  0.7132,  0.6897,  1.6340], device='cuda:0')
----------------------------------------------------
I:  tensor([-0.1490,  0.5868,  0.0000,  0.1517,  0.0000, -1.5945, -0.8125, -0.9819,
        -1.3332,  0.1479, -0.9540,  0.0000,  0.0000], device='cuda:0')
R:  tensor([-0.1750,  0.6021,  0.1391,  0.1685,  0.2979, -1.5786, -0.8108, -0.9724,
        -1.3400,  0.1450, -0.9416, -1.6844, -0.6846], device='cuda:0')
G:  tensor([-0.1490,  0.5868,  0.1224,  0.1517,  0.2990, -1.5945, -0.8125, -0.9819,
        -1.3332,  0.1479, -0.9540, -1.6832, -0.6907], device='cuda:0')
----------------------------------------------------
====> Epoch: 1600 Train loss: 0.1280 Val loss: 0.1915




-----------------TRAIN RESULT------------------
I:  tensor([ 0.7651,  2.3462, -0.0604,  0.1517, -0.5436, -0.4729, -1.2341,  0.8714,
        -1.0003, -0.2847, -0.2082, -0.7933,  0.0000], device='cuda:0')
R:  tensor([ 7.4103e-01,  2.4970e+00,  3.8388e-04,  2.9133e-01, -5.9535e-01,
        -5.2995e-01, -1.2937e+00,  9.0692e-01, -1.1319e+00, -2.7748e-01,
        -2.9617e-01, -8.1214e-01, -7.2085e-01], device='cuda:0',
       grad_fn=<UnbindBackward0>)
G:  tensor([ 0.7651,  2.3462, -0.0604,  0.1517, -0.5436, -0.4729, -1.2341,  0.8714,
        -1.0003, -0.2847, -0.2082, -0.7933, -0.6270], device='cuda:0')
----------------------------------------------------
I:  tensor([ 0.0000, -1.2983,  0.7804, -0.4489, -0.4031, -0.1524,  0.1814, -1.1430,
         0.0000,  0.0000, -0.7347,  0.6615, -0.7225], device='cuda:0')
R:  tensor([-1.4948, -1.2065,  0.7992, -0.3367, -0.4223, -0.1800,  0.1440, -1.0926,
         1.3133, -0.8874, -0.8405,  0.6305, -0.7798], device='cuda:0',
       grad_fn=<UnbindBackward0>)
G:  tensor([-1.4337, -1.2983,  0.7804, -0.4489, -0.4031, -0.1524,  0.1814, -1.1430,
         1.3300, -0.8686, -0.7347,  0.6615, -0.7225], device='cuda:0')
----------------------------------------------------
I:  tensor([ 0.0000,  0.2008,  0.0000,  0.1517, -0.7542, -1.4343,  0.0000,  0.0656,
         0.0000,  0.2344, -1.1295, -0.2001,  0.0000], device='cuda:0')
R:  tensor([ 0.4142,  0.2849, -0.0177,  0.2696, -0.7807, -1.4500, -1.5700,  0.0656,
        -1.7293,  0.2413, -1.2734, -0.2326,  0.0360], device='cuda:0',
       grad_fn=<UnbindBackward0>)
G:  tensor([ 0.4439,  0.2008, -0.0604,  0.1517, -0.7542, -1.4343, -1.5353,  0.0656,
        -1.6661,  0.2344, -1.1295, -0.2001,  0.1054], device='cuda:0')
----------------------------------------------------
---------------VALID RESULT------------------
I:  tensor([ 0.2092,  2.5616,  0.0000,  0.7522, -0.4733,  0.0000, -1.4048,  1.9995,
        -0.0717,  1.2293, -1.5683, -1.5984, -0.0697], device='cuda:0')
R:  tensor([ 0.1976,  2.5527, -0.1779,  0.7507, -0.4603, -0.8793, -1.4128,  2.0242,
        -0.0686,  1.2442, -1.5815, -1.5976, -0.1016], device='cuda:0')
G:  tensor([ 0.2092,  2.5616, -0.1700,  0.7522, -0.4733, -0.8895, -1.4048,  1.9995,
        -0.0717,  1.2293, -1.5683, -1.5984, -0.0697], device='cuda:0')
----------------------------------------------------
I:  tensor([ 1.1604,  0.0000, -0.3528, -0.6291,  0.5799,  0.9372,  1.5167, -0.3373,
         0.8569,  0.0000,  0.0000,  0.0000,  0.0000], device='cuda:0')
R:  tensor([ 1.1599, -0.5795, -0.3340, -0.6142,  0.5627,  0.9368,  1.5055, -0.3467,
         0.8555,  1.6599,  0.7004,  0.6839,  1.6186], device='cuda:0')
G:  tensor([ 1.1604, -0.5443, -0.3528, -0.6291,  0.5799,  0.9372,  1.5167, -0.3373,
         0.8569,  1.6619,  0.7132,  0.6897,  1.6340], device='cuda:0')
----------------------------------------------------
I:  tensor([-0.1490,  0.5868,  0.0000,  0.1517,  0.0000, -1.5945, -0.8125, -0.9819,
        -1.3332,  0.1479, -0.9540,  0.0000,  0.0000], device='cuda:0')
R:  tensor([-0.1580,  0.5637,  0.0874,  0.1482,  0.3072, -1.6038, -0.8210, -0.9647,
        -1.3258,  0.1262, -0.9665, -1.7055, -0.6972], device='cuda:0')
G:  tensor([-0.1490,  0.5868,  0.1224,  0.1517,  0.2990, -1.5945, -0.8125, -0.9819,
        -1.3332,  0.1479, -0.9540, -1.6832, -0.6907], device='cuda:0')
----------------------------------------------------
====> Epoch: 1700 Train loss: 0.1319 Val loss: 0.1924




-----------------TRAIN RESULT------------------
I:  tensor([ 0.8886,  0.0000,  0.4879,  0.0000,  0.5799,  1.7704,  1.6472,  0.0000,
         0.0000,  0.7535, -0.2959,  0.0000,  1.7136], device='cuda:0')
R:  tensor([ 0.8680, -0.8054,  0.4906, -0.7268,  0.6013,  1.7198,  1.5950, -1.3336,
         0.7561,  0.8289, -0.3400,  0.3205,  1.6326], device='cuda:0',
       grad_fn=<UnbindBackward0>)
G:  tensor([ 0.8886, -0.8136,  0.4879, -0.8393,  0.5799,  1.7704,  1.6472, -1.3848,
         0.7869,  0.7535, -0.2959,  0.3649,  1.7136], device='cuda:0')
----------------------------------------------------
I:  tensor([ 0.9627,  0.3803, -0.2431,  0.0000,  0.0000, -1.5144, -1.3546,  0.3880,
        -0.9827,  1.9560,  0.0000,  0.0000, -0.4200], device='cuda:0')
R:  tensor([ 0.9348,  0.3264, -0.2276,  0.8096, -0.7421, -1.5330, -1.3870,  0.4426,
        -1.0331,  2.0324, -1.1486, -1.3616, -0.4423], device='cuda:0',
       grad_fn=<UnbindBackward0>)
G:  tensor([ 0.9627,  0.3803, -0.2431,  0.7522, -0.6840, -1.5144, -1.3546,  0.3880,
        -0.9827,  1.9560, -1.1295, -1.3160, -0.4200], device='cuda:0')
----------------------------------------------------
I:  tensor([-2.4342, -0.7418, -0.6087,  0.6021, -1.0351,  0.2642,  0.0000,  1.2743,
         0.7343,  0.0000,  0.0000,  0.3649,  0.0000], device='cuda:0')
R:  tensor([-2.3691, -0.7574, -0.5807,  0.6741, -1.0988,  0.2258,  0.0863,  1.3313,
         0.6553, -1.3991,  3.3741,  0.3431, -1.0624], device='cuda:0',
       grad_fn=<UnbindBackward0>)
G:  tensor([-2.4342, -0.7418, -0.6087,  0.6021, -1.0351,  0.2642,  0.1413,  1.2743,
         0.7343, -1.3661,  3.3017,  0.3649, -1.0824], device='cuda:0')
----------------------------------------------------
---------------VALID RESULT------------------
I:  tensor([ 0.2092,  2.5616,  0.0000,  0.7522, -0.4733,  0.0000, -1.4048,  1.9995,
        -0.0717,  1.2293, -1.5683, -1.5984, -0.0697], device='cuda:0')
R:  tensor([ 0.2100,  2.5408, -0.1802,  0.7368, -0.4642, -0.8770, -1.3900,  1.9850,
        -0.0677,  1.2278, -1.5817, -1.5945, -0.0703], device='cuda:0')
G:  tensor([ 0.2092,  2.5616, -0.1700,  0.7522, -0.4733, -0.8895, -1.4048,  1.9995,
        -0.0717,  1.2293, -1.5683, -1.5984, -0.0697], device='cuda:0')
----------------------------------------------------
I:  tensor([ 1.1604,  0.0000, -0.3528, -0.6291,  0.5799,  0.9372,  1.5167, -0.3373,
         0.8569,  0.0000,  0.0000,  0.0000,  0.0000], device='cuda:0')
R:  tensor([ 1.1571, -0.5401, -0.3626, -0.6197,  0.5518,  0.9259,  1.5098, -0.3673,
         0.8509,  1.6486,  0.7060,  0.6748,  1.5980], device='cuda:0')
G:  tensor([ 1.1604, -0.5443, -0.3528, -0.6291,  0.5799,  0.9372,  1.5167, -0.3373,
         0.8569,  1.6619,  0.7132,  0.6897,  1.6340], device='cuda:0')
----------------------------------------------------
I:  tensor([-0.1490,  0.5868,  0.0000,  0.1517,  0.0000, -1.5945, -0.8125, -0.9819,
        -1.3332,  0.1479, -0.9540,  0.0000,  0.0000], device='cuda:0')
R:  tensor([-0.1605,  0.6233,  0.1318,  0.1686,  0.2801, -1.5852, -0.8155, -0.9543,
        -1.3320,  0.1397, -0.9536, -1.6716, -0.6819], device='cuda:0')
G:  tensor([-0.1490,  0.5868,  0.1224,  0.1517,  0.2990, -1.5945, -0.8125, -0.9819,
        -1.3332,  0.1479, -0.9540, -1.6832, -0.6907], device='cuda:0')
----------------------------------------------------
====> Epoch: 1800 Train loss: 0.1211 Val loss: 0.1753




-----------------TRAIN RESULT------------------
I:  tensor([-0.7790,  0.0000, -0.7549, -0.1486, -0.8946,  0.0000,  1.0750,  0.0000,
         0.0000, -0.2630,  1.1519,  0.3649,  0.0000], device='cuda:0')
R:  tensor([-0.8005, -1.0748, -0.7740, -0.1362, -0.8600,  1.9692,  1.0817, -1.4069,
         0.5251, -0.2488,  1.1506,  0.3973, -1.0575], device='cuda:0',
       grad_fn=<UnbindBackward0>)
G:  tensor([-0.7790, -1.0829, -0.7549, -0.1486, -0.8946,  1.9306,  1.0750, -1.3848,
         0.4890, -0.2630,  1.1519,  0.3649, -1.0410], device='cuda:0')
----------------------------------------------------
I:  tensor([ 0.2957,  0.0000,  0.0000, -0.5991,  0.2288,  0.0000,  0.6031, -0.3373,
         0.0000, -0.3020, -0.6030,  0.5485,  0.0000], device='cuda:0')
R:  tensor([ 0.3375,  1.5048, -0.2437, -0.5429,  0.2439,  0.5926,  0.6253, -0.3705,
         0.1239, -0.2780, -0.6181,  0.5583, -0.2219], device='cuda:0',
       grad_fn=<UnbindBackward0>)
G:  tensor([ 0.2957,  1.4754, -0.2797, -0.5991,  0.2288,  0.5526,  0.6031, -0.3373,
         0.1211, -0.3020, -0.6030,  0.5485, -0.2130], device='cuda:0')
----------------------------------------------------
I:  tensor([-0.2849,  0.0482, -0.3162,  0.0000, -0.9648, -1.4503,  0.0000,  0.0000,
        -1.6661,  0.0000,  0.0000, -1.3866, -0.8818], device='cuda:0')
R:  tensor([-0.2564,  0.0784, -0.2806,  0.0219, -0.9200, -1.4112, -1.5112,  0.8573,
        -1.7014,  2.0886, -1.6826, -1.3411, -0.8840], device='cuda:0',
       grad_fn=<UnbindBackward0>)
G:  tensor([-2.8487e-01,  4.8161e-02, -3.1625e-01,  1.5183e-03, -9.6484e-01,
        -1.4503e+00, -1.5253e+00,  9.5200e-01, -1.6661e+00,  2.0945e+00,
        -1.6999e+00, -1.3866e+00, -8.8176e-01], device='cuda:0')
----------------------------------------------------
---------------VALID RESULT------------------
I:  tensor([ 0.2092,  2.5616,  0.0000,  0.7522, -0.4733,  0.0000, -1.4048,  1.9995,
        -0.0717,  1.2293, -1.5683, -1.5984, -0.0697], device='cuda:0')
R:  tensor([ 0.2285,  2.5490, -0.1723,  0.7646, -0.4810, -0.8757, -1.4007,  1.9676,
        -0.0648,  1.2548, -1.5781, -1.6043, -0.0726], device='cuda:0')
G:  tensor([ 0.2092,  2.5616, -0.1700,  0.7522, -0.4733, -0.8895, -1.4048,  1.9995,
        -0.0717,  1.2293, -1.5683, -1.5984, -0.0697], device='cuda:0')
----------------------------------------------------
I:  tensor([ 1.1604,  0.0000, -0.3528, -0.6291,  0.5799,  0.9372,  1.5167, -0.3373,
         0.8569,  0.0000,  0.0000,  0.0000,  0.0000], device='cuda:0')
R:  tensor([ 1.1514, -0.5268, -0.3578, -0.6337,  0.5868,  0.9487,  1.5202, -0.3477,
         0.8637,  1.6492,  0.6815,  0.6996,  1.6370], device='cuda:0')
G:  tensor([ 1.1604, -0.5443, -0.3528, -0.6291,  0.5799,  0.9372,  1.5167, -0.3373,
         0.8569,  1.6619,  0.7132,  0.6897,  1.6340], device='cuda:0')
----------------------------------------------------
I:  tensor([-0.1490,  0.5868,  0.0000,  0.1517,  0.0000, -1.5945, -0.8125, -0.9819,
        -1.3332,  0.1479, -0.9540,  0.0000,  0.0000], device='cuda:0')
R:  tensor([-0.1215,  0.5926,  0.1163,  0.1507,  0.3144, -1.5994, -0.8148, -0.9846,
        -1.3604,  0.1562, -0.9754, -1.6910, -0.6786], device='cuda:0')
G:  tensor([-0.1490,  0.5868,  0.1224,  0.1517,  0.2990, -1.5945, -0.8125, -0.9819,
        -1.3332,  0.1479, -0.9540, -1.6832, -0.6907], device='cuda:0')
----------------------------------------------------
====> Epoch: 1900 Train loss: 0.1186 Val loss: 0.1755




-----------------TRAIN RESULT------------------
I:  tensor([ 0.6169,  0.7035,  0.9266,  0.0000,  1.6331, -1.4343, -0.4611, -1.1430,
        -0.5973,  0.0000,  0.0000, -1.8527, -0.7862], device='cuda:0')
R:  tensor([ 0.6638,  0.7109,  0.8556,  1.3039,  1.7215, -1.4838, -0.4849, -1.2356,
        -0.6102,  1.5243, -1.6851, -1.9108, -0.8177], device='cuda:0',
       grad_fn=<UnbindBackward0>)
G:  tensor([ 0.6169,  0.7035,  0.9266,  1.3528,  1.6331, -1.4343, -0.4611, -1.1430,
        -0.5973,  1.5321, -1.6121, -1.8527, -0.7862], device='cuda:0')
----------------------------------------------------
I:  tensor([ 0.0000,  0.8381,  0.0000,  0.0000,  0.4394, -1.0337, -1.4349,  1.9189,
        -1.1054,  0.2258,  0.0000,  0.0000, -0.5633], device='cuda:0')
R:  tensor([-0.1672,  0.8426,  0.7244,  0.7189,  0.5071, -1.0623, -1.4470,  1.8889,
        -1.1807,  0.2133, -0.3814, -0.7404, -0.5614], device='cuda:0',
       grad_fn=<UnbindBackward0>)
G:  tensor([-0.1861,  0.8381,  0.7804,  0.7522,  0.4394, -1.0337, -1.4349,  1.9189,
        -1.1054,  0.2258, -0.3837, -0.7086, -0.5633], device='cuda:0')
----------------------------------------------------
I:  tensor([-0.5196,  0.0000,  0.0000,  0.1517,  0.2288, -1.3061,  0.0000,  1.3549,
        -0.3345,  0.0000,  0.0000, -1.4996, -0.3404], device='cuda:0')
R:  tensor([-0.5257, -0.9938, -1.0179,  0.1218,  0.2959, -1.3248, -1.4726,  1.3115,
        -0.3544,  1.1319, -1.7251, -1.5374, -0.3507], device='cuda:0',
       grad_fn=<UnbindBackward0>)
G:  tensor([-0.5196, -0.9393, -0.9742,  0.1517,  0.2288, -1.3061, -1.4550,  1.3549,
        -0.3345,  1.0996, -1.6560, -1.4996, -0.3404], device='cuda:0')
----------------------------------------------------
---------------VALID RESULT------------------
I:  tensor([ 0.2092,  2.5616,  0.0000,  0.7522, -0.4733,  0.0000, -1.4048,  1.9995,
        -0.0717,  1.2293, -1.5683, -1.5984, -0.0697], device='cuda:0')
R:  tensor([ 0.1866,  2.5889, -0.1861,  0.7458, -0.4765, -0.9185, -1.4179,  2.0318,
        -0.0719,  1.2225, -1.5709, -1.6157, -0.0681], device='cuda:0')
G:  tensor([ 0.2092,  2.5616, -0.1700,  0.7522, -0.4733, -0.8895, -1.4048,  1.9995,
        -0.0717,  1.2293, -1.5683, -1.5984, -0.0697], device='cuda:0')
----------------------------------------------------
I:  tensor([ 1.1604,  0.0000, -0.3528, -0.6291,  0.5799,  0.9372,  1.5167, -0.3373,
         0.8569,  0.0000,  0.0000,  0.0000,  0.0000], device='cuda:0')
R:  tensor([ 1.1574, -0.5366, -0.3561, -0.6406,  0.5412,  0.9208,  1.4993, -0.3113,
         0.8270,  1.6756,  0.6891,  0.6684,  1.5957], device='cuda:0')
G:  tensor([ 1.1604, -0.5443, -0.3528, -0.6291,  0.5799,  0.9372,  1.5167, -0.3373,
         0.8569,  1.6619,  0.7132,  0.6897,  1.6340], device='cuda:0')
----------------------------------------------------
I:  tensor([-0.1490,  0.5868,  0.0000,  0.1517,  0.0000, -1.5945, -0.8125, -0.9819,
        -1.3332,  0.1479, -0.9540,  0.0000,  0.0000], device='cuda:0')
R:  tensor([-0.1324,  0.5870,  0.1262,  0.1508,  0.3157, -1.6243, -0.8285, -1.0007,
        -1.3427,  0.1475, -0.9881, -1.6962, -0.6863], device='cuda:0')
G:  tensor([-0.1490,  0.5868,  0.1224,  0.1517,  0.2990, -1.5945, -0.8125, -0.9819,
        -1.3332,  0.1479, -0.9540, -1.6832, -0.6907], device='cuda:0')
----------------------------------------------------
====> Epoch: 2000 Train loss: 0.1444 Val loss: 0.2199




-----------------TRAIN RESULT------------------
I:  tensor([ 0.4933,  2.0320,  1.8038,  1.6531,  0.0000, -0.5049, -1.0735, -0.7401,
        -0.8426,  1.4889,  0.0000, -0.9770, -0.3722], device='cuda:0')
R:  tensor([ 0.5667,  1.9348,  1.7147,  1.6120,  0.8033, -0.4994, -1.1039, -0.7514,
        -0.8500,  1.6088, -1.2824, -1.0311, -0.2849], device='cuda:0',
       grad_fn=<UnbindBackward0>)
G:  tensor([ 0.4933,  2.0320,  1.8038,  1.6531,  0.8607, -0.5049, -1.0735, -0.7401,
        -0.8426,  1.4889, -1.2611, -0.9770, -0.3722], device='cuda:0')
----------------------------------------------------
I:  tensor([ 0.0000, -0.8854, -0.3528, -1.0495,  0.0000,  0.0000,  1.1252, -1.1430,
         0.4540,  0.0000,  0.2306,  1.3253,  0.0000], device='cuda:0')
R:  tensor([ 1.1355, -0.8974, -0.3813, -1.1577, -0.0835,  1.1037,  1.1193, -1.1780,
         0.4242,  0.9778,  0.2058,  1.3583,  1.0104], device='cuda:0',
       grad_fn=<UnbindBackward0>)
G:  tensor([ 1.0616, -0.8854, -0.3528, -1.0495, -0.1223,  1.0974,  1.1252, -1.1430,
         0.4540,  0.9352,  0.2306,  1.3253,  0.9493], device='cuda:0')
----------------------------------------------------
I:  tensor([ 0.0000, -0.6251,  0.0000, -1.6500, -0.1925,  0.8090,  0.9545,  0.0000,
         0.6817,  0.0614,  0.5377,  0.0000,  0.0000], device='cuda:0')
R:  tensor([ 2.2193, -0.5829, -0.7504, -1.7861, -0.1850,  0.7929,  0.9162, -0.6019,
         0.6785,  0.1839,  0.4886,  0.3509,  1.0898], device='cuda:0',
       grad_fn=<UnbindBackward0>)
G:  tensor([ 2.2598, -0.6251, -0.7183, -1.6500, -0.1925,  0.8090,  0.9545, -0.5790,
         0.6817,  0.0614,  0.5377,  0.3366,  0.9493], device='cuda:0')
----------------------------------------------------
---------------VALID RESULT------------------
I:  tensor([ 0.2092,  2.5616,  0.0000,  0.7522, -0.4733,  0.0000, -1.4048,  1.9995,
        -0.0717,  1.2293, -1.5683, -1.5984, -0.0697], device='cuda:0')
R:  tensor([ 0.2432,  2.5362, -0.1811,  0.7399, -0.4802, -0.8745, -1.4003,  1.9808,
        -0.0892,  1.2546, -1.6067, -1.5864, -0.0329], device='cuda:0')
G:  tensor([ 0.2092,  2.5616, -0.1700,  0.7522, -0.4733, -0.8895, -1.4048,  1.9995,
        -0.0717,  1.2293, -1.5683, -1.5984, -0.0697], device='cuda:0')
----------------------------------------------------
I:  tensor([ 1.1604,  0.0000, -0.3528, -0.6291,  0.5799,  0.9372,  1.5167, -0.3373,
         0.8569,  0.0000,  0.0000,  0.0000,  0.0000], device='cuda:0')
R:  tensor([ 1.1606, -0.5506, -0.3527, -0.6330,  0.5951,  0.9605,  1.5058, -0.3196,
         0.8395,  1.6418,  0.6691,  0.6772,  1.6295], device='cuda:0')
G:  tensor([ 1.1604, -0.5443, -0.3528, -0.6291,  0.5799,  0.9372,  1.5167, -0.3373,
         0.8569,  1.6619,  0.7132,  0.6897,  1.6340], device='cuda:0')
----------------------------------------------------
I:  tensor([-0.1490,  0.5868,  0.0000,  0.1517,  0.0000, -1.5945, -0.8125, -0.9819,
        -1.3332,  0.1479, -0.9540,  0.0000,  0.0000], device='cuda:0')
R:  tensor([-0.1558,  0.5949,  0.1101,  0.1458,  0.2928, -1.5626, -0.8045, -0.9600,
        -1.2870,  0.1425, -0.9360, -1.6566, -0.6672], device='cuda:0')
G:  tensor([-0.1490,  0.5868,  0.1224,  0.1517,  0.2990, -1.5945, -0.8125, -0.9819,
        -1.3332,  0.1479, -0.9540, -1.6832, -0.6907], device='cuda:0')
----------------------------------------------------
====> Epoch: 2100 Train loss: 0.1556 Val loss: 0.2050




-----------------TRAIN RESULT------------------
I:  tensor([-0.4949, -0.8944, -1.7053,  0.0000, -0.8244, -1.3542,  0.0000,  0.0000,
        -0.4221, -1.1282,  0.0000,  0.2236, -0.5888], device='cuda:0')
R:  tensor([-0.5265, -0.8913, -1.7248, -0.2743, -0.8711, -1.4044, -0.7193, -0.5573,
        -0.4457, -1.1822,  0.3304,  0.1991, -0.6574], device='cuda:0',
       grad_fn=<UnbindBackward0>)
G:  tensor([-0.4949, -0.8944, -1.7053, -0.2988, -0.8244, -1.3542, -0.6719, -0.5790,
        -0.4221, -1.1282,  0.3622,  0.2236, -0.5888], device='cuda:0')
----------------------------------------------------
I:  tensor([ 0.0000,  0.0000, -0.6087,  0.0000,  4.3714,  0.3283,  0.2417, -0.3373,
         2.9594,  0.0000,  0.8887,  0.0259,  0.6054], device='cuda:0')
R:  tensor([-0.7375, -0.7089, -0.6442, -0.1144,  4.3722,  0.2982,  0.1915, -0.3320,
         2.9212, -1.0845,  0.8798,  0.0257,  0.5380], device='cuda:0',
       grad_fn=<UnbindBackward0>)
G:  tensor([-0.6555, -0.7328, -0.6087, -0.1486,  4.3714,  0.3283,  0.2417, -0.3373,
         2.9594, -1.0633,  0.8887,  0.0259,  0.6054], device='cuda:0')
----------------------------------------------------
I:  tensor([ 0.9133,  0.0000, -0.4259,  0.0000,  1.2820,  0.0000,  0.0000, -1.2236,
         0.0000,  0.3426, -0.1643,  0.8310,  0.9971], device='cuda:0')
R:  tensor([ 0.8444, -0.5990, -0.4278, -0.8499,  1.2442,  0.4158,  0.7941, -1.2020,
         0.0046,  0.2964, -0.2120,  0.8131,  0.9037], device='cuda:0',
       grad_fn=<UnbindBackward0>)
G:  tensor([ 0.9133, -0.5982, -0.4259, -0.9294,  1.2820,  0.4885,  0.8742, -1.2236,
         0.0510,  0.3426, -0.1643,  0.8310,  0.9971], device='cuda:0')
----------------------------------------------------
---------------VALID RESULT------------------
I:  tensor([ 0.2092,  2.5616,  0.0000,  0.7522, -0.4733,  0.0000, -1.4048,  1.9995,
        -0.0717,  1.2293, -1.5683, -1.5984, -0.0697], device='cuda:0')
R:  tensor([ 0.1871,  2.5409, -0.1570,  0.7805, -0.4610, -0.8959, -1.4187,  2.0109,
        -0.0694,  1.2277, -1.5716, -1.6036, -0.0704], device='cuda:0')
G:  tensor([ 0.2092,  2.5616, -0.1700,  0.7522, -0.4733, -0.8895, -1.4048,  1.9995,
        -0.0717,  1.2293, -1.5683, -1.5984, -0.0697], device='cuda:0')
----------------------------------------------------
I:  tensor([ 1.1604,  0.0000, -0.3528, -0.6291,  0.5799,  0.9372,  1.5167, -0.3373,
         0.8569,  0.0000,  0.0000,  0.0000,  0.0000], device='cuda:0')
R:  tensor([ 1.1558, -0.5375, -0.3768, -0.6145,  0.5743,  0.9014,  1.4862, -0.3223,
         0.8358,  1.6847,  0.6950,  0.6929,  1.6121], device='cuda:0')
G:  tensor([ 1.1604, -0.5443, -0.3528, -0.6291,  0.5799,  0.9372,  1.5167, -0.3373,
         0.8569,  1.6619,  0.7132,  0.6897,  1.6340], device='cuda:0')
----------------------------------------------------
I:  tensor([-0.1490,  0.5868,  0.0000,  0.1517,  0.0000, -1.5945, -0.8125, -0.9819,
        -1.3332,  0.1479, -0.9540,  0.0000,  0.0000], device='cuda:0')
R:  tensor([-0.1221,  0.5976,  0.1163,  0.1351,  0.3035, -1.6030, -0.8187, -0.9810,
        -1.3404,  0.1603, -0.9762, -1.6958, -0.6761], device='cuda:0')
G:  tensor([-0.1490,  0.5868,  0.1224,  0.1517,  0.2990, -1.5945, -0.8125, -0.9819,
        -1.3332,  0.1479, -0.9540, -1.6832, -0.6907], device='cuda:0')
----------------------------------------------------
====> Epoch: 2200 Train loss: 0.1200 Val loss: 0.1793




-----------------TRAIN RESULT------------------
I:  tensor([ 0.1351,  0.0000,  1.4018,  1.8032,  1.1416, -0.1524, -0.7522,  0.0000,
        -0.0541,  0.0000, -1.5244, -1.8103, -1.0251], device='cuda:0')
R:  tensor([ 0.1718, -0.3944,  1.4239,  1.9255,  1.1603, -0.1606, -0.7796, -0.8148,
        -0.0705,  0.9241, -1.5910, -1.8647, -1.0325], device='cuda:0',
       grad_fn=<UnbindBackward0>)
G:  tensor([ 0.1351, -0.3917,  1.4018,  1.8032,  1.1416, -0.1524, -0.7522, -0.8207,
        -0.0541,  0.8833, -1.5244, -1.8103, -1.0251], device='cuda:0')
----------------------------------------------------
I:  tensor([ 0.2092,  0.0000,  0.0127,  0.0000,  1.4224,  0.0000, -1.3546,  0.0000,
        -0.2293,  1.8349, -1.5683, -1.4007,  0.0000], device='cuda:0')
R:  tensor([ 0.2519,  0.2411,  0.0695,  0.1904,  1.4158, -1.0807, -1.3893,  1.4258,
        -0.2843,  1.8917, -1.6520, -1.4734,  0.2888], device='cuda:0',
       grad_fn=<UnbindBackward0>)
G:  tensor([ 0.2092,  0.2277,  0.0127,  0.1517,  1.4224, -1.0337, -1.3546,  1.3549,
        -0.2293,  1.8349, -1.5683, -1.4007,  0.2965], device='cuda:0')
----------------------------------------------------
I:  tensor([ 1.5063,  1.4844,  0.5245,  0.0000,  0.0000,  0.0000,  1.0147, -1.3042,
         0.8569,  0.0181, -0.2959,  0.0000,  0.0000], device='cuda:0')
R:  tensor([ 1.5583,  1.4114,  0.5660, -1.8295,  2.0470,  1.1371,  0.9489, -1.2906,
         0.8409,  0.0064, -0.3026,  1.3055,  0.1217], device='cuda:0',
       grad_fn=<UnbindBackward0>)
G:  tensor([ 1.5063,  1.4844,  0.5245, -1.8903,  1.9841,  1.1295,  1.0147, -1.3042,
         0.8569,  0.0181, -0.2959,  1.2971,  0.0417], device='cuda:0')
----------------------------------------------------
---------------VALID RESULT------------------
I:  tensor([ 0.2092,  2.5616,  0.0000,  0.7522, -0.4733,  0.0000, -1.4048,  1.9995,
        -0.0717,  1.2293, -1.5683, -1.5984, -0.0697], device='cuda:0')
R:  tensor([ 0.2334,  2.5490, -0.1716,  0.7330, -0.4760, -0.8693, -1.3931,  2.0207,
        -0.0678,  1.2411, -1.5604, -1.5871, -0.0673], device='cuda:0')
G:  tensor([ 0.2092,  2.5616, -0.1700,  0.7522, -0.4733, -0.8895, -1.4048,  1.9995,
        -0.0717,  1.2293, -1.5683, -1.5984, -0.0697], device='cuda:0')
----------------------------------------------------
I:  tensor([ 1.1604,  0.0000, -0.3528, -0.6291,  0.5799,  0.9372,  1.5167, -0.3373,
         0.8569,  0.0000,  0.0000,  0.0000,  0.0000], device='cuda:0')
R:  tensor([ 1.1429, -0.5368, -0.3447, -0.6173,  0.5957,  0.9318,  1.4927, -0.3346,
         0.8555,  1.6599,  0.7310,  0.6966,  1.6319], device='cuda:0')
G:  tensor([ 1.1604, -0.5443, -0.3528, -0.6291,  0.5799,  0.9372,  1.5167, -0.3373,
         0.8569,  1.6619,  0.7132,  0.6897,  1.6340], device='cuda:0')
----------------------------------------------------
I:  tensor([-0.1490,  0.5868,  0.0000,  0.1517,  0.0000, -1.5945, -0.8125, -0.9819,
        -1.3332,  0.1479, -0.9540,  0.0000,  0.0000], device='cuda:0')
R:  tensor([-0.1368,  0.5824,  0.1467,  0.1424,  0.2986, -1.6046, -0.8054, -0.9926,
        -1.3333,  0.1540, -0.9602, -1.6825, -0.7004], device='cuda:0')
G:  tensor([-0.1490,  0.5868,  0.1224,  0.1517,  0.2990, -1.5945, -0.8125, -0.9819,
        -1.3332,  0.1479, -0.9540, -1.6832, -0.6907], device='cuda:0')
----------------------------------------------------
====> Epoch: 2300 Train loss: 0.1252 Val loss: 0.1797




-----------------TRAIN RESULT------------------
I:  tensor([-1.4707, -0.1942,  1.3652,  0.6021,  0.0000, -1.1138, -1.0434, -1.7877,
        -0.0541, -1.1066, -0.0327, -0.4967,  0.0000], device='cuda:0')
R:  tensor([-1.4064, -0.2172,  1.3787,  0.6201,  2.3411, -1.1074, -1.1159, -1.7934,
        -0.1361, -1.0635, -0.0392, -0.5332, -0.3789], device='cuda:0',
       grad_fn=<UnbindBackward0>)
G:  tensor([-1.4707, -0.1942,  1.3652,  0.6021,  2.4054, -1.1138, -1.0434, -1.7877,
        -0.0541, -1.1066, -0.0327, -0.4967, -0.3882], device='cuda:0')
----------------------------------------------------
I:  tensor([-1.2854,  0.0000, -0.2431,  0.0000,  0.0884,  1.7383,  0.0000, -1.8682,
         0.1036, -0.7994,  0.0000,  0.0000,  0.4430], device='cuda:0')
R:  tensor([-1.2359, -1.1963, -0.2103,  0.5006,  0.0843,  1.7072,  0.0658, -1.9016,
         0.0650, -0.7486,  0.1208,  0.7409,  0.4854], device='cuda:0',
       grad_fn=<UnbindBackward0>)
G:  tensor([-1.2854, -1.1188, -0.2431,  0.4519,  0.0884,  1.7383,  0.1112, -1.8682,
         0.1036, -0.7994,  0.1428,  0.7321,  0.4430], device='cuda:0')
----------------------------------------------------
I:  tensor([ 0.0000,  0.9817, -1.3397,  0.0000, -0.8946, -0.4729,  0.0000,  0.0656,
         0.4890,  0.0000, -0.1204,  0.0000, -0.5824], device='cuda:0')
R:  tensor([-1.1605,  0.9382, -1.2700, -0.1068, -0.8684, -0.4624, -0.4480,  0.1588,
         0.3768, -1.5690, -0.1468,  0.6276, -0.5379], device='cuda:0',
       grad_fn=<UnbindBackward0>)
G:  tensor([-1.2360,  0.9817, -1.3397, -0.1486, -0.8946, -0.4729, -0.3908,  0.0656,
         0.4890, -1.6343, -0.1204,  0.6191, -0.5824], device='cuda:0')
----------------------------------------------------
---------------VALID RESULT------------------
I:  tensor([ 0.2092,  2.5616,  0.0000,  0.7522, -0.4733,  0.0000, -1.4048,  1.9995,
        -0.0717,  1.2293, -1.5683, -1.5984, -0.0697], device='cuda:0')
R:  tensor([ 0.2314,  2.5530, -0.1743,  0.7514, -0.4641, -0.8921, -1.4194,  2.0208,
        -0.0900,  1.2431, -1.5687, -1.5858, -0.0632], device='cuda:0')
G:  tensor([ 0.2092,  2.5616, -0.1700,  0.7522, -0.4733, -0.8895, -1.4048,  1.9995,
        -0.0717,  1.2293, -1.5683, -1.5984, -0.0697], device='cuda:0')
----------------------------------------------------
I:  tensor([ 1.1604,  0.0000, -0.3528, -0.6291,  0.5799,  0.9372,  1.5167, -0.3373,
         0.8569,  0.0000,  0.0000,  0.0000,  0.0000], device='cuda:0')
R:  tensor([ 1.1614, -0.5300, -0.3548, -0.6571,  0.5785,  0.9060,  1.5062, -0.3472,
         0.8453,  1.6670,  0.7124,  0.6863,  1.6466], device='cuda:0')
G:  tensor([ 1.1604, -0.5443, -0.3528, -0.6291,  0.5799,  0.9372,  1.5167, -0.3373,
         0.8569,  1.6619,  0.7132,  0.6897,  1.6340], device='cuda:0')
----------------------------------------------------
I:  tensor([-0.1490,  0.5868,  0.0000,  0.1517,  0.0000, -1.5945, -0.8125, -0.9819,
        -1.3332,  0.1479, -0.9540,  0.0000,  0.0000], device='cuda:0')
R:  tensor([-0.1290,  0.5690,  0.1214,  0.1436,  0.2906, -1.6132, -0.8183, -0.9759,
        -1.3306,  0.1559, -0.9607, -1.6765, -0.6747], device='cuda:0')
G:  tensor([-0.1490,  0.5868,  0.1224,  0.1517,  0.2990, -1.5945, -0.8125, -0.9819,
        -1.3332,  0.1479, -0.9540, -1.6832, -0.6907], device='cuda:0')
----------------------------------------------------
====> Epoch: 2400 Train loss: 0.1211 Val loss: 0.1697




-----------------TRAIN RESULT------------------
I:  tensor([ 0.3328,  1.7447,  0.0000,  0.0000,  0.0000, -1.1298, -1.3446,  0.5491,
        -0.4221,  2.2242, -1.6121, -1.4854,  0.0000], device='cuda:0')
R:  tensor([ 0.3148,  1.6661, -0.3771,  0.1936,  1.3836, -1.0955, -1.3648,  0.5957,
        -0.4524,  2.1870, -1.5891, -1.4834,  0.2301], device='cuda:0',
       grad_fn=<UnbindBackward0>)
G:  tensor([ 0.3328,  1.7447, -0.3894,  0.1517,  1.4224, -1.1298, -1.3446,  0.5491,
        -0.4221,  2.2242, -1.6121, -1.4854,  0.2806], device='cuda:0')
----------------------------------------------------
I:  tensor([ 0.0000,  0.0000,  0.1224,  0.1517,  0.2990, -1.5945,  0.0000,  0.0000,
        -1.3332,  0.1479, -0.9540, -1.6832,  0.0000], device='cuda:0')
R:  tensor([-0.1663,  0.5521,  0.1373,  0.1551,  0.2906, -1.6071, -0.8572, -0.9610,
        -1.3982,  0.0885, -0.9705, -1.6507, -0.7626], device='cuda:0',
       grad_fn=<UnbindBackward0>)
G:  tensor([-0.1490,  0.5868,  0.1224,  0.1517,  0.2990, -1.5945, -0.8125, -0.9819,
        -1.3332,  0.1479, -0.9540, -1.6832, -0.6907], device='cuda:0')
----------------------------------------------------
I:  tensor([-1.7178,  0.0000,  0.0000,  0.1517, -0.4031,  0.7129,  0.8943, -0.5790,
         0.0000, -1.0417,  0.0000,  0.9157, -0.2130], device='cuda:0')