/local_datasets/hi-vae
/data/kayoung/anaconda3/envs/hi-vae/bin/python
augi2
Using device:  cuda
-----------------SETTINGS-------------------
f : None
max_remove_count : 8
new_num_per_origin : 500
epochs : 10000
val_size : 0.2
test_size : 0.1
random_state : 328
H : 1024
H2 : 512
latent_dim : 3
batch_size : 1024
device : cuda
--------------------------------------------
the number of parameters: 1614938
----------------------------------------------------
step_size: 500
gamma: 0.8
----------------------------------------------------
-----------------TRAIN RESULT------------------
I:  tensor([ 0.0000,  0.0000, -0.2431,  0.7522,  0.0000,  0.0000, -1.3546,  0.3880,
         0.0000,  0.0000,  0.0000, -1.3160, -0.4200], device='cuda:0')
R:  tensor([-0.1664,  0.4552, -0.2386,  0.2098, -0.8663, -1.3892, -1.4613,  0.5130,
        -1.3004,  2.1123, -1.3882, -1.3786, -0.4805], device='cuda:0',
       grad_fn=<UnbindBackward0>)
G:  tensor([ 0.9627,  0.3803, -0.2431,  0.7522, -0.6840, -1.5144, -1.3546,  0.3880,
        -0.9827,  1.9560, -1.1295, -1.3160, -0.4200], device='cuda:0')
----------------------------------------------------
I:  tensor([-1.2360, -0.7418,  0.1955,  0.0000,  0.0000,  0.0000,  0.0000,  0.0000,
         0.0000, -0.6307,  0.4061,  0.0541,  0.0000], device='cuda:0')
R:  tensor([-1.2125, -0.5683, -0.0446,  0.6544, -0.8042, -0.8714, -0.4635,  0.8256,
        -0.1584, -0.9701,  0.6178, -0.2950, -0.6350], device='cuda:0',
       grad_fn=<UnbindBackward0>)
G:  tensor([-1.2360, -0.7418,  0.1955,  0.7522, -0.9648, -1.3542, -0.7824,  1.1132,
         0.0685, -0.6307,  0.4061,  0.0541, -0.9455], device='cuda:0')
----------------------------------------------------
I:  tensor([ 0.0000,  0.0000,  0.1955,  0.0000,  0.0000, -1.3542, -0.7824,  1.1132,
         0.0000,  0.0000,  0.4061,  0.0541, -0.9455], device='cuda:0')
R:  tensor([-1.2023, -0.6944,  0.1439,  0.5880, -0.8530, -1.2340, -0.6774,  0.9287,
        -0.0821, -0.7467,  0.5760, -0.0996, -0.9371], device='cuda:0',
       grad_fn=<UnbindBackward0>)
G:  tensor([-1.2360, -0.7418,  0.1955,  0.7522, -0.9648, -1.3542, -0.7824,  1.1132,
         0.0685, -0.6307,  0.4061,  0.0541, -0.9455], device='cuda:0')
----------------------------------------------------
---------------VALID RESULT------------------
I:  tensor([ 0.0000,  2.5616, -0.1700,  0.0000, -0.4733, -0.8895,  0.0000,  0.0000,
        -0.0717,  1.2293, -1.5683, -1.5984,  0.0000], device='cuda:0')
R:  tensor([ 0.5670,  2.8017,  0.1469,  0.5464, -0.3499, -0.9199, -1.3787,  1.6922,
        -0.5833,  1.1450, -1.3866, -1.2759, -0.0479], device='cuda:0')
G:  tensor([ 0.2092,  2.5616, -0.1700,  0.7522, -0.4733, -0.8895, -1.4048,  1.9995,
        -0.0717,  1.2293, -1.5683, -1.5984, -0.0697], device='cuda:0')
----------------------------------------------------
I:  tensor([ 1.1604, -0.5443, -0.3528, -0.6291,  0.0000,  0.9372,  1.5167, -0.3373,
         0.0000,  0.0000,  0.7132,  0.0000,  1.6340], device='cuda:0')
R:  tensor([ 1.2040, -0.5093, -0.2332, -0.7092,  0.6459,  1.0789,  1.5806, -0.2755,
         0.9624,  1.6378,  0.5883,  0.7021,  1.5725], device='cuda:0')
G:  tensor([ 1.1604, -0.5443, -0.3528, -0.6291,  0.5799,  0.9372,  1.5167, -0.3373,
         0.8569,  1.6619,  0.7132,  0.6897,  1.6340], device='cuda:0')
----------------------------------------------------
I:  tensor([ 0.0000,  0.5868,  0.0000,  0.1517,  0.0000,  0.0000, -0.8125,  0.0000,
         0.0000,  0.1479, -0.9540,  0.0000,  0.0000], device='cuda:0')
R:  tensor([-0.1214,  0.6246,  0.2391,  0.4381,  0.1189, -1.3793, -0.8179, -0.7964,
        -1.2917,  0.1451, -0.8993, -1.5732, -0.6686], device='cuda:0')
G:  tensor([-0.1490,  0.5868,  0.1224,  0.1517,  0.2990, -1.5945, -0.8125, -0.9819,
        -1.3332,  0.1479, -0.9540, -1.6832, -0.6907], device='cuda:0')
----------------------------------------------------
====> Epoch: 100 Train loss: 0.7129 Val loss: 0.9621




-----------------TRAIN RESULT------------------
I:  tensor([ 0.0000,  0.0000, -0.6087,  0.0000,  0.0000,  0.0000,  0.0000, -0.8207,
         0.3138, -0.5010,  0.8887,  0.0000, -0.1047], device='cuda:0')
R:  tensor([-0.4233, -0.4786, -0.6331, -0.2338, -1.0016, -0.1079,  0.4861, -0.8512,
         0.3361, -0.5677,  0.9597,  0.8540, -0.1346], device='cuda:0',
       grad_fn=<UnbindBackward0>)
G:  tensor([-0.3466, -0.4725, -0.6087, -0.2087, -0.9648, -0.1524,  0.5027, -0.8207,
         0.3138, -0.5010,  0.8887,  0.7462, -0.1047], device='cuda:0')
----------------------------------------------------
I:  tensor([ 1.5063, -0.5712,  0.0000,  0.0000,  1.2820,  0.0000,  0.0000,  0.0000,
         0.7693,  0.5718,  0.0000,  0.0000,  0.0000], device='cuda:0')
R:  tensor([ 0.7350, -0.6765, -0.4288, -1.0052,  1.0091,  1.3854,  1.2868, -0.3300,
         1.1772,  0.4175, -0.0247,  1.1604,  0.3470], device='cuda:0',
       grad_fn=<UnbindBackward0>)
G:  tensor([ 1.5063, -0.5712, -0.2431, -0.9594,  1.2820,  1.4499,  0.9746, -0.8207,
         0.7693,  0.5718, -0.0766,  0.9863,  0.7105], device='cuda:0')
----------------------------------------------------
I:  tensor([ 0.0000,  0.2187,  0.0000,  0.0000,  0.3692,  0.0000, -1.1940,  0.0000,
         0.0000,  1.5581, -0.9540,  0.0000,  0.0000], device='cuda:0')
R:  tensor([ 0.6988,  0.3898,  1.1252,  1.4861,  0.4148, -1.0899, -1.2092,  0.3241,
        -0.0939,  1.4372, -0.9400, -1.1168,  0.0775], device='cuda:0',
       grad_fn=<UnbindBackward0>)
G:  tensor([ 0.7157,  0.2187,  1.1824,  1.5029,  0.3692, -1.1939, -1.1940,  0.2268,
        -0.0892,  1.5581, -0.9540, -1.1465,  0.0099], device='cuda:0')
----------------------------------------------------
---------------VALID RESULT------------------
I:  tensor([ 0.0000,  2.5616, -0.1700,  0.0000, -0.4733, -0.8895,  0.0000,  0.0000,
        -0.0717,  1.2293, -1.5683, -1.5984,  0.0000], device='cuda:0')
R:  tensor([ 0.2538,  2.6256, -0.1434,  0.7295, -0.4045, -0.9352, -1.4362,  1.9423,
        -0.1560,  1.1784, -1.5652, -1.5995, -0.0892], device='cuda:0')
G:  tensor([ 0.2092,  2.5616, -0.1700,  0.7522, -0.4733, -0.8895, -1.4048,  1.9995,
        -0.0717,  1.2293, -1.5683, -1.5984, -0.0697], device='cuda:0')
----------------------------------------------------
I:  tensor([ 1.1604, -0.5443, -0.3528, -0.6291,  0.0000,  0.9372,  1.5167, -0.3373,
         0.0000,  0.0000,  0.7132,  0.0000,  1.6340], device='cuda:0')
R:  tensor([ 1.2563, -0.5573, -0.3516, -0.7558,  0.4741,  0.9749,  1.5267, -0.3295,
         0.7425,  1.6360,  0.7020,  0.6274,  1.7615], device='cuda:0')
G:  tensor([ 1.1604, -0.5443, -0.3528, -0.6291,  0.5799,  0.9372,  1.5167, -0.3373,
         0.8569,  1.6619,  0.7132,  0.6897,  1.6340], device='cuda:0')
----------------------------------------------------
I:  tensor([ 0.0000,  0.5868,  0.0000,  0.1517,  0.0000,  0.0000, -0.8125,  0.0000,
         0.0000,  0.1479, -0.9540,  0.0000,  0.0000], device='cuda:0')
R:  tensor([-0.1438,  0.6729,  0.1493,  0.2841,  0.3851, -1.4566, -0.8310, -1.0322,
        -1.2933,  0.1405, -0.8904, -1.6649, -0.6567], device='cuda:0')
G:  tensor([-0.1490,  0.5868,  0.1224,  0.1517,  0.2990, -1.5945, -0.8125, -0.9819,
        -1.3332,  0.1479, -0.9540, -1.6832, -0.6907], device='cuda:0')
----------------------------------------------------
====> Epoch: 200 Train loss: 0.4772 Val loss: 0.7191




-----------------TRAIN RESULT------------------
I:  tensor([ 0.0000, -0.8854, -0.1700,  0.0000,  1.5628,  0.0000, -0.7824,  0.0000,
         0.0000,  0.0000, -0.8663,  0.0000, -0.3722], device='cuda:0')
R:  tensor([-0.2134, -0.8820, -0.1570, -0.4407,  1.5312, -1.3129, -0.8455, -1.3325,
        -1.2677, -0.4584, -0.8523, -1.9323, -0.3317], device='cuda:0',
       grad_fn=<UnbindBackward0>)
G:  tensor([-0.1737, -0.8854, -0.1700, -0.4489,  1.5628, -1.2580, -0.7824, -1.2236,
        -1.1404, -0.4144, -0.8663, -1.8668, -0.3722], device='cuda:0')
----------------------------------------------------
I:  tensor([ 0.0000, -0.6071, -0.0238,  0.0000,  0.0000,  0.9051,  0.0000,  0.0000,
         0.0000,  0.7968,  0.0000,  0.0000,  2.4460], device='cuda:0')
R:  tensor([ 0.7148, -0.5987,  0.1171, -0.0806,  0.4373,  0.8463,  1.0887, -1.0577,
         0.6048,  0.8712,  0.5960,  0.3687,  2.3369], device='cuda:0',
       grad_fn=<UnbindBackward0>)
G:  tensor([ 0.7157, -0.6071, -0.0238, -0.1186,  0.4394,  0.9051,  1.1653, -1.1430,
         0.6292,  0.7968,  0.5815,  0.3790,  2.4460], device='cuda:0')
----------------------------------------------------
I:  tensor([ 1.0616,  0.0000,  0.0000, -1.0495, -0.1223,  1.0974,  0.0000,  0.0000,
         0.0000,  0.0000,  0.2306,  0.0000,  0.9493], device='cuda:0')
R:  tensor([ 0.7027, -0.7651, -0.5720, -0.8876,  0.2535,  1.0570,  1.0046, -0.9928,
         0.4799,  0.5767, -0.0594,  1.1505,  0.6303], device='cuda:0',
       grad_fn=<UnbindBackward0>)
G:  tensor([ 1.0616, -0.8854, -0.3528, -1.0495, -0.1223,  1.0974,  1.1252, -1.1430,
         0.4540,  0.9352,  0.2306,  1.3253,  0.9493], device='cuda:0')
----------------------------------------------------
---------------VALID RESULT------------------
I:  tensor([ 0.0000,  2.5616, -0.1700,  0.0000, -0.4733, -0.8895,  0.0000,  0.0000,
        -0.0717,  1.2293, -1.5683, -1.5984,  0.0000], device='cuda:0')
R:  tensor([ 0.2506,  2.4795, -0.1204,  0.7872, -0.5057, -0.9119, -1.4047,  1.9312,
        -0.1586,  1.1963, -1.5838, -1.5589, -0.1326], device='cuda:0')
G:  tensor([ 0.2092,  2.5616, -0.1700,  0.7522, -0.4733, -0.8895, -1.4048,  1.9995,
        -0.0717,  1.2293, -1.5683, -1.5984, -0.0697], device='cuda:0')
----------------------------------------------------
I:  tensor([ 1.1604, -0.5443, -0.3528, -0.6291,  0.0000,  0.9372,  1.5167, -0.3373,
         0.0000,  0.0000,  0.7132,  0.0000,  1.6340], device='cuda:0')
R:  tensor([ 1.1105, -0.5546, -0.3130, -0.5819,  0.5397,  0.8950,  1.4502, -0.3219,
         0.8608,  1.6773,  0.6830,  0.6791,  1.5168], device='cuda:0')
G:  tensor([ 1.1604, -0.5443, -0.3528, -0.6291,  0.5799,  0.9372,  1.5167, -0.3373,
         0.8569,  1.6619,  0.7132,  0.6897,  1.6340], device='cuda:0')
----------------------------------------------------
I:  tensor([ 0.0000,  0.5868,  0.0000,  0.1517,  0.0000,  0.0000, -0.8125,  0.0000,
         0.0000,  0.1479, -0.9540,  0.0000,  0.0000], device='cuda:0')
R:  tensor([-0.1712,  0.5975,  0.0868,  0.1085,  0.3233, -1.5956, -0.8237, -0.9841,
        -1.3521,  0.1644, -0.9880, -1.6940, -0.6679], device='cuda:0')
G:  tensor([-0.1490,  0.5868,  0.1224,  0.1517,  0.2990, -1.5945, -0.8125, -0.9819,
        -1.3332,  0.1479, -0.9540, -1.6832, -0.6907], device='cuda:0')
----------------------------------------------------
====> Epoch: 300 Train loss: 0.3340 Val loss: 0.6452




-----------------TRAIN RESULT------------------
I:  tensor([-0.5196, -0.9393, -0.9742,  0.0000,  0.2288, -1.3061, -1.4550,  1.3549,
         0.0000,  1.0996, -1.6560,  0.0000,  0.0000], device='cuda:0')
R:  tensor([-0.5296, -0.9483, -0.9163,  0.1013,  0.2624, -1.2344, -1.4142,  1.4041,
        -0.3227,  1.1168, -1.7129, -1.4242, -0.3529], device='cuda:0',
       grad_fn=<UnbindBackward0>)
G:  tensor([-0.5196, -0.9393, -0.9742,  0.1517,  0.2288, -1.3061, -1.4550,  1.3549,
        -0.3345,  1.0996, -1.6560, -1.4996, -0.3404], device='cuda:0')
----------------------------------------------------
I:  tensor([-0.1613,  0.0000,  0.4148,  0.0000,  0.0000,  0.0000, -1.3847,  0.0000,
         0.0000,  1.1212, -1.8315, -1.0617,  0.0000], device='cuda:0')
R:  tensor([-0.2375,  1.9932,  0.4365,  0.6054, -0.9338, -0.8450, -1.3594,  0.8972,
        -1.1854,  1.1343, -1.8332, -1.0884, -0.3883], device='cuda:0',
       grad_fn=<UnbindBackward0>)
G:  tensor([-0.1613,  2.0410,  0.4148,  0.6021, -0.9648, -0.9536, -1.3847,  0.8714,
        -1.2806,  1.1212, -1.8315, -1.0617, -0.3882], device='cuda:0')
----------------------------------------------------
I:  tensor([ 1.3580,  0.0000,  0.0000, -0.2087,  0.0000,  0.0000,  0.0000, -0.3373,
         1.3826,  0.4940,  0.0000,  0.0000,  0.9971], device='cuda:0')
R:  tensor([ 1.3573, -0.3185,  0.1344, -0.2295,  0.3349,  0.8185,  0.8789, -0.3776,
         1.4196,  0.4664,  0.4399,  0.1494,  1.0070], device='cuda:0',
       grad_fn=<UnbindBackward0>)
G:  tensor([ 1.3580, -0.2840,  0.1224, -0.2087,  0.2288,  0.7289,  0.8943, -0.3373,
         1.3826,  0.4940,  0.4938,  0.1954,  0.9971], device='cuda:0')
----------------------------------------------------
---------------VALID RESULT------------------
I:  tensor([ 0.0000,  2.5616, -0.1700,  0.0000, -0.4733, -0.8895,  0.0000,  0.0000,
        -0.0717,  1.2293, -1.5683, -1.5984,  0.0000], device='cuda:0')
R:  tensor([ 0.2824,  2.1585, -0.1569,  0.6759, -0.5004, -0.8453, -1.4065,  1.7408,
        -0.1430,  1.2858, -1.6122, -1.6243, -0.1250], device='cuda:0')
G:  tensor([ 0.2092,  2.5616, -0.1700,  0.7522, -0.4733, -0.8895, -1.4048,  1.9995,
        -0.0717,  1.2293, -1.5683, -1.5984, -0.0697], device='cuda:0')
----------------------------------------------------
I:  tensor([ 1.1604, -0.5443, -0.3528, -0.6291,  0.0000,  0.9372,  1.5167, -0.3373,
         0.0000,  0.0000,  0.7132,  0.0000,  1.6340], device='cuda:0')
R:  tensor([ 1.1789, -0.5525, -0.3714, -0.6728,  0.5933,  0.9893,  1.4979, -0.3034,
         0.8972,  1.6182,  0.7369,  0.6639,  1.6259], device='cuda:0')
G:  tensor([ 1.1604, -0.5443, -0.3528, -0.6291,  0.5799,  0.9372,  1.5167, -0.3373,
         0.8569,  1.6619,  0.7132,  0.6897,  1.6340], device='cuda:0')
----------------------------------------------------
I:  tensor([ 0.0000,  0.5868,  0.0000,  0.1517,  0.0000,  0.0000, -0.8125,  0.0000,
         0.0000,  0.1479, -0.9540,  0.0000,  0.0000], device='cuda:0')
R:  tensor([-0.1409,  0.6342,  0.0930,  0.1022,  0.3154, -1.5834, -0.7928, -1.0589,
        -1.3197,  0.1422, -0.9410, -1.6602, -0.7222], device='cuda:0')
G:  tensor([-0.1490,  0.5868,  0.1224,  0.1517,  0.2990, -1.5945, -0.8125, -0.9819,
        -1.3332,  0.1479, -0.9540, -1.6832, -0.6907], device='cuda:0')
----------------------------------------------------
====> Epoch: 400 Train loss: 0.3024 Val loss: 0.7244




-----------------TRAIN RESULT------------------
I:  tensor([ 0.0000,  3.1092,  0.0000,  0.0000, -0.9648,  0.0000,  0.6232,  0.0000,
         0.7343,  0.0000,  0.0000,  0.6897,  0.0000], device='cuda:0')
R:  tensor([ 0.0527,  3.2872, -0.8918,  0.6033, -0.9567,  0.5242,  0.5909, -0.5126,
         0.8149, -1.0809, -1.0196,  0.6788, -1.1411], device='cuda:0',
       grad_fn=<UnbindBackward0>)
G:  tensor([ 0.0610,  3.1092, -0.8645,  0.6021, -0.9648,  0.5206,  0.6232, -0.4984,
         0.7343, -1.0633, -0.9979,  0.6897, -1.1684], device='cuda:0')
----------------------------------------------------
I:  tensor([ 0.0000,  0.0000,  0.0000, -1.1996,  0.0000,  0.4885,  0.6533, -0.1761,
         0.0000,  0.0000,  0.5815,  0.0000,  0.4239], device='cuda:0')
R:  tensor([ 0.3306, -0.6315,  1.5779, -0.9654,  0.7595,  0.4505,  0.6567, -0.1763,
        -0.3581, -0.2120,  0.6022,  0.1913,  0.4775], device='cuda:0',
       grad_fn=<UnbindBackward0>)
G:  tensor([ 0.3451, -0.6251,  1.7307, -1.1996,  0.7203,  0.4885,  0.6533, -0.1761,
        -0.4046, -0.1982,  0.5815,  0.2377,  0.4239], device='cuda:0')
----------------------------------------------------
I:  tensor([ 1.0122, -0.5263,  0.1955, -1.6500,  0.0000,  0.0000,  1.7175,  0.0000,
         0.4890,  0.8616,  0.0000,  0.9157,  0.0000], device='cuda:0')
R:  tensor([ 1.0591, -0.4899,  0.3475, -1.5419,  0.6306,  2.2512,  1.6770, -0.6180,
         0.4130,  0.6837,  0.0777,  1.0423,  1.2726], device='cuda:0',
       grad_fn=<UnbindBackward0>)
G:  tensor([ 1.0122, -0.5263,  0.1955, -1.6500,  0.7905,  2.5395,  1.7175, -0.3373,
         0.4890,  0.8616,  0.2306,  0.9157,  1.4111], device='cuda:0')
----------------------------------------------------
---------------VALID RESULT------------------
I:  tensor([ 0.0000,  2.5616, -0.1700,  0.0000, -0.4733, -0.8895,  0.0000,  0.0000,
        -0.0717,  1.2293, -1.5683, -1.5984,  0.0000], device='cuda:0')
R:  tensor([ 0.2042,  2.5985, -0.1536,  0.7594, -0.4656, -0.9192, -1.3942,  2.0236,
        -0.0516,  1.2539, -1.5536, -1.5788, -0.0542], device='cuda:0')
G:  tensor([ 0.2092,  2.5616, -0.1700,  0.7522, -0.4733, -0.8895, -1.4048,  1.9995,
        -0.0717,  1.2293, -1.5683, -1.5984, -0.0697], device='cuda:0')
----------------------------------------------------
I:  tensor([ 1.1604, -0.5443, -0.3528, -0.6291,  0.0000,  0.9372,  1.5167, -0.3373,
         0.0000,  0.0000,  0.7132,  0.0000,  1.6340], device='cuda:0')
R:  tensor([ 1.2009, -0.5407, -0.3426, -0.5824,  0.6167,  0.9303,  1.4826, -0.3261,
         0.8321,  1.7290,  0.6393,  0.6511,  1.6357], device='cuda:0')
G:  tensor([ 1.1604, -0.5443, -0.3528, -0.6291,  0.5799,  0.9372,  1.5167, -0.3373,
         0.8569,  1.6619,  0.7132,  0.6897,  1.6340], device='cuda:0')
----------------------------------------------------
I:  tensor([ 0.0000,  0.5868,  0.0000,  0.1517,  0.0000,  0.0000, -0.8125,  0.0000,
         0.0000,  0.1479, -0.9540,  0.0000,  0.0000], device='cuda:0')
R:  tensor([-0.1381,  0.6050,  0.1118,  0.1253,  0.3312, -1.5968, -0.7856, -1.0230,
        -1.3420,  0.1306, -0.9243, -1.6936, -0.7209], device='cuda:0')
G:  tensor([-0.1490,  0.5868,  0.1224,  0.1517,  0.2990, -1.5945, -0.8125, -0.9819,
        -1.3332,  0.1479, -0.9540, -1.6832, -0.6907], device='cuda:0')
----------------------------------------------------
====> Epoch: 500 Train loss: 0.2291 Val loss: 0.6106




-----------------TRAIN RESULT------------------
I:  tensor([ 0.0610, -0.5443, -1.1935, -2.1305,  0.0000,  0.6808,  0.0000,  0.0000,
         0.0000,  0.9265,  0.0000,  0.4214,  0.0000], device='cuda:0')
R:  tensor([ 0.0584, -0.5023, -1.1722, -2.0999, -0.5634,  0.6371,  1.2221, -1.5553,
         2.2935,  0.9807,  0.7037,  0.4089,  1.2341], device='cuda:0',
       grad_fn=<UnbindBackward0>)
G:  tensor([ 0.0610, -0.5443, -1.1935, -2.1305, -0.5436,  0.6808,  1.2457, -1.5459,
         2.3112,  0.9265,  0.7132,  0.4214,  1.2837], device='cuda:0')
----------------------------------------------------
I:  tensor([ 0.0000, -0.3468,  0.0000,  0.0000,  0.0000,  2.4914,  1.4665, -0.9819,
         0.0000,  1.1861,  0.0000,  1.1841,  2.3346], device='cuda:0')
R:  tensor([ 1.6984, -0.3065,  0.4768, -0.7870,  0.8980,  2.4605,  1.4513, -0.9657,
         1.0578,  1.2270, -0.4581,  1.1197,  2.2757], device='cuda:0',
       grad_fn=<UnbindBackward0>)
G:  tensor([ 1.6915, -0.3468,  0.4879, -0.8093,  0.9309,  2.4914,  1.4665, -0.9819,
         1.0322,  1.1861, -0.4275,  1.1841,  2.3346], device='cuda:0')
----------------------------------------------------
I:  tensor([ 0.0000,  0.0000,  0.0000,  0.0000,  0.0000,  0.3764,  0.0000,  0.0000,
        -2.0515, -0.8167,  0.2744, -0.9628,  0.0000], device='cuda:0')
R:  tensor([ 0.4559, -1.5112, -0.2680, -1.0214,  0.8126,  0.4383, -0.8017,  1.5762,
        -2.2559, -0.9123,  0.2666, -1.0355,  0.0509], device='cuda:0',
       grad_fn=<UnbindBackward0>)
G:  tensor([ 0.4192, -1.2535, -0.0238, -0.7492,  0.7203,  0.3764, -0.7322,  1.5160,
        -2.0515, -0.8167,  0.2744, -0.9628,  0.0099], device='cuda:0')
----------------------------------------------------
---------------VALID RESULT------------------
I:  tensor([ 0.0000,  2.5616, -0.1700,  0.0000, -0.4733, -0.8895,  0.0000,  0.0000,
        -0.0717,  1.2293, -1.5683, -1.5984,  0.0000], device='cuda:0')
R:  tensor([ 0.1980,  2.6255, -0.1827,  0.7221, -0.4762, -0.8702, -1.4095,  1.9780,
        -0.0801,  1.2336, -1.5789, -1.6139, -0.0499], device='cuda:0')
G:  tensor([ 0.2092,  2.5616, -0.1700,  0.7522, -0.4733, -0.8895, -1.4048,  1.9995,
        -0.0717,  1.2293, -1.5683, -1.5984, -0.0697], device='cuda:0')
----------------------------------------------------
I:  tensor([ 1.1604, -0.5443, -0.3528, -0.6291,  0.0000,  0.9372,  1.5167, -0.3373,
         0.0000,  0.0000,  0.7132,  0.0000,  1.6340], device='cuda:0')
R:  tensor([ 1.0903, -0.5039, -0.2845, -0.6151,  0.5064,  0.9091,  1.4597, -0.3571,
         0.8721,  1.6468,  0.6943,  0.6364,  1.6637], device='cuda:0')
G:  tensor([ 1.1604, -0.5443, -0.3528, -0.6291,  0.5799,  0.9372,  1.5167, -0.3373,
         0.8569,  1.6619,  0.7132,  0.6897,  1.6340], device='cuda:0')
----------------------------------------------------
I:  tensor([ 0.0000,  0.5868,  0.0000,  0.1517,  0.0000,  0.0000, -0.8125,  0.0000,
         0.0000,  0.1479, -0.9540,  0.0000,  0.0000], device='cuda:0')
R:  tensor([-0.1284,  0.5797,  0.1426,  0.1561,  0.3355, -1.5974, -0.8054, -0.9588,
        -1.3333,  0.1999, -0.9680, -1.7664, -0.6905], device='cuda:0')
G:  tensor([-0.1490,  0.5868,  0.1224,  0.1517,  0.2990, -1.5945, -0.8125, -0.9819,
        -1.3332,  0.1479, -0.9540, -1.6832, -0.6907], device='cuda:0')
----------------------------------------------------
====> Epoch: 600 Train loss: 0.2372 Val loss: 0.6106




-----------------TRAIN RESULT------------------
I:  tensor([-1.7795,  0.0000,  3.1563,  0.0000,  1.3522,  0.0000,  0.0000,  0.8714,
         0.4890,  0.4074, -0.1204,  1.5231, -0.8977], device='cuda:0')
R:  tensor([-1.7399, -0.1995,  3.1887,  2.6658,  1.3262,  1.3794,  2.9113,  0.8292,
         0.5160,  0.3415, -0.1386,  1.4827, -0.8746], device='cuda:0',
       grad_fn=<UnbindBackward0>)
G:  tensor([-1.7795, -0.2570,  3.1563,  2.7041,  1.3522,  1.4179,  3.0628,  0.8714,
         0.4890,  0.4074, -0.1204,  1.5231, -0.8977], device='cuda:0')
----------------------------------------------------
I:  tensor([ 0.9010,  0.0000, -0.3894,  0.0000,  0.0000,  0.0000, -1.5655,  1.2743,
        -0.7725,  0.0000,  0.0000, -1.2171, -0.7225], device='cuda:0')
R:  tensor([ 0.8880,  1.8593, -0.3603,  0.8986, -0.8337, -1.6174, -1.5137,  1.3032,
        -0.7859,  0.6065, -0.7061, -1.2216, -0.6972], device='cuda:0',
       grad_fn=<UnbindBackward0>)
G:  tensor([ 0.9010,  1.8166, -0.3894,  0.9024, -0.8244, -1.6265, -1.5655,  1.2743,
        -0.7725,  0.6756, -0.7785, -1.2171, -0.7225], device='cuda:0')
----------------------------------------------------
I:  tensor([-0.4949,  0.0000, -1.7053,  0.0000,  0.0000, -1.3542, -0.6719,  0.0000,
         0.0000,  0.0000,  0.0000,  0.2236,  0.0000], device='cuda:0')
R:  tensor([-0.4613, -0.8630, -1.6793, -0.3202, -0.7858, -1.3126, -0.6384, -0.6124,
        -0.3892, -1.1393,  0.3649,  0.2550, -0.5574], device='cuda:0',
       grad_fn=<UnbindBackward0>)
G:  tensor([-0.4949, -0.8944, -1.7053, -0.2988, -0.8244, -1.3542, -0.6719, -0.5790,
        -0.4221, -1.1282,  0.3622,  0.2236, -0.5888], device='cuda:0')
----------------------------------------------------
---------------VALID RESULT------------------
I:  tensor([ 0.0000,  2.5616, -0.1700,  0.0000, -0.4733, -0.8895,  0.0000,  0.0000,
        -0.0717,  1.2293, -1.5683, -1.5984,  0.0000], device='cuda:0')
R:  tensor([ 0.1911,  2.5630, -0.1627,  0.7500, -0.4695, -0.8810, -1.3879,  2.0010,
        -0.0712,  1.2125, -1.5531, -1.5898, -0.0853], device='cuda:0')
G:  tensor([ 0.2092,  2.5616, -0.1700,  0.7522, -0.4733, -0.8895, -1.4048,  1.9995,
        -0.0717,  1.2293, -1.5683, -1.5984, -0.0697], device='cuda:0')
----------------------------------------------------
I:  tensor([ 1.1604, -0.5443, -0.3528, -0.6291,  0.0000,  0.9372,  1.5167, -0.3373,
         0.0000,  0.0000,  0.7132,  0.0000,  1.6340], device='cuda:0')
R:  tensor([ 1.1099, -0.5317, -0.3337, -0.6065,  0.5705,  0.9161,  1.4806, -0.3216,
         0.8209,  1.5996,  0.7157,  0.6715,  1.6385], device='cuda:0')
G:  tensor([ 1.1604, -0.5443, -0.3528, -0.6291,  0.5799,  0.9372,  1.5167, -0.3373,
         0.8569,  1.6619,  0.7132,  0.6897,  1.6340], device='cuda:0')
----------------------------------------------------
I:  tensor([ 0.0000,  0.5868,  0.0000,  0.1517,  0.0000,  0.0000, -0.8125,  0.0000,
         0.0000,  0.1479, -0.9540,  0.0000,  0.0000], device='cuda:0')
R:  tensor([-0.1678,  0.5740,  0.1169,  0.1226,  0.2867, -1.5626, -0.7968, -0.9607,
        -1.3563,  0.1442, -0.9232, -1.6727, -0.6893], device='cuda:0')
G:  tensor([-0.1490,  0.5868,  0.1224,  0.1517,  0.2990, -1.5945, -0.8125, -0.9819,
        -1.3332,  0.1479, -0.9540, -1.6832, -0.6907], device='cuda:0')
----------------------------------------------------
====> Epoch: 700 Train loss: 0.1856 Val loss: 0.5649




-----------------TRAIN RESULT------------------
I:  tensor([ 0.0000,  0.0000, -0.5356,  0.0000, -0.8244,  0.2482,  0.2216, -0.9013,
         0.0000,  0.0000,  0.8448,  0.9722, -1.4550], device='cuda:0')
R:  tensor([-0.8946,  0.5150, -0.6045, -0.4785, -0.8553,  0.1772,  0.1745, -0.8468,
         0.7297, -1.2817,  0.8383,  0.9147, -1.4967], device='cuda:0',
       grad_fn=<UnbindBackward0>)
G:  tensor([-0.8778,  0.4431, -0.5356, -0.4489, -0.8244,  0.2482,  0.2216, -0.9013,
         0.6993, -1.2580,  0.8448,  0.9722, -1.4550], device='cuda:0')
----------------------------------------------------
I:  tensor([ 0.8886,  0.0000,  0.0000,  0.0000,  0.0000,  1.7704,  1.6472,  0.0000,
         0.0000,  0.7535, -0.2959,  0.0000,  1.7136], device='cuda:0')
R:  tensor([ 0.9227, -0.8186,  0.4202, -0.9008,  0.5549,  1.7179,  1.6422, -1.3128,
         0.7755,  0.7221, -0.2217,  0.3196,  1.7521], device='cuda:0',
       grad_fn=<UnbindBackward0>)
G:  tensor([ 0.8886, -0.8136,  0.4879, -0.8393,  0.5799,  1.7704,  1.6472, -1.3848,
         0.7869,  0.7535, -0.2959,  0.3649,  1.7136], device='cuda:0')
----------------------------------------------------
I:  tensor([-0.7790,  0.0000,  0.0000, -0.4189, -0.1223,  0.2001,  0.6232,  0.0000,
         0.0000,  0.0000,  1.0203, -0.4402, -0.2194], device='cuda:0')
R:  tensor([-0.7752, -0.9794,  0.6156, -0.4532, -0.2055,  0.1714,  0.6221,  0.0900,
         0.8577, -0.2137,  1.0240, -0.4654, -0.2647], device='cuda:0',
       grad_fn=<UnbindBackward0>)
G:  tensor([-0.7790, -1.0111,  0.7072, -0.4189, -0.1223,  0.2001,  0.6232,  0.0656,
         0.8569, -0.1982,  1.0203, -0.4402, -0.2194], device='cuda:0')
----------------------------------------------------
---------------VALID RESULT------------------
I:  tensor([ 0.0000,  2.5616, -0.1700,  0.0000, -0.4733, -0.8895,  0.0000,  0.0000,
        -0.0717,  1.2293, -1.5683, -1.5984,  0.0000], device='cuda:0')
R:  tensor([ 0.2104,  2.5768, -0.1848,  0.7842, -0.5035, -0.8830, -1.4085,  1.9932,
        -0.0642,  1.2578, -1.5947, -1.5399, -0.0683], device='cuda:0')
G:  tensor([ 0.2092,  2.5616, -0.1700,  0.7522, -0.4733, -0.8895, -1.4048,  1.9995,
        -0.0717,  1.2293, -1.5683, -1.5984, -0.0697], device='cuda:0')
----------------------------------------------------
I:  tensor([ 1.1604, -0.5443, -0.3528, -0.6291,  0.0000,  0.9372,  1.5167, -0.3373,
         0.0000,  0.0000,  0.7132,  0.0000,  1.6340], device='cuda:0')
R:  tensor([ 1.2355, -0.5078, -0.4380, -0.6713,  0.5514,  0.9384,  1.5646, -0.3409,
         0.9243,  1.6445,  0.7111,  0.6366,  1.6553], device='cuda:0')
G:  tensor([ 1.1604, -0.5443, -0.3528, -0.6291,  0.5799,  0.9372,  1.5167, -0.3373,
         0.8569,  1.6619,  0.7132,  0.6897,  1.6340], device='cuda:0')
----------------------------------------------------
I:  tensor([ 0.0000,  0.5868,  0.0000,  0.1517,  0.0000,  0.0000, -0.8125,  0.0000,
         0.0000,  0.1479, -0.9540,  0.0000,  0.0000], device='cuda:0')
R:  tensor([-0.1565,  0.5259,  0.0900,  0.1468,  0.2533, -1.5751, -0.7851, -1.0354,
        -1.3626,  0.1436, -0.9798, -1.6868, -0.7273], device='cuda:0')
G:  tensor([-0.1490,  0.5868,  0.1224,  0.1517,  0.2990, -1.5945, -0.8125, -0.9819,
        -1.3332,  0.1479, -0.9540, -1.6832, -0.6907], device='cuda:0')
----------------------------------------------------
====> Epoch: 800 Train loss: 0.1899 Val loss: 0.5608




-----------------TRAIN RESULT------------------
I:  tensor([ 0.0000, -0.0237,  0.1224,  1.3528, -0.1223,  0.0000,  0.0000, -0.7401,
        -1.3332,  0.2777,  0.0000,  0.0000, -0.5952], device='cuda:0')
R:  tensor([-0.1813,  0.0574,  0.0953,  1.4043, -0.1382, -1.8849, -0.9651, -0.7348,
        -1.2934,  0.2925, -1.3349, -1.7501, -0.5769], device='cuda:0',
       grad_fn=<UnbindBackward0>)
G:  tensor([-0.2355, -0.0237,  0.1224,  1.3528, -0.1223, -1.8348, -0.9430, -0.7401,
        -1.3332,  0.2777, -1.3050, -1.7679, -0.5952], device='cuda:0')
----------------------------------------------------
I:  tensor([ 0.6169,  0.7035,  0.9266,  0.0000,  1.6331,  0.0000, -0.4611,  0.0000,
        -0.5973,  1.5321, -1.6121, -1.8527,  0.0000], device='cuda:0')
R:  tensor([ 0.6361,  0.7061,  0.8955,  1.3635,  1.6083, -1.4274, -0.4560, -1.1430,
        -0.5677,  1.5228, -1.6445, -1.8349, -0.7909], device='cuda:0',
       grad_fn=<UnbindBackward0>)
G:  tensor([ 0.6169,  0.7035,  0.9266,  1.3528,  1.6331, -1.4343, -0.4611, -1.1430,
        -0.5973,  1.5321, -1.6121, -1.8527, -0.7862], device='cuda:0')
----------------------------------------------------
I:  tensor([-0.3466, -0.5263, -0.3162,  0.0000,  0.0000, -1.4663,  0.0000,  0.0000,
         0.0685,  0.0000,  0.0000,  0.0000, -0.8244], device='cuda:0')
R:  tensor([-0.2873, -0.5916, -0.3479,  0.9397, -1.1504, -1.5739, -0.2450,  0.9427,
         0.1490, -0.7637, -0.3705, -0.2896, -0.8096], device='cuda:0',
       grad_fn=<UnbindBackward0>)
G:  tensor([-0.3466, -0.5263, -0.3162,  0.9024, -1.1053, -1.4663, -0.2703,  0.9520,
         0.0685, -0.7605, -0.3398, -0.2707, -0.8244], device='cuda:0')
----------------------------------------------------
---------------VALID RESULT------------------
I:  tensor([ 0.0000,  2.5616, -0.1700,  0.0000, -0.4733, -0.8895,  0.0000,  0.0000,
        -0.0717,  1.2293, -1.5683, -1.5984,  0.0000], device='cuda:0')
R:  tensor([ 0.1758,  2.6030, -0.1897,  0.7562, -0.4725, -0.8536, -1.3858,  2.0380,
        -0.0473,  1.1755, -1.5696, -1.5830, -0.0811], device='cuda:0')
G:  tensor([ 0.2092,  2.5616, -0.1700,  0.7522, -0.4733, -0.8895, -1.4048,  1.9995,
        -0.0717,  1.2293, -1.5683, -1.5984, -0.0697], device='cuda:0')
----------------------------------------------------
I:  tensor([ 1.1604, -0.5443, -0.3528, -0.6291,  0.0000,  0.9372,  1.5167, -0.3373,
         0.0000,  0.0000,  0.7132,  0.0000,  1.6340], device='cuda:0')
R:  tensor([ 1.1544, -0.5588, -0.3470, -0.6234,  0.5860,  0.9373,  1.5261, -0.3686,
         0.9084,  1.6973,  0.7327,  0.7251,  1.6605], device='cuda:0')
G:  tensor([ 1.1604, -0.5443, -0.3528, -0.6291,  0.5799,  0.9372,  1.5167, -0.3373,
         0.8569,  1.6619,  0.7132,  0.6897,  1.6340], device='cuda:0')
----------------------------------------------------
I:  tensor([ 0.0000,  0.5868,  0.0000,  0.1517,  0.0000,  0.0000, -0.8125,  0.0000,
         0.0000,  0.1479, -0.9540,  0.0000,  0.0000], device='cuda:0')
R:  tensor([-0.1337,  0.5854,  0.0881,  0.1129,  0.2800, -1.5939, -0.8087, -0.9924,
        -1.3258,  0.1299, -0.9492, -1.6884, -0.6991], device='cuda:0')
G:  tensor([-0.1490,  0.5868,  0.1224,  0.1517,  0.2990, -1.5945, -0.8125, -0.9819,
        -1.3332,  0.1479, -0.9540, -1.6832, -0.6907], device='cuda:0')
----------------------------------------------------
====> Epoch: 900 Train loss: 0.1845 Val loss: 0.5625




-----------------TRAIN RESULT------------------
I:  tensor([ 0.0000,  0.0000,  0.7072,  0.0000, -0.1223,  0.0000,  0.6232,  0.0000,
         0.0000,  0.0000,  0.0000, -0.4402, -0.2194], device='cuda:0')
R:  tensor([-0.8483, -0.9997,  0.5382, -0.4148, -0.1560,  0.2933,  0.5973, -0.0560,
         0.8570, -0.3320,  0.9446, -0.3067, -0.2417], device='cuda:0',
       grad_fn=<UnbindBackward0>)
G:  tensor([-0.7790, -1.0111,  0.7072, -0.4189, -0.1223,  0.2001,  0.6232,  0.0656,
         0.8569, -0.1982,  1.0203, -0.4402, -0.2194], device='cuda:0')
----------------------------------------------------
I:  tensor([ 0.0000, -0.6700,  0.4148,  0.0000,  0.0000,  0.0000,  0.0000, -0.3373,
         0.4715,  1.5754,  1.1958,  0.2942,  0.0000], device='cuda:0')
R:  tensor([ 1.4366, -0.7191,  0.4151, -0.8917,  0.6014,  1.6734,  1.9537, -0.3405,
         0.5098,  1.5982,  1.2915,  0.2792,  3.1270], device='cuda:0',
       grad_fn=<UnbindBackward0>)
G:  tensor([ 1.4692, -0.6700,  0.4148, -0.8993,  0.5799,  1.6102,  1.9083, -0.3373,
         0.4715,  1.5754,  1.1958,  0.2942,  2.9715], device='cuda:0')
----------------------------------------------------
I:  tensor([ 0.0000, -1.4330,  0.0000,  0.0000, -0.8244,  0.2963, -0.0193,  0.4685,
        -0.2644, -0.8557,  0.0000, -0.4261,  0.0000], device='cuda:0')
R:  tensor([-1.9771, -1.5174,  0.4815,  0.4312, -0.8467,  0.3716,  0.0190,  0.4720,
        -0.2802, -0.8583,  0.6386, -0.4227, -1.0324], device='cuda:0',
       grad_fn=<UnbindBackward0>)
G:  tensor([-1.9648, -1.4330,  0.4879,  0.4519, -0.8244,  0.2963, -0.0193,  0.4685,
        -0.2644, -0.8557,  0.6254, -0.4261, -0.9964], device='cuda:0')
----------------------------------------------------
---------------VALID RESULT------------------
I:  tensor([ 0.0000,  2.5616, -0.1700,  0.0000, -0.4733, -0.8895,  0.0000,  0.0000,
        -0.0717,  1.2293, -1.5683, -1.5984,  0.0000], device='cuda:0')
R:  tensor([ 0.1839,  2.5858, -0.1836,  0.7478, -0.5121, -0.8884, -1.4099,  2.0102,
        -0.0986,  1.2347, -1.5957, -1.6080, -0.0713], device='cuda:0')
G:  tensor([ 0.2092,  2.5616, -0.1700,  0.7522, -0.4733, -0.8895, -1.4048,  1.9995,
        -0.0717,  1.2293, -1.5683, -1.5984, -0.0697], device='cuda:0')
----------------------------------------------------
I:  tensor([ 1.1604, -0.5443, -0.3528, -0.6291,  0.0000,  0.9372,  1.5167, -0.3373,
         0.0000,  0.0000,  0.7132,  0.0000,  1.6340], device='cuda:0')
R:  tensor([ 1.1777, -0.5473, -0.3912, -0.6611,  0.5542,  0.9465,  1.5166, -0.3373,
         0.9142,  1.6609,  0.7101,  0.6864,  1.6073], device='cuda:0')
G:  tensor([ 1.1604, -0.5443, -0.3528, -0.6291,  0.5799,  0.9372,  1.5167, -0.3373,
         0.8569,  1.6619,  0.7132,  0.6897,  1.6340], device='cuda:0')
----------------------------------------------------
I:  tensor([ 0.0000,  0.5868,  0.0000,  0.1517,  0.0000,  0.0000, -0.8125,  0.0000,
         0.0000,  0.1479, -0.9540,  0.0000,  0.0000], device='cuda:0')
R:  tensor([-0.1810,  0.5500,  0.1424,  0.1742,  0.3053, -1.6045, -0.7867, -1.0054,
        -1.3372,  0.1357, -0.9568, -1.6827, -0.6975], device='cuda:0')
G:  tensor([-0.1490,  0.5868,  0.1224,  0.1517,  0.2990, -1.5945, -0.8125, -0.9819,
        -1.3332,  0.1479, -0.9540, -1.6832, -0.6907], device='cuda:0')
----------------------------------------------------
====> Epoch: 1000 Train loss: 0.1778 Val loss: 0.5532




-----------------TRAIN RESULT------------------
I:  tensor([-1.7054,  0.0000, -0.3162, -0.4489, -0.1223,  0.0000,  0.2316,  0.0000,
        -0.4221,  0.0000,  0.0000,  0.4920, -1.2798], device='cuda:0')
R:  tensor([-1.7903, -0.2693, -0.3022, -0.4213, -0.0567,  1.1577,  0.2134, -1.5385,
        -0.4110, -0.8205,  0.8889,  0.4767, -1.2406], device='cuda:0',
       grad_fn=<UnbindBackward0>)
G:  tensor([-1.7054, -0.3109, -0.3162, -0.4489, -0.1223,  1.1615,  0.2316, -1.5459,
        -0.4221, -0.7821,  0.8887,  0.4920, -1.2798], device='cuda:0')
----------------------------------------------------
I:  tensor([-0.5196, -0.9393, -0.9742,  0.0000,  0.0000, -1.3061,  0.0000,  1.3549,
         0.0000,  1.0996, -1.6560, -1.4996,  0.0000], device='cuda:0')
R:  tensor([-0.5503, -0.9778, -1.0152,  0.2029,  0.3331, -1.3132, -1.4129,  1.2961,
        -0.2976,  1.0762, -1.6935, -1.5091, -0.3657], device='cuda:0',
       grad_fn=<UnbindBackward0>)
G:  tensor([-0.5196, -0.9393, -0.9742,  0.1517,  0.2288, -1.3061, -1.4550,  1.3549,
        -0.3345,  1.0996, -1.6560, -1.4996, -0.3404], device='cuda:0')
----------------------------------------------------
I:  tensor([ 0.8763, -0.4276, -0.0238, -0.8693,  0.0000,  0.0000,  0.8541,  0.0000,
         0.1736,  0.0000,  0.6693,  1.9609,  0.9175], device='cuda:0')
R:  tensor([ 0.8779, -0.4330, -0.0846, -0.8932,  0.1098,  0.4562,  0.8369, -0.7412,
         0.2384, -0.5896,  0.7135,  1.8810,  0.8785], device='cuda:0',
       grad_fn=<UnbindBackward0>)
G:  tensor([ 0.8763, -0.4276, -0.0238, -0.8693,  0.0884,  0.5046,  0.8541, -0.7401,
         0.1736, -0.5442,  0.6693,  1.9609,  0.9175], device='cuda:0')
----------------------------------------------------
---------------VALID RESULT------------------
I:  tensor([ 0.0000,  2.5616, -0.1700,  0.0000, -0.4733, -0.8895,  0.0000,  0.0000,
        -0.0717,  1.2293, -1.5683, -1.5984,  0.0000], device='cuda:0')
R:  tensor([ 0.1697,  2.5330, -0.1796,  0.7692, -0.4740, -0.8787, -1.3987,  1.9807,
        -0.0404,  1.2215, -1.5871, -1.6224, -0.0793], device='cuda:0')
G:  tensor([ 0.2092,  2.5616, -0.1700,  0.7522, -0.4733, -0.8895, -1.4048,  1.9995,
        -0.0717,  1.2293, -1.5683, -1.5984, -0.0697], device='cuda:0')
----------------------------------------------------
I:  tensor([ 1.1604, -0.5443, -0.3528, -0.6291,  0.0000,  0.9372,  1.5167, -0.3373,
         0.0000,  0.0000,  0.7132,  0.0000,  1.6340], device='cuda:0')
R:  tensor([ 1.1205, -0.5407, -0.2931, -0.6066,  0.5709,  0.9041,  1.5100, -0.3221,
         0.8326,  1.6492,  0.7293,  0.6582,  1.6537], device='cuda:0')
G:  tensor([ 1.1604, -0.5443, -0.3528, -0.6291,  0.5799,  0.9372,  1.5167, -0.3373,
         0.8569,  1.6619,  0.7132,  0.6897,  1.6340], device='cuda:0')
----------------------------------------------------
I:  tensor([ 0.0000,  0.5868,  0.0000,  0.1517,  0.0000,  0.0000, -0.8125,  0.0000,
         0.0000,  0.1479, -0.9540,  0.0000,  0.0000], device='cuda:0')
R:  tensor([-0.1579,  0.6186,  0.1200,  0.1340,  0.3262, -1.5861, -0.8018, -0.9826,
        -1.3147,  0.1451, -0.9578, -1.6864, -0.6891], device='cuda:0')
G:  tensor([-0.1490,  0.5868,  0.1224,  0.1517,  0.2990, -1.5945, -0.8125, -0.9819,
        -1.3332,  0.1479, -0.9540, -1.6832, -0.6907], device='cuda:0')
----------------------------------------------------
====> Epoch: 1100 Train loss: 0.1563 Val loss: 0.5491




-----------------TRAIN RESULT------------------
I:  tensor([ 0.0000,  0.0000,  0.0000, -0.6891,  0.8607,  0.8891,  0.8842, -0.4984,
        -0.2293,  0.9698,  1.4151,  0.3790,  1.7932], device='cuda:0')
R:  tensor([ 0.8115, -0.4696,  1.1445, -0.6562,  0.8931,  0.9308,  0.8779, -0.5462,
        -0.2038,  1.0932,  1.5057,  0.3998,  1.9224], device='cuda:0',
       grad_fn=<UnbindBackward0>)
G:  tensor([ 0.7775, -0.4725,  1.2190, -0.6891,  0.8607,  0.8891,  0.8842, -0.4984,
        -0.2293,  0.9698,  1.4151,  0.3790,  1.7932], device='cuda:0')
----------------------------------------------------
I:  tensor([ 0.0000,  0.0000, -0.7183,  0.0000, -1.0351,  0.0000,  0.0000,  0.0000,
         0.0000, -0.9941, -0.4275,  0.9440, -1.1747], device='cuda:0')
R:  tensor([-1.0679, -0.2359, -0.6267,  0.4185, -1.0077,  0.4660,  0.5939,  0.1033,
        -0.4280, -0.9441, -0.3776,  0.9395, -1.1557], device='cuda:0',
       grad_fn=<UnbindBackward0>)
G:  tensor([-1.1496, -0.1583, -0.7183,  0.4519, -1.0351,  0.4885,  0.6232,  0.0656,
        -0.4221, -0.9941, -0.4275,  0.9440, -1.1747], device='cuda:0')
----------------------------------------------------
I:  tensor([-1.6684, -0.5982,  0.9266,  1.9534,  0.0000, -0.6011, -0.4209,  0.3074,
        -0.4396, -1.0633,  0.0000,  0.0000,  0.0000], device='cuda:0')
R:  tensor([-1.6448, -0.6221,  0.8707,  1.8814, -0.7954, -0.5760, -0.4187,  0.2833,
        -0.4309, -1.0442,  1.8482,  0.8467, -0.5377], device='cuda:0',
       grad_fn=<UnbindBackward0>)
G:  tensor([-1.6684, -0.5982,  0.9266,  1.9534, -0.8244, -0.6011, -0.4209,  0.3074,
        -0.4396, -1.0633,  1.7661,  0.8451, -0.5888], device='cuda:0')
----------------------------------------------------
---------------VALID RESULT------------------
I:  tensor([ 0.0000,  2.5616, -0.1700,  0.0000, -0.4733, -0.8895,  0.0000,  0.0000,
        -0.0717,  1.2293, -1.5683, -1.5984,  0.0000], device='cuda:0')
R:  tensor([ 0.2181,  2.5035, -0.1888,  0.7100, -0.4542, -0.8807, -1.3886,  1.9913,
        -0.0600,  1.2476, -1.5479, -1.5989, -0.0668], device='cuda:0')
G:  tensor([ 0.2092,  2.5616, -0.1700,  0.7522, -0.4733, -0.8895, -1.4048,  1.9995,
        -0.0717,  1.2293, -1.5683, -1.5984, -0.0697], device='cuda:0')
----------------------------------------------------
I:  tensor([ 1.1604, -0.5443, -0.3528, -0.6291,  0.0000,  0.9372,  1.5167, -0.3373,
         0.0000,  0.0000,  0.7132,  0.0000,  1.6340], device='cuda:0')
R:  tensor([ 1.1809, -0.5551, -0.3408, -0.6256,  0.5835,  0.9269,  1.5201, -0.3318,
         0.8601,  1.6648,  0.7192,  0.6798,  1.6580], device='cuda:0')
G:  tensor([ 1.1604, -0.5443, -0.3528, -0.6291,  0.5799,  0.9372,  1.5167, -0.3373,
         0.8569,  1.6619,  0.7132,  0.6897,  1.6340], device='cuda:0')
----------------------------------------------------
I:  tensor([ 0.0000,  0.5868,  0.0000,  0.1517,  0.0000,  0.0000, -0.8125,  0.0000,
         0.0000,  0.1479, -0.9540,  0.0000,  0.0000], device='cuda:0')
R:  tensor([-0.1431,  0.5768,  0.0974,  0.1150,  0.3099, -1.6336, -0.8155, -0.9916,
        -1.3392,  0.1649, -0.9568, -1.6931, -0.6925], device='cuda:0')
G:  tensor([-0.1490,  0.5868,  0.1224,  0.1517,  0.2990, -1.5945, -0.8125, -0.9819,
        -1.3332,  0.1479, -0.9540, -1.6832, -0.6907], device='cuda:0')
----------------------------------------------------
====> Epoch: 1200 Train loss: 0.1614 Val loss: 0.5588




-----------------TRAIN RESULT------------------
I:  tensor([ 0.7651,  0.0000,  0.0000,  0.0000,  0.0000, -0.4729, -1.2341,  0.0000,
         0.0000,  0.0000, -0.2082, -0.7933,  0.0000], device='cuda:0')
R:  tensor([ 0.6463,  2.0156, -0.1525,  0.2828, -0.6161, -0.6810, -1.2230,  1.0165,
        -0.9552, -0.1858, -0.3992, -0.9003, -0.6647], device='cuda:0',
       grad_fn=<UnbindBackward0>)
G:  tensor([ 0.7651,  2.3462, -0.0604,  0.1517, -0.5436, -0.4729, -1.2341,  0.8714,
        -1.0003, -0.2847, -0.2082, -0.7933, -0.6270], device='cuda:0')
----------------------------------------------------
I:  tensor([ 0.0000,  0.0000,  0.0000, -0.5991,  0.0000, -0.1043,  0.0000, -0.8207,
        -0.3345,  0.0000,  0.0000,  0.4920, -0.1175], device='cuda:0')
R:  tensor([-1.2145, -0.2024, -2.5398, -0.5934, -0.1458, -0.1063,  0.1242, -0.8244,
        -0.3415, -0.7866,  1.3308,  0.5052, -0.1426], device='cuda:0',
       grad_fn=<UnbindBackward0>)
G:  tensor([-1.1372, -0.2301, -2.4363, -0.5991, -0.1925, -0.1043,  0.1413, -0.8207,
        -0.3345, -0.7605,  1.3713,  0.4920, -0.1175], device='cuda:0')
----------------------------------------------------
I:  tensor([ 0.9133,  0.0000,  0.0000,  0.0000,  0.0000,  0.0000,  0.8742, -1.2236,
         0.0510,  0.0000,  0.0000,  0.0000,  0.9971], device='cuda:0')
R:  tensor([ 0.8334, -0.5910, -0.4600, -0.8880,  1.3701,  0.4840,  0.8455, -1.2387,
         0.0860,  0.3646, -0.2171,  0.8823,  0.8792], device='cuda:0',
       grad_fn=<UnbindBackward0>)
G:  tensor([ 0.9133, -0.5982, -0.4259, -0.9294,  1.2820,  0.4885,  0.8742, -1.2236,
         0.0510,  0.3426, -0.1643,  0.8310,  0.9971], device='cuda:0')
----------------------------------------------------
---------------VALID RESULT------------------
I:  tensor([ 0.0000,  2.5616, -0.1700,  0.0000, -0.4733, -0.8895,  0.0000,  0.0000,
        -0.0717,  1.2293, -1.5683, -1.5984,  0.0000], device='cuda:0')
R:  tensor([ 0.2102,  2.5296, -0.1845,  0.7439, -0.4679, -0.8761, -1.3956,  1.9773,
        -0.0424,  1.2401, -1.5809, -1.6051, -0.0901], device='cuda:0')
G:  tensor([ 0.2092,  2.5616, -0.1700,  0.7522, -0.4733, -0.8895, -1.4048,  1.9995,
        -0.0717,  1.2293, -1.5683, -1.5984, -0.0697], device='cuda:0')
----------------------------------------------------
I:  tensor([ 1.1604, -0.5443, -0.3528, -0.6291,  0.0000,  0.9372,  1.5167, -0.3373,
         0.0000,  0.0000,  0.7132,  0.0000,  1.6340], device='cuda:0')
R:  tensor([ 1.1828, -0.5407, -0.3305, -0.6220,  0.5367,  0.9435,  1.5484, -0.3512,
         0.8450,  1.6860,  0.7162,  0.7360,  1.6660], device='cuda:0')
G:  tensor([ 1.1604, -0.5443, -0.3528, -0.6291,  0.5799,  0.9372,  1.5167, -0.3373,
         0.8569,  1.6619,  0.7132,  0.6897,  1.6340], device='cuda:0')
----------------------------------------------------
I:  tensor([ 0.0000,  0.5868,  0.0000,  0.1517,  0.0000,  0.0000, -0.8125,  0.0000,
         0.0000,  0.1479, -0.9540,  0.0000,  0.0000], device='cuda:0')
R:  tensor([-0.1547,  0.5809,  0.1378,  0.1746,  0.2878, -1.5817, -0.7981, -0.9976,
        -1.3092,  0.1170, -0.9775, -1.6873, -0.7226], device='cuda:0')
G:  tensor([-0.1490,  0.5868,  0.1224,  0.1517,  0.2990, -1.5945, -0.8125, -0.9819,
        -1.3332,  0.1479, -0.9540, -1.6832, -0.6907], device='cuda:0')
----------------------------------------------------
====> Epoch: 1300 Train loss: 0.1538 Val loss: 0.5647




-----------------TRAIN RESULT------------------
I:  tensor([ 0.0000,  0.0000,  0.1224,  0.0000,  0.0000,  0.8571,  0.0000,  0.0000,
         0.6292, -1.0763,  0.0000,  0.7321,  0.0000], device='cuda:0')
R:  tensor([-0.3455,  1.3728,  0.0271,  1.0356,  0.1421,  0.8937,  0.5443,  0.4954,
         0.6289, -1.0734,  1.0370,  0.7456, -0.8952], device='cuda:0',
       grad_fn=<UnbindBackward0>)
G:  tensor([-0.3713,  1.3767,  0.1224,  1.0525,  0.0884,  0.8571,  0.5228,  0.5491,
         0.6292, -1.0763,  1.0203,  0.7321, -0.9041], device='cuda:0')
----------------------------------------------------
I:  tensor([-1.4337,  0.4970, -0.4990, -0.4489,  0.0000,  0.0000,  0.0000,  0.0000,
        -1.1229,  0.0000,  0.0000, -0.1295, -0.7862], device='cuda:0')
R:  tensor([-1.3729,  0.4511, -0.5380, -0.4596,  0.9709, -0.9324, -0.7370,  0.5067,
        -1.1281, -0.9900,  0.0014, -0.1233, -0.7880], device='cuda:0',
       grad_fn=<UnbindBackward0>)
G:  tensor([-1.4337,  0.4970, -0.4990, -0.4489,  0.8607, -0.9215, -0.7121,  0.5491,
        -1.1229, -1.0417,  0.0112, -0.1295, -0.7862], device='cuda:0')
----------------------------------------------------
I:  tensor([-1.7054, -0.3109,  0.0000, -0.4489, -0.1223,  1.1615,  0.2316,  0.0000,
         0.0000,  0.0000,  0.8887,  0.4920,  0.0000], device='cuda:0')
R:  tensor([-1.6520, -0.2921, -0.3589, -0.4583, -0.0747,  1.1438,  0.2114, -1.5778,
        -0.4740, -0.7809,  0.9104,  0.5441, -1.2969], device='cuda:0',
       grad_fn=<UnbindBackward0>)
G:  tensor([-1.7054, -0.3109, -0.3162, -0.4489, -0.1223,  1.1615,  0.2316, -1.5459,
        -0.4221, -0.7821,  0.8887,  0.4920, -1.2798], device='cuda:0')
----------------------------------------------------
---------------VALID RESULT------------------
I:  tensor([ 0.0000,  2.5616, -0.1700,  0.0000, -0.4733, -0.8895,  0.0000,  0.0000,
        -0.0717,  1.2293, -1.5683, -1.5984,  0.0000], device='cuda:0')
R:  tensor([ 0.2330,  2.6242, -0.1571,  0.7230, -0.4829, -0.9194, -1.4418,  1.9630,
        -0.1293,  1.2278, -1.5910, -1.6271, -0.0639], device='cuda:0')
G:  tensor([ 0.2092,  2.5616, -0.1700,  0.7522, -0.4733, -0.8895, -1.4048,  1.9995,
        -0.0717,  1.2293, -1.5683, -1.5984, -0.0697], device='cuda:0')
----------------------------------------------------
I:  tensor([ 1.1604, -0.5443, -0.3528, -0.6291,  0.0000,  0.9372,  1.5167, -0.3373,
         0.0000,  0.0000,  0.7132,  0.0000,  1.6340], device='cuda:0')
R:  tensor([ 1.1760, -0.5367, -0.3914, -0.6602,  0.5971,  0.9489,  1.5715, -0.3652,
         0.8994,  1.7035,  0.7018,  0.7549,  1.6355], device='cuda:0')
G:  tensor([ 1.1604, -0.5443, -0.3528, -0.6291,  0.5799,  0.9372,  1.5167, -0.3373,
         0.8569,  1.6619,  0.7132,  0.6897,  1.6340], device='cuda:0')
----------------------------------------------------
I:  tensor([ 0.0000,  0.5868,  0.0000,  0.1517,  0.0000,  0.0000, -0.8125,  0.0000,
         0.0000,  0.1479, -0.9540,  0.0000,  0.0000], device='cuda:0')
R:  tensor([-0.1332,  0.5984,  0.1165,  0.1202,  0.2908, -1.5815, -0.8116, -1.0315,
        -1.3638,  0.1514, -0.9672, -1.7125, -0.6593], device='cuda:0')
G:  tensor([-0.1490,  0.5868,  0.1224,  0.1517,  0.2990, -1.5945, -0.8125, -0.9819,
        -1.3332,  0.1479, -0.9540, -1.6832, -0.6907], device='cuda:0')
----------------------------------------------------
====> Epoch: 1400 Train loss: 0.1608 Val loss: 0.5656




-----------------TRAIN RESULT------------------
I:  tensor([ 0.0000, -0.8315,  0.0000,  0.0000,  0.0000,  0.4084,  0.0000,  0.0000,
         0.3138, -0.9335,  0.0000,  0.1812,  0.0000], device='cuda:0')
R:  tensor([-0.8865, -0.8483, -1.4357, -1.0537, -1.0156,  0.3860,  0.4255, -0.6336,
         0.3338, -0.9195,  1.2056,  0.1461, -1.0093], device='cuda:0',
       grad_fn=<UnbindBackward0>)
G:  tensor([-0.8778, -0.8315, -1.4129, -1.0495, -1.0351,  0.4084,  0.4726, -0.5790,
         0.3138, -0.9335,  1.1958,  0.1812, -1.0155], device='cuda:0')
----------------------------------------------------
I:  tensor([-0.9272,  0.0000, -0.9011, -0.1486, -1.3861,  0.0000,  0.0000,  0.0000,
         0.0000, -0.7172,  0.1867,  0.7886, -0.7544], device='cuda:0')
R:  tensor([-0.9219, -0.5382, -0.8458, -0.1076, -1.3100, -1.0326, -0.0327,  0.0393,
         0.0705, -0.6858,  0.2090,  0.7655, -0.7404], device='cuda:0',
       grad_fn=<UnbindBackward0>)
G:  tensor([-9.2721e-01, -5.4430e-01, -9.0110e-01, -1.4862e-01, -1.3861e+00,
        -1.0337e+00,  7.3323e-04,  6.5639e-02,  6.8508e-02, -7.1724e-01,
         1.8668e-01,  7.8859e-01, -7.5439e-01], device='cuda:0')
----------------------------------------------------
I:  tensor([ 0.6045,  1.1254, -0.6452,  0.0000, -0.8244, -1.0818,  0.0000,  0.0000,
         0.0000,  0.2777, -0.6469, -1.1182,  0.0000], device='cuda:0')
R:  tensor([ 0.6009,  1.1104, -0.5817,  0.0511, -0.8244, -1.1033, -1.5384,  1.7642,
        -1.2538,  0.2726, -0.6638, -1.0917, -0.5234], device='cuda:0',
       grad_fn=<UnbindBackward0>)
G:  tensor([ 6.0452e-01,  1.1254e+00, -6.4523e-01,  1.5183e-03, -8.2442e-01,
        -1.0818e+00, -1.5554e+00,  1.7578e+00, -1.2456e+00,  2.7767e-01,
        -6.4691e-01, -1.1182e+00, -5.3147e-01], device='cuda:0')
----------------------------------------------------
---------------VALID RESULT------------------
I:  tensor([ 0.0000,  2.5616, -0.1700,  0.0000, -0.4733, -0.8895,  0.0000,  0.0000,
        -0.0717,  1.2293, -1.5683, -1.5984,  0.0000], device='cuda:0')
R:  tensor([ 0.1933,  2.5766, -0.1615,  0.7739, -0.4735, -0.8778, -1.3967,  2.0019,
        -0.0774,  1.2234, -1.5739, -1.5879, -0.0681], device='cuda:0')
G:  tensor([ 0.2092,  2.5616, -0.1700,  0.7522, -0.4733, -0.8895, -1.4048,  1.9995,
        -0.0717,  1.2293, -1.5683, -1.5984, -0.0697], device='cuda:0')
----------------------------------------------------
I:  tensor([ 1.1604, -0.5443, -0.3528, -0.6291,  0.0000,  0.9372,  1.5167, -0.3373,
         0.0000,  0.0000,  0.7132,  0.0000,  1.6340], device='cuda:0')
R:  tensor([ 1.1425, -0.5401, -0.3316, -0.5959,  0.5877,  0.9343,  1.4995, -0.3283,
         0.8451,  1.6691,  0.6978,  0.6617,  1.6297], device='cuda:0')
G:  tensor([ 1.1604, -0.5443, -0.3528, -0.6291,  0.5799,  0.9372,  1.5167, -0.3373,
         0.8569,  1.6619,  0.7132,  0.6897,  1.6340], device='cuda:0')
----------------------------------------------------
I:  tensor([ 0.0000,  0.5868,  0.0000,  0.1517,  0.0000,  0.0000, -0.8125,  0.0000,
         0.0000,  0.1479, -0.9540,  0.0000,  0.0000], device='cuda:0')
R:  tensor([-0.1433,  0.6261,  0.1356,  0.1389,  0.3147, -1.6292, -0.8286, -0.9806,
        -1.3083,  0.1419, -0.9706, -1.6594, -0.7029], device='cuda:0')
G:  tensor([-0.1490,  0.5868,  0.1224,  0.1517,  0.2990, -1.5945, -0.8125, -0.9819,
        -1.3332,  0.1479, -0.9540, -1.6832, -0.6907], device='cuda:0')
----------------------------------------------------
====> Epoch: 1500 Train loss: 0.1534 Val loss: 0.5490




-----------------TRAIN RESULT------------------
I:  tensor([ 0.0000,  0.0000,  0.0000,  0.9024, -0.7542,  0.4885,  0.0000,  1.2743,
         0.0000,  2.8947, -1.6999,  0.0000, -0.4041], device='cuda:0')
R:  tensor([ 0.5817, -0.5557,  0.9700,  0.8620, -0.7515,  0.4871, -0.9424,  1.2763,
         1.2198,  2.7214, -1.6738, -1.1561, -0.4129], device='cuda:0',
       grad_fn=<UnbindBackward0>)
G:  tensor([ 0.5922, -0.5982,  0.9997,  0.9024, -0.7542,  0.4885, -0.9330,  1.2743,
         1.2249,  2.8947, -1.6999, -1.1747, -0.4041], device='cuda:0')
----------------------------------------------------
I:  tensor([ 1.4939,  0.0000,  0.2686,  0.0000,  0.0000,  0.0000,  0.6232, -0.4984,
         0.0000,  0.0000,  0.0000,  1.0146,  1.0608], device='cuda:0')
R:  tensor([ 1.4624,  1.5848,  0.2730, -0.1717,  0.7011,  0.9088,  0.6373, -0.4556,
        -0.6263,  0.0453, -0.3878,  1.0155,  1.0402], device='cuda:0',
       grad_fn=<UnbindBackward0>)
G:  tensor([ 1.4939,  1.5293,  0.2686, -0.1787,  0.7905,  0.8891,  0.6232, -0.4984,
        -0.5973,  0.0787, -0.3837,  1.0146,  1.0608], device='cuda:0')
----------------------------------------------------
I:  tensor([ 2.1610, -0.5443,  0.0858,  0.0000, -0.6138,  0.0000,  1.6673,  0.0000,
         2.1360,  0.1479,  0.0000,  0.1671,  0.0000], device='cuda:0')
R:  tensor([ 2.1332, -0.4881,  0.1023, -2.3940, -0.6232,  1.3195,  1.7028,  0.5626,
         2.1441,  0.1142,  1.2604,  0.1808,  1.2780], device='cuda:0',
       grad_fn=<UnbindBackward0>)
G:  tensor([ 2.1610, -0.5443,  0.0858, -2.4308, -0.6138,  1.2897,  1.6673,  0.5491,
         2.1360,  0.1479,  1.2835,  0.1671,  1.2837], device='cuda:0')
----------------------------------------------------
---------------VALID RESULT------------------
I:  tensor([ 0.0000,  2.5616, -0.1700,  0.0000, -0.4733, -0.8895,  0.0000,  0.0000,
        -0.0717,  1.2293, -1.5683, -1.5984,  0.0000], device='cuda:0')
R:  tensor([ 0.2067,  2.5548, -0.1814,  0.7382, -0.4635, -0.8727, -1.4015,  2.0089,
        -0.0582,  1.2189, -1.5656, -1.5839, -0.0647], device='cuda:0')
G:  tensor([ 0.2092,  2.5616, -0.1700,  0.7522, -0.4733, -0.8895, -1.4048,  1.9995,
        -0.0717,  1.2293, -1.5683, -1.5984, -0.0697], device='cuda:0')
----------------------------------------------------
I:  tensor([ 1.1604, -0.5443, -0.3528, -0.6291,  0.0000,  0.9372,  1.5167, -0.3373,
         0.0000,  0.0000,  0.7132,  0.0000,  1.6340], device='cuda:0')
R:  tensor([ 1.1748, -0.5453, -0.3621, -0.6484,  0.5564,  0.9262,  1.5228, -0.3210,
         0.8577,  1.6538,  0.7140,  0.6847,  1.6423], device='cuda:0')
G:  tensor([ 1.1604, -0.5443, -0.3528, -0.6291,  0.5799,  0.9372,  1.5167, -0.3373,
         0.8569,  1.6619,  0.7132,  0.6897,  1.6340], device='cuda:0')
----------------------------------------------------
I:  tensor([ 0.0000,  0.5868,  0.0000,  0.1517,  0.0000,  0.0000, -0.8125,  0.0000,
         0.0000,  0.1479, -0.9540,  0.0000,  0.0000], device='cuda:0')
R:  tensor([-0.1527,  0.5823,  0.1410,  0.1696,  0.2655, -1.5777, -0.8124, -0.9272,
        -1.3047,  0.1505, -0.9454, -1.6484, -0.6716], device='cuda:0')
G:  tensor([-0.1490,  0.5868,  0.1224,  0.1517,  0.2990, -1.5945, -0.8125, -0.9819,
        -1.3332,  0.1479, -0.9540, -1.6832, -0.6907], device='cuda:0')
----------------------------------------------------
====> Epoch: 1600 Train loss: 0.1405 Val loss: 0.5471




-----------------TRAIN RESULT------------------
I:  tensor([-0.9272,  0.0000,  0.0000,  0.4519, -0.7542,  0.0000,  0.0000,  0.0000,
         0.0000, -0.5226,  0.0000, -1.8951, -0.0856], device='cuda:0')
R:  tensor([-0.8161,  2.1413,  0.6198,  0.4185, -0.7758, -1.4570, -1.5149,  1.3094,
        -1.3029, -0.5659, -0.8773, -1.8007, -0.1376], device='cuda:0',
       grad_fn=<UnbindBackward0>)
G:  tensor([-0.9272,  2.1397,  0.6341,  0.4519, -0.7542, -1.4663, -1.5655,  1.3549,
        -1.3857, -0.5226, -0.9102, -1.8951, -0.0856], device='cuda:0')
----------------------------------------------------
I:  tensor([ 0.0000,  0.0000,  0.0000,  0.1517,  0.0000, -0.7453, -1.4751,  1.1132,
         0.0000,  0.0000,  0.0000, -1.1182,  0.0000], device='cuda:0')
R:  tensor([ 0.9386,  0.7895,  0.6720,  0.1490,  0.5954, -0.7274, -1.4372,  1.1186,
        -1.3640,  0.3454,  0.0822, -1.1180, -0.2408], device='cuda:0',
       grad_fn=<UnbindBackward0>)
G:  tensor([ 0.8516,  0.8291,  0.6341,  0.1517,  0.5096, -0.7453, -1.4751,  1.1132,
        -1.3857,  0.3555,  0.0112, -1.1182, -0.2130], device='cuda:0')
----------------------------------------------------
I:  tensor([ 1.4816,  0.0000,  0.3052,  0.0000,  0.8607,  0.0000,  0.0000, -0.1761,
         0.0000,  0.7319,  0.4061,  0.0000,  0.0000], device='cuda:0')
R:  tensor([ 1.5146, -0.4681,  0.2912, -1.3554,  0.8140,  1.5096,  1.3458, -0.2054,
         0.6796,  0.7087,  0.3925,  0.3597,  2.2648], device='cuda:0',
       grad_fn=<UnbindBackward0>)
G:  tensor([ 1.4816, -0.5174,  0.3052, -1.2897,  0.8607,  1.5621,  1.3661, -0.1761,
         0.6642,  0.7319,  0.4061,  0.3366,  2.2390], device='cuda:0')
----------------------------------------------------
---------------VALID RESULT------------------
I:  tensor([ 0.0000,  2.5616, -0.1700,  0.0000, -0.4733, -0.8895,  0.0000,  0.0000,
        -0.0717,  1.2293, -1.5683, -1.5984,  0.0000], device='cuda:0')
R:  tensor([ 0.2048,  2.6054, -0.1670,  0.7408, -0.4811, -0.8956, -1.3983,  1.9899,
        -0.0490,  1.2263, -1.5594, -1.6013, -0.0612], device='cuda:0')
G:  tensor([ 0.2092,  2.5616, -0.1700,  0.7522, -0.4733, -0.8895, -1.4048,  1.9995,
        -0.0717,  1.2293, -1.5683, -1.5984, -0.0697], device='cuda:0')
----------------------------------------------------
I:  tensor([ 1.1604, -0.5443, -0.3528, -0.6291,  0.0000,  0.9372,  1.5167, -0.3373,
         0.0000,  0.0000,  0.7132,  0.0000,  1.6340], device='cuda:0')
R:  tensor([ 1.1796, -0.5368, -0.3240, -0.6195,  0.5658,  0.9072,  1.5220, -0.3302,
         0.8431,  1.6559,  0.7437,  0.6628,  1.7362], device='cuda:0')
G:  tensor([ 1.1604, -0.5443, -0.3528, -0.6291,  0.5799,  0.9372,  1.5167, -0.3373,
         0.8569,  1.6619,  0.7132,  0.6897,  1.6340], device='cuda:0')
----------------------------------------------------
I:  tensor([ 0.0000,  0.5868,  0.0000,  0.1517,  0.0000,  0.0000, -0.8125,  0.0000,
         0.0000,  0.1479, -0.9540,  0.0000,  0.0000], device='cuda:0')
R:  tensor([-0.1312,  0.6044,  0.1354,  0.1436,  0.3545, -1.5882, -0.8057, -1.0089,
        -1.3366,  0.1633, -0.9271, -1.6720, -0.6802], device='cuda:0')
G:  tensor([-0.1490,  0.5868,  0.1224,  0.1517,  0.2990, -1.5945, -0.8125, -0.9819,
        -1.3332,  0.1479, -0.9540, -1.6832, -0.6907], device='cuda:0')
----------------------------------------------------
====> Epoch: 1700 Train loss: 0.1451 Val loss: 0.5391




-----------------TRAIN RESULT------------------
I:  tensor([-0.1737, -0.8854,  0.0000,  0.0000,  0.0000, -1.2580, -0.7824, -1.2236,
        -1.1404, -0.4144,  0.0000,  0.0000,  0.0000], device='cuda:0')
R:  tensor([-0.1785, -0.9049, -0.1340, -0.3843,  1.4790, -1.2270, -0.7481, -1.1987,
        -1.1032, -0.4426, -0.8186, -1.8430, -0.3645], device='cuda:0',
       grad_fn=<UnbindBackward0>)
G:  tensor([-0.1737, -0.8854, -0.1700, -0.4489,  1.5628, -1.2580, -0.7824, -1.2236,
        -1.1404, -0.4144, -0.8663, -1.8668, -0.3722], device='cuda:0')
----------------------------------------------------
I:  tensor([ 0.0000,  1.3498, -0.9011,  0.0000, -0.6840,  0.0000,  0.0000, -0.7401,
         0.0000, -0.3366,  0.0000,  0.5485,  0.0000], device='cuda:0')
R:  tensor([ 0.4939,  1.3664, -0.8733, -0.1593, -0.7013,  0.2820,  0.7088, -0.7270,
        -0.1776, -0.3710, -0.1675,  0.5782,  0.9567], device='cuda:0',
       grad_fn=<UnbindBackward0>)
G:  tensor([ 0.5057,  1.3498, -0.9011, -0.2087, -0.6840,  0.2482,  0.6533, -0.7401,
        -0.1943, -0.3366, -0.2082,  0.5485,  0.9175], device='cuda:0')
----------------------------------------------------
I:  tensor([-1.2854,  0.0000,  0.0000,  0.0000,  0.0884,  0.0000,  0.1112,  0.0000,
         0.0000, -0.7994,  0.0000,  0.7321,  0.4430], device='cuda:0')
R:  tensor([-1.2810, -1.1103, -0.1962,  0.5332,  0.1051,  1.7167,  0.1482, -1.8326,
         0.1463, -0.7720,  0.1650,  0.7412,  0.4916], device='cuda:0',
       grad_fn=<UnbindBackward0>)
G:  tensor([-1.2854, -1.1188, -0.2431,  0.4519,  0.0884,  1.7383,  0.1112, -1.8682,
         0.1036, -0.7994,  0.1428,  0.7321,  0.4430], device='cuda:0')
----------------------------------------------------
---------------VALID RESULT------------------
I:  tensor([ 0.0000,  2.5616, -0.1700,  0.0000, -0.4733, -0.8895,  0.0000,  0.0000,
        -0.0717,  1.2293, -1.5683, -1.5984,  0.0000], device='cuda:0')
R:  tensor([ 0.1952,  2.5266, -0.1411,  0.7691, -0.4708, -0.8760, -1.3861,  1.9923,
        -0.0733,  1.2372, -1.5653, -1.5861, -0.0662], device='cuda:0')
G:  tensor([ 0.2092,  2.5616, -0.1700,  0.7522, -0.4733, -0.8895, -1.4048,  1.9995,
        -0.0717,  1.2293, -1.5683, -1.5984, -0.0697], device='cuda:0')
----------------------------------------------------
I:  tensor([ 1.1604, -0.5443, -0.3528, -0.6291,  0.0000,  0.9372,  1.5167, -0.3373,
         0.0000,  0.0000,  0.7132,  0.0000,  1.6340], device='cuda:0')
R:  tensor([ 1.1691, -0.5440, -0.3526, -0.5986,  0.5617,  0.9284,  1.5167, -0.3364,
         0.8646,  1.6933,  0.7061,  0.6997,  1.6335], device='cuda:0')
G:  tensor([ 1.1604, -0.5443, -0.3528, -0.6291,  0.5799,  0.9372,  1.5167, -0.3373,
         0.8569,  1.6619,  0.7132,  0.6897,  1.6340], device='cuda:0')
----------------------------------------------------
I:  tensor([ 0.0000,  0.5868,  0.0000,  0.1517,  0.0000,  0.0000, -0.8125,  0.0000,
         0.0000,  0.1479, -0.9540,  0.0000,  0.0000], device='cuda:0')
R:  tensor([-0.1334,  0.5529,  0.1394,  0.1702,  0.2968, -1.5892, -0.7933, -0.9307,
        -1.3358,  0.1457, -0.9119, -1.6913, -0.6794], device='cuda:0')
G:  tensor([-0.1490,  0.5868,  0.1224,  0.1517,  0.2990, -1.5945, -0.8125, -0.9819,
        -1.3332,  0.1479, -0.9540, -1.6832, -0.6907], device='cuda:0')
----------------------------------------------------
====> Epoch: 1800 Train loss: 0.1411 Val loss: 0.5488




-----------------TRAIN RESULT------------------
I:  tensor([ 1.0739,  0.0000,  0.0000,  0.0000,  0.5096,  1.0493,  0.0000,  0.0656,
         0.2963, -0.2414,  0.0000,  1.1134,  0.5353], device='cuda:0')
R:  tensor([ 1.0599, -0.4582,  1.5934, -0.0268,  0.5095,  1.0796,  0.9430,  0.0655,
         0.2855, -0.2917,  1.3478,  1.1407,  0.5913], device='cuda:0',
       grad_fn=<UnbindBackward0>)
G:  tensor([ 1.0739, -0.3917,  1.5845, -0.0285,  0.5096,  1.0493,  0.9445,  0.0656,
         0.2963, -0.2414,  1.2835,  1.1134,  0.5353], device='cuda:0')
----------------------------------------------------
I:  tensor([-0.8778,  0.0000,  0.0000,  0.0000,  0.0000,  0.0000,  0.0000,  0.0000,
         0.3138, -0.9335,  1.1958,  0.0000, -1.0155], device='cuda:0')
R:  tensor([-0.9553, -0.8496, -1.5827, -0.9284, -0.9793,  0.4331,  0.4569, -0.6191,
         0.2449, -0.9575,  1.2421,  0.2938, -0.8962], device='cuda:0',
       grad_fn=<UnbindBackward0>)
G:  tensor([-0.8778, -0.8315, -1.4129, -1.0495, -1.0351,  0.4084,  0.4726, -0.5790,
         0.3138, -0.9335,  1.1958,  0.1812, -1.0155], device='cuda:0')
----------------------------------------------------
I:  tensor([ 0.8392,  0.0000,  0.0000,  0.0000,  0.0000,  0.2001,  0.0000,  0.4685,
         0.0000, -0.5269,  0.0000,  0.0000,  0.7742], device='cuda:0')
R:  tensor([ 0.7940, -0.5117, -0.0788, -0.7274,  0.2699,  0.2594,  0.6919,  0.4120,
         0.6926, -0.5684,  1.2308,  0.4582,  0.7928], device='cuda:0',
       grad_fn=<UnbindBackward0>)
G:  tensor([ 0.8392, -0.4545, -0.0238, -0.6891,  0.2990,  0.2001,  0.6634,  0.4685,
         0.6642, -0.5269,  1.1958,  0.3649,  0.7742], device='cuda:0')
----------------------------------------------------
---------------VALID RESULT------------------
I:  tensor([ 0.0000,  2.5616, -0.1700,  0.0000, -0.4733, -0.8895,  0.0000,  0.0000,
        -0.0717,  1.2293, -1.5683, -1.5984,  0.0000], device='cuda:0')
R:  tensor([ 0.1913,  2.5384, -0.1858,  0.7446, -0.4744, -0.8806, -1.3810,  1.9905,
        -0.0581,  1.2360, -1.5442, -1.6008, -0.0724], device='cuda:0')
G:  tensor([ 0.2092,  2.5616, -0.1700,  0.7522, -0.4733, -0.8895, -1.4048,  1.9995,
        -0.0717,  1.2293, -1.5683, -1.5984, -0.0697], device='cuda:0')
----------------------------------------------------
I:  tensor([ 1.1604, -0.5443, -0.3528, -0.6291,  0.0000,  0.9372,  1.5167, -0.3373,
         0.0000,  0.0000,  0.7132,  0.0000,  1.6340], device='cuda:0')
R:  tensor([ 1.1631, -0.5361, -0.3972, -0.6347,  0.5513,  0.9176,  1.5252, -0.3532,
         0.8426,  1.6802,  0.7033,  0.7078,  1.6542], device='cuda:0')
G:  tensor([ 1.1604, -0.5443, -0.3528, -0.6291,  0.5799,  0.9372,  1.5167, -0.3373,
         0.8569,  1.6619,  0.7132,  0.6897,  1.6340], device='cuda:0')
----------------------------------------------------
I:  tensor([ 0.0000,  0.5868,  0.0000,  0.1517,  0.0000,  0.0000, -0.8125,  0.0000,
         0.0000,  0.1479, -0.9540,  0.0000,  0.0000], device='cuda:0')
R:  tensor([-0.1809,  0.5570,  0.0884,  0.1294,  0.3002, -1.5834, -0.8167, -0.9778,
        -1.3054,  0.1509, -0.9319, -1.6512, -0.6670], device='cuda:0')
G:  tensor([-0.1490,  0.5868,  0.1224,  0.1517,  0.2990, -1.5945, -0.8125, -0.9819,
        -1.3332,  0.1479, -0.9540, -1.6832, -0.6907], device='cuda:0')
----------------------------------------------------
====> Epoch: 1900 Train loss: 0.1415 Val loss: 0.5526




-----------------TRAIN RESULT------------------
I:  tensor([ 0.6292,  0.0000,  0.0000, -0.1486,  0.0000,  0.0879,  0.5027,  0.0000,
        -0.0892,  0.0000,  0.0000,  0.0000,  1.1085], device='cuda:0')
R:  tensor([ 0.6076, -0.4340,  0.8112, -0.3053,  0.5863,  0.1860,  0.5885, -0.3470,
         0.1644, -0.3409,  0.6403,  0.4410,  0.9944], device='cuda:0',
       grad_fn=<UnbindBackward0>)
G:  tensor([ 0.6292, -0.4815,  1.0362, -0.1486,  0.7203,  0.0879,  0.5027, -0.5790,
        -0.0892, -0.3712,  0.6254,  0.3649,  1.1085], device='cuda:0')
----------------------------------------------------
I:  tensor([ 0.0000, -0.5263,  0.0000,  0.0000,  0.0000, -1.4663,  0.0000,  0.0000,
         0.0685, -0.7605, -0.3398, -0.2707, -0.8244], device='cuda:0')
R:  tensor([-0.3342, -0.5093, -0.3347,  0.9580, -1.0927, -1.4706, -0.2508,  0.9645,
         0.1348, -0.7300, -0.3858, -0.2860, -0.8356], device='cuda:0',
       grad_fn=<UnbindBackward0>)
G:  tensor([-0.3466, -0.5263, -0.3162,  0.9024, -1.1053, -1.4663, -0.2703,  0.9520,
         0.0685, -0.7605, -0.3398, -0.2707, -0.8244], device='cuda:0')
----------------------------------------------------
I:  tensor([-0.7790,  0.0000,  0.0000, -2.6710,  0.0000, -0.5049, -1.4651, -0.6596,
         0.0000,  0.0000,  0.4061,  0.0000,  0.0000], device='cuda:0')
R:  tensor([-0.8073, -1.2145, -3.7159, -2.6580, -0.8212, -0.4961, -1.4835, -0.6636,
        -2.1556, -1.3363,  0.3763, -1.1223, -0.7470], device='cuda:0',
       grad_fn=<UnbindBackward0>)
G:  tensor([-0.7790, -1.2535, -3.6792, -2.6710, -0.8244, -0.5049, -1.4651, -0.6596,
        -2.0515, -1.3445,  0.4061, -1.1182, -0.7225], device='cuda:0')
----------------------------------------------------
---------------VALID RESULT------------------
I:  tensor([ 0.0000,  2.5616, -0.1700,  0.0000, -0.4733, -0.8895,  0.0000,  0.0000,
        -0.0717,  1.2293, -1.5683, -1.5984,  0.0000], device='cuda:0')
R:  tensor([ 0.1957,  2.5285, -0.1704,  0.7402, -0.4788, -0.8746, -1.4103,  2.0033,
        -0.0535,  1.2265, -1.5843, -1.5980, -0.0774], device='cuda:0')
G:  tensor([ 0.2092,  2.5616, -0.1700,  0.7522, -0.4733, -0.8895, -1.4048,  1.9995,
        -0.0717,  1.2293, -1.5683, -1.5984, -0.0697], device='cuda:0')
----------------------------------------------------
I:  tensor([ 1.1604, -0.5443, -0.3528, -0.6291,  0.0000,  0.9372,  1.5167, -0.3373,
         0.0000,  0.0000,  0.7132,  0.0000,  1.6340], device='cuda:0')
R:  tensor([ 1.1439, -0.5581, -0.3629, -0.6046,  0.5818,  0.9342,  1.5341, -0.3500,
         0.8673,  1.7041,  0.6898,  0.6986,  1.6177], device='cuda:0')
G:  tensor([ 1.1604, -0.5443, -0.3528, -0.6291,  0.5799,  0.9372,  1.5167, -0.3373,
         0.8569,  1.6619,  0.7132,  0.6897,  1.6340], device='cuda:0')
----------------------------------------------------
I:  tensor([ 0.0000,  0.5868,  0.0000,  0.1517,  0.0000,  0.0000, -0.8125,  0.0000,
         0.0000,  0.1479, -0.9540,  0.0000,  0.0000], device='cuda:0')
R:  tensor([-0.1397,  0.6058,  0.1482,  0.1690,  0.2871, -1.5904, -0.8156, -0.9737,
        -1.3459,  0.1597, -0.9753, -1.6728, -0.6952], device='cuda:0')
G:  tensor([-0.1490,  0.5868,  0.1224,  0.1517,  0.2990, -1.5945, -0.8125, -0.9819,
        -1.3332,  0.1479, -0.9540, -1.6832, -0.6907], device='cuda:0')
----------------------------------------------------
====> Epoch: 2000 Train loss: 0.1472 Val loss: 0.5514




-----------------TRAIN RESULT------------------
I:  tensor([ 0.4810,  0.0000,  0.9266, -1.0195,  0.0000,  0.0000,  0.9143, -0.1761,
         0.0000,  0.0000,  0.0000,  0.8592,  0.0000], device='cuda:0')
R:  tensor([ 0.4754, -0.5583,  0.9080, -1.0454, -0.5139,  0.8959,  0.9074, -0.1243,
        -0.2765, -0.0848, -0.1179,  0.8240,  1.4826], device='cuda:0',
       grad_fn=<UnbindBackward0>)
G:  tensor([ 0.4810, -0.5084,  0.9266, -1.0195, -0.4733,  0.8891,  0.9143, -0.1761,
        -0.2469, -0.1116, -0.1643,  0.8592,  1.4270], device='cuda:0')
----------------------------------------------------
I:  tensor([ 0.3945,  0.8112,  0.0493,  0.0000, -0.5436,  0.0000, -1.2743,  0.7103,
         0.0000,  0.0000,  0.0000, -1.4007, -0.3086], device='cuda:0')
R:  tensor([ 0.4125,  0.7865,  0.0524,  0.5820, -0.5296, -0.6127, -1.3019,  0.7751,
        -0.6291,  1.4873, -1.7348, -1.3792, -0.2978], device='cuda:0',
       grad_fn=<UnbindBackward0>)
G:  tensor([ 0.3945,  0.8112,  0.0493,  0.6021, -0.5436, -0.5850, -1.2743,  0.7103,
        -0.5973,  1.4543, -1.7876, -1.4007, -0.3086], device='cuda:0')
----------------------------------------------------
I:  tensor([ 0.0000,  0.0000,  1.5114,  2.7041,  0.0000,  0.0000,  0.2116,  1.7578,
         0.0000, -0.8903,  0.0000, -0.2425,  0.0000], device='cuda:0')
R:  tensor([-1.5123, -0.2545,  1.4804,  2.6932, -0.5651, -0.2760,  0.1952,  1.8643,
         0.2992, -0.9072,  0.1047, -0.2629, -0.9185], device='cuda:0',
       grad_fn=<UnbindBackward0>)
G:  tensor([-1.4954, -0.1852,  1.5114,  2.7041, -0.5436, -0.2646,  0.2116,  1.7578,
         0.2963, -0.8903,  0.0551, -0.2425, -0.8945], device='cuda:0')
----------------------------------------------------
---------------VALID RESULT------------------
I:  tensor([ 0.0000,  2.5616, -0.1700,  0.0000, -0.4733, -0.8895,  0.0000,  0.0000,
        -0.0717,  1.2293, -1.5683, -1.5984,  0.0000], device='cuda:0')
R:  tensor([ 0.2003,  2.5311, -0.1620,  0.7422, -0.4662, -0.8819, -1.3976,  2.0164,
        -0.0825,  1.2223, -1.5613, -1.6119, -0.0815], device='cuda:0')
G:  tensor([ 0.2092,  2.5616, -0.1700,  0.7522, -0.4733, -0.8895, -1.4048,  1.9995,
        -0.0717,  1.2293, -1.5683, -1.5984, -0.0697], device='cuda:0')
----------------------------------------------------
I:  tensor([ 1.1604, -0.5443, -0.3528, -0.6291,  0.0000,  0.9372,  1.5167, -0.3373,
         0.0000,  0.0000,  0.7132,  0.0000,  1.6340], device='cuda:0')
R:  tensor([ 1.2097, -0.5809, -0.3358, -0.6543,  0.5522,  0.9205,  1.5392, -0.3028,
         0.8540,  1.6729,  0.7410,  0.7198,  1.6713], device='cuda:0')
G:  tensor([ 1.1604, -0.5443, -0.3528, -0.6291,  0.5799,  0.9372,  1.5167, -0.3373,
         0.8569,  1.6619,  0.7132,  0.6897,  1.6340], device='cuda:0')
----------------------------------------------------
I:  tensor([ 0.0000,  0.5868,  0.0000,  0.1517,  0.0000,  0.0000, -0.8125,  0.0000,
         0.0000,  0.1479, -0.9540,  0.0000,  0.0000], device='cuda:0')
R:  tensor([-0.1590,  0.5984,  0.1198,  0.1374,  0.2933, -1.5809, -0.8196, -0.9799,
        -1.3413,  0.1326, -0.9612, -1.7012, -0.6878], device='cuda:0')
G:  tensor([-0.1490,  0.5868,  0.1224,  0.1517,  0.2990, -1.5945, -0.8125, -0.9819,
        -1.3332,  0.1479, -0.9540, -1.6832, -0.6907], device='cuda:0')
----------------------------------------------------
====> Epoch: 2100 Train loss: 0.1421 Val loss: 0.5631




-----------------TRAIN RESULT------------------
I:  tensor([ 0.0000,  0.0000,  0.0000,  0.0000, -0.9648,  0.0000,  0.0000,  0.9520,
        -1.6661,  2.0945, -1.6999, -1.3866, -0.8818], device='cuda:0')
R:  tensor([-0.3176,  0.0223, -0.3030,  0.0027, -0.9425, -1.4163, -1.4862,  0.9088,
        -1.6531,  2.0649, -1.6544, -1.3694, -0.8698], device='cuda:0',
       grad_fn=<UnbindBackward0>)
G:  tensor([-2.8487e-01,  4.8161e-02, -3.1625e-01,  1.5183e-03, -9.6484e-01,
        -1.4503e+00, -1.5253e+00,  9.5200e-01, -1.6661e+00,  2.0945e+00,
        -1.6999e+00, -1.3866e+00, -8.8176e-01], device='cuda:0')
----------------------------------------------------
I:  tensor([ 0.4192,  0.0000,  0.0000,  0.0000,  0.7203,  0.3764, -0.7322,  0.0000,
         0.0000, -0.8167,  0.0000,  0.0000,  0.0000], device='cuda:0')
R:  tensor([ 0.4073, -1.2784, -0.0282, -0.7369,  0.7622,  0.4091, -0.6984,  1.4482,
        -2.0938, -0.8267,  0.3234, -0.9294,  0.0208], device='cuda:0',
       grad_fn=<UnbindBackward0>)
G:  tensor([ 0.4192, -1.2535, -0.0238, -0.7492,  0.7203,  0.3764, -0.7322,  1.5160,
        -2.0515, -0.8167,  0.2744, -0.9628,  0.0099], device='cuda:0')
----------------------------------------------------
I:  tensor([-0.9272,  0.0000,  0.6341,  0.4519, -0.7542,  0.0000, -1.5655,  0.0000,
         0.0000,  0.0000,  0.0000,  0.0000, -0.0856], device='cuda:0')
R:  tensor([-0.9428,  2.0924,  0.6492,  0.4721, -0.7332, -1.4325, -1.4940,  1.3136,
        -1.3517, -0.5420, -0.8452, -1.8058, -0.0776], device='cuda:0',
       grad_fn=<UnbindBackward0>)
G:  tensor([-0.9272,  2.1397,  0.6341,  0.4519, -0.7542, -1.4663, -1.5655,  1.3549,
        -1.3857, -0.5226, -0.9102, -1.8951, -0.0856], device='cuda:0')
----------------------------------------------------
---------------VALID RESULT------------------
I:  tensor([ 0.0000,  2.5616, -0.1700,  0.0000, -0.4733, -0.8895,  0.0000,  0.0000,
        -0.0717,  1.2293, -1.5683, -1.5984,  0.0000], device='cuda:0')
R:  tensor([ 0.1962,  2.5281, -0.1661,  0.7495, -0.4547, -0.8712, -1.3770,  1.9706,
        -0.0733,  1.2165, -1.5387, -1.5783, -0.0610], device='cuda:0')
G:  tensor([ 0.2092,  2.5616, -0.1700,  0.7522, -0.4733, -0.8895, -1.4048,  1.9995,
        -0.0717,  1.2293, -1.5683, -1.5984, -0.0697], device='cuda:0')
----------------------------------------------------
I:  tensor([ 1.1604, -0.5443, -0.3528, -0.6291,  0.0000,  0.9372,  1.5167, -0.3373,
         0.0000,  0.0000,  0.7132,  0.0000,  1.6340], device='cuda:0')
R:  tensor([ 1.1676, -0.5295, -0.3556, -0.6338,  0.5895,  0.9463,  1.5278, -0.3478,
         0.8740,  1.6533,  0.7096,  0.7192,  1.6275], device='cuda:0')
G:  tensor([ 1.1604, -0.5443, -0.3528, -0.6291,  0.5799,  0.9372,  1.5167, -0.3373,
         0.8569,  1.6619,  0.7132,  0.6897,  1.6340], device='cuda:0')
----------------------------------------------------
I:  tensor([ 0.0000,  0.5868,  0.0000,  0.1517,  0.0000,  0.0000, -0.8125,  0.0000,
         0.0000,  0.1479, -0.9540,  0.0000,  0.0000], device='cuda:0')
R:  tensor([-0.1437,  0.5855,  0.1083,  0.1447,  0.3067, -1.5634, -0.8012, -0.9640,
        -1.3337,  0.1315, -0.9378, -1.6693, -0.6840], device='cuda:0')
G:  tensor([-0.1490,  0.5868,  0.1224,  0.1517,  0.2990, -1.5945, -0.8125, -0.9819,
        -1.3332,  0.1479, -0.9540, -1.6832, -0.6907], device='cuda:0')
----------------------------------------------------
====> Epoch: 2200 Train loss: 0.1296 Val loss: 0.5424




-----------------TRAIN RESULT------------------
I:  tensor([1.6051, 0.0000, 1.2921, 0.1517, 0.0000, 0.0000, 0.0000, 0.0000, 0.6642,
        0.0000, 0.4938, 0.0000, 1.6977], device='cuda:0')
R:  tensor([ 1.6290, -0.3060,  1.2293,  0.1049,  1.4111,  0.7857,  1.0707, -0.2417,
         0.6228,  0.5691,  0.4836,  0.0342,  1.7168], device='cuda:0',
       grad_fn=<UnbindBackward0>)
G:  tensor([ 1.6051, -0.3737,  1.2921,  0.1517,  1.4224,  0.8090,  1.1151, -0.2567,
         0.6642,  0.4940,  0.4938,  0.0541,  1.6977], device='cuda:0')
----------------------------------------------------
I:  tensor([-0.6060,  0.0000,  0.0000,  0.3018, -1.0351,  0.0000, -0.1097, -0.3373,
        -0.1943, -0.9162,  0.3622,  0.0000,  0.0000], device='cuda:0')
R:  tensor([-0.5602, -0.5285, -1.3132,  0.3188, -1.0486, -0.2012, -0.1560, -0.3597,
        -0.2432, -0.8901,  0.3538,  1.3434, -0.2255], device='cuda:0',
       grad_fn=<UnbindBackward0>)
G:  tensor([-0.6060, -0.5443, -1.4129,  0.3018, -1.0351, -0.1524, -0.1097, -0.3373,
        -0.1943, -0.9162,  0.3622,  1.3536, -0.2385], device='cuda:0')
----------------------------------------------------
I:  tensor([ 1.4816,  0.0000,  0.0000,  0.0000,  0.0000,  1.5621,  1.3661, -0.1761,
         0.6642,  0.0000,  0.0000,  0.3366,  0.0000], device='cuda:0')
R:  tensor([ 1.4944, -0.4422,  0.2854, -1.3486,  0.8618,  1.5292,  1.3264, -0.1587,
         0.6067,  0.8067,  0.3886,  0.3101,  2.2414], device='cuda:0',
       grad_fn=<UnbindBackward0>)
G:  tensor([ 1.4816, -0.5174,  0.3052, -1.2897,  0.8607,  1.5621,  1.3661, -0.1761,
         0.6642,  0.7319,  0.4061,  0.3366,  2.2390], device='cuda:0')
----------------------------------------------------
---------------VALID RESULT------------------
I:  tensor([ 0.0000,  2.5616, -0.1700,  0.0000, -0.4733, -0.8895,  0.0000,  0.0000,
        -0.0717,  1.2293, -1.5683, -1.5984,  0.0000], device='cuda:0')
R:  tensor([ 0.2073,  2.5499, -0.1782,  0.7469, -0.4696, -0.8691, -1.3864,  1.9872,
        -0.0700,  1.2310, -1.5727, -1.5791, -0.0725], device='cuda:0')
G:  tensor([ 0.2092,  2.5616, -0.1700,  0.7522, -0.4733, -0.8895, -1.4048,  1.9995,
        -0.0717,  1.2293, -1.5683, -1.5984, -0.0697], device='cuda:0')
----------------------------------------------------
I:  tensor([ 1.1604, -0.5443, -0.3528, -0.6291,  0.0000,  0.9372,  1.5167, -0.3373,
         0.0000,  0.0000,  0.7132,  0.0000,  1.6340], device='cuda:0')
R:  tensor([ 1.1482, -0.5402, -0.3817, -0.6451,  0.5650,  0.9302,  1.5014, -0.3566,
         0.8522,  1.6710,  0.6973,  0.6924,  1.6459], device='cuda:0')
G:  tensor([ 1.1604, -0.5443, -0.3528, -0.6291,  0.5799,  0.9372,  1.5167, -0.3373,
         0.8569,  1.6619,  0.7132,  0.6897,  1.6340], device='cuda:0')
----------------------------------------------------
I:  tensor([ 0.0000,  0.5868,  0.0000,  0.1517,  0.0000,  0.0000, -0.8125,  0.0000,
         0.0000,  0.1479, -0.9540,  0.0000,  0.0000], device='cuda:0')
R:  tensor([-0.1345,  0.5593,  0.1379,  0.1389,  0.3055, -1.5916, -0.8098, -1.0042,
        -1.3187,  0.1581, -0.9522, -1.6629, -0.6778], device='cuda:0')
G:  tensor([-0.1490,  0.5868,  0.1224,  0.1517,  0.2990, -1.5945, -0.8125, -0.9819,
        -1.3332,  0.1479, -0.9540, -1.6832, -0.6907], device='cuda:0')
----------------------------------------------------
====> Epoch: 2300 Train loss: 0.1349 Val loss: 0.5443




-----------------TRAIN RESULT------------------
I:  tensor([ 1.0369,  1.6011,  0.0000,  0.0000,  0.0000, -0.7933, -1.2040,  0.0000,
        -0.0541,  0.0000, -1.6999,  0.0000, -0.8499], device='cuda:0')
R:  tensor([ 1.0232,  1.5964,  0.0580,  0.0199, -0.7582, -0.8111, -1.2462,  0.9702,
        -0.0692,  1.8251, -1.6741, -1.4319, -0.8464], device='cuda:0',
       grad_fn=<UnbindBackward0>)
G:  tensor([ 1.0369e+00,  1.6011e+00,  4.9285e-02,  1.5183e-03, -7.5420e-01,
        -7.9333e-01, -1.2040e+00,  9.5200e-01, -5.4137e-02,  1.7095e+00,
        -1.6999e+00, -1.3724e+00, -8.4992e-01], device='cuda:0')
----------------------------------------------------
I:  tensor([-1.4584, -0.7777, -1.3763,  0.3919,  0.0000, -0.5049, -0.4310,  0.0000,
         0.0000,  0.0000,  0.0000,  1.0146,  0.0000], device='cuda:0')
R:  tensor([-1.3158, -0.7558, -1.4120,  0.3680, -0.9823, -0.4878, -0.4311, -0.4341,
        -0.0805, -1.3216, -0.0958,  0.9986, -0.8432], device='cuda:0',
       grad_fn=<UnbindBackward0>)
G:  tensor([-1.4584, -0.7777, -1.3763,  0.3919, -0.9648, -0.5049, -0.4310, -0.4984,
        -0.1067, -1.3445, -0.0327,  1.0146, -0.8022], device='cuda:0')
----------------------------------------------------
I:  tensor([ 0.0000, -0.5622, -0.2066, -0.9894,  0.0000,  0.0000,  0.0000,  0.0000,
         1.3125,  0.0000, -0.0327,  1.0852,  0.1532], device='cuda:0')
R:  tensor([ 0.6799, -0.5380, -0.2045, -0.9556,  1.1751,  1.3254,  1.2663, -0.1997,
         1.3329,  0.5141, -0.1051,  1.0875,  0.1110], device='cuda:0',
       grad_fn=<UnbindBackward0>)
G:  tensor([ 0.6910, -0.5622, -0.2066, -0.9894,  1.2118,  1.3698,  1.2657, -0.1761,
         1.3125,  0.4637, -0.0327,  1.0852,  0.1532], device='cuda:0')
----------------------------------------------------
---------------VALID RESULT------------------
I:  tensor([ 0.0000,  2.5616, -0.1700,  0.0000, -0.4733, -0.8895,  0.0000,  0.0000,
        -0.0717,  1.2293, -1.5683, -1.5984,  0.0000], device='cuda:0')
R:  tensor([ 0.2170,  2.5408, -0.1802,  0.7556, -0.4782, -0.8973, -1.4200,  1.9849,
        -0.0712,  1.2208, -1.5567, -1.5749, -0.0890], device='cuda:0')
G:  tensor([ 0.2092,  2.5616, -0.1700,  0.7522, -0.4733, -0.8895, -1.4048,  1.9995,
        -0.0717,  1.2293, -1.5683, -1.5984, -0.0697], device='cuda:0')
----------------------------------------------------
I:  tensor([ 1.1604, -0.5443, -0.3528, -0.6291,  0.0000,  0.9372,  1.5167, -0.3373,
         0.0000,  0.0000,  0.7132,  0.0000,  1.6340], device='cuda:0')
R:  tensor([ 1.1841, -0.5393, -0.3973, -0.6541,  0.5613,  0.9020,  1.5402, -0.3608,
         0.8643,  1.6784,  0.7173,  0.7162,  1.6380], device='cuda:0')
G:  tensor([ 1.1604, -0.5443, -0.3528, -0.6291,  0.5799,  0.9372,  1.5167, -0.3373,
         0.8569,  1.6619,  0.7132,  0.6897,  1.6340], device='cuda:0')
----------------------------------------------------
I:  tensor([ 0.0000,  0.5868,  0.0000,  0.1517,  0.0000,  0.0000, -0.8125,  0.0000,
         0.0000,  0.1479, -0.9540,  0.0000,  0.0000], device='cuda:0')
R:  tensor([-0.1505,  0.5836,  0.1130,  0.1257,  0.2861, -1.5893, -0.8025, -0.9826,
        -1.3364,  0.1521, -0.9259, -1.6634, -0.7083], device='cuda:0')
G:  tensor([-0.1490,  0.5868,  0.1224,  0.1517,  0.2990, -1.5945, -0.8125, -0.9819,
        -1.3332,  0.1479, -0.9540, -1.6832, -0.6907], device='cuda:0')
----------------------------------------------------
====> Epoch: 2400 Train loss: 0.1313 Val loss: 0.5572




-----------------TRAIN RESULT------------------
I:  tensor([-0.3466, -0.5263,  0.0000,  0.9024, -1.1053, -1.4663, -0.2703,  0.0000,
         0.0685, -0.7605, -0.3398,  0.0000,  0.0000], device='cuda:0')
R:  tensor([-0.3581, -0.5461, -0.3011,  0.8784, -1.1666, -1.4312, -0.2632,  0.9330,
         0.1070, -0.8159, -0.3416, -0.2477, -0.7969], device='cuda:0',
       grad_fn=<UnbindBackward0>)
G:  tensor([-0.3466, -0.5263, -0.3162,  0.9024, -1.1053, -1.4663, -0.2703,  0.9520,
         0.0685, -0.7605, -0.3398, -0.2707, -0.8244], device='cuda:0')
----------------------------------------------------
I:  tensor([ 0.0000,  0.0000,  0.0000, -0.4489,  0.0000, -0.1524,  0.1814,  0.0000,
         0.0000, -0.8686,  0.0000,  0.6615, -0.7225], device='cuda:0')
R:  tensor([-1.4319, -1.3180,  0.7237, -0.4637, -0.4208, -0.1570,  0.1522, -1.1015,
         1.4262, -0.9349, -0.7942,  0.6702, -0.7240], device='cuda:0',
       grad_fn=<UnbindBackward0>)
G:  tensor([-1.4337, -1.2983,  0.7804, -0.4489, -0.4031, -0.1524,  0.1814, -1.1430,
         1.3300, -0.8686, -0.7347,  0.6615, -0.7225], device='cuda:0')